[2020-02-21 11:22:45,891] [autoreload.py:578] [autoreload:run_with_reloader] [INFO]- Watching for file changes with StatReloader
[2020-02-21 11:35:20,191] [autoreload.py:203] [autoreload:trigger_reload] [INFO]- D:\project\python\flowmeter\flowmeter\config\db\meter_table.py changed, reloading.
[2020-02-21 11:35:20,858] [autoreload.py:578] [autoreload:run_with_reloader] [INFO]- Watching for file changes with StatReloader
[2020-02-21 11:41:30,448] [basehttp.py:154] [basehttp:log_message] [INFO]- "GET /admin/view/ HTTP/1.1" 200 11022
[2020-02-21 11:41:30,479] [basehttp.py:154] [basehttp:log_message] [INFO]- "GET /static/js/flow-meter.js HTTP/1.1" 304 0
[2020-02-21 11:41:30,553] [common.py:63] [common:get_action_handler] [INFO]- 当前正在操作action：query_admin
[2020-02-21 11:41:30,561] [basehttp.py:154] [basehttp:log_message] [INFO]- "GET /handler/admin/?action=query_admin&page=1&limit=10 HTTP/1.1" 200 383
[2020-02-21 11:41:31,554] [basehttp.py:154] [basehttp:log_message] [INFO]- "GET /admin/view/ HTTP/1.1" 200 11022
[2020-02-21 11:41:31,601] [common.py:63] [common:get_action_handler] [INFO]- 当前正在操作action：query_admin
[2020-02-21 11:41:31,608] [basehttp.py:154] [basehttp:log_message] [INFO]- "GET /handler/admin/?action=query_admin&page=1&limit=10 HTTP/1.1" 200 383
[2020-02-21 11:57:02,908] [autoreload.py:203] [autoreload:trigger_reload] [INFO]- D:\project\python\flowmeter\flowmeter\config\db\dtu_table.py changed, reloading.
[2020-02-21 11:57:03,579] [autoreload.py:578] [autoreload:run_with_reloader] [INFO]- Watching for file changes with StatReloader
[2020-02-21 12:05:24,931] [autoreload.py:203] [autoreload:trigger_reload] [INFO]- D:\project\python\flowmeter\flowmeter\config\api\cache.py changed, reloading.
[2020-02-21 12:05:25,620] [autoreload.py:578] [autoreload:run_with_reloader] [INFO]- Watching for file changes with StatReloader
[2020-02-21 16:35:24,458] [autoreload.py:203] [autoreload:trigger_reload] [INFO]- D:\project\python\flowmeter\flowmeter\config\db\meter_state_table.py changed, reloading.
[2020-02-21 16:35:25,158] [autoreload.py:578] [autoreload:run_with_reloader] [INFO]- Watching for file changes with StatReloader
[2020-02-21 17:38:05,084] [autoreload.py:203] [autoreload:trigger_reload] [INFO]- D:\project\python\flowmeter\flowmeter\common\api\validators.py changed, reloading.
[2020-02-21 17:38:05,761] [autoreload.py:578] [autoreload:run_with_reloader] [INFO]- Watching for file changes with StatReloader
[2020-02-21 17:38:26,166] [autoreload.py:203] [autoreload:trigger_reload] [INFO]- D:\project\python\flowmeter\flowmeter\config\const.py changed, reloading.
[2020-02-21 17:38:26,862] [autoreload.py:578] [autoreload:run_with_reloader] [INFO]- Watching for file changes with StatReloader
[2020-02-21 17:38:52,767] [autoreload.py:203] [autoreload:trigger_reload] [INFO]- D:\project\python\flowmeter\flowmeter\config\const.py changed, reloading.
[2020-02-21 17:38:53,437] [autoreload.py:578] [autoreload:run_with_reloader] [INFO]- Watching for file changes with StatReloader
[2020-02-21 17:39:06,107] [autoreload.py:203] [autoreload:trigger_reload] [INFO]- D:\project\python\flowmeter\flowmeter\config\const.py changed, reloading.
[2020-02-21 17:39:06,772] [autoreload.py:578] [autoreload:run_with_reloader] [INFO]- Watching for file changes with StatReloader
[2020-02-21 17:39:41,576] [autoreload.py:203] [autoreload:trigger_reload] [INFO]- D:\project\python\flowmeter\flowmeter\config\const.py changed, reloading.
[2020-02-21 17:39:42,253] [autoreload.py:578] [autoreload:run_with_reloader] [INFO]- Watching for file changes with StatReloader
[2020-02-21 17:40:07,059] [autoreload.py:203] [autoreload:trigger_reload] [INFO]- D:\project\python\flowmeter\flowmeter\config\const.py changed, reloading.
[2020-02-21 17:40:07,746] [autoreload.py:578] [autoreload:run_with_reloader] [INFO]- Watching for file changes with StatReloader
[2020-02-21 18:31:22,341] [autoreload.py:203] [autoreload:trigger_reload] [INFO]- D:\project\python\flowmeter\flowmeter\config\db\meter_state_table.py changed, reloading.
[2020-02-21 18:31:23,014] [autoreload.py:578] [autoreload:run_with_reloader] [INFO]- Watching for file changes with StatReloader
