[2020-03-28 19:14:06,719] [autoreload.py:578] [autoreload:run_with_reloader] [INFO]- Watching for file changes with StatReloader
[2020-03-28 19:14:12,189] [basehttp.py:154] [basehttp:log_message] [INFO]- "GET /index/ HTTP/1.1" 200 13562
[2020-03-28 19:14:12,270] [basehttp.py:154] [basehttp:log_message] [INFO]- "GET /statistic/admin/ HTTP/1.1" 200 3936
[2020-03-28 19:14:12,286] [basehttp.py:154] [basehttp:log_message] [INFO]- "GET /admin/view/ HTTP/1.1" 200 10249
[2020-03-28 19:14:12,289] [basehttp.py:154] [basehttp:log_message] [INFO]- "GET /manufacturer/view/ HTTP/1.1" 200 11393
[2020-03-28 19:14:12,294] [basehttp.py:154] [basehttp:log_message] [INFO]- "GET /dtu_user/view/ HTTP/1.1" 200 10678
[2020-03-28 19:14:12,298] [basehttp.py:154] [basehttp:log_message] [INFO]- "GET /dtu_region/view/ HTTP/1.1" 200 6896
[2020-03-28 19:14:12,302] [basehttp.py:154] [basehttp:log_message] [INFO]- "GET /dtu/view/ HTTP/1.1" 200 8838
[2020-03-28 19:14:12,306] [basehttp.py:154] [basehttp:log_message] [INFO]- "GET /meter/view/ HTTP/1.1" 200 19332
[2020-03-28 19:14:12,310] [basehttp.py:154] [basehttp:log_message] [INFO]- "GET /log/opr/view/ HTTP/1.1" 200 9870
[2020-03-28 19:14:12,313] [basehttp.py:154] [basehttp:log_message] [INFO]- "GET /role/view/ HTTP/1.1" 200 4075
[2020-03-28 19:14:12,547] [common.py:63] [common:get_action_handler] [INFO]- 当前正在操作action：query_manufacturer
[2020-03-28 19:14:12,556] [common.py:63] [common:get_action_handler] [INFO]- 当前正在操作action：query_admin
[2020-03-28 19:14:12,574] [common.py:63] [common:get_action_handler] [INFO]- 当前正在操作action：query_dtu_user
[2020-03-28 19:14:12,579] [basehttp.py:154] [basehttp:log_message] [INFO]- "GET /handler/admin/?action=query_admin&page=1&limit=10 HTTP/1.1" 200 418
[2020-03-28 19:14:12,582] [basehttp.py:154] [basehttp:log_message] [INFO]- "GET /handler/manufacturer/?action=query_manufacturer&page=1&limit=10 HTTP/1.1" 200 1235
[2020-03-28 19:14:12,585] [basehttp.py:154] [basehttp:log_message] [INFO]- "GET /handler/dtu_user/?action=query_dtu_user&page=1&limit=10 HTTP/1.1" 200 239
[2020-03-28 19:14:12,597] [common.py:63] [common:get_action_handler] [INFO]- 当前正在操作action：query_dtu_region
[2020-03-28 19:14:12,601] [common.py:63] [common:get_action_handler] [INFO]- 当前正在操作action：query_opr_log
[2020-03-28 19:14:12,609] [common.py:63] [common:get_action_handler] [INFO]- 当前正在操作action：query_meter
[2020-03-28 19:14:12,611] [common.py:63] [common:get_action_handler] [INFO]- 当前正在操作action：query_manufacturer
[2020-03-28 19:14:12,616] [common.py:63] [common:get_action_handler] [INFO]- 当前正在操作action：query_dtu
[2020-03-28 19:14:12,620] [common.py:63] [common:get_action_handler] [INFO]- 当前正在操作action：query_dtu_user
[2020-03-28 19:14:12,645] [basehttp.py:154] [basehttp:log_message] [INFO]- "GET /handler/dtu_user/?param=%7B%7D&action=query_dtu_user HTTP/1.1" 200 239
[2020-03-28 19:14:12,661] [common.py:63] [common:get_action_handler] [INFO]- 当前正在操作action：query_role
[2020-03-28 19:14:12,667] [basehttp.py:154] [basehttp:log_message] [INFO]- "GET /handler/meter/?action=query_meter&page=1&limit=10 HTTP/1.1" 200 846
[2020-03-28 19:14:12,677] [basehttp.py:154] [basehttp:log_message] [INFO]- "GET /handler/auth/?action=query_role&page=1&limit=10 HTTP/1.1" 200 294
[2020-03-28 19:14:12,678] [basehttp.py:154] [basehttp:log_message] [INFO]- "GET /handler/log/?action=query_opr_log&page=1&limit=10 HTTP/1.1" 200 1056
[2020-03-28 19:14:12,679] [basehttp.py:154] [basehttp:log_message] [INFO]- "GET /handler/dtu/?action=query_dtu&page=1&limit=10 HTTP/1.1" 200 948
[2020-03-28 19:14:12,679] [basehttp.py:154] [basehttp:log_message] [INFO]- "GET /handler/dtu_region/?action=query_dtu_region&page=1&limit=10 HTTP/1.1" 200 474
[2020-03-28 19:14:12,680] [basehttp.py:154] [basehttp:log_message] [INFO]- "GET /handler/manufacturer/?param=%7B%7D&action=query_manufacturer HTTP/1.1" 200 1235
[2020-03-28 19:14:12,686] [common.py:63] [common:get_action_handler] [INFO]- 当前正在操作action：query_manufacturer
[2020-03-28 19:14:12,702] [basehttp.py:154] [basehttp:log_message] [INFO]- "GET /handler/manufacturer/?param=%7B%7D&action=query_manufacturer HTTP/1.1" 200 1235
[2020-03-28 19:14:14,581] [basehttp.py:154] [basehttp:log_message] [INFO]- "GET /dtu/view/ HTTP/1.1" 200 8838
[2020-03-28 19:14:14,643] [common.py:63] [common:get_action_handler] [INFO]- 当前正在操作action：query_dtu
[2020-03-28 19:14:14,648] [common.py:63] [common:get_action_handler] [INFO]- 当前正在操作action：query_manufacturer
[2020-03-28 19:14:14,648] [common.py:63] [common:get_action_handler] [INFO]- 当前正在操作action：query_dtu_user
[2020-03-28 19:14:14,668] [basehttp.py:154] [basehttp:log_message] [INFO]- "GET /handler/dtu_user/?param=%7B%7D&action=query_dtu_user HTTP/1.1" 200 239
[2020-03-28 19:14:14,673] [basehttp.py:154] [basehttp:log_message] [INFO]- "GET /handler/dtu/?action=query_dtu&page=1&limit=10 HTTP/1.1" 200 948
[2020-03-28 19:14:14,678] [basehttp.py:154] [basehttp:log_message] [INFO]- "GET /handler/manufacturer/?param=%7B%7D&action=query_manufacturer HTTP/1.1" 200 1235
[2020-03-28 19:14:16,672] [basehttp.py:154] [basehttp:log_message] [INFO]- "GET /admin/view/ HTTP/1.1" 200 10249
[2020-03-28 19:14:16,715] [common.py:63] [common:get_action_handler] [INFO]- 当前正在操作action：query_admin
[2020-03-28 19:14:16,722] [basehttp.py:154] [basehttp:log_message] [INFO]- "GET /handler/admin/?action=query_admin&page=1&limit=10 HTTP/1.1" 200 418
[2020-03-28 19:14:17,403] [basehttp.py:154] [basehttp:log_message] [INFO]- "GET /manufacturer/view/ HTTP/1.1" 200 11393
[2020-03-28 19:14:17,456] [common.py:63] [common:get_action_handler] [INFO]- 当前正在操作action：query_manufacturer
[2020-03-28 19:14:17,471] [basehttp.py:154] [basehttp:log_message] [INFO]- "GET /handler/manufacturer/?action=query_manufacturer&page=1&limit=10 HTTP/1.1" 200 1235
[2020-03-28 19:14:17,756] [basehttp.py:154] [basehttp:log_message] [INFO]- "GET /admin/view/ HTTP/1.1" 200 10249
[2020-03-28 19:14:17,791] [common.py:63] [common:get_action_handler] [INFO]- 当前正在操作action：query_admin
[2020-03-28 19:14:17,798] [basehttp.py:154] [basehttp:log_message] [INFO]- "GET /handler/admin/?action=query_admin&page=1&limit=10 HTTP/1.1" 200 418
[2020-03-28 19:14:20,862] [common.py:63] [common:get_action_handler] [INFO]- 当前正在操作action：export_admin
[2020-03-28 19:14:20,880] [basehttp.py:154] [basehttp:log_message] [INFO]- "POST /handler/admin/ HTTP/1.1" 200 107
[2020-03-28 19:14:20,925] [common.py:63] [common:get_action_handler] [INFO]- 当前正在操作action：download_file
[2020-03-28 19:14:20,957] [basehttp.py:154] [basehttp:log_message] [INFO]- "GET /handler/file/?param={%22filename%22:%2245c59f3a-70e5-11ea-a062-488ad2a2f9b6.xlsx%22}&action=download_file HTTP/1.1" 200 5632
[2020-03-28 19:15:18,058] [common.py:63] [common:get_action_handler] [INFO]- 当前正在操作action：export_admin
[2020-03-28 19:15:18,135] [basehttp.py:154] [basehttp:log_message] [INFO]- "POST /handler/admin/ HTTP/1.1" 200 120
[2020-03-28 19:15:32,081] [autoreload.py:203] [autoreload:trigger_reload] [INFO]- D:\project\python\flowmeter\flowmeter\views\user.py changed, reloading.
[2020-03-28 19:15:32,884] [autoreload.py:578] [autoreload:run_with_reloader] [INFO]- Watching for file changes with StatReloader
[2020-03-28 19:15:34,733] [basehttp.py:154] [basehttp:log_message] [INFO]- "GET /index/ HTTP/1.1" 200 13562
[2020-03-28 19:15:34,788] [basehttp.py:154] [basehttp:log_message] [INFO]- "GET /statistic/admin/ HTTP/1.1" 200 3936
[2020-03-28 19:15:34,804] [basehttp.py:154] [basehttp:log_message] [INFO]- "GET /admin/view/ HTTP/1.1" 200 10249
[2020-03-28 19:15:34,806] [basehttp.py:154] [basehttp:log_message] [INFO]- "GET /manufacturer/view/ HTTP/1.1" 200 11393
[2020-03-28 19:15:34,813] [basehttp.py:154] [basehttp:log_message] [INFO]- "GET /dtu_user/view/ HTTP/1.1" 200 10678
[2020-03-28 19:15:34,815] [basehttp.py:154] [basehttp:log_message] [INFO]- "GET /dtu_region/view/ HTTP/1.1" 200 6896
[2020-03-28 19:15:34,822] [basehttp.py:154] [basehttp:log_message] [INFO]- "GET /dtu/view/ HTTP/1.1" 200 8838
[2020-03-28 19:15:34,826] [basehttp.py:154] [basehttp:log_message] [INFO]- "GET /meter/view/ HTTP/1.1" 200 19332
[2020-03-28 19:15:34,833] [basehttp.py:154] [basehttp:log_message] [INFO]- "GET /log/opr/view/ HTTP/1.1" 200 9870
[2020-03-28 19:15:34,834] [basehttp.py:154] [basehttp:log_message] [INFO]- "GET /role/view/ HTTP/1.1" 200 4075
[2020-03-28 19:15:35,061] [common.py:63] [common:get_action_handler] [INFO]- 当前正在操作action：query_admin
[2020-03-28 19:15:35,070] [basehttp.py:154] [basehttp:log_message] [INFO]- "GET /handler/admin/?action=query_admin&page=1&limit=10 HTTP/1.1" 200 418
[2020-03-28 19:15:35,073] [common.py:63] [common:get_action_handler] [INFO]- 当前正在操作action：query_manufacturer
[2020-03-28 19:15:35,088] [common.py:63] [common:get_action_handler] [INFO]- 当前正在操作action：query_dtu_user
[2020-03-28 19:15:35,105] [basehttp.py:154] [basehttp:log_message] [INFO]- "GET /handler/dtu_user/?action=query_dtu_user&page=1&limit=10 HTTP/1.1" 200 239
[2020-03-28 19:15:35,107] [basehttp.py:154] [basehttp:log_message] [INFO]- "GET /handler/manufacturer/?action=query_manufacturer&page=1&limit=10 HTTP/1.1" 200 1235
[2020-03-28 19:15:35,106] [common.py:63] [common:get_action_handler] [INFO]- 当前正在操作action：query_opr_log
[2020-03-28 19:15:35,128] [common.py:63] [common:get_action_handler] [INFO]- 当前正在操作action：query_dtu_region
[2020-03-28 19:15:35,137] [common.py:63] [common:get_action_handler] [INFO]- 当前正在操作action：query_dtu
[2020-03-28 19:15:35,137] [common.py:63] [common:get_action_handler] [INFO]- 当前正在操作action：query_manufacturer
[2020-03-28 19:15:35,152] [basehttp.py:154] [basehttp:log_message] [INFO]- "GET /handler/log/?action=query_opr_log&page=1&limit=10 HTTP/1.1" 200 1056
[2020-03-28 19:15:35,164] [common.py:63] [common:get_action_handler] [INFO]- 当前正在操作action：query_dtu_user
[2020-03-28 19:15:35,166] [common.py:63] [common:get_action_handler] [INFO]- 当前正在操作action：query_role
[2020-03-28 19:15:35,168] [common.py:63] [common:get_action_handler] [INFO]- 当前正在操作action：query_meter
[2020-03-28 19:15:35,175] [basehttp.py:154] [basehttp:log_message] [INFO]- "GET /handler/auth/?action=query_role&page=1&limit=10 HTTP/1.1" 200 294
[2020-03-28 19:15:35,191] [basehttp.py:154] [basehttp:log_message] [INFO]- "GET /handler/dtu/?action=query_dtu&page=1&limit=10 HTTP/1.1" 200 948
[2020-03-28 19:15:35,192] [basehttp.py:154] [basehttp:log_message] [INFO]- "GET /handler/dtu_user/?param=%7B%7D&action=query_dtu_user HTTP/1.1" 200 239
[2020-03-28 19:15:35,202] [basehttp.py:154] [basehttp:log_message] [INFO]- "GET /handler/dtu_region/?action=query_dtu_region&page=1&limit=10 HTTP/1.1" 200 474
[2020-03-28 19:15:35,202] [basehttp.py:154] [basehttp:log_message] [INFO]- "GET /handler/manufacturer/?param=%7B%7D&action=query_manufacturer HTTP/1.1" 200 1235
[2020-03-28 19:15:35,204] [basehttp.py:154] [basehttp:log_message] [INFO]- "GET /handler/meter/?action=query_meter&page=1&limit=10 HTTP/1.1" 200 846
[2020-03-28 19:15:35,208] [common.py:63] [common:get_action_handler] [INFO]- 当前正在操作action：query_manufacturer
[2020-03-28 19:15:35,226] [basehttp.py:154] [basehttp:log_message] [INFO]- "GET /handler/manufacturer/?param=%7B%7D&action=query_manufacturer HTTP/1.1" 200 1235
[2020-03-28 19:15:37,218] [basehttp.py:154] [basehttp:log_message] [INFO]- "GET /admin/view/ HTTP/1.1" 200 10249
[2020-03-28 19:15:37,270] [common.py:63] [common:get_action_handler] [INFO]- 当前正在操作action：query_admin
[2020-03-28 19:15:37,277] [basehttp.py:154] [basehttp:log_message] [INFO]- "GET /handler/admin/?action=query_admin&page=1&limit=10 HTTP/1.1" 200 418
[2020-03-28 19:15:39,206] [common.py:63] [common:get_action_handler] [INFO]- 当前正在操作action：export_admin
[2020-03-28 19:15:39,217] [basehttp.py:154] [basehttp:log_message] [INFO]- "POST /handler/admin/ HTTP/1.1" 200 107
[2020-03-28 19:15:39,243] [common.py:63] [common:get_action_handler] [INFO]- 当前正在操作action：download_file
[2020-03-28 19:15:39,246] [basehttp.py:154] [basehttp:log_message] [INFO]- "GET /handler/file/?param={%22filename%22:%227478350c-70e5-11ea-aed8-488ad2a2f9b6.xlsx%22}&action=download_file HTTP/1.1" 200 5632
[2020-03-28 19:15:56,902] [common.py:63] [common:get_action_handler] [INFO]- 当前正在操作action：edit_admin
[2020-03-28 19:15:56,914] [basehttp.py:154] [basehttp:log_message] [INFO]- "POST /handler/admin/ HTTP/1.1" 200 68
[2020-03-28 19:16:14,367] [common.py:63] [common:get_action_handler] [INFO]- 当前正在操作action：export_admin
[2020-03-28 19:16:14,378] [basehttp.py:154] [basehttp:log_message] [INFO]- "POST /handler/admin/ HTTP/1.1" 200 107
[2020-03-28 19:16:14,407] [common.py:63] [common:get_action_handler] [INFO]- 当前正在操作action：download_file
[2020-03-28 19:16:14,409] [basehttp.py:154] [basehttp:log_message] [INFO]- "GET /handler/file/?param={%22filename%22:%22896d3964-70e5-11ea-a8c0-488ad2a2f9b6.xlsx%22}&action=download_file HTTP/1.1" 200 5632
[2020-03-28 19:16:47,279] [common.py:63] [common:get_action_handler] [INFO]- 当前正在操作action：export_admin
[2020-03-28 19:16:47,292] [basehttp.py:154] [basehttp:log_message] [INFO]- "POST /handler/admin/ HTTP/1.1" 200 107
[2020-03-28 19:16:47,329] [common.py:63] [common:get_action_handler] [INFO]- 当前正在操作action：download_file
[2020-03-28 19:16:47,331] [basehttp.py:154] [basehttp:log_message] [INFO]- "GET /handler/file/?param={%22filename%22:%229d0b245c-70e5-11ea-85f5-488ad2a2f9b6.xlsx%22}&action=download_file HTTP/1.1" 200 5632
[2020-03-28 19:19:40,681] [autoreload.py:203] [autoreload:trigger_reload] [INFO]- D:\project\python\flowmeter\flowmeter\views\user.py changed, reloading.
[2020-03-28 19:19:41,493] [autoreload.py:578] [autoreload:run_with_reloader] [INFO]- Watching for file changes with StatReloader
[2020-03-28 19:19:42,524] [basehttp.py:154] [basehttp:log_message] [INFO]- "GET /index/ HTTP/1.1" 200 13562
[2020-03-28 19:19:42,581] [basehttp.py:154] [basehttp:log_message] [INFO]- "GET /statistic/admin/ HTTP/1.1" 200 3936
[2020-03-28 19:19:42,596] [basehttp.py:154] [basehttp:log_message] [INFO]- "GET /admin/view/ HTTP/1.1" 200 10249
[2020-03-28 19:19:42,598] [basehttp.py:154] [basehttp:log_message] [INFO]- "GET /manufacturer/view/ HTTP/1.1" 200 11393
[2020-03-28 19:19:42,604] [basehttp.py:154] [basehttp:log_message] [INFO]- "GET /dtu_user/view/ HTTP/1.1" 200 10678
[2020-03-28 19:19:42,607] [basehttp.py:154] [basehttp:log_message] [INFO]- "GET /dtu_region/view/ HTTP/1.1" 200 6896
[2020-03-28 19:19:42,612] [basehttp.py:154] [basehttp:log_message] [INFO]- "GET /dtu/view/ HTTP/1.1" 200 8838
[2020-03-28 19:19:42,615] [basehttp.py:154] [basehttp:log_message] [INFO]- "GET /meter/view/ HTTP/1.1" 200 19332
[2020-03-28 19:19:42,621] [basehttp.py:154] [basehttp:log_message] [INFO]- "GET /log/opr/view/ HTTP/1.1" 200 9870
[2020-03-28 19:19:42,623] [basehttp.py:154] [basehttp:log_message] [INFO]- "GET /role/view/ HTTP/1.1" 200 4075
[2020-03-28 19:19:42,849] [common.py:63] [common:get_action_handler] [INFO]- 当前正在操作action：query_admin
[2020-03-28 19:19:42,859] [basehttp.py:154] [basehttp:log_message] [INFO]- "GET /handler/admin/?action=query_admin&page=1&limit=10 HTTP/1.1" 200 422
[2020-03-28 19:19:42,861] [common.py:63] [common:get_action_handler] [INFO]- 当前正在操作action：query_manufacturer
[2020-03-28 19:19:42,882] [basehttp.py:154] [basehttp:log_message] [INFO]- "GET /handler/manufacturer/?action=query_manufacturer&page=1&limit=10 HTTP/1.1" 200 1235
[2020-03-28 19:19:42,884] [common.py:63] [common:get_action_handler] [INFO]- 当前正在操作action：query_dtu_user
[2020-03-28 19:19:42,891] [basehttp.py:154] [basehttp:log_message] [INFO]- "GET /handler/dtu_user/?action=query_dtu_user&page=1&limit=10 HTTP/1.1" 200 239
[2020-03-28 19:19:42,897] [common.py:63] [common:get_action_handler] [INFO]- 当前正在操作action：query_dtu_region
[2020-03-28 19:19:42,911] [common.py:63] [common:get_action_handler] [INFO]- 当前正在操作action：query_meter
[2020-03-28 19:19:42,912] [common.py:63] [common:get_action_handler] [INFO]- 当前正在操作action：query_manufacturer
[2020-03-28 19:19:42,930] [common.py:63] [common:get_action_handler] [INFO]- 当前正在操作action：query_dtu
[2020-03-28 19:19:42,934] [common.py:63] [common:get_action_handler] [INFO]- 当前正在操作action：query_dtu_user
[2020-03-28 19:19:42,941] [common.py:63] [common:get_action_handler] [INFO]- 当前正在操作action：query_opr_log
[2020-03-28 19:19:42,958] [basehttp.py:154] [basehttp:log_message] [INFO]- "GET /handler/dtu_user/?param=%7B%7D&action=query_dtu_user HTTP/1.1" 200 239
[2020-03-28 19:19:42,963] [basehttp.py:154] [basehttp:log_message] [INFO]- "GET /handler/meter/?action=query_meter&page=1&limit=10 HTTP/1.1" 200 846
[2020-03-28 19:19:42,975] [common.py:63] [common:get_action_handler] [INFO]- 当前正在操作action：query_role
[2020-03-28 19:19:42,979] [basehttp.py:154] [basehttp:log_message] [INFO]- "GET /handler/dtu_region/?action=query_dtu_region&page=1&limit=10 HTTP/1.1" 200 474
[2020-03-28 19:19:42,987] [basehttp.py:154] [basehttp:log_message] [INFO]- "GET /handler/manufacturer/?param=%7B%7D&action=query_manufacturer HTTP/1.1" 200 1235
[2020-03-28 19:19:42,988] [basehttp.py:154] [basehttp:log_message] [INFO]- "GET /handler/auth/?action=query_role&page=1&limit=10 HTTP/1.1" 200 294
[2020-03-28 19:19:42,989] [basehttp.py:154] [basehttp:log_message] [INFO]- "GET /handler/dtu/?action=query_dtu&page=1&limit=10 HTTP/1.1" 200 948
[2020-03-28 19:19:42,994] [basehttp.py:154] [basehttp:log_message] [INFO]- "GET /handler/log/?action=query_opr_log&page=1&limit=10 HTTP/1.1" 200 1056
[2020-03-28 19:19:42,996] [common.py:63] [common:get_action_handler] [INFO]- 当前正在操作action：query_manufacturer
[2020-03-28 19:19:43,011] [basehttp.py:154] [basehttp:log_message] [INFO]- "GET /handler/manufacturer/?param=%7B%7D&action=query_manufacturer HTTP/1.1" 200 1235
[2020-03-28 19:19:43,672] [basehttp.py:154] [basehttp:log_message] [INFO]- "GET /manufacturer/view/ HTTP/1.1" 200 11393
[2020-03-28 19:19:43,730] [common.py:63] [common:get_action_handler] [INFO]- 当前正在操作action：query_manufacturer
[2020-03-28 19:19:43,743] [basehttp.py:154] [basehttp:log_message] [INFO]- "GET /handler/manufacturer/?action=query_manufacturer&page=1&limit=10 HTTP/1.1" 200 1235
[2020-03-28 19:19:45,206] [common.py:63] [common:get_action_handler] [INFO]- 当前正在操作action：export_manufacturer
[2020-03-28 19:19:45,212] [basehttp.py:154] [basehttp:log_message] [INFO]- "POST /handler/manufacturer/ HTTP/1.1" 200 78
[2020-03-28 19:21:39,071] [basehttp.py:154] [basehttp:log_message] [INFO]- "GET /index/ HTTP/1.1" 200 13562
[2020-03-28 19:21:39,116] [basehttp.py:154] [basehttp:log_message] [INFO]- "GET /statistic/admin/ HTTP/1.1" 200 3936
[2020-03-28 19:21:39,132] [basehttp.py:154] [basehttp:log_message] [INFO]- "GET /admin/view/ HTTP/1.1" 200 10249
[2020-03-28 19:21:39,137] [basehttp.py:154] [basehttp:log_message] [INFO]- "GET /manufacturer/view/ HTTP/1.1" 200 11027
[2020-03-28 19:21:39,141] [basehttp.py:154] [basehttp:log_message] [INFO]- "GET /dtu_user/view/ HTTP/1.1" 200 10316
[2020-03-28 19:21:39,142] [basehttp.py:154] [basehttp:log_message] [INFO]- "GET /dtu_region/view/ HTTP/1.1" 200 6896
[2020-03-28 19:21:39,145] [basehttp.py:154] [basehttp:log_message] [INFO]- "GET /dtu/view/ HTTP/1.1" 200 8838
[2020-03-28 19:21:39,147] [basehttp.py:154] [basehttp:log_message] [INFO]- "GET /meter/view/ HTTP/1.1" 200 19332
[2020-03-28 19:21:39,148] [basehttp.py:154] [basehttp:log_message] [INFO]- "GET /log/opr/view/ HTTP/1.1" 200 9870
[2020-03-28 19:21:39,150] [basehttp.py:154] [basehttp:log_message] [INFO]- "GET /role/view/ HTTP/1.1" 200 4075
[2020-03-28 19:21:39,373] [common.py:63] [common:get_action_handler] [INFO]- 当前正在操作action：query_admin
[2020-03-28 19:21:39,384] [common.py:63] [common:get_action_handler] [INFO]- 当前正在操作action：query_dtu_user
[2020-03-28 19:21:39,386] [basehttp.py:154] [basehttp:log_message] [INFO]- "GET /handler/admin/?action=query_admin&page=1&limit=10 HTTP/1.1" 200 422
[2020-03-28 19:21:39,390] [common.py:63] [common:get_action_handler] [INFO]- 当前正在操作action：query_manufacturer
[2020-03-28 19:21:39,395] [basehttp.py:154] [basehttp:log_message] [INFO]- "GET /handler/dtu_user/?action=query_dtu_user&page=1&limit=10 HTTP/1.1" 200 239
[2020-03-28 19:21:39,401] [common.py:63] [common:get_action_handler] [INFO]- 当前正在操作action：query_opr_log
[2020-03-28 19:21:39,427] [basehttp.py:154] [basehttp:log_message] [INFO]- "GET /handler/manufacturer/?action=query_manufacturer&page=1&limit=10 HTTP/1.1" 200 1235
[2020-03-28 19:21:39,437] [common.py:63] [common:get_action_handler] [INFO]- 当前正在操作action：query_dtu_region
[2020-03-28 19:21:39,443] [basehttp.py:154] [basehttp:log_message] [INFO]- "GET /handler/log/?action=query_opr_log&page=1&limit=10 HTTP/1.1" 200 1056
[2020-03-28 19:21:39,442] [common.py:63] [common:get_action_handler] [INFO]- 当前正在操作action：query_dtu
[2020-03-28 19:21:39,452] [common.py:63] [common:get_action_handler] [INFO]- 当前正在操作action：query_manufacturer
[2020-03-28 19:21:39,455] [common.py:63] [common:get_action_handler] [INFO]- 当前正在操作action：query_dtu_user
[2020-03-28 19:21:39,457] [common.py:63] [common:get_action_handler] [INFO]- 当前正在操作action：query_meter
[2020-03-28 19:21:39,468] [common.py:63] [common:get_action_handler] [INFO]- 当前正在操作action：query_role
[2020-03-28 19:21:39,481] [basehttp.py:154] [basehttp:log_message] [INFO]- "GET /handler/auth/?action=query_role&page=1&limit=10 HTTP/1.1" 200 294
[2020-03-28 19:21:39,481] [basehttp.py:154] [basehttp:log_message] [INFO]- "GET /handler/dtu_user/?param=%7B%7D&action=query_dtu_user HTTP/1.1" 200 239
[2020-03-28 19:21:39,494] [basehttp.py:154] [basehttp:log_message] [INFO]- "GET /handler/dtu/?action=query_dtu&page=1&limit=10 HTTP/1.1" 200 948
[2020-03-28 19:21:39,505] [basehttp.py:154] [basehttp:log_message] [INFO]- "GET /handler/meter/?action=query_meter&page=1&limit=10 HTTP/1.1" 200 846
[2020-03-28 19:21:39,507] [basehttp.py:154] [basehttp:log_message] [INFO]- "GET /handler/dtu_region/?action=query_dtu_region&page=1&limit=10 HTTP/1.1" 200 474
[2020-03-28 19:21:39,508] [basehttp.py:154] [basehttp:log_message] [INFO]- "GET /handler/manufacturer/?param=%7B%7D&action=query_manufacturer HTTP/1.1" 200 1235
[2020-03-28 19:21:39,514] [common.py:63] [common:get_action_handler] [INFO]- 当前正在操作action：query_manufacturer
[2020-03-28 19:21:39,531] [basehttp.py:154] [basehttp:log_message] [INFO]- "GET /handler/manufacturer/?param=%7B%7D&action=query_manufacturer HTTP/1.1" 200 1235
[2020-03-28 19:21:43,082] [autoreload.py:578] [autoreload:run_with_reloader] [INFO]- Watching for file changes with StatReloader
[2020-03-28 19:21:46,510] [basehttp.py:154] [basehttp:log_message] [INFO]- "GET /index/ HTTP/1.1" 200 13562
[2020-03-28 19:21:46,558] [basehttp.py:154] [basehttp:log_message] [INFO]- "GET /statistic/admin/ HTTP/1.1" 200 3936
[2020-03-28 19:21:46,570] [basehttp.py:154] [basehttp:log_message] [INFO]- "GET /admin/view/ HTTP/1.1" 200 10249
[2020-03-28 19:21:46,574] [basehttp.py:154] [basehttp:log_message] [INFO]- "GET /manufacturer/view/ HTTP/1.1" 200 11027
[2020-03-28 19:21:46,578] [basehttp.py:154] [basehttp:log_message] [INFO]- "GET /dtu_user/view/ HTTP/1.1" 200 10316
[2020-03-28 19:21:46,581] [basehttp.py:154] [basehttp:log_message] [INFO]- "GET /dtu_region/view/ HTTP/1.1" 200 6896
[2020-03-28 19:21:46,585] [basehttp.py:154] [basehttp:log_message] [INFO]- "GET /dtu/view/ HTTP/1.1" 200 8838
[2020-03-28 19:21:46,589] [basehttp.py:154] [basehttp:log_message] [INFO]- "GET /meter/view/ HTTP/1.1" 200 19332
[2020-03-28 19:21:46,598] [basehttp.py:154] [basehttp:log_message] [INFO]- "GET /log/opr/view/ HTTP/1.1" 200 9870
[2020-03-28 19:21:46,601] [basehttp.py:154] [basehttp:log_message] [INFO]- "GET /role/view/ HTTP/1.1" 200 4075
[2020-03-28 19:21:46,804] [common.py:63] [common:get_action_handler] [INFO]- 当前正在操作action：query_dtu_user
[2020-03-28 19:21:46,811] [common.py:63] [common:get_action_handler] [INFO]- 当前正在操作action：query_admin
[2020-03-28 19:21:46,812] [basehttp.py:154] [basehttp:log_message] [INFO]- "GET /handler/dtu_user/?action=query_dtu_user&page=1&limit=10 HTTP/1.1" 200 239
[2020-03-28 19:21:46,820] [common.py:63] [common:get_action_handler] [INFO]- 当前正在操作action：query_manufacturer
[2020-03-28 19:21:46,824] [basehttp.py:154] [basehttp:log_message] [INFO]- "GET /handler/admin/?action=query_admin&page=1&limit=10 HTTP/1.1" 200 422
[2020-03-28 19:21:46,838] [common.py:63] [common:get_action_handler] [INFO]- 当前正在操作action：query_meter
[2020-03-28 19:21:46,845] [common.py:63] [common:get_action_handler] [INFO]- 当前正在操作action：query_manufacturer
[2020-03-28 19:21:46,856] [basehttp.py:154] [basehttp:log_message] [INFO]- "GET /handler/manufacturer/?action=query_manufacturer&page=1&limit=10 HTTP/1.1" 200 1235
[2020-03-28 19:21:46,866] [basehttp.py:154] [basehttp:log_message] [INFO]- "GET /handler/meter/?action=query_meter&page=1&limit=10 HTTP/1.1" 200 846
[2020-03-28 19:21:46,876] [common.py:63] [common:get_action_handler] [INFO]- 当前正在操作action：query_opr_log
[2020-03-28 19:21:46,886] [basehttp.py:154] [basehttp:log_message] [INFO]- "GET /handler/manufacturer/?param=%7B%7D&action=query_manufacturer HTTP/1.1" 200 1235
[2020-03-28 19:21:46,885] [common.py:63] [common:get_action_handler] [INFO]- 当前正在操作action：query_dtu
[2020-03-28 19:21:46,895] [common.py:63] [common:get_action_handler] [INFO]- 当前正在操作action：query_dtu_user
[2020-03-28 19:21:46,912] [basehttp.py:154] [basehttp:log_message] [INFO]- "GET /handler/dtu_user/?param=%7B%7D&action=query_dtu_user HTTP/1.1" 200 239
[2020-03-28 19:21:46,911] [common.py:63] [common:get_action_handler] [INFO]- 当前正在操作action：query_manufacturer
[2020-03-28 19:21:46,919] [basehttp.py:154] [basehttp:log_message] [INFO]- "GET /handler/log/?action=query_opr_log&page=1&limit=10 HTTP/1.1" 200 1056
[2020-03-28 19:21:46,923] [basehttp.py:154] [basehttp:log_message] [INFO]- "GET /handler/dtu/?action=query_dtu&page=1&limit=10 HTTP/1.1" 200 948
[2020-03-28 19:21:46,930] [common.py:63] [common:get_action_handler] [INFO]- 当前正在操作action：query_dtu_region
[2020-03-28 19:21:46,930] [common.py:63] [common:get_action_handler] [INFO]- 当前正在操作action：query_role
[2020-03-28 19:21:46,937] [basehttp.py:154] [basehttp:log_message] [INFO]- "GET /handler/auth/?action=query_role&page=1&limit=10 HTTP/1.1" 200 294
[2020-03-28 19:21:46,944] [basehttp.py:154] [basehttp:log_message] [INFO]- "GET /handler/manufacturer/?param=%7B%7D&action=query_manufacturer HTTP/1.1" 200 1235
[2020-03-28 19:21:46,957] [basehttp.py:154] [basehttp:log_message] [INFO]- "GET /handler/dtu_region/?action=query_dtu_region&page=1&limit=10 HTTP/1.1" 200 474
[2020-03-28 19:21:48,095] [basehttp.py:154] [basehttp:log_message] [INFO]- "GET /manufacturer/view/ HTTP/1.1" 200 11027
[2020-03-28 19:21:48,153] [common.py:63] [common:get_action_handler] [INFO]- 当前正在操作action：query_manufacturer
[2020-03-28 19:21:48,167] [basehttp.py:154] [basehttp:log_message] [INFO]- "GET /handler/manufacturer/?action=query_manufacturer&page=1&limit=10 HTTP/1.1" 200 1235
[2020-03-28 19:21:50,075] [common.py:63] [common:get_action_handler] [INFO]- 当前正在操作action：export_manufacturer
[2020-03-28 19:21:50,087] [basehttp.py:154] [basehttp:log_message] [INFO]- "POST /handler/manufacturer/ HTTP/1.1" 200 107
[2020-03-28 19:21:50,115] [common.py:63] [common:get_action_handler] [INFO]- 当前正在操作action：download_file
[2020-03-28 19:21:50,119] [basehttp.py:154] [basehttp:log_message] [INFO]- "GET /handler/file/?param={%22filename%22:%2251862c1c-70e6-11ea-9479-488ad2a2f9b6.xlsx%22}&action=download_file HTTP/1.1" 200 5632
[2020-03-28 19:22:02,509] [basehttp.py:154] [basehttp:log_message] [INFO]- "GET /dtu_user/view/ HTTP/1.1" 200 10316
[2020-03-28 19:22:02,570] [common.py:63] [common:get_action_handler] [INFO]- 当前正在操作action：query_dtu_user
[2020-03-28 19:22:02,574] [basehttp.py:154] [basehttp:log_message] [INFO]- "GET /handler/dtu_user/?action=query_dtu_user&page=1&limit=10 HTTP/1.1" 200 239
[2020-03-28 19:22:04,066] [common.py:63] [common:get_action_handler] [INFO]- 当前正在操作action：export_dtu_user
[2020-03-28 19:22:04,077] [basehttp.py:154] [basehttp:log_message] [INFO]- "POST /handler/dtu_user/ HTTP/1.1" 200 107
[2020-03-28 19:22:04,105] [common.py:63] [common:get_action_handler] [INFO]- 当前正在操作action：download_file
[2020-03-28 19:22:04,107] [basehttp.py:154] [basehttp:log_message] [INFO]- "GET /handler/file/?param={%22filename%22:%2259dcfebe-70e6-11ea-9df5-488ad2a2f9b6.xlsx%22}&action=download_file HTTP/1.1" 200 5632
[2020-03-28 20:09:15,199] [basehttp.py:154] [basehttp:log_message] [INFO]- "GET /logout/ HTTP/1.1" 302 0
[2020-03-28 20:09:15,205] [basehttp.py:154] [basehttp:log_message] [INFO]- "GET /login/ HTTP/1.1" 200 2944
[2020-03-28 20:14:51,101] [basehttp.py:154] [basehttp:log_message] [INFO]- "GET /logout/ HTTP/1.1" 302 0
[2020-03-28 20:14:51,107] [basehttp.py:154] [basehttp:log_message] [INFO]- "GET /login/ HTTP/1.1" 200 2944
[2020-03-28 20:24:37,363] [basehttp.py:154] [basehttp:log_message] [INFO]- "GET /logout/ HTTP/1.1" 302 0
[2020-03-28 20:24:37,369] [basehttp.py:154] [basehttp:log_message] [INFO]- "GET /login/ HTTP/1.1" 200 2944
[2020-03-29 11:59:46,195] [basehttp.py:154] [basehttp:log_message] [INFO]- "GET /logout/ HTTP/1.1" 302 0
[2020-03-29 11:59:46,210] [basehttp.py:154] [basehttp:log_message] [INFO]- "GET /login/ HTTP/1.1" 200 2944
[2020-03-29 16:33:07,164] [autoreload.py:203] [autoreload:trigger_reload] [INFO]- D:\project\python\flowmeter\flowmeter\config\db\alarm_log_reader.py changed, reloading.
