[2020-02-14 00:04:32,932] [autoreload.py:598] [autoreload:run_with_reloader] [INFO]- Watching for file changes with StatReloader
[2020-02-14 00:04:32,932] [autoreload.py:598] [autoreload:run_with_reloader] [INFO]- Watching for file changes with StatReloader
[2020-02-14 00:04:34,119] [basehttp.py:157] [basehttp:log_message] [INFO]- "GET /index/ HTTP/1.1" 200 6909
[2020-02-14 00:04:34,154] [basehttp.py:157] [basehttp:log_message] [INFO]- "GET /welcome/ HTTP/1.1" 200 10977
[2020-02-14 00:04:34,189] [basehttp.py:157] [basehttp:log_message] [INFO]- "GET /admin/view/ HTTP/1.1" 200 9851
[2020-02-14 00:04:34,261] [common.py:59] [common:get_action_handler] [INFO]- 当前正在操作action：query_admin
[2020-02-14 00:04:34,266] [basehttp.py:157] [basehttp:log_message] [INFO]- "GET /handler/admin/?action=query_admin&page=1&limit=10 HTTP/1.1" 200 220
[2020-02-14 00:04:35,287] [basehttp.py:157] [basehttp:log_message] [INFO]- "GET /admin/import/ HTTP/1.1" 200 3347
[2020-02-14 00:06:42,788] [basehttp.py:157] [basehttp:log_message] [INFO]- "GET /admin/import/ HTTP/1.1" 200 3347
[2020-02-14 00:06:42,799] [basehttp.py:157] [basehttp:log_message] [INFO]- "GET /static/css/font.css HTTP/1.1" 200 505
[2020-02-14 00:06:42,802] [basehttp.py:157] [basehttp:log_message] [INFO]- "GET /static/css/xadmin.css HTTP/1.1" 200 9946
[2020-02-14 00:06:42,804] [basehttp.py:157] [basehttp:log_message] [INFO]- "GET /static/lib/layui/layui.js HTTP/1.1" 200 6667
[2020-02-14 00:06:42,808] [basehttp.py:157] [basehttp:log_message] [INFO]- "GET /static/lib/layui/css/layui.css HTTP/1.1" 200 89020
[2020-02-14 00:06:42,810] [basehttp.py:157] [basehttp:log_message] [INFO]- "GET /static/js/xadmin.js HTTP/1.1" 200 16891
[2020-02-14 00:06:42,814] [basehttp.py:157] [basehttp:log_message] [INFO]- "GET /static/js/jquery-3.2.1.min.js HTTP/1.1" 200 86659
[2020-02-14 00:06:42,816] [basehttp.py:157] [basehttp:log_message] [INFO]- "GET /static/js/jquery.cookie.js HTTP/1.1" 200 3121
[2020-02-14 00:06:42,819] [basehttp.py:157] [basehttp:log_message] [INFO]- "GET /static/js/flow-meter.js HTTP/1.1" 200 1879
[2020-02-14 00:06:42,822] [basehttp.py:157] [basehttp:log_message] [INFO]- "GET /static/lib/layui/lay/modules/layer.js HTTP/1.1" 200 22041
[2020-02-14 00:06:42,834] [basehttp.py:157] [basehttp:log_message] [INFO]- "GET /static/lib/layui/lay/modules/upload.js HTTP/1.1" 200 6971
[2020-02-14 00:06:42,847] [basehttp.py:157] [basehttp:log_message] [INFO]- "GET /static/lib/layui/css/modules/layer/default/layer.css?v=3.1.1 HTTP/1.1" 200 14425
[2020-02-14 00:06:42,850] [basehttp.py:157] [basehttp:log_message] [INFO]- "GET /static/lib/layui/lay/modules/element.js HTTP/1.1" 200 7264
[2020-02-14 00:06:47,109] [common.py:59] [common:get_action_handler] [INFO]- 当前正在操作action：file_upload
[2020-02-14 00:06:47,111] [basehttp.py:157] [basehttp:log_message] [INFO]- "POST /handler/file/ HTTP/1.1" 200 150
[2020-02-14 00:06:47,120] [common.py:59] [common:get_action_handler] [INFO]- 当前正在操作action：import_admin
[2020-02-14 00:06:47,138] [error_handler.py:22] [error_handler:process_exception] [ERROR]- 'state'
[2020-02-14 00:06:47,138] [basehttp.py:157] [basehttp:log_message] [INFO]- "POST /handler/admin/ HTTP/1.1" 200 76
[2020-02-14 00:06:47,146] [basehttp.py:157] [basehttp:log_message] [INFO]- "GET /static/lib/layui/css/modules/layer/default/icon.png HTTP/1.1" 200 11493
[2020-02-14 00:08:07,007] [autoreload.py:222] [autoreload:trigger_reload] [INFO]- D:\project\python\flowmeter\flowmeter\middlewares\error_handler.py changed, reloading.
[2020-02-14 00:08:07,609] [autoreload.py:598] [autoreload:run_with_reloader] [INFO]- Watching for file changes with StatReloader
[2020-02-14 00:08:25,732] [autoreload.py:222] [autoreload:trigger_reload] [INFO]- D:\project\python\flowmeter\flowmeter\middlewares\error_handler.py changed, reloading.
[2020-02-14 00:08:26,342] [autoreload.py:598] [autoreload:run_with_reloader] [INFO]- Watching for file changes with StatReloader
[2020-02-14 00:08:36,874] [basehttp.py:157] [basehttp:log_message] [INFO]- "GET /index/ HTTP/1.1" 200 6909
[2020-02-14 00:08:36,898] [basehttp.py:157] [basehttp:log_message] [INFO]- "GET /static/css/font.css HTTP/1.1" 200 505
[2020-02-14 00:08:36,902] [basehttp.py:157] [basehttp:log_message] [INFO]- "GET /static/css/xadmin.css HTTP/1.1" 200 9946
[2020-02-14 00:08:36,902] [basehttp.py:157] [basehttp:log_message] [INFO]- "GET /static/lib/layui/layui.js HTTP/1.1" 200 6667
[2020-02-14 00:08:36,904] [basehttp.py:157] [basehttp:log_message] [INFO]- "GET /static/js/xadmin.js HTTP/1.1" 200 16891
[2020-02-14 00:08:36,909] [basehttp.py:157] [basehttp:log_message] [INFO]- "GET /static/lib/layui/css/layui.css HTTP/1.1" 200 89020
[2020-02-14 00:08:37,219] [basehttp.py:157] [basehttp:log_message] [INFO]- "GET /static/lib/layui/lay/modules/layer.js HTTP/1.1" 200 22041
[2020-02-14 00:08:37,225] [basehttp.py:157] [basehttp:log_message] [INFO]- "GET /welcome HTTP/1.1" 301 0
[2020-02-14 00:08:37,226] [basehttp.py:157] [basehttp:log_message] [INFO]- "GET /static/lib/layui/font/iconfont.woff?v=240 HTTP/1.1" 200 26744
[2020-02-14 00:08:37,227] [basehttp.py:157] [basehttp:log_message] [INFO]- "GET /static/fonts/iconfont.woff HTTP/1.1" 200 30200
[2020-02-14 00:08:37,236] [basehttp.py:157] [basehttp:log_message] [INFO]- "GET /welcome/ HTTP/1.1" 200 10977
[2020-02-14 00:08:37,243] [basehttp.py:157] [basehttp:log_message] [INFO]- "GET /static/lib/layui/css/modules/layer/default/layer.css?v=3.1.1 HTTP/1.1" 200 14425
[2020-02-14 00:08:37,244] [basehttp.py:157] [basehttp:log_message] [INFO]- "GET /static/lib/layui/lay/modules/jquery.js HTTP/1.1" 200 97648
[2020-02-14 00:08:37,257] [basehttp.py:157] [basehttp:log_message] [INFO]- "GET /static/css/font.css HTTP/1.1" 200 505
[2020-02-14 00:08:37,257] [basehttp.py:157] [basehttp:log_message] [INFO]- "GET /static/css/xadmin.css HTTP/1.1" 200 9946
[2020-02-14 00:08:37,258] [basehttp.py:157] [basehttp:log_message] [INFO]- "GET /static/lib/layui/layui.js HTTP/1.1" 200 6667
[2020-02-14 00:08:37,258] [basehttp.py:157] [basehttp:log_message] [INFO]- "GET /static/js/xadmin.js HTTP/1.1" 200 16891
[2020-02-14 00:08:37,273] [basehttp.py:157] [basehttp:log_message] [INFO]- "GET /static/lib/layui/lay/modules/element.js HTTP/1.1" 200 7264
[2020-02-14 00:08:37,278] [basehttp.py:157] [basehttp:log_message] [INFO]- "GET /static/lib/layui/css/layui.css HTTP/1.1" 200 89020
[2020-02-14 00:08:37,297] [basehttp.py:157] [basehttp:log_message] [INFO]- "GET /admin/view/ HTTP/1.1" 200 9851
[2020-02-14 00:08:37,309] [basehttp.py:157] [basehttp:log_message] [INFO]- "GET /static/css/font.css HTTP/1.1" 200 505
[2020-02-14 00:08:37,313] [basehttp.py:157] [basehttp:log_message] [INFO]- "GET /static/lib/layui/layui.js HTTP/1.1" 200 6667
[2020-02-14 00:08:37,313] [basehttp.py:157] [basehttp:log_message] [INFO]- "GET /static/css/xadmin.css HTTP/1.1" 200 9946
[2020-02-14 00:08:37,314] [basehttp.py:157] [basehttp:log_message] [INFO]- "GET /static/js/xadmin.js HTTP/1.1" 200 16891
[2020-02-14 00:08:37,318] [basehttp.py:157] [basehttp:log_message] [INFO]- "GET /static/js/jquery.cookie.js HTTP/1.1" 200 3121
[2020-02-14 00:08:37,318] [basehttp.py:157] [basehttp:log_message] [INFO]- "GET /static/js/flow-meter.js HTTP/1.1" 200 1879
[2020-02-14 00:08:37,319] [basehttp.py:157] [basehttp:log_message] [INFO]- "GET /static/js/jquery-3.2.1.min.js HTTP/1.1" 200 86659
[2020-02-14 00:08:37,322] [basehttp.py:157] [basehttp:log_message] [INFO]- "GET /static/lib/layui/css/layui.css HTTP/1.1" 200 89020
[2020-02-14 00:08:37,333] [basehttp.py:157] [basehttp:log_message] [INFO]- "GET /static/lib/layui/lay/modules/layer.js HTTP/1.1" 200 22041
[2020-02-14 00:08:37,347] [basehttp.py:157] [basehttp:log_message] [INFO]- "GET /static/lib/layui/font/iconfont.woff?v=240 HTTP/1.1" 200 26744
[2020-02-14 00:08:37,358] [basehttp.py:157] [basehttp:log_message] [INFO]- "GET /static/lib/layui/lay/modules/laydate.js HTTP/1.1" 200 27377
[2020-02-14 00:08:37,358] [basehttp.py:157] [basehttp:log_message] [INFO]- "GET /static/lib/layui/lay/modules/table.js HTTP/1.1" 200 30963
[2020-02-14 00:08:37,366] [basehttp.py:157] [basehttp:log_message] [INFO]- "GET /static/lib/layui/css/modules/layer/default/layer.css?v=3.1.1 HTTP/1.1" 200 14425
[2020-02-14 00:08:37,367] [basehttp.py:157] [basehttp:log_message] [INFO]- "GET /static/lib/layui/lay/modules/element.js HTTP/1.1" 200 7264
[2020-02-14 00:08:37,371] [basehttp.py:157] [basehttp:log_message] [INFO]- "GET /static/lib/layui/css/modules/laydate/default/laydate.css?v=5.0.9 HTTP/1.1" 200 7537
[2020-02-14 00:08:37,377] [basehttp.py:157] [basehttp:log_message] [INFO]- "GET /static/lib/layui/lay/modules/laytpl.js HTTP/1.1" 200 1836
[2020-02-14 00:08:37,389] [basehttp.py:157] [basehttp:log_message] [INFO]- "GET /static/lib/layui/lay/modules/laypage.js HTTP/1.1" 200 4472
[2020-02-14 00:08:37,394] [basehttp.py:157] [basehttp:log_message] [INFO]- "GET /static/lib/layui/lay/modules/form.js HTTP/1.1" 200 9259
[2020-02-14 00:08:37,400] [basehttp.py:157] [basehttp:log_message] [INFO]- "GET /static/lib/layui/lay/modules/util.js HTTP/1.1" 200 3458
[2020-02-14 00:08:37,416] [common.py:59] [common:get_action_handler] [INFO]- 当前正在操作action：query_admin
[2020-02-14 00:08:37,421] [basehttp.py:157] [basehttp:log_message] [INFO]- "GET /handler/admin/?action=query_admin&page=1&limit=10 HTTP/1.1" 200 220
[2020-02-14 00:08:37,585] [basehttp.py:157] [basehttp:log_message] [INFO]- "GET /static/lib/layui/lay/modules/layer.js HTTP/1.1" 200 22041
[2020-02-14 00:08:37,598] [basehttp.py:157] [basehttp:log_message] [INFO]- "GET /static/lib/layui/css/modules/layer/default/layer.css?v=3.1.1 HTTP/1.1" 200 14425
[2020-02-14 00:08:37,598] [basehttp.py:157] [basehttp:log_message] [INFO]- "GET /static/lib/layui/lay/modules/jquery.js HTTP/1.1" 200 97648
[2020-02-14 00:08:37,629] [basehttp.py:157] [basehttp:log_message] [INFO]- "GET /static/lib/layui/lay/modules/element.js HTTP/1.1" 200 7264
[2020-02-14 00:08:38,127] [basehttp.py:157] [basehttp:log_message] [INFO]- "GET /static/lib/layui/css/modules/layer/default/loading-1.gif HTTP/1.1" 200 701
[2020-02-14 00:08:38,128] [basehttp.py:157] [basehttp:log_message] [INFO]- "GET /static/lib/layui/css/modules/layer/default/icon.png HTTP/1.1" 200 11493
[2020-02-14 00:08:38,130] [basehttp.py:157] [basehttp:log_message] [INFO]- "GET /admin/import/ HTTP/1.1" 200 3347
[2020-02-14 00:08:38,144] [basehttp.py:157] [basehttp:log_message] [INFO]- "GET /static/css/font.css HTTP/1.1" 200 505
[2020-02-14 00:08:38,147] [basehttp.py:157] [basehttp:log_message] [INFO]- "GET /static/js/jquery.cookie.js HTTP/1.1" 200 3121
[2020-02-14 00:08:38,147] [basehttp.py:157] [basehttp:log_message] [INFO]- "GET /static/lib/layui/layui.js HTTP/1.1" 200 6667
[2020-02-14 00:08:38,147] [basehttp.py:157] [basehttp:log_message] [INFO]- "GET /static/css/xadmin.css HTTP/1.1" 200 9946
[2020-02-14 00:08:38,147] [basehttp.py:157] [basehttp:log_message] [INFO]- "GET /static/js/xadmin.js HTTP/1.1" 200 16891
[2020-02-14 00:08:38,148] [basehttp.py:157] [basehttp:log_message] [INFO]- "GET /static/js/flow-meter.js HTTP/1.1" 200 1879
[2020-02-14 00:08:38,149] [basehttp.py:157] [basehttp:log_message] [INFO]- "GET /static/js/jquery-3.2.1.min.js HTTP/1.1" 200 86659
[2020-02-14 00:08:38,157] [basehttp.py:157] [basehttp:log_message] [INFO]- "GET /static/lib/layui/css/layui.css HTTP/1.1" 200 89020
[2020-02-14 00:08:38,166] [basehttp.py:157] [basehttp:log_message] [INFO]- "GET /static/lib/layui/lay/modules/layer.js HTTP/1.1" 200 22041
[2020-02-14 00:08:38,175] [basehttp.py:157] [basehttp:log_message] [INFO]- "GET /static/lib/layui/lay/modules/upload.js HTTP/1.1" 200 6971
[2020-02-14 00:08:38,186] [basehttp.py:157] [basehttp:log_message] [INFO]- "GET /static/lib/layui/css/modules/layer/default/layer.css?v=3.1.1 HTTP/1.1" 200 14425
[2020-02-14 00:08:38,187] [basehttp.py:157] [basehttp:log_message] [INFO]- "GET /static/lib/layui/lay/modules/element.js HTTP/1.1" 200 7264
[2020-02-14 00:08:42,596] [common.py:59] [common:get_action_handler] [INFO]- 当前正在操作action：file_upload
[2020-02-14 00:08:42,598] [basehttp.py:157] [basehttp:log_message] [INFO]- "POST /handler/file/ HTTP/1.1" 200 150
[2020-02-14 00:08:42,608] [common.py:59] [common:get_action_handler] [INFO]- 当前正在操作action：import_admin
[2020-02-14 00:08:42,638] [basehttp.py:157] [basehttp:log_message] [INFO]- "POST /handler/admin/ HTTP/1.1" 200 76
[2020-02-14 00:08:42,644] [basehttp.py:157] [basehttp:log_message] [INFO]- "GET /static/lib/layui/css/modules/layer/default/icon.png HTTP/1.1" 200 11493
[2020-02-14 00:09:53,276] [autoreload.py:222] [autoreload:trigger_reload] [INFO]- D:\project\python\flowmeter\flowmeter\applications\core\user.py changed, reloading.
[2020-02-14 00:09:53,877] [autoreload.py:598] [autoreload:run_with_reloader] [INFO]- Watching for file changes with StatReloader
[2020-02-14 00:09:53,960] [autoreload.py:222] [autoreload:trigger_reload] [INFO]- D:\project\python\flowmeter\flowmeter\applications\core\user.py changed, reloading.
[2020-02-14 00:09:54,551] [autoreload.py:598] [autoreload:run_with_reloader] [INFO]- Watching for file changes with StatReloader
[2020-02-14 00:09:58,211] [common.py:59] [common:get_action_handler] [INFO]- 当前正在操作action：file_upload
[2020-02-14 00:09:58,221] [basehttp.py:157] [basehttp:log_message] [INFO]- "POST /handler/file/ HTTP/1.1" 200 150
[2020-02-14 00:09:58,228] [common.py:59] [common:get_action_handler] [INFO]- 当前正在操作action：import_admin
[2020-02-14 00:09:58,294] [basehttp.py:157] [basehttp:log_message] [INFO]- "POST /handler/admin/ HTTP/1.1" 200 160
[2020-02-14 00:11:23,751] [common.py:59] [common:get_action_handler] [INFO]- 当前正在操作action：file_upload
[2020-02-14 00:11:23,753] [basehttp.py:157] [basehttp:log_message] [INFO]- "POST /handler/file/ HTTP/1.1" 200 150
[2020-02-14 00:11:23,761] [common.py:59] [common:get_action_handler] [INFO]- 当前正在操作action：import_admin
[2020-02-14 00:11:23,766] [basehttp.py:157] [basehttp:log_message] [INFO]- "POST /handler/admin/ HTTP/1.1" 200 160
[2020-02-14 00:14:55,688] [autoreload.py:222] [autoreload:trigger_reload] [INFO]- D:\project\python\flowmeter\flowmeter\applications\core\user.py changed, reloading.
[2020-02-14 00:14:56,269] [autoreload.py:598] [autoreload:run_with_reloader] [INFO]- Watching for file changes with StatReloader
[2020-02-14 00:14:56,297] [autoreload.py:222] [autoreload:trigger_reload] [INFO]- D:\project\python\flowmeter\flowmeter\applications\core\user.py changed, reloading.
[2020-02-14 00:14:56,901] [autoreload.py:598] [autoreload:run_with_reloader] [INFO]- Watching for file changes with StatReloader
[2020-02-14 00:16:48,962] [autoreload.py:222] [autoreload:trigger_reload] [INFO]- D:\project\python\flowmeter\flowmeter\applications\core\user.py changed, reloading.
[2020-02-14 00:16:48,985] [autoreload.py:222] [autoreload:trigger_reload] [INFO]- D:\project\python\flowmeter\flowmeter\applications\core\user.py changed, reloading.
[2020-02-14 00:16:49,614] [autoreload.py:598] [autoreload:run_with_reloader] [INFO]- Watching for file changes with StatReloader
[2020-02-14 00:16:49,615] [autoreload.py:598] [autoreload:run_with_reloader] [INFO]- Watching for file changes with StatReloader
[2020-02-14 00:17:02,691] [basehttp.py:157] [basehttp:log_message] [INFO]- "GET /index/ HTTP/1.1" 200 6909
[2020-02-14 00:17:02,710] [basehttp.py:157] [basehttp:log_message] [INFO]- "GET /static/css/font.css HTTP/1.1" 200 505
[2020-02-14 00:17:02,710] [basehttp.py:157] [basehttp:log_message] [INFO]- "GET /static/css/xadmin.css HTTP/1.1" 200 9946
[2020-02-14 00:17:02,713] [basehttp.py:157] [basehttp:log_message] [INFO]- "GET /static/lib/layui/layui.js HTTP/1.1" 200 6667
[2020-02-14 00:17:02,713] [basehttp.py:157] [basehttp:log_message] [INFO]- "GET /static/js/xadmin.js HTTP/1.1" 200 16891
[2020-02-14 00:17:02,717] [basehttp.py:157] [basehttp:log_message] [INFO]- "GET /static/lib/layui/css/layui.css HTTP/1.1" 200 89020
[2020-02-14 00:17:02,728] [basehttp.py:157] [basehttp:log_message] [INFO]- "GET /static/lib/layui/lay/modules/layer.js HTTP/1.1" 200 22041
[2020-02-14 00:17:02,729] [basehttp.py:157] [basehttp:log_message] [INFO]- "GET /welcome HTTP/1.1" 301 0
[2020-02-14 00:17:02,734] [basehttp.py:157] [basehttp:log_message] [INFO]- "GET /static/fonts/iconfont.woff HTTP/1.1" 200 30200
[2020-02-14 00:17:02,734] [basehttp.py:157] [basehttp:log_message] [INFO]- "GET /static/lib/layui/font/iconfont.woff?v=240 HTTP/1.1" 200 26744
[2020-02-14 00:17:02,740] [basehttp.py:157] [basehttp:log_message] [INFO]- "GET /welcome/ HTTP/1.1" 200 10977
[2020-02-14 00:17:02,746] [basehttp.py:157] [basehttp:log_message] [INFO]- "GET /static/lib/layui/css/modules/layer/default/layer.css?v=3.1.1 HTTP/1.1" 200 14425
[2020-02-14 00:17:02,747] [basehttp.py:157] [basehttp:log_message] [INFO]- "GET /static/lib/layui/lay/modules/jquery.js HTTP/1.1" 200 97648
[2020-02-14 00:17:02,754] [basehttp.py:157] [basehttp:log_message] [INFO]- "GET /static/css/font.css HTTP/1.1" 200 505
[2020-02-14 00:17:02,755] [basehttp.py:157] [basehttp:log_message] [INFO]- "GET /static/css/xadmin.css HTTP/1.1" 200 9946
[2020-02-14 00:17:02,757] [basehttp.py:157] [basehttp:log_message] [INFO]- "GET /static/lib/layui/layui.js HTTP/1.1" 200 6667
[2020-02-14 00:17:02,758] [basehttp.py:157] [basehttp:log_message] [INFO]- "GET /static/js/xadmin.js HTTP/1.1" 200 16891
[2020-02-14 00:17:02,775] [basehttp.py:157] [basehttp:log_message] [INFO]- "GET /static/lib/layui/lay/modules/element.js HTTP/1.1" 200 7264
[2020-02-14 00:17:02,776] [basehttp.py:157] [basehttp:log_message] [INFO]- "GET /static/lib/layui/css/layui.css HTTP/1.1" 200 89020
[2020-02-14 00:17:02,785] [basehttp.py:157] [basehttp:log_message] [INFO]- "GET /static/lib/layui/lay/modules/layer.js HTTP/1.1" 200 22041
[2020-02-14 00:17:02,789] [basehttp.py:157] [basehttp:log_message] [INFO]- "GET /static/lib/layui/font/iconfont.woff?v=240 HTTP/1.1" 200 26744
[2020-02-14 00:17:02,817] [basehttp.py:157] [basehttp:log_message] [INFO]- "GET /admin/view/ HTTP/1.1" 200 9851
[2020-02-14 00:17:02,825] [basehttp.py:157] [basehttp:log_message] [INFO]- "GET /static/lib/layui/css/modules/layer/default/layer.css?v=3.1.1 HTTP/1.1" 200 14425
[2020-02-14 00:17:02,826] [basehttp.py:157] [basehttp:log_message] [INFO]- "GET /static/lib/layui/lay/modules/jquery.js HTTP/1.1" 200 97648
[2020-02-14 00:17:02,835] [basehttp.py:157] [basehttp:log_message] [INFO]- "GET /static/css/font.css HTTP/1.1" 200 505
[2020-02-14 00:17:02,838] [basehttp.py:157] [basehttp:log_message] [INFO]- "GET /static/css/xadmin.css HTTP/1.1" 200 9946
[2020-02-14 00:17:02,838] [basehttp.py:157] [basehttp:log_message] [INFO]- "GET /static/lib/layui/layui.js HTTP/1.1" 200 6667
[2020-02-14 00:17:02,840] [basehttp.py:157] [basehttp:log_message] [INFO]- "GET /static/js/xadmin.js HTTP/1.1" 200 16891
[2020-02-14 00:17:02,842] [basehttp.py:157] [basehttp:log_message] [INFO]- "GET /static/js/jquery-3.2.1.min.js HTTP/1.1" 200 86659
[2020-02-14 00:17:02,843] [basehttp.py:157] [basehttp:log_message] [INFO]- "GET /static/js/jquery.cookie.js HTTP/1.1" 200 3121
[2020-02-14 00:17:02,846] [basehttp.py:157] [basehttp:log_message] [INFO]- "GET /static/js/flow-meter.js HTTP/1.1" 200 1879
[2020-02-14 00:17:02,854] [basehttp.py:157] [basehttp:log_message] [INFO]- "GET /static/lib/layui/css/layui.css HTTP/1.1" 200 89020
[2020-02-14 00:17:02,857] [basehttp.py:157] [basehttp:log_message] [INFO]- "GET /static/lib/layui/lay/modules/element.js HTTP/1.1" 200 7264
[2020-02-14 00:17:02,866] [basehttp.py:157] [basehttp:log_message] [INFO]- "GET /static/lib/layui/lay/modules/layer.js HTTP/1.1" 200 22041
[2020-02-14 00:17:02,881] [basehttp.py:157] [basehttp:log_message] [INFO]- "GET /static/lib/layui/font/iconfont.woff?v=240 HTTP/1.1" 200 26744
[2020-02-14 00:17:02,891] [basehttp.py:157] [basehttp:log_message] [INFO]- "GET /static/lib/layui/lay/modules/laydate.js HTTP/1.1" 200 27377
[2020-02-14 00:17:02,892] [basehttp.py:157] [basehttp:log_message] [INFO]- "GET /static/lib/layui/lay/modules/table.js HTTP/1.1" 200 30963
[2020-02-14 00:17:02,906] [basehttp.py:157] [basehttp:log_message] [INFO]- "GET /static/lib/layui/css/modules/layer/default/layer.css?v=3.1.1 HTTP/1.1" 200 14425
[2020-02-14 00:17:02,907] [basehttp.py:157] [basehttp:log_message] [INFO]- "GET /static/lib/layui/lay/modules/element.js HTTP/1.1" 200 7264
[2020-02-14 00:17:02,913] [basehttp.py:157] [basehttp:log_message] [INFO]- "GET /static/lib/layui/css/modules/laydate/default/laydate.css?v=5.0.9 HTTP/1.1" 200 7537
[2020-02-14 00:17:02,920] [basehttp.py:157] [basehttp:log_message] [INFO]- "GET /static/lib/layui/lay/modules/laytpl.js HTTP/1.1" 200 1836
[2020-02-14 00:17:02,929] [basehttp.py:157] [basehttp:log_message] [INFO]- "GET /static/lib/layui/lay/modules/laypage.js HTTP/1.1" 200 4472
[2020-02-14 00:17:02,935] [basehttp.py:157] [basehttp:log_message] [INFO]- "GET /static/lib/layui/lay/modules/form.js HTTP/1.1" 200 9259
[2020-02-14 00:17:02,950] [basehttp.py:157] [basehttp:log_message] [INFO]- "GET /static/lib/layui/lay/modules/util.js HTTP/1.1" 200 3458
[2020-02-14 00:17:02,966] [common.py:59] [common:get_action_handler] [INFO]- 当前正在操作action：query_admin
[2020-02-14 00:17:02,970] [basehttp.py:157] [basehttp:log_message] [INFO]- "GET /handler/admin/?action=query_admin&page=1&limit=10 HTTP/1.1" 200 220
[2020-02-14 00:17:03,791] [basehttp.py:157] [basehttp:log_message] [INFO]- "GET /static/lib/layui/css/modules/layer/default/loading-1.gif HTTP/1.1" 200 701
[2020-02-14 00:17:03,792] [basehttp.py:157] [basehttp:log_message] [INFO]- "GET /static/lib/layui/css/modules/layer/default/icon.png HTTP/1.1" 200 11493
[2020-02-14 00:17:03,793] [basehttp.py:157] [basehttp:log_message] [INFO]- "GET /admin/import/ HTTP/1.1" 200 3347
[2020-02-14 00:17:03,807] [basehttp.py:157] [basehttp:log_message] [INFO]- "GET /static/css/font.css HTTP/1.1" 200 505
[2020-02-14 00:17:03,809] [basehttp.py:157] [basehttp:log_message] [INFO]- "GET /static/js/jquery.cookie.js HTTP/1.1" 200 3121
[2020-02-14 00:17:03,810] [basehttp.py:157] [basehttp:log_message] [INFO]- "GET /static/lib/layui/layui.js HTTP/1.1" 200 6667
[2020-02-14 00:17:03,810] [basehttp.py:157] [basehttp:log_message] [INFO]- "GET /static/css/xadmin.css HTTP/1.1" 200 9946
[2020-02-14 00:17:03,811] [basehttp.py:157] [basehttp:log_message] [INFO]- "GET /static/js/xadmin.js HTTP/1.1" 200 16891
[2020-02-14 00:17:03,811] [basehttp.py:157] [basehttp:log_message] [INFO]- "GET /static/js/flow-meter.js HTTP/1.1" 200 1879
[2020-02-14 00:17:03,812] [basehttp.py:157] [basehttp:log_message] [INFO]- "GET /static/js/jquery-3.2.1.min.js HTTP/1.1" 200 86659
[2020-02-14 00:17:03,818] [basehttp.py:157] [basehttp:log_message] [INFO]- "GET /static/lib/layui/css/layui.css HTTP/1.1" 200 89020
[2020-02-14 00:17:03,827] [basehttp.py:157] [basehttp:log_message] [INFO]- "GET /static/lib/layui/lay/modules/layer.js HTTP/1.1" 200 22041
[2020-02-14 00:17:03,838] [basehttp.py:157] [basehttp:log_message] [INFO]- "GET /static/lib/layui/lay/modules/upload.js HTTP/1.1" 200 6971
[2020-02-14 00:17:03,849] [basehttp.py:157] [basehttp:log_message] [INFO]- "GET /static/lib/layui/css/modules/layer/default/layer.css?v=3.1.1 HTTP/1.1" 200 14425
[2020-02-14 00:17:03,850] [basehttp.py:157] [basehttp:log_message] [INFO]- "GET /static/lib/layui/lay/modules/element.js HTTP/1.1" 200 7264
[2020-02-14 00:17:17,455] [common.py:59] [common:get_action_handler] [INFO]- 当前正在操作action：file_upload
[2020-02-14 00:17:17,457] [basehttp.py:157] [basehttp:log_message] [INFO]- "POST /handler/file/ HTTP/1.1" 200 150
[2020-02-14 00:17:17,467] [common.py:59] [common:get_action_handler] [INFO]- 当前正在操作action：import_admin
[2020-02-14 00:17:17,490] [basehttp.py:157] [basehttp:log_message] [INFO]- "POST /handler/admin/ HTTP/1.1" 200 68
[2020-02-14 00:17:17,497] [basehttp.py:157] [basehttp:log_message] [INFO]- "GET /static/lib/layui/css/modules/layer/default/icon.png HTTP/1.1" 200 11493
[2020-02-14 00:17:18,896] [basehttp.py:157] [basehttp:log_message] [INFO]- "GET /admin/view/ HTTP/1.1" 200 9851
[2020-02-14 00:17:18,913] [basehttp.py:157] [basehttp:log_message] [INFO]- "GET /static/css/font.css HTTP/1.1" 200 505
[2020-02-14 00:17:18,915] [basehttp.py:157] [basehttp:log_message] [INFO]- "GET /static/js/jquery.cookie.js HTTP/1.1" 200 3121
[2020-02-14 00:17:18,916] [basehttp.py:157] [basehttp:log_message] [INFO]- "GET /static/lib/layui/layui.js HTTP/1.1" 200 6667
[2020-02-14 00:17:18,916] [basehttp.py:157] [basehttp:log_message] [INFO]- "GET /static/css/xadmin.css HTTP/1.1" 200 9946
[2020-02-14 00:17:18,917] [basehttp.py:157] [basehttp:log_message] [INFO]- "GET /static/js/xadmin.js HTTP/1.1" 200 16891
[2020-02-14 00:17:18,917] [basehttp.py:157] [basehttp:log_message] [INFO]- "GET /static/js/flow-meter.js HTTP/1.1" 200 1879
[2020-02-14 00:17:18,918] [basehttp.py:157] [basehttp:log_message] [INFO]- "GET /static/js/jquery-3.2.1.min.js HTTP/1.1" 200 86659
[2020-02-14 00:17:18,924] [basehttp.py:157] [basehttp:log_message] [INFO]- "GET /static/lib/layui/css/layui.css HTTP/1.1" 200 89020
[2020-02-14 00:17:18,934] [basehttp.py:157] [basehttp:log_message] [INFO]- "GET /static/lib/layui/lay/modules/layer.js HTTP/1.1" 200 22041
[2020-02-14 00:17:18,947] [basehttp.py:157] [basehttp:log_message] [INFO]- "GET /static/lib/layui/lay/modules/laydate.js HTTP/1.1" 200 27377
[2020-02-14 00:17:18,948] [basehttp.py:157] [basehttp:log_message] [INFO]- "GET /static/lib/layui/lay/modules/table.js HTTP/1.1" 200 30963
[2020-02-14 00:17:18,949] [basehttp.py:157] [basehttp:log_message] [INFO]- "GET /static/lib/layui/font/iconfont.woff?v=240 HTTP/1.1" 200 26744
[2020-02-14 00:17:18,963] [basehttp.py:157] [basehttp:log_message] [INFO]- "GET /static/lib/layui/css/modules/layer/default/layer.css?v=3.1.1 HTTP/1.1" 200 14425
[2020-02-14 00:17:18,963] [basehttp.py:157] [basehttp:log_message] [INFO]- "GET /static/lib/layui/lay/modules/element.js HTTP/1.1" 200 7264
[2020-02-14 00:17:18,968] [basehttp.py:157] [basehttp:log_message] [INFO]- "GET /static/lib/layui/css/modules/laydate/default/laydate.css?v=5.0.9 HTTP/1.1" 200 7537
[2020-02-14 00:17:18,973] [basehttp.py:157] [basehttp:log_message] [INFO]- "GET /static/lib/layui/lay/modules/laytpl.js HTTP/1.1" 200 1836
[2020-02-14 00:17:18,986] [basehttp.py:157] [basehttp:log_message] [INFO]- "GET /static/lib/layui/lay/modules/laypage.js HTTP/1.1" 200 4472
[2020-02-14 00:17:18,990] [basehttp.py:157] [basehttp:log_message] [INFO]- "GET /static/lib/layui/lay/modules/form.js HTTP/1.1" 200 9259
[2020-02-14 00:17:18,997] [basehttp.py:157] [basehttp:log_message] [INFO]- "GET /static/lib/layui/lay/modules/util.js HTTP/1.1" 200 3458
[2020-02-14 00:17:19,012] [common.py:59] [common:get_action_handler] [INFO]- 当前正在操作action：query_admin
[2020-02-14 00:17:19,018] [basehttp.py:157] [basehttp:log_message] [INFO]- "GET /handler/admin/?action=query_admin&page=1&limit=10 HTTP/1.1" 200 373
[2020-02-14 00:18:31,901] [basehttp.py:157] [basehttp:log_message] [INFO]- "GET /admin/import/ HTTP/1.1" 200 3347
[2020-02-14 00:18:34,178] [basehttp.py:157] [basehttp:log_message] [INFO]- "GET /admin/import/ HTTP/1.1" 200 3347
[2020-02-14 00:18:35,812] [basehttp.py:157] [basehttp:log_message] [INFO]- "GET /admin/import/ HTTP/1.1" 200 3347
[2020-02-14 00:18:37,982] [basehttp.py:157] [basehttp:log_message] [INFO]- "GET /admin/import/ HTTP/1.1" 200 3347
[2020-02-14 00:18:40,061] [basehttp.py:157] [basehttp:log_message] [INFO]- "GET /admin/import/ HTTP/1.1" 200 3347
[2020-02-14 00:18:41,970] [basehttp.py:157] [basehttp:log_message] [INFO]- "GET /admin/import/ HTTP/1.1" 200 3347
[2020-02-14 00:18:44,134] [basehttp.py:157] [basehttp:log_message] [INFO]- "GET /admin/import/ HTTP/1.1" 200 3347
[2020-02-14 00:18:46,168] [basehttp.py:157] [basehttp:log_message] [INFO]- "GET /admin/add/ HTTP/1.1" 200 6530
[2020-02-14 00:18:48,100] [basehttp.py:157] [basehttp:log_message] [INFO]- "GET /admin/import/ HTTP/1.1" 200 3347
[2020-02-14 00:20:42,441] [basehttp.py:157] [basehttp:log_message] [INFO]- "GET /admin/import/ HTTP/1.1" 200 3374
[2020-02-14 00:24:10,212] [basehttp.py:157] [basehttp:log_message] [INFO]- "GET /admin/import/ HTTP/1.1" 200 3451
[2020-02-14 00:24:12,682] [basehttp.py:157] [basehttp:log_message] [INFO]- "GET /admin/import/ HTTP/1.1" 200 3451
[2020-02-14 00:24:31,564] [basehttp.py:157] [basehttp:log_message] [INFO]- "GET /admin/import/ HTTP/1.1" 200 3452
[2020-02-14 00:24:33,575] [basehttp.py:157] [basehttp:log_message] [INFO]- "GET /index/ HTTP/1.1" 200 6909
[2020-02-14 00:24:33,600] [basehttp.py:157] [basehttp:log_message] [INFO]- "GET /welcome/ HTTP/1.1" 200 10977
[2020-02-14 00:24:33,632] [basehttp.py:157] [basehttp:log_message] [INFO]- "GET /admin/view/ HTTP/1.1" 200 9851
[2020-02-14 00:24:33,698] [common.py:59] [common:get_action_handler] [INFO]- 当前正在操作action：query_admin
[2020-02-14 00:24:33,705] [basehttp.py:157] [basehttp:log_message] [INFO]- "GET /handler/admin/?action=query_admin&page=1&limit=10 HTTP/1.1" 200 373
[2020-02-14 00:24:34,346] [basehttp.py:157] [basehttp:log_message] [INFO]- "GET /admin/import/ HTTP/1.1" 200 3452
[2020-02-14 00:24:45,345] [basehttp.py:157] [basehttp:log_message] [INFO]- "GET /admin/import/ HTTP/1.1" 200 3429
[2020-02-14 00:25:19,773] [basehttp.py:157] [basehttp:log_message] [INFO]- "GET /admin/import/ HTTP/1.1" 200 3447
[2020-02-14 00:25:32,560] [basehttp.py:157] [basehttp:log_message] [INFO]- "GET /admin/import/ HTTP/1.1" 200 3450
[2020-02-14 00:25:50,059] [basehttp.py:157] [basehttp:log_message] [INFO]- "GET /admin/import/ HTTP/1.1" 200 3448
[2020-02-14 00:25:52,568] [basehttp.py:157] [basehttp:log_message] [INFO]- "GET /admin/import/ HTTP/1.1" 200 3448
[2020-02-14 00:26:14,621] [basehttp.py:157] [basehttp:log_message] [INFO]- "GET /admin/import/ HTTP/1.1" 200 3440
[2020-02-14 00:26:32,571] [basehttp.py:157] [basehttp:log_message] [INFO]- "GET /admin/import/ HTTP/1.1" 200 3446
[2020-02-14 00:26:42,140] [basehttp.py:157] [basehttp:log_message] [INFO]- "GET /admin/import/ HTTP/1.1" 200 3445
[2020-02-14 00:26:52,411] [basehttp.py:157] [basehttp:log_message] [INFO]- "GET /admin/import/ HTTP/1.1" 200 3446
[2020-02-14 00:27:01,212] [basehttp.py:157] [basehttp:log_message] [INFO]- "GET /admin/import/ HTTP/1.1" 200 3446
[2020-02-14 00:29:03,191] [basehttp.py:157] [basehttp:log_message] [INFO]- "GET /admin/import/ HTTP/1.1" 200 3446
[2020-02-14 00:29:05,715] [basehttp.py:157] [basehttp:log_message] [INFO]- "GET /admin/import/ HTTP/1.1" 200 3446
[2020-02-14 00:29:09,328] [basehttp.py:157] [basehttp:log_message] [INFO]- "GET /admin/import/ HTTP/1.1" 200 3446
[2020-02-14 12:20:53,436] [basehttp.py:157] [basehttp:log_message] [INFO]- "GET /index/ HTTP/1.1" 200 6909
[2020-02-14 12:20:53,464] [basehttp.py:157] [basehttp:log_message] [INFO]- "GET /static/lib/layui/css/layui.css HTTP/1.1" 304 0
[2020-02-14 12:20:53,500] [basehttp.py:157] [basehttp:log_message] [INFO]- "GET /welcome/ HTTP/1.1" 200 10977
[2020-02-14 12:20:53,529] [basehttp.py:157] [basehttp:log_message] [INFO]- "GET /admin/view/ HTTP/1.1" 200 9851
[2020-02-14 12:20:53,555] [basehttp.py:157] [basehttp:log_message] [INFO]- "GET /static/js/flow-meter.js HTTP/1.1" 304 0
[2020-02-14 12:20:53,620] [common.py:59] [common:get_action_handler] [INFO]- 当前正在操作action：query_admin
[2020-02-14 12:20:53,628] [basehttp.py:157] [basehttp:log_message] [INFO]- "GET /handler/admin/?action=query_admin&page=1&limit=10 HTTP/1.1" 200 373
[2020-02-14 12:21:03,769] [basehttp.py:157] [basehttp:log_message] [INFO]- "GET /index/ HTTP/1.1" 200 6909
[2020-02-14 12:21:03,804] [basehttp.py:157] [basehttp:log_message] [INFO]- "GET /welcome/ HTTP/1.1" 200 10977
[2020-02-14 12:21:03,840] [basehttp.py:157] [basehttp:log_message] [INFO]- "GET /admin/view/ HTTP/1.1" 200 9851
[2020-02-14 12:21:03,915] [common.py:59] [common:get_action_handler] [INFO]- 当前正在操作action：query_admin
[2020-02-14 12:21:03,920] [basehttp.py:157] [basehttp:log_message] [INFO]- "GET /handler/admin/?action=query_admin&page=1&limit=10 HTTP/1.1" 200 373
[2020-02-14 12:21:05,139] [basehttp.py:157] [basehttp:log_message] [INFO]- "GET /admin/add/ HTTP/1.1" 200 6530
[2020-02-14 12:21:07,152] [basehttp.py:157] [basehttp:log_message] [INFO]- "GET /admin/add/ HTTP/1.1" 200 6530
[2020-02-14 12:21:09,776] [basehttp.py:157] [basehttp:log_message] [INFO]- "GET /admin/add/ HTTP/1.1" 200 6530
[2020-02-14 12:22:14,108] [basehttp.py:157] [basehttp:log_message] [INFO]- "GET /admin/import/ HTTP/1.1" 200 3446
[2020-02-14 12:22:16,166] [basehttp.py:157] [basehttp:log_message] [INFO]- "GET /admin/add/ HTTP/1.1" 200 7118
[2020-02-14 12:22:19,443] [basehttp.py:157] [basehttp:log_message] [INFO]- "GET /index/ HTTP/1.1" 200 6909
[2020-02-14 12:22:19,469] [basehttp.py:157] [basehttp:log_message] [INFO]- "GET /welcome/ HTTP/1.1" 200 10977
[2020-02-14 12:22:19,490] [basehttp.py:157] [basehttp:log_message] [INFO]- "GET /admin/view/ HTTP/1.1" 200 9851
[2020-02-14 12:22:19,552] [common.py:59] [common:get_action_handler] [INFO]- 当前正在操作action：query_admin
[2020-02-14 12:22:19,559] [basehttp.py:157] [basehttp:log_message] [INFO]- "GET /handler/admin/?action=query_admin&page=1&limit=10 HTTP/1.1" 200 373
[2020-02-14 12:22:20,191] [basehttp.py:157] [basehttp:log_message] [INFO]- "GET /admin/add/ HTTP/1.1" 200 7118
[2020-02-14 12:22:23,188] [basehttp.py:157] [basehttp:log_message] [INFO]- "GET /admin/add/ HTTP/1.1" 200 7118
[2020-02-14 12:22:29,250] [common.py:59] [common:get_action_handler] [INFO]- 当前正在操作action：check_email_unique
[2020-02-14 12:22:29,251] [basehttp.py:157] [basehttp:log_message] [INFO]- "GET /handler/user/?param=%7B%22email%22%3A%22t%22%7D&action=check_email_unique HTTP/1.1" 200 68
[2020-02-14 12:22:29,394] [common.py:59] [common:get_action_handler] [INFO]- 当前正在操作action：check_email_unique
[2020-02-14 12:22:29,396] [basehttp.py:157] [basehttp:log_message] [INFO]- "GET /handler/user/?param=%7B%22email%22%3A%22tt%22%7D&action=check_email_unique HTTP/1.1" 200 68
[2020-02-14 12:22:30,145] [common.py:59] [common:get_action_handler] [INFO]- 当前正在操作action：check_email_unique
[2020-02-14 12:22:30,146] [basehttp.py:157] [basehttp:log_message] [INFO]- "GET /handler/user/?param=%7B%22email%22%3A%22tt%40%22%7D&action=check_email_unique HTTP/1.1" 200 68
[2020-02-14 12:22:30,391] [common.py:59] [common:get_action_handler] [INFO]- 当前正在操作action：check_email_unique
[2020-02-14 12:22:30,393] [basehttp.py:157] [basehttp:log_message] [INFO]- "GET /handler/user/?param=%7B%22email%22%3A%22tt%40q%22%7D&action=check_email_unique HTTP/1.1" 200 68
[2020-02-14 12:22:30,558] [common.py:59] [common:get_action_handler] [INFO]- 当前正在操作action：check_email_unique
[2020-02-14 12:22:30,559] [basehttp.py:157] [basehttp:log_message] [INFO]- "GET /handler/user/?param=%7B%22email%22%3A%22tt%40qq%22%7D&action=check_email_unique HTTP/1.1" 200 68
[2020-02-14 12:22:31,047] [common.py:59] [common:get_action_handler] [INFO]- 当前正在操作action：check_email_unique
[2020-02-14 12:22:31,049] [basehttp.py:157] [basehttp:log_message] [INFO]- "GET /handler/user/?param=%7B%22email%22%3A%22tt%40qq%2F%22%7D&action=check_email_unique HTTP/1.1" 200 68
[2020-02-14 12:22:31,169] [common.py:59] [common:get_action_handler] [INFO]- 当前正在操作action：check_email_unique
[2020-02-14 12:22:31,171] [basehttp.py:157] [basehttp:log_message] [INFO]- "GET /handler/user/?param=%7B%22email%22%3A%22tt%40qq%2Fc%22%7D&action=check_email_unique HTTP/1.1" 200 68
[2020-02-14 12:22:31,534] [common.py:59] [common:get_action_handler] [INFO]- 当前正在操作action：check_email_unique
[2020-02-14 12:22:31,536] [basehttp.py:157] [basehttp:log_message] [INFO]- "GET /handler/user/?param=%7B%22email%22%3A%22tt%40qq%2F%22%7D&action=check_email_unique HTTP/1.1" 200 68
[2020-02-14 12:22:31,683] [common.py:59] [common:get_action_handler] [INFO]- 当前正在操作action：check_email_unique
[2020-02-14 12:22:31,684] [basehttp.py:157] [basehttp:log_message] [INFO]- "GET /handler/user/?param=%7B%22email%22%3A%22tt%40qq%22%7D&action=check_email_unique HTTP/1.1" 200 68
[2020-02-14 12:22:32,427] [common.py:59] [common:get_action_handler] [INFO]- 当前正在操作action：check_email_unique
[2020-02-14 12:22:32,429] [basehttp.py:157] [basehttp:log_message] [INFO]- "GET /handler/user/?param=%7B%22email%22%3A%22tt%40qq.%22%7D&action=check_email_unique HTTP/1.1" 200 68
[2020-02-14 12:22:32,533] [common.py:59] [common:get_action_handler] [INFO]- 当前正在操作action：check_email_unique
[2020-02-14 12:22:32,535] [basehttp.py:157] [basehttp:log_message] [INFO]- "GET /handler/user/?param=%7B%22email%22%3A%22tt%40qq.c%22%7D&action=check_email_unique HTTP/1.1" 200 68
[2020-02-14 12:22:32,664] [common.py:59] [common:get_action_handler] [INFO]- 当前正在操作action：check_email_unique
[2020-02-14 12:22:32,665] [basehttp.py:157] [basehttp:log_message] [INFO]- "GET /handler/user/?param=%7B%22email%22%3A%22tt%40qq.co%22%7D&action=check_email_unique HTTP/1.1" 200 68
[2020-02-14 12:22:32,849] [common.py:59] [common:get_action_handler] [INFO]- 当前正在操作action：check_email_unique
[2020-02-14 12:22:32,851] [basehttp.py:157] [basehttp:log_message] [INFO]- "GET /handler/user/?param=%7B%22email%22%3A%22tt%40qq.com%22%7D&action=check_email_unique HTTP/1.1" 200 68
[2020-02-14 12:22:34,444] [common.py:59] [common:get_action_handler] [INFO]- 当前正在操作action：check_phone_unique
[2020-02-14 12:22:34,445] [basehttp.py:157] [basehttp:log_message] [INFO]- "GET /handler/user/?param=%7B%22phone%22%3A%221%22%7D&action=check_phone_unique HTTP/1.1" 200 68
[2020-02-14 12:22:35,272] [common.py:59] [common:get_action_handler] [INFO]- 当前正在操作action：check_phone_unique
[2020-02-14 12:22:35,274] [basehttp.py:157] [basehttp:log_message] [INFO]- "GET /handler/user/?param=%7B%22phone%22%3A%2213%22%7D&action=check_phone_unique HTTP/1.1" 200 68
[2020-02-14 12:22:36,415] [common.py:59] [common:get_action_handler] [INFO]- 当前正在操作action：check_phone_unique
[2020-02-14 12:22:36,416] [basehttp.py:157] [basehttp:log_message] [INFO]- "GET /handler/user/?param=%7B%22phone%22%3A%22130%22%7D&action=check_phone_unique HTTP/1.1" 200 68
[2020-02-14 12:22:36,559] [common.py:59] [common:get_action_handler] [INFO]- 当前正在操作action：check_phone_unique
[2020-02-14 12:22:36,560] [basehttp.py:157] [basehttp:log_message] [INFO]- "GET /handler/user/?param=%7B%22phone%22%3A%221300%22%7D&action=check_phone_unique HTTP/1.1" 200 68
[2020-02-14 12:22:36,770] [common.py:59] [common:get_action_handler] [INFO]- 当前正在操作action：check_phone_unique
[2020-02-14 12:22:36,771] [basehttp.py:157] [basehttp:log_message] [INFO]- "GET /handler/user/?param=%7B%22phone%22%3A%2213003%22%7D&action=check_phone_unique HTTP/1.1" 200 68
[2020-02-14 12:22:37,129] [common.py:59] [common:get_action_handler] [INFO]- 当前正在操作action：check_phone_unique
[2020-02-14 12:22:37,131] [basehttp.py:157] [basehttp:log_message] [INFO]- "GET /handler/user/?param=%7B%22phone%22%3A%22130039%22%7D&action=check_phone_unique HTTP/1.1" 200 68
[2020-02-14 12:22:37,968] [common.py:59] [common:get_action_handler] [INFO]- 当前正在操作action：check_phone_unique
[2020-02-14 12:22:37,970] [basehttp.py:157] [basehttp:log_message] [INFO]- "GET /handler/user/?param=%7B%22phone%22%3A%221300395%22%7D&action=check_phone_unique HTTP/1.1" 200 68
[2020-02-14 12:22:38,256] [common.py:59] [common:get_action_handler] [INFO]- 当前正在操作action：check_phone_unique
[2020-02-14 12:22:38,258] [basehttp.py:157] [basehttp:log_message] [INFO]- "GET /handler/user/?param=%7B%22phone%22%3A%2213003950%22%7D&action=check_phone_unique HTTP/1.1" 200 68
[2020-02-14 12:22:38,650] [common.py:59] [common:get_action_handler] [INFO]- 当前正在操作action：check_phone_unique
[2020-02-14 12:22:38,651] [basehttp.py:157] [basehttp:log_message] [INFO]- "GET /handler/user/?param=%7B%22phone%22%3A%22130039502%22%7D&action=check_phone_unique HTTP/1.1" 200 68
[2020-02-14 12:22:38,801] [common.py:59] [common:get_action_handler] [INFO]- 当前正在操作action：check_phone_unique
[2020-02-14 12:22:38,802] [basehttp.py:157] [basehttp:log_message] [INFO]- "GET /handler/user/?param=%7B%22phone%22%3A%221300395022%22%7D&action=check_phone_unique HTTP/1.1" 200 68
[2020-02-14 12:22:39,053] [common.py:59] [common:get_action_handler] [INFO]- 当前正在操作action：check_phone_unique
[2020-02-14 12:22:39,055] [basehttp.py:157] [basehttp:log_message] [INFO]- "GET /handler/user/?param=%7B%22phone%22%3A%2213003950221%22%7D&action=check_phone_unique HTTP/1.1" 200 68
[2020-02-14 12:22:40,442] [common.py:59] [common:get_action_handler] [INFO]- 当前正在操作action：create_admin
[2020-02-14 12:22:40,452] [basehttp.py:157] [basehttp:log_message] [INFO]- "POST /handler/admin/ HTTP/1.1" 200 68
[2020-02-14 12:22:41,604] [basehttp.py:157] [basehttp:log_message] [INFO]- "GET /admin/view/ HTTP/1.1" 200 9851
[2020-02-14 12:22:41,668] [common.py:59] [common:get_action_handler] [INFO]- 当前正在操作action：query_admin
[2020-02-14 12:22:41,676] [basehttp.py:157] [basehttp:log_message] [INFO]- "GET /handler/admin/?action=query_admin&page=1&limit=10 HTTP/1.1" 200 525
[2020-02-14 12:22:45,912] [common.py:59] [common:get_action_handler] [INFO]- 当前正在操作action：del_batch_admin
[2020-02-14 12:22:45,918] [basehttp.py:157] [basehttp:log_message] [INFO]- "POST /handler/admin/ HTTP/1.1" 200 68
[2020-02-14 12:22:45,930] [common.py:59] [common:get_action_handler] [INFO]- 当前正在操作action：query_admin
[2020-02-14 12:22:45,936] [basehttp.py:157] [basehttp:log_message] [INFO]- "GET /handler/admin/?action=query_admin&page=1&limit=10 HTTP/1.1" 200 373
[2020-02-14 12:22:53,311] [basehttp.py:157] [basehttp:log_message] [INFO]- "GET /admin/import/ HTTP/1.1" 200 3446
[2020-02-14 12:22:55,265] [basehttp.py:157] [basehttp:log_message] [INFO]- "GET /admin/import/ HTTP/1.1" 200 3446
[2020-02-14 12:23:54,238] [basehttp.py:157] [basehttp:log_message] [INFO]- "GET /index/ HTTP/1.1" 200 6909
[2020-02-14 12:23:54,265] [basehttp.py:157] [basehttp:log_message] [INFO]- "GET /welcome/ HTTP/1.1" 200 10977
[2020-02-14 12:23:54,289] [basehttp.py:157] [basehttp:log_message] [INFO]- "GET /admin/view/ HTTP/1.1" 200 9662
[2020-02-14 12:23:54,344] [common.py:59] [common:get_action_handler] [INFO]- 当前正在操作action：query_admin
[2020-02-14 12:23:54,350] [basehttp.py:157] [basehttp:log_message] [INFO]- "GET /handler/admin/?action=query_admin&page=1&limit=10 HTTP/1.1" 200 373
[2020-02-14 12:26:40,921] [autoreload.py:222] [autoreload:trigger_reload] [INFO]- D:\project\python\flowmeter\flowmeter\views\file.py changed, reloading.
[2020-02-14 12:26:41,631] [autoreload.py:222] [autoreload:trigger_reload] [INFO]- D:\project\python\flowmeter\flowmeter\applications\api\user.py changed, reloading.
[2020-02-14 12:26:41,989] [autoreload.py:598] [autoreload:run_with_reloader] [INFO]- Watching for file changes with StatReloader
[2020-02-14 12:26:42,237] [autoreload.py:598] [autoreload:run_with_reloader] [INFO]- Watching for file changes with StatReloader
