[2020-02-26 19:04:23,366] [autoreload.py:578] [autoreload:run_with_reloader] [INFO]- Watching for file changes with StatReloader
[2020-02-26 19:04:25,078] [basehttp.py:154] [basehttp:log_message] [INFO]- "GET /dtu_region/view/ HTTP/1.1" 200 7235
[2020-02-26 19:04:25,083] [common.py:63] [common:get_action_handler] [INFO]- 当前正在操作action：query_dtu_region
[2020-02-26 19:04:25,089] [basehttp.py:154] [basehttp:log_message] [INFO]- "GET /handler/dtu_region/?action=query_dtu_region&page=1&limit=10&param=%7B%22query_box%22%3A%22dfsf%22%7D HTTP/1.1" 200 198
[2020-02-26 19:04:25,090] [basehttp.py:154] [basehttp:log_message] [ERROR]- "GET /handler/dtu_region/?action=query_dtu_region&page=1&limit=10&param=%7B%22query_box%22%3A%22dfsf%22%7D HTTP/1.1" 500 59
[2020-02-26 19:04:25,187] [common.py:63] [common:get_action_handler] [INFO]- 当前正在操作action：query_dtu_region
[2020-02-26 19:04:25,203] [basehttp.py:154] [basehttp:log_message] [INFO]- "GET /handler/dtu_region/?action=query_dtu_region&page=1&limit=10 HTTP/1.1" 200 198
[2020-02-26 19:04:35,888] [common.py:63] [common:get_action_handler] [INFO]- 当前正在操作action：query_dtu_region
[2020-02-26 19:04:35,905] [basehttp.py:154] [basehttp:log_message] [INFO]- "GET /handler/dtu_region/?action=query_dtu_region&page=1&limit=10&param=%7B%22query_box%22%3A%22%22%7D HTTP/1.1" 200 198
[2020-02-26 19:05:13,393] [autoreload.py:203] [autoreload:trigger_reload] [INFO]- D:\project\python\flowmeter\flowmeter\applications\core\dtu_region.py changed, reloading.
[2020-02-26 19:05:14,087] [autoreload.py:578] [autoreload:run_with_reloader] [INFO]- Watching for file changes with StatReloader
[2020-02-26 19:05:14,447] [common.py:63] [common:get_action_handler] [INFO]- 当前正在操作action：query_dtu_region
[2020-02-26 19:05:14,471] [basehttp.py:154] [basehttp:log_message] [INFO]- "GET /handler/dtu_region/?action=query_dtu_region&page=1&limit=10&param=%7B%22query_box%22%3A%22%22%7D HTTP/1.1" 200 198
[2020-02-26 19:05:22,164] [common.py:63] [common:get_action_handler] [INFO]- 当前正在操作action：query_dtu_region
[2020-02-26 19:05:22,175] [basehttp.py:154] [basehttp:log_message] [INFO]- "GET /handler/dtu_region/?action=query_dtu_region&page=1&limit=10&param=%7B%22query_box%22%3A%22test%22%7D HTTP/1.1" 200 198
[2020-02-26 19:05:31,564] [common.py:63] [common:get_action_handler] [INFO]- 当前正在操作action：query_dtu_region
[2020-02-26 19:05:31,569] [basehttp.py:154] [basehttp:log_message] [INFO]- "GET /handler/dtu_region/?action=query_dtu_region&page=1&limit=10&param=%7B%22query_box%22%3A%22xx%22%7D HTTP/1.1" 200 198
[2020-02-26 19:05:59,717] [basehttp.py:154] [basehttp:log_message] [INFO]- "GET /manufacturer/view/ HTTP/1.1" 200 11393
[2020-02-26 19:05:59,771] [common.py:63] [common:get_action_handler] [INFO]- 当前正在操作action：query_manufacturer
[2020-02-26 19:05:59,786] [basehttp.py:154] [basehttp:log_message] [INFO]- "GET /handler/manufacturer/?action=query_manufacturer&page=1&limit=10 HTTP/1.1" 200 1235
[2020-02-26 19:06:04,344] [common.py:63] [common:get_action_handler] [INFO]- 当前正在操作action：query_manufacturer
[2020-02-26 19:06:04,347] [basehttp.py:154] [basehttp:log_message] [INFO]- "GET /handler/manufacturer/?action=query_manufacturer&page=1&limit=10&param=%7B%22begin_time%22%3A%22%22%2C%22end_time%22%3A%22%22%2C%22query_box%22%3A%22ttt%22%7D HTTP/1.1" 200 63
[2020-02-26 19:06:06,150] [common.py:63] [common:get_action_handler] [INFO]- 当前正在操作action：query_manufacturer
[2020-02-26 19:06:06,153] [basehttp.py:154] [basehttp:log_message] [INFO]- "GET /handler/manufacturer/?action=query_manufacturer&page=1&limit=10&param=%7B%22begin_time%22%3A%22%22%2C%22end_time%22%3A%22%22%2C%22query_box%22%3A%22tt%22%7D HTTP/1.1" 200 63
[2020-02-26 19:06:06,983] [common.py:63] [common:get_action_handler] [INFO]- 当前正在操作action：query_manufacturer
[2020-02-26 19:06:06,992] [basehttp.py:154] [basehttp:log_message] [INFO]- "GET /handler/manufacturer/?action=query_manufacturer&page=1&limit=10&param=%7B%22begin_time%22%3A%22%22%2C%22end_time%22%3A%22%22%2C%22query_box%22%3A%22t%22%7D HTTP/1.1" 200 536
[2020-02-26 19:06:09,088] [common.py:63] [common:get_action_handler] [INFO]- 当前正在操作action：query_manufacturer
[2020-02-26 19:06:09,091] [basehttp.py:154] [basehttp:log_message] [INFO]- "GET /handler/manufacturer/?action=query_manufacturer&page=1&limit=10&param=%7B%22begin_time%22%3A%22%22%2C%22end_time%22%3A%22%22%2C%22query_box%22%3A%22ttt%22%7D HTTP/1.1" 200 63
[2020-02-26 19:06:10,219] [common.py:63] [common:get_action_handler] [INFO]- 当前正在操作action：query_manufacturer
[2020-02-26 19:06:10,222] [basehttp.py:154] [basehttp:log_message] [INFO]- "GET /handler/manufacturer/?action=query_manufacturer&page=1&limit=10&param=%7B%22begin_time%22%3A%22%22%2C%22end_time%22%3A%22%22%2C%22query_box%22%3A%22tt%22%7D HTTP/1.1" 200 63
[2020-02-26 19:06:11,175] [common.py:63] [common:get_action_handler] [INFO]- 当前正在操作action：query_manufacturer
[2020-02-26 19:06:11,184] [basehttp.py:154] [basehttp:log_message] [INFO]- "GET /handler/manufacturer/?action=query_manufacturer&page=1&limit=10&param=%7B%22begin_time%22%3A%22%22%2C%22end_time%22%3A%22%22%2C%22query_box%22%3A%22t%22%7D HTTP/1.1" 200 536
[2020-02-26 19:06:16,248] [basehttp.py:154] [basehttp:log_message] [INFO]- "GET /dtu_region/view/ HTTP/1.1" 200 7235
[2020-02-26 19:06:16,300] [common.py:63] [common:get_action_handler] [INFO]- 当前正在操作action：query_dtu_region
[2020-02-26 19:06:16,319] [basehttp.py:154] [basehttp:log_message] [INFO]- "GET /handler/dtu_region/?action=query_dtu_region&page=1&limit=10 HTTP/1.1" 200 198
[2020-02-26 19:06:48,651] [basehttp.py:154] [basehttp:log_message] [INFO]- "GET /dtu_region/view/ HTTP/1.1" 200 7235
[2020-02-26 19:06:48,700] [common.py:63] [common:get_action_handler] [INFO]- 当前正在操作action：query_dtu_region
[2020-02-26 19:06:48,717] [basehttp.py:154] [basehttp:log_message] [INFO]- "GET /handler/dtu_region/?action=query_dtu_region&page=1&limit=10 HTTP/1.1" 200 198
[2020-02-26 19:06:49,413] [basehttp.py:154] [basehttp:log_message] [INFO]- "GET /dtu_region/view/ HTTP/1.1" 200 7235
[2020-02-26 19:06:49,452] [common.py:63] [common:get_action_handler] [INFO]- 当前正在操作action：query_dtu_region
[2020-02-26 19:06:49,469] [basehttp.py:154] [basehttp:log_message] [INFO]- "GET /handler/dtu_region/?action=query_dtu_region&page=1&limit=10 HTTP/1.1" 200 198
[2020-02-26 19:06:49,599] [basehttp.py:154] [basehttp:log_message] [INFO]- "GET /dtu_region/view/ HTTP/1.1" 200 7235
[2020-02-26 19:06:49,637] [common.py:63] [common:get_action_handler] [INFO]- 当前正在操作action：query_dtu_region
[2020-02-26 19:06:49,655] [basehttp.py:154] [basehttp:log_message] [INFO]- "GET /handler/dtu_region/?action=query_dtu_region&page=1&limit=10 HTTP/1.1" 200 198
[2020-02-26 19:06:49,760] [basehttp.py:154] [basehttp:log_message] [INFO]- "GET /dtu_region/view/ HTTP/1.1" 200 7235
[2020-02-26 19:06:49,794] [common.py:63] [common:get_action_handler] [INFO]- 当前正在操作action：query_dtu_region
[2020-02-26 19:06:49,813] [basehttp.py:154] [basehttp:log_message] [INFO]- "GET /handler/dtu_region/?action=query_dtu_region&page=1&limit=10 HTTP/1.1" 200 198
[2020-02-26 19:06:49,918] [basehttp.py:154] [basehttp:log_message] [INFO]- "GET /dtu_region/view/ HTTP/1.1" 200 7235
[2020-02-26 19:06:49,971] [common.py:63] [common:get_action_handler] [INFO]- 当前正在操作action：query_dtu_region
[2020-02-26 19:06:49,988] [basehttp.py:154] [basehttp:log_message] [INFO]- "GET /handler/dtu_region/?action=query_dtu_region&page=1&limit=10 HTTP/1.1" 200 198
[2020-02-26 19:06:50,586] [common.py:63] [common:get_action_handler] [INFO]- 当前正在操作action：query_dtu_region
[2020-02-26 19:06:50,602] [basehttp.py:154] [basehttp:log_message] [INFO]- "GET /handler/dtu_region/?action=query_dtu_region&page=1&limit=10&param=%7B%22query_box%22%3A%22%22%7D HTTP/1.1" 200 198
[2020-02-26 19:06:54,440] [common.py:63] [common:get_action_handler] [INFO]- 当前正在操作action：query_dtu_region
[2020-02-26 19:06:54,458] [basehttp.py:154] [basehttp:log_message] [INFO]- "GET /handler/dtu_region/?action=query_dtu_region&page=1&limit=10&param=%7B%22query_box%22%3A%22%22%7D HTTP/1.1" 200 198
[2020-02-26 19:06:56,824] [common.py:63] [common:get_action_handler] [INFO]- 当前正在操作action：query_dtu_region
[2020-02-26 19:06:56,836] [basehttp.py:154] [basehttp:log_message] [INFO]- "GET /handler/dtu_region/?action=query_dtu_region&page=1&limit=10&param=%7B%22query_box%22%3A%22test%22%7D HTTP/1.1" 200 198
[2020-02-26 19:07:11,011] [common.py:63] [common:get_action_handler] [INFO]- 当前正在操作action：query_dtu_region
[2020-02-26 19:07:11,016] [basehttp.py:154] [basehttp:log_message] [INFO]- "GET /handler/dtu_region/?action=query_dtu_region&page=1&limit=10&param=%7B%22query_box%22%3A%22testxxx%22%7D HTTP/1.1" 200 198
[2020-02-26 19:08:01,226] [autoreload.py:203] [autoreload:trigger_reload] [INFO]- D:\project\python\flowmeter\flowmeter\applications\core\dtu_region.py changed, reloading.
[2020-02-26 19:08:01,918] [autoreload.py:578] [autoreload:run_with_reloader] [INFO]- Watching for file changes with StatReloader
[2020-02-26 19:08:34,646] [autoreload.py:203] [autoreload:trigger_reload] [INFO]- D:\project\python\flowmeter\flowmeter\applications\api\user.py changed, reloading.
[2020-02-26 19:08:35,434] [autoreload.py:578] [autoreload:run_with_reloader] [INFO]- Watching for file changes with StatReloader
[2020-02-26 19:08:36,087] [common.py:63] [common:get_action_handler] [INFO]- 当前正在操作action：query_dtu_region
[2020-02-26 19:08:36,092] [basehttp.py:154] [basehttp:log_message] [INFO]- "GET /handler/dtu_region/?action=query_dtu_region&page=1&limit=10&param=%7B%22query_box%22%3A%22testxxx%22%7D HTTP/1.1" 200 63
[2020-02-26 19:08:38,520] [basehttp.py:154] [basehttp:log_message] [INFO]- "GET /dtu_region/view/ HTTP/1.1" 200 7235
[2020-02-26 19:08:38,570] [common.py:63] [common:get_action_handler] [INFO]- 当前正在操作action：query_dtu_region
[2020-02-26 19:08:38,587] [basehttp.py:154] [basehttp:log_message] [INFO]- "GET /handler/dtu_region/?action=query_dtu_region&page=1&limit=10 HTTP/1.1" 200 198
[2020-02-26 19:08:38,878] [basehttp.py:154] [basehttp:log_message] [INFO]- "GET /dtu_region/view/ HTTP/1.1" 200 7235
[2020-02-26 19:08:38,917] [common.py:63] [common:get_action_handler] [INFO]- 当前正在操作action：query_dtu_region
[2020-02-26 19:08:38,933] [basehttp.py:154] [basehttp:log_message] [INFO]- "GET /handler/dtu_region/?action=query_dtu_region&page=1&limit=10 HTTP/1.1" 200 198
[2020-02-26 19:08:41,089] [basehttp.py:154] [basehttp:log_message] [INFO]- "GET /dtu_region/view/ HTTP/1.1" 200 7235
[2020-02-26 19:08:41,142] [common.py:63] [common:get_action_handler] [INFO]- 当前正在操作action：query_dtu_region
[2020-02-26 19:08:41,161] [basehttp.py:154] [basehttp:log_message] [INFO]- "GET /handler/dtu_region/?action=query_dtu_region&page=1&limit=10 HTTP/1.1" 200 198
[2020-02-26 19:08:41,524] [basehttp.py:154] [basehttp:log_message] [INFO]- "GET /dtu_region/view/ HTTP/1.1" 200 7235
[2020-02-26 19:08:41,557] [common.py:63] [common:get_action_handler] [INFO]- 当前正在操作action：query_dtu_region
[2020-02-26 19:08:41,573] [basehttp.py:154] [basehttp:log_message] [INFO]- "GET /handler/dtu_region/?action=query_dtu_region&page=1&limit=10 HTTP/1.1" 200 198
[2020-02-26 19:12:15,860] [basehttp.py:154] [basehttp:log_message] [INFO]- "GET /dtu_region/view/ HTTP/1.1" 200 7235
[2020-02-26 19:12:15,912] [common.py:63] [common:get_action_handler] [INFO]- 当前正在操作action：query_dtu_region
[2020-02-26 19:12:15,929] [basehttp.py:154] [basehttp:log_message] [INFO]- "GET /handler/dtu_region/?action=query_dtu_region&page=1&limit=10 HTTP/1.1" 200 198
[2020-02-26 19:12:17,018] [basehttp.py:154] [basehttp:log_message] [INFO]- "GET /dtu_region/view/ HTTP/1.1" 200 7235
[2020-02-26 19:12:17,054] [common.py:63] [common:get_action_handler] [INFO]- 当前正在操作action：query_dtu_region
[2020-02-26 19:12:17,071] [basehttp.py:154] [basehttp:log_message] [INFO]- "GET /handler/dtu_region/?action=query_dtu_region&page=1&limit=10 HTTP/1.1" 200 198
[2020-02-26 19:12:17,929] [basehttp.py:154] [basehttp:log_message] [INFO]- "GET /manufacturer/view/ HTTP/1.1" 200 11393
[2020-02-26 19:12:17,992] [common.py:63] [common:get_action_handler] [INFO]- 当前正在操作action：query_manufacturer
[2020-02-26 19:12:18,004] [basehttp.py:154] [basehttp:log_message] [INFO]- "GET /handler/manufacturer/?action=query_manufacturer&page=1&limit=10 HTTP/1.1" 200 1235
[2020-02-26 19:12:18,726] [basehttp.py:154] [basehttp:log_message] [INFO]- "GET /dtu_region/view/ HTTP/1.1" 200 7235
[2020-02-26 19:12:18,762] [common.py:63] [common:get_action_handler] [INFO]- 当前正在操作action：query_dtu_region
[2020-02-26 19:12:18,778] [basehttp.py:154] [basehttp:log_message] [INFO]- "GET /handler/dtu_region/?action=query_dtu_region&page=1&limit=10 HTTP/1.1" 200 198
[2020-02-26 19:12:53,776] [autoreload.py:203] [autoreload:trigger_reload] [INFO]- D:\project\python\flowmeter\flowmeter\applications\core\dtu_region.py changed, reloading.
[2020-02-26 19:12:54,502] [autoreload.py:578] [autoreload:run_with_reloader] [INFO]- Watching for file changes with StatReloader
[2020-02-26 19:12:55,073] [basehttp.py:154] [basehttp:log_message] [INFO]- "GET /dtu_region/view/ HTTP/1.1" 200 7242
[2020-02-26 19:12:55,129] [common.py:63] [common:get_action_handler] [INFO]- 当前正在操作action：query_dtu_region
[2020-02-26 19:12:55,146] [basehttp.py:154] [basehttp:log_message] [INFO]- "GET /handler/dtu_region/?action=query_dtu_region&page=1&limit=10 HTTP/1.1" 200 198
[2020-02-26 19:19:28,034] [autoreload.py:203] [autoreload:trigger_reload] [INFO]- D:\project\python\flowmeter\flowmeter\config\db\meter_table.py changed, reloading.
[2020-02-26 19:19:28,718] [autoreload.py:578] [autoreload:run_with_reloader] [INFO]- Watching for file changes with StatReloader
[2020-02-28 21:48:37,419] [basehttp.py:154] [basehttp:log_message] [INFO]- "GET /dtu_region/view/ HTTP/1.1" 200 6896
[2020-02-28 21:48:37,419] [basehttp.py:154] [basehttp:log_message] [INFO]- "GET /dtu_region/view/ HTTP/1.1" 200 6896
[2020-02-28 21:48:37,465] [basehttp.py:154] [basehttp:log_message] [ERROR]- "GET /dtu_region/view/ HTTP/1.1" 500 59
[2020-02-28 21:48:37,487] [basehttp.py:154] [basehttp:log_message] [INFO]- "GET /static/js/flow-meter.js HTTP/1.1" 304 0
[2020-02-28 21:48:37,489] [basehttp.py:154] [basehttp:log_message] [INFO]- "GET /static/lib/layui/css/layui.css HTTP/1.1" 304 0
[2020-02-28 21:48:37,564] [common.py:63] [common:get_action_handler] [INFO]- 当前正在操作action：query_dtu_region
[2020-02-28 21:48:37,597] [basehttp.py:154] [basehttp:log_message] [INFO]- "GET /handler/dtu_region/?action=query_dtu_region&page=1&limit=10 HTTP/1.1" 200 198
[2020-02-28 21:48:37,619] [basehttp.py:154] [basehttp:log_message] [INFO]- "GET /dtu_region/view/ HTTP/1.1" 200 6896
[2020-02-28 21:48:37,691] [common.py:63] [common:get_action_handler] [INFO]- 当前正在操作action：query_dtu_region
[2020-02-28 21:48:37,711] [basehttp.py:154] [basehttp:log_message] [INFO]- "GET /handler/dtu_region/?action=query_dtu_region&page=1&limit=10 HTTP/1.1" 200 198
[2020-02-28 23:36:09,399] [basehttp.py:154] [basehttp:log_message] [INFO]- "GET /manufacturer/add/ HTTP/1.1" 200 7817
[2020-02-28 23:36:09,411] [basehttp.py:154] [basehttp:log_message] [INFO]- "GET /static/js/flow-meter.js HTTP/1.1" 304 0
[2020-02-28 23:36:09,413] [basehttp.py:154] [basehttp:log_message] [INFO]- "GET /static/lib/layui/css/layui.css HTTP/1.1" 304 0
[2020-02-28 23:36:10,842] [basehttp.py:154] [basehttp:log_message] [INFO]- "GET /manufacturer/add/ HTTP/1.1" 200 7817
[2020-02-28 23:36:12,797] [basehttp.py:154] [basehttp:log_message] [INFO]- "GET /manufacturer/add/ HTTP/1.1" 200 7817
[2020-02-28 23:36:15,370] [basehttp.py:154] [basehttp:log_message] [INFO]- "GET /manufacturer/add/ HTTP/1.1" 200 7817
[2020-02-28 23:36:17,440] [basehttp.py:154] [basehttp:log_message] [INFO]- "GET /manufacturer/add/ HTTP/1.1" 200 7817
[2020-02-28 23:36:20,016] [basehttp.py:154] [basehttp:log_message] [INFO]- "GET /manufacturer/add/ HTTP/1.1" 200 7817
[2020-02-28 23:36:22,313] [basehttp.py:154] [basehttp:log_message] [INFO]- "GET /manufacturer/add/ HTTP/1.1" 200 7817
