[2020-03-27 09:59:38,721] [autoreload.py:578] [autoreload:run_with_reloader] [INFO]- Watching for file changes with StatReloader
[2020-03-27 10:00:17,237] [basehttp.py:154] [basehttp:log_message] [INFO]- "GET /logout/ HTTP/1.1" 302 0
[2020-03-27 10:00:17,323] [basehttp.py:154] [basehttp:log_message] [INFO]- "GET /login/ HTTP/1.1" 200 2944
[2020-03-27 10:00:17,354] [basehttp.py:154] [basehttp:log_message] [INFO]- "GET /static/css/font.css HTTP/1.1" 200 505
[2020-03-27 10:00:17,370] [basehttp.py:154] [basehttp:log_message] [INFO]- "GET /static/css/login.css HTTP/1.1" 200 2268
[2020-03-27 10:00:17,385] [basehttp.py:154] [basehttp:log_message] [INFO]- "GET /static/css/xadmin.css HTTP/1.1" 200 9946
[2020-03-27 10:00:17,417] [basehttp.py:154] [basehttp:log_message] [INFO]- "GET /static/lib/layui/layui.js HTTP/1.1" 200 6667
[2020-03-27 10:00:17,438] [basehttp.py:154] [basehttp:log_message] [INFO]- "GET /static/js/jquery.cookie.js HTTP/1.1" 200 3121
[2020-03-27 10:00:17,457] [basehttp.py:154] [basehttp:log_message] [INFO]- "GET /static/js/jquery-3.2.1.min.js HTTP/1.1" 200 86659
[2020-03-27 10:00:17,473] [basehttp.py:154] [basehttp:log_message] [INFO]- "GET /static/js/flow-meter.js HTTP/1.1" 200 1879
[2020-03-27 10:00:18,391] [basehttp.py:154] [basehttp:log_message] [INFO]- "GET / HTTP/1.1" 302 0
[2020-03-27 10:00:18,472] [basehttp.py:154] [basehttp:log_message] [INFO]- "GET /static/lib/layui/css/layui.css HTTP/1.1" 200 89020
[2020-03-27 10:00:18,501] [basehttp.py:154] [basehttp:log_message] [INFO]- "GET /static/images/aiwrap.png HTTP/1.1" 200 3032
[2020-03-27 10:00:18,518] [basehttp.py:154] [basehttp:log_message] [INFO]- "GET /static/images/bg.png HTTP/1.1" 200 28211
[2020-03-27 10:00:18,536] [basehttp.py:154] [basehttp:log_message] [INFO]- "GET /static/lib/layui/lay/modules/form.js HTTP/1.1" 200 9259
[2020-03-27 10:00:18,546] [basehttp.py:154] [basehttp:log_message] [INFO]- "GET /static/lib/layui/lay/modules/layer.js HTTP/1.1" 200 22041
[2020-03-27 10:00:18,564] [basehttp.py:154] [basehttp:log_message] [INFO]- "GET /static/lib/layui/css/modules/layer/default/layer.css?v=3.1.1 HTTP/1.1" 200 14425
[2020-03-27 10:00:18,570] [basehttp.py:154] [basehttp:log_message] [INFO]- "GET /favicon.ico HTTP/1.1" 302 0
[2020-03-27 10:00:18,575] [basehttp.py:154] [basehttp:log_message] [INFO]- "GET /login/ HTTP/1.1" 200 2944
[2020-03-27 10:00:22,189] [common.py:63] [common:get_action_handler] [INFO]- 当前正在操作action：login
[2020-03-27 10:00:22,205] [basehttp.py:154] [basehttp:log_message] [INFO]- "POST /handler/login/ HTTP/1.1" 200 96
[2020-03-27 10:00:22,229] [basehttp.py:154] [basehttp:log_message] [INFO]- "GET /static/lib/layui/css/modules/layer/default/icon.png HTTP/1.1" 200 11493
[2020-03-27 10:00:23,442] [basehttp.py:154] [basehttp:log_message] [INFO]- "GET /index HTTP/1.1" 301 0
[2020-03-27 10:00:23,528] [basehttp.py:154] [basehttp:log_message] [INFO]- "GET /index/ HTTP/1.1" 200 13496
[2020-03-27 10:00:23,557] [basehttp.py:154] [basehttp:log_message] [INFO]- "GET /static/js/xadmin.js HTTP/1.1" 200 16891
[2020-03-27 10:00:23,570] [basehttp.py:154] [basehttp:log_message] [INFO]- "GET /welcome HTTP/1.1" 301 0
[2020-03-27 10:00:23,571] [basehttp.py:154] [basehttp:log_message] [INFO]- "GET /static/lib/layui/lay/modules/element.js HTTP/1.1" 200 7264
[2020-03-27 10:00:23,578] [basehttp.py:154] [basehttp:log_message] [INFO]- "GET /welcome/ HTTP/1.1" 200 10977
[2020-03-27 10:00:23,613] [basehttp.py:154] [basehttp:log_message] [INFO]- "GET /static/fonts/iconfont.woff HTTP/1.1" 200 30200
[2020-03-27 10:00:23,627] [basehttp.py:154] [basehttp:log_message] [INFO]- "GET /static/dist/notice.js HTTP/1.1" 200 24421
[2020-03-27 10:00:23,633] [basehttp.py:154] [basehttp:log_message] [INFO]- "GET /dtu/view/ HTTP/1.1" 200 8838
[2020-03-27 10:00:23,665] [basehttp.py:154] [basehttp:log_message] [INFO]- "GET /static/lib/layui/font/iconfont.woff?v=240 HTTP/1.1" 200 26744
[2020-03-27 10:00:23,712] [basehttp.py:154] [basehttp:log_message] [INFO]- "GET /meter/view/ HTTP/1.1" 200 19332
[2020-03-27 10:00:23,765] [basehttp.py:154] [basehttp:log_message] [INFO]- "GET /manufacturer/view/ HTTP/1.1" 200 11393
[2020-03-27 10:00:23,765] [basehttp.py:154] [basehttp:log_message] [INFO]- "GET /admin/view/ HTTP/1.1" 200 10617
[2020-03-27 10:00:23,780] [basehttp.py:154] [basehttp:log_message] [INFO]- "GET /system/register/ HTTP/1.1" 200 4382
[2020-03-27 10:00:23,780] [basehttp.py:154] [basehttp:log_message] [INFO]- "GET /system/frame/ HTTP/1.1" 200 3803
[2020-03-27 10:00:23,787] [basehttp.py:154] [basehttp:log_message] [INFO]- "GET /role/view/ HTTP/1.1" 200 4075
[2020-03-27 10:00:23,814] [basehttp.py:154] [basehttp:log_message] [INFO]- "GET /static/lib/layui/lay/modules/table.js HTTP/1.1" 200 30963
[2020-03-27 10:00:23,818] [basehttp.py:154] [basehttp:log_message] [INFO]- "GET /dtu_region/view/ HTTP/1.1" 200 6896
[2020-03-27 10:00:23,827] [basehttp.py:154] [basehttp:log_message] [INFO]- "GET /static/lib/layui/lay/modules/laydate.js HTTP/1.1" 200 27377
[2020-03-27 10:00:23,837] [basehttp.py:154] [basehttp:log_message] [INFO]- "GET /static/lib/layui/lay/modules/jquery.js HTTP/1.1" 200 97648
[2020-03-27 10:00:23,880] [basehttp.py:154] [basehttp:log_message] [INFO]- "GET /static/lib/layui/lay/modules/laytpl.js HTTP/1.1" 200 1836
[2020-03-27 10:00:23,893] [basehttp.py:154] [basehttp:log_message] [INFO]- "GET /static/lib/layui/css/modules/laydate/default/laydate.css?v=5.0.9 HTTP/1.1" 200 7537
[2020-03-27 10:00:23,932] [basehttp.py:154] [basehttp:log_message] [INFO]- "GET /static/lib/layui/lay/modules/laypage.js HTTP/1.1" 200 4472
[2020-03-27 10:00:23,958] [basehttp.py:154] [basehttp:log_message] [INFO]- "GET /static/lib/layui/lay/modules/util.js HTTP/1.1" 200 3458
[2020-03-27 10:00:23,980] [common.py:63] [common:get_action_handler] [INFO]- 当前正在操作action：query_manufacturer
[2020-03-27 10:00:23,985] [basehttp.py:154] [basehttp:log_message] [INFO]- "GET /static/lib/layui/lay/modules/tree.js HTTP/1.1" 200 3060
[2020-03-27 10:00:23,995] [common.py:63] [common:get_action_handler] [INFO]- 当前正在操作action：query_admin
[2020-03-27 10:00:24,016] [common.py:63] [common:get_action_handler] [INFO]- 当前正在操作action：query_data_field
[2020-03-27 10:00:24,021] [basehttp.py:154] [basehttp:log_message] [INFO]- "GET /handler/admin/?action=query_admin&page=1&limit=10 HTTP/1.1" 200 418
[2020-03-27 10:00:24,022] [basehttp.py:154] [basehttp:log_message] [INFO]- "GET /handler/manufacturer/?action=query_manufacturer&page=1&limit=10 HTTP/1.1" 200 1235
[2020-03-27 10:00:24,019] [common.py:63] [common:get_action_handler] [INFO]- 当前正在操作action：query_control_register
[2020-03-27 10:00:24,024] [common.py:63] [common:get_action_handler] [INFO]- 当前正在操作action：query_dtu
[2020-03-27 10:00:24,030] [common.py:63] [common:get_action_handler] [INFO]- 当前正在操作action：query_manufacturer
[2020-03-27 10:00:24,035] [basehttp.py:154] [basehttp:log_message] [INFO]- "GET /handler/system/?action=query_data_field&page=1&limit=10 HTTP/1.1" 200 1555
[2020-03-27 10:00:24,038] [common.py:63] [common:get_action_handler] [INFO]- 当前正在操作action：query_dtu_user
[2020-03-27 10:00:24,049] [basehttp.py:154] [basehttp:log_message] [INFO]- "GET /handler/system/?action=query_control_register&page=1&limit=10 HTTP/1.1" 200 1132
[2020-03-27 10:00:24,048] [common.py:63] [common:get_action_handler] [INFO]- 当前正在操作action：query_meter
[2020-03-27 10:00:24,063] [common.py:63] [common:get_action_handler] [INFO]- 当前正在操作action：query_role
[2020-03-27 10:00:24,067] [basehttp.py:154] [basehttp:log_message] [INFO]- "GET /handler/dtu_user/?param=%7B%7D&action=query_dtu_user HTTP/1.1" 200 239
[2020-03-27 10:00:24,066] [common.py:63] [common:get_action_handler] [INFO]- 当前正在操作action：query_dtu_region
[2020-03-27 10:00:24,086] [basehttp.py:154] [basehttp:log_message] [INFO]- "GET /handler/auth/?action=query_role&page=1&limit=10 HTTP/1.1" 200 294
[2020-03-27 10:00:24,092] [basehttp.py:154] [basehttp:log_message] [INFO]- "GET /handler/dtu/?action=query_dtu&page=1&limit=10 HTTP/1.1" 200 948
[2020-03-27 10:00:24,102] [basehttp.py:154] [basehttp:log_message] [INFO]- "GET /handler/meter/?action=query_meter&page=1&limit=10 HTTP/1.1" 200 846
[2020-03-27 10:00:24,102] [basehttp.py:154] [basehttp:log_message] [INFO]- "GET /handler/manufacturer/?param=%7B%7D&action=query_manufacturer HTTP/1.1" 200 1235
[2020-03-27 10:00:24,115] [common.py:63] [common:get_action_handler] [INFO]- 当前正在操作action：query_manufacturer
[2020-03-27 10:00:24,118] [basehttp.py:154] [basehttp:log_message] [INFO]- "GET /handler/dtu_region/?action=query_dtu_region&page=1&limit=10 HTTP/1.1" 200 474
[2020-03-27 10:00:24,123] [log.py:228] [log:log_response] [WARNING]- Not Found: /favicon.ico
[2020-03-27 10:00:24,124] [basehttp.py:154] [basehttp:log_message] [WARNING]- "GET /favicon.ico HTTP/1.1" 404 3585
[2020-03-27 10:00:24,138] [basehttp.py:154] [basehttp:log_message] [INFO]- "GET /handler/manufacturer/?param=%7B%7D&action=query_manufacturer HTTP/1.1" 200 1235
[2020-03-27 10:06:09,130] [basehttp.py:154] [basehttp:log_message] [INFO]- "GET /index/ HTTP/1.1" 200 13496
[2020-03-27 10:06:09,169] [basehttp.py:154] [basehttp:log_message] [INFO]- "GET /welcome/ HTTP/1.1" 200 10977
[2020-03-27 10:06:09,193] [basehttp.py:154] [basehttp:log_message] [INFO]- "GET /role/view/ HTTP/1.1" 200 4075
[2020-03-27 10:06:09,198] [basehttp.py:154] [basehttp:log_message] [INFO]- "GET /dtu/view/ HTTP/1.1" 200 8838
[2020-03-27 10:06:09,201] [basehttp.py:154] [basehttp:log_message] [INFO]- "GET /meter/view/ HTTP/1.1" 200 19332
[2020-03-27 10:06:09,204] [basehttp.py:154] [basehttp:log_message] [INFO]- "GET /admin/view/ HTTP/1.1" 200 10617
[2020-03-27 10:06:09,208] [basehttp.py:154] [basehttp:log_message] [INFO]- "GET /manufacturer/view/ HTTP/1.1" 200 11393
[2020-03-27 10:06:09,213] [basehttp.py:154] [basehttp:log_message] [INFO]- "GET /system/register/ HTTP/1.1" 200 4382
[2020-03-27 10:06:09,216] [basehttp.py:154] [basehttp:log_message] [INFO]- "GET /system/frame/ HTTP/1.1" 200 3803
[2020-03-27 10:06:09,219] [basehttp.py:154] [basehttp:log_message] [INFO]- "GET /dtu_region/view/ HTTP/1.1" 200 6896
[2020-03-27 10:06:09,447] [common.py:63] [common:get_action_handler] [INFO]- 当前正在操作action：query_role
[2020-03-27 10:06:09,452] [basehttp.py:154] [basehttp:log_message] [INFO]- "GET /handler/auth/?action=query_role&page=1&limit=10 HTTP/1.1" 200 294
[2020-03-27 10:06:09,456] [common.py:63] [common:get_action_handler] [INFO]- 当前正在操作action：query_dtu
[2020-03-27 10:06:09,458] [common.py:63] [common:get_action_handler] [INFO]- 当前正在操作action：query_manufacturer
[2020-03-27 10:06:09,462] [common.py:63] [common:get_action_handler] [INFO]- 当前正在操作action：query_dtu_user
[2020-03-27 10:06:09,475] [basehttp.py:154] [basehttp:log_message] [INFO]- "GET /handler/dtu_user/?param=%7B%7D&action=query_dtu_user HTTP/1.1" 200 239
[2020-03-27 10:06:09,493] [basehttp.py:154] [basehttp:log_message] [INFO]- "GET /handler/dtu/?action=query_dtu&page=1&limit=10 HTTP/1.1" 200 948
[2020-03-27 10:06:09,493] [common.py:63] [common:get_action_handler] [INFO]- 当前正在操作action：query_meter
[2020-03-27 10:06:09,497] [basehttp.py:154] [basehttp:log_message] [INFO]- "GET /handler/manufacturer/?param=%7B%7D&action=query_manufacturer HTTP/1.1" 200 1235
[2020-03-27 10:06:09,511] [common.py:63] [common:get_action_handler] [INFO]- 当前正在操作action：query_manufacturer
[2020-03-27 10:06:09,517] [common.py:63] [common:get_action_handler] [INFO]- 当前正在操作action：query_control_register
[2020-03-27 10:06:09,517] [common.py:63] [common:get_action_handler] [INFO]- 当前正在操作action：query_admin
[2020-03-27 10:06:09,527] [basehttp.py:154] [basehttp:log_message] [INFO]- "GET /handler/meter/?action=query_meter&page=1&limit=10 HTTP/1.1" 200 846
[2020-03-27 10:06:09,526] [common.py:63] [common:get_action_handler] [INFO]- 当前正在操作action：query_dtu_region
[2020-03-27 10:06:09,526] [common.py:63] [common:get_action_handler] [INFO]- 当前正在操作action：query_data_field
[2020-03-27 10:06:09,534] [basehttp.py:154] [basehttp:log_message] [INFO]- "GET /handler/system/?action=query_control_register&page=1&limit=10 HTTP/1.1" 200 1132
[2020-03-27 10:06:09,543] [basehttp.py:154] [basehttp:log_message] [INFO]- "GET /handler/system/?action=query_data_field&page=1&limit=10 HTTP/1.1" 200 1555
[2020-03-27 10:06:09,544] [basehttp.py:154] [basehttp:log_message] [INFO]- "GET /handler/admin/?action=query_admin&page=1&limit=10 HTTP/1.1" 200 418
[2020-03-27 10:06:09,544] [common.py:63] [common:get_action_handler] [INFO]- 当前正在操作action：query_manufacturer
[2020-03-27 10:06:09,560] [basehttp.py:154] [basehttp:log_message] [INFO]- "GET /handler/manufacturer/?action=query_manufacturer&page=1&limit=10 HTTP/1.1" 200 1235
[2020-03-27 10:06:09,573] [basehttp.py:154] [basehttp:log_message] [INFO]- "GET /handler/dtu_region/?action=query_dtu_region&page=1&limit=10 HTTP/1.1" 200 474
[2020-03-27 10:06:09,573] [basehttp.py:154] [basehttp:log_message] [INFO]- "GET /handler/manufacturer/?param=%7B%7D&action=query_manufacturer HTTP/1.1" 200 1235
[2020-03-27 10:06:17,495] [basehttp.py:154] [basehttp:log_message] [INFO]- "GET /index/ HTTP/1.1" 200 13496
[2020-03-27 10:06:17,523] [basehttp.py:154] [basehttp:log_message] [INFO]- "GET /welcome/ HTTP/1.1" 200 10977
[2020-03-27 10:09:11,133] [autoreload.py:203] [autoreload:trigger_reload] [INFO]- D:\project\python\flowmeter\flowmeter\views\welcome.py changed, reloading.
[2020-03-27 10:09:11,920] [autoreload.py:578] [autoreload:run_with_reloader] [INFO]- Watching for file changes with StatReloader
[2020-03-27 10:09:14,714] [basehttp.py:154] [basehttp:log_message] [INFO]- "GET /index/ HTTP/1.1" 200 13496
[2020-03-27 10:09:14,749] [basehttp.py:154] [basehttp:log_message] [INFO]- "GET /welcome/ HTTP/1.1" 200 10977
[2020-03-27 10:09:16,326] [basehttp.py:154] [basehttp:log_message] [INFO]- "GET /index/ HTTP/1.1" 200 13496
[2020-03-27 10:09:16,354] [basehttp.py:154] [basehttp:log_message] [INFO]- "GET /welcome/ HTTP/1.1" 200 10977
[2020-03-27 10:09:16,943] [basehttp.py:154] [basehttp:log_message] [INFO]- "GET /index/ HTTP/1.1" 200 13496
[2020-03-27 10:09:16,976] [basehttp.py:154] [basehttp:log_message] [INFO]- "GET /welcome/ HTTP/1.1" 200 10977
[2020-03-27 10:09:17,144] [basehttp.py:154] [basehttp:log_message] [INFO]- "GET /index/ HTTP/1.1" 200 13496
[2020-03-27 10:09:17,176] [basehttp.py:154] [basehttp:log_message] [INFO]- "GET /welcome/ HTTP/1.1" 200 10977
[2020-03-27 10:09:17,333] [basehttp.py:154] [basehttp:log_message] [INFO]- "GET /index/ HTTP/1.1" 200 13496
[2020-03-27 10:09:17,360] [basehttp.py:154] [basehttp:log_message] [INFO]- "GET /welcome/ HTTP/1.1" 200 10977
[2020-03-27 10:09:17,525] [basehttp.py:154] [basehttp:log_message] [INFO]- "GET /index/ HTTP/1.1" 200 13496
[2020-03-27 10:09:17,551] [basehttp.py:154] [basehttp:log_message] [INFO]- "GET /welcome/ HTTP/1.1" 200 10977
[2020-03-27 10:09:17,704] [basehttp.py:154] [basehttp:log_message] [INFO]- "GET /index/ HTTP/1.1" 200 13496
[2020-03-27 10:09:17,732] [basehttp.py:154] [basehttp:log_message] [INFO]- "GET /welcome/ HTTP/1.1" 200 10977
[2020-03-27 10:09:17,877] [basehttp.py:154] [basehttp:log_message] [INFO]- "GET /index/ HTTP/1.1" 200 13496
[2020-03-27 10:09:17,903] [basehttp.py:154] [basehttp:log_message] [INFO]- "GET /welcome/ HTTP/1.1" 200 10977
[2020-03-27 10:09:18,287] [basehttp.py:154] [basehttp:log_message] [INFO]- "GET /index/ HTTP/1.1" 200 13496
[2020-03-27 10:09:18,313] [basehttp.py:154] [basehttp:log_message] [INFO]- "GET /welcome/ HTTP/1.1" 200 10977
[2020-03-27 10:09:18,451] [basehttp.py:154] [basehttp:log_message] [INFO]- "GET /index/ HTTP/1.1" 200 13496
[2020-03-27 10:09:18,477] [basehttp.py:154] [basehttp:log_message] [INFO]- "GET /welcome/ HTTP/1.1" 200 10977
[2020-03-27 10:09:18,648] [basehttp.py:154] [basehttp:log_message] [INFO]- "GET /index/ HTTP/1.1" 200 13496
[2020-03-27 10:09:18,674] [basehttp.py:154] [basehttp:log_message] [INFO]- "GET /welcome/ HTTP/1.1" 200 10977
[2020-03-27 10:10:58,508] [autoreload.py:203] [autoreload:trigger_reload] [INFO]- D:\project\python\flowmeter\flowmeter\views\welcome.py changed, reloading.
[2020-03-27 10:10:59,302] [autoreload.py:578] [autoreload:run_with_reloader] [INFO]- Watching for file changes with StatReloader
[2020-03-27 10:11:01,523] [basehttp.py:154] [basehttp:log_message] [INFO]- "GET /index/ HTTP/1.1" 200 13496
[2020-03-27 10:11:01,556] [basehttp.py:154] [basehttp:log_message] [INFO]- "GET /welcome/ HTTP/1.1" 200 10977
[2020-03-27 10:11:03,136] [basehttp.py:154] [basehttp:log_message] [INFO]- "GET /index/ HTTP/1.1" 200 13496
[2020-03-27 10:11:03,162] [basehttp.py:154] [basehttp:log_message] [INFO]- "GET /welcome/ HTTP/1.1" 200 10977
[2020-03-27 10:12:02,941] [basehttp.py:154] [basehttp:log_message] [INFO]- "GET /index/ HTTP/1.1" 200 13496
[2020-03-27 10:12:02,974] [basehttp.py:154] [basehttp:log_message] [INFO]- "GET /welcome/ HTTP/1.1" 200 10982
[2020-03-27 10:14:02,808] [autoreload.py:203] [autoreload:trigger_reload] [INFO]- D:\project\python\flowmeter\flowmeter\views\welcome.py changed, reloading.
[2020-03-27 10:14:03,615] [autoreload.py:578] [autoreload:run_with_reloader] [INFO]- Watching for file changes with StatReloader
[2020-03-27 10:14:05,110] [basehttp.py:154] [basehttp:log_message] [INFO]- "GET /index/ HTTP/1.1" 200 13496
[2020-03-27 10:14:05,141] [basehttp.py:154] [basehttp:log_message] [INFO]- "GET /welcome/ HTTP/1.1" 200 10982
[2020-03-27 10:27:36,059] [autoreload.py:203] [autoreload:trigger_reload] [INFO]- D:\project\python\flowmeter\flowmeter\config\api\user.py changed, reloading.
[2020-03-27 10:27:36,875] [autoreload.py:578] [autoreload:run_with_reloader] [INFO]- Watching for file changes with StatReloader
[2020-03-27 10:40:34,162] [autoreload.py:203] [autoreload:trigger_reload] [INFO]- D:\project\python\flowmeter\flowmeter\config\api\log.py changed, reloading.
[2020-03-27 10:40:34,957] [autoreload.py:578] [autoreload:run_with_reloader] [INFO]- Watching for file changes with StatReloader
[2020-03-27 10:41:55,746] [basehttp.py:154] [basehttp:log_message] [INFO]- "GET /index/ HTTP/1.1" 200 13496
[2020-03-27 10:41:55,787] [basehttp.py:154] [basehttp:log_message] [INFO]- "GET /welcome/ HTTP/1.1" 200 10982
[2020-03-27 11:16:55,976] [autoreload.py:203] [autoreload:trigger_reload] [INFO]- D:\project\python\flowmeter\flowmeter\urls.py changed, reloading.
[2020-03-27 11:16:56,820] [autoreload.py:578] [autoreload:run_with_reloader] [INFO]- Watching for file changes with StatReloader
[2020-03-27 11:33:28,328] [autoreload.py:203] [autoreload:trigger_reload] [INFO]- D:\project\python\flowmeter\flowmeter\urls.py changed, reloading.
[2020-03-27 11:33:29,113] [autoreload.py:578] [autoreload:run_with_reloader] [INFO]- Watching for file changes with StatReloader
[2020-03-27 11:36:23,759] [autoreload.py:578] [autoreload:run_with_reloader] [INFO]- Watching for file changes with StatReloader
[2020-03-27 11:36:44,056] [autoreload.py:578] [autoreload:run_with_reloader] [INFO]- Watching for file changes with StatReloader
[2020-03-27 11:37:31,982] [autoreload.py:578] [autoreload:run_with_reloader] [INFO]- Watching for file changes with StatReloader
[2020-03-27 11:37:38,175] [basehttp.py:154] [basehttp:log_message] [INFO]- "GET /index/ HTTP/1.1" 200 13573
[2020-03-27 11:37:38,232] [basehttp.py:154] [basehttp:log_message] [INFO]- "GET /statistic/admin/ HTTP/1.1" 200 10982
[2020-03-27 11:42:55,603] [autoreload.py:203] [autoreload:trigger_reload] [INFO]- D:\project\python\flowmeter\flowmeter\views\statistic.py changed, reloading.
[2020-03-27 11:42:56,403] [autoreload.py:578] [autoreload:run_with_reloader] [INFO]- Watching for file changes with StatReloader
[2020-03-27 11:42:57,702] [basehttp.py:154] [basehttp:log_message] [INFO]- "GET /index/ HTTP/1.1" 200 13573
[2020-03-27 11:42:57,756] [basehttp.py:154] [basehttp:log_message] [INFO]- "GET /statistic/admin/ HTTP/1.1" 200 11002
[2020-03-27 11:49:23,406] [basehttp.py:154] [basehttp:log_message] [INFO]- "GET /index/ HTTP/1.1" 200 13573
[2020-03-27 11:49:23,459] [basehttp.py:154] [basehttp:log_message] [INFO]- "GET /statistic/admin/ HTTP/1.1" 200 7680
[2020-03-27 11:49:58,633] [basehttp.py:154] [basehttp:log_message] [INFO]- "GET /index/ HTTP/1.1" 200 13573
[2020-03-27 11:49:58,671] [basehttp.py:154] [basehttp:log_message] [INFO]- "GET /statistic/admin/ HTTP/1.1" 200 7470
[2020-03-27 11:50:50,491] [basehttp.py:154] [basehttp:log_message] [INFO]- "GET /index/ HTTP/1.1" 200 13573
[2020-03-27 11:50:50,527] [basehttp.py:154] [basehttp:log_message] [INFO]- "GET /statistic/admin/ HTTP/1.1" 200 4512
[2020-03-27 11:51:29,305] [basehttp.py:154] [basehttp:log_message] [INFO]- "GET /index/ HTTP/1.1" 200 13573
[2020-03-27 11:51:29,342] [basehttp.py:154] [basehttp:log_message] [INFO]- "GET /statistic/admin/ HTTP/1.1" 200 3936
[2020-03-27 11:52:34,802] [basehttp.py:154] [basehttp:log_message] [INFO]- "GET /index/ HTTP/1.1" 200 13573
[2020-03-27 11:52:34,839] [basehttp.py:154] [basehttp:log_message] [INFO]- "GET /statistic/admin/ HTTP/1.1" 200 3936
[2020-03-27 11:52:55,927] [basehttp.py:154] [basehttp:log_message] [INFO]- "GET /index/ HTTP/1.1" 200 13567
[2020-03-27 11:52:55,966] [basehttp.py:154] [basehttp:log_message] [INFO]- "GET /statistic/admin/ HTTP/1.1" 200 3936
[2020-03-27 11:55:06,145] [basehttp.py:154] [basehttp:log_message] [INFO]- "GET /index/ HTTP/1.1" 200 13567
[2020-03-27 11:55:06,183] [basehttp.py:154] [basehttp:log_message] [INFO]- "GET /statistic/admin/ HTTP/1.1" 200 3936
[2020-03-27 11:55:08,144] [basehttp.py:154] [basehttp:log_message] [INFO]- "GET /index/ HTTP/1.1" 200 13567
[2020-03-27 11:55:08,178] [basehttp.py:154] [basehttp:log_message] [INFO]- "GET /statistic/admin/ HTTP/1.1" 200 3936
[2020-03-27 11:56:40,708] [autoreload.py:203] [autoreload:trigger_reload] [INFO]- D:\project\python\flowmeter\flowmeter\views\statistic.py changed, reloading.
[2020-03-27 11:56:41,488] [autoreload.py:578] [autoreload:run_with_reloader] [INFO]- Watching for file changes with StatReloader
[2020-03-27 12:12:20,482] [autoreload.py:203] [autoreload:trigger_reload] [INFO]- D:\project\python\flowmeter\flowmeter\config\api\meter.py changed, reloading.
[2020-03-27 12:12:21,276] [autoreload.py:578] [autoreload:run_with_reloader] [INFO]- Watching for file changes with StatReloader
[2020-03-27 12:16:47,360] [autoreload.py:203] [autoreload:trigger_reload] [INFO]- D:\project\python\flowmeter\flowmeter\config\api\log.py changed, reloading.
[2020-03-27 12:16:48,128] [autoreload.py:578] [autoreload:run_with_reloader] [INFO]- Watching for file changes with StatReloader
[2020-03-27 12:53:42,760] [autoreload.py:203] [autoreload:trigger_reload] [INFO]- D:\project\python\flowmeter\flowmeter\views\statistic.py changed, reloading.
[2020-03-27 12:53:43,527] [autoreload.py:578] [autoreload:run_with_reloader] [INFO]- Watching for file changes with StatReloader
[2020-03-27 12:57:14,810] [autoreload.py:578] [autoreload:run_with_reloader] [INFO]- Watching for file changes with StatReloader
[2020-03-27 12:57:23,154] [basehttp.py:154] [basehttp:log_message] [INFO]- "GET /index/ HTTP/1.1" 302 0
[2020-03-27 12:57:23,163] [basehttp.py:154] [basehttp:log_message] [INFO]- "GET /login/ HTTP/1.1" 200 2944
[2020-03-27 12:57:27,478] [common.py:63] [common:get_action_handler] [INFO]- 当前正在操作action：login
[2020-03-27 12:57:27,485] [basehttp.py:154] [basehttp:log_message] [INFO]- "POST /handler/login/ HTTP/1.1" 200 96
[2020-03-27 12:57:28,752] [basehttp.py:154] [basehttp:log_message] [INFO]- "GET /index/ HTTP/1.1" 200 13567
[2020-03-27 12:57:28,789] [basehttp.py:154] [basehttp:log_message] [INFO]- "GET /statistic/admin/ HTTP/1.1" 200 3936
[2020-03-27 12:57:30,761] [basehttp.py:154] [basehttp:log_message] [INFO]- "GET /admin/view/ HTTP/1.1" 200 10617
[2020-03-27 12:57:30,814] [common.py:63] [common:get_action_handler] [INFO]- 当前正在操作action：query_admin
[2020-03-27 12:57:30,822] [basehttp.py:154] [basehttp:log_message] [INFO]- "GET /handler/admin/?action=query_admin&page=1&limit=10 HTTP/1.1" 200 418
[2020-03-27 12:57:32,808] [basehttp.py:154] [basehttp:log_message] [INFO]- "GET /manufacturer/view/ HTTP/1.1" 200 11393
[2020-03-27 12:57:32,855] [common.py:63] [common:get_action_handler] [INFO]- 当前正在操作action：query_manufacturer
[2020-03-27 12:57:32,868] [basehttp.py:154] [basehttp:log_message] [INFO]- "GET /handler/manufacturer/?action=query_manufacturer&page=1&limit=10 HTTP/1.1" 200 1235
[2020-03-27 12:57:33,674] [basehttp.py:154] [basehttp:log_message] [INFO]- "GET /admin/view/ HTTP/1.1" 200 10617
[2020-03-27 12:57:33,717] [common.py:63] [common:get_action_handler] [INFO]- 当前正在操作action：query_admin
[2020-03-27 12:57:33,723] [basehttp.py:154] [basehttp:log_message] [INFO]- "GET /handler/admin/?action=query_admin&page=1&limit=10 HTTP/1.1" 200 418
[2020-03-27 12:57:33,960] [basehttp.py:154] [basehttp:log_message] [INFO]- "GET /dtu_user/view/ HTTP/1.1" 200 10678
[2020-03-27 12:57:33,996] [common.py:63] [common:get_action_handler] [INFO]- 当前正在操作action：query_dtu_user
[2020-03-27 12:57:34,001] [basehttp.py:154] [basehttp:log_message] [INFO]- "GET /handler/dtu_user/?action=query_dtu_user&page=1&limit=10 HTTP/1.1" 200 239
[2020-03-27 12:57:34,369] [basehttp.py:154] [basehttp:log_message] [INFO]- "GET /admin/view/ HTTP/1.1" 200 10617
[2020-03-27 12:57:34,420] [common.py:63] [common:get_action_handler] [INFO]- 当前正在操作action：query_admin
[2020-03-27 12:57:34,427] [basehttp.py:154] [basehttp:log_message] [INFO]- "GET /handler/admin/?action=query_admin&page=1&limit=10 HTTP/1.1" 200 418
[2020-03-27 12:57:34,651] [basehttp.py:154] [basehttp:log_message] [INFO]- "GET /manufacturer/view/ HTTP/1.1" 200 11393
[2020-03-27 12:57:34,694] [common.py:63] [common:get_action_handler] [INFO]- 当前正在操作action：query_manufacturer
[2020-03-27 12:57:34,709] [basehttp.py:154] [basehttp:log_message] [INFO]- "GET /handler/manufacturer/?action=query_manufacturer&page=1&limit=10 HTTP/1.1" 200 1235
[2020-03-27 12:57:34,901] [basehttp.py:154] [basehttp:log_message] [INFO]- "GET /admin/view/ HTTP/1.1" 200 10617
[2020-03-27 12:57:34,938] [common.py:63] [common:get_action_handler] [INFO]- 当前正在操作action：query_admin
[2020-03-27 12:57:34,945] [basehttp.py:154] [basehttp:log_message] [INFO]- "GET /handler/admin/?action=query_admin&page=1&limit=10 HTTP/1.1" 200 418
[2020-03-27 12:57:35,143] [basehttp.py:154] [basehttp:log_message] [INFO]- "GET /manufacturer/view/ HTTP/1.1" 200 11393
[2020-03-27 12:57:35,212] [common.py:63] [common:get_action_handler] [INFO]- 当前正在操作action：query_manufacturer
[2020-03-27 12:57:35,228] [basehttp.py:154] [basehttp:log_message] [INFO]- "GET /handler/manufacturer/?action=query_manufacturer&page=1&limit=10 HTTP/1.1" 200 1235
[2020-03-27 12:57:35,359] [basehttp.py:154] [basehttp:log_message] [INFO]- "GET /admin/view/ HTTP/1.1" 200 10617
[2020-03-27 12:57:35,402] [common.py:63] [common:get_action_handler] [INFO]- 当前正在操作action：query_admin
[2020-03-27 12:57:35,409] [basehttp.py:154] [basehttp:log_message] [INFO]- "GET /handler/admin/?action=query_admin&page=1&limit=10 HTTP/1.1" 200 418
[2020-03-27 12:57:35,572] [basehttp.py:154] [basehttp:log_message] [INFO]- "GET /manufacturer/view/ HTTP/1.1" 200 11393
[2020-03-27 12:57:35,608] [common.py:63] [common:get_action_handler] [INFO]- 当前正在操作action：query_manufacturer
[2020-03-27 12:57:35,622] [basehttp.py:154] [basehttp:log_message] [INFO]- "GET /handler/manufacturer/?action=query_manufacturer&page=1&limit=10 HTTP/1.1" 200 1235
[2020-03-27 12:57:35,790] [basehttp.py:154] [basehttp:log_message] [INFO]- "GET /admin/view/ HTTP/1.1" 200 10617
[2020-03-27 12:57:35,829] [common.py:63] [common:get_action_handler] [INFO]- 当前正在操作action：query_admin
[2020-03-27 12:57:35,836] [basehttp.py:154] [basehttp:log_message] [INFO]- "GET /handler/admin/?action=query_admin&page=1&limit=10 HTTP/1.1" 200 418
[2020-03-27 12:57:36,005] [basehttp.py:154] [basehttp:log_message] [INFO]- "GET /manufacturer/view/ HTTP/1.1" 200 11393
[2020-03-27 12:57:36,053] [common.py:63] [common:get_action_handler] [INFO]- 当前正在操作action：query_manufacturer
[2020-03-27 12:57:36,070] [basehttp.py:154] [basehttp:log_message] [INFO]- "GET /handler/manufacturer/?action=query_manufacturer&page=1&limit=10 HTTP/1.1" 200 1235
[2020-03-27 12:57:36,279] [basehttp.py:154] [basehttp:log_message] [INFO]- "GET /admin/view/ HTTP/1.1" 200 10617
[2020-03-27 12:57:36,332] [common.py:63] [common:get_action_handler] [INFO]- 当前正在操作action：query_admin
[2020-03-27 12:57:36,339] [basehttp.py:154] [basehttp:log_message] [INFO]- "GET /handler/admin/?action=query_admin&page=1&limit=10 HTTP/1.1" 200 418
[2020-03-27 12:57:36,493] [basehttp.py:154] [basehttp:log_message] [INFO]- "GET /manufacturer/view/ HTTP/1.1" 200 11393
[2020-03-27 12:57:36,540] [common.py:63] [common:get_action_handler] [INFO]- 当前正在操作action：query_manufacturer
[2020-03-27 12:57:36,554] [basehttp.py:154] [basehttp:log_message] [INFO]- "GET /handler/manufacturer/?action=query_manufacturer&page=1&limit=10 HTTP/1.1" 200 1235
[2020-03-27 12:57:36,749] [basehttp.py:154] [basehttp:log_message] [INFO]- "GET /dtu_user/view/ HTTP/1.1" 200 10678
[2020-03-27 12:57:36,783] [common.py:63] [common:get_action_handler] [INFO]- 当前正在操作action：query_dtu_user
[2020-03-27 12:57:36,787] [basehttp.py:154] [basehttp:log_message] [INFO]- "GET /handler/dtu_user/?action=query_dtu_user&page=1&limit=10 HTTP/1.1" 200 239
[2020-03-27 12:57:37,057] [basehttp.py:154] [basehttp:log_message] [INFO]- "GET /manufacturer/view/ HTTP/1.1" 200 11393
[2020-03-27 12:57:37,107] [common.py:63] [common:get_action_handler] [INFO]- 当前正在操作action：query_manufacturer
[2020-03-27 12:57:37,122] [basehttp.py:154] [basehttp:log_message] [INFO]- "GET /handler/manufacturer/?action=query_manufacturer&page=1&limit=10 HTTP/1.1" 200 1235
[2020-03-27 12:57:37,277] [basehttp.py:154] [basehttp:log_message] [INFO]- "GET /admin/view/ HTTP/1.1" 200 10617
[2020-03-27 12:57:37,332] [common.py:63] [common:get_action_handler] [INFO]- 当前正在操作action：query_admin
[2020-03-27 12:57:37,340] [basehttp.py:154] [basehttp:log_message] [INFO]- "GET /handler/admin/?action=query_admin&page=1&limit=10 HTTP/1.1" 200 418
[2020-03-27 12:57:37,542] [basehttp.py:154] [basehttp:log_message] [INFO]- "GET /manufacturer/view/ HTTP/1.1" 200 11393
[2020-03-27 12:57:37,592] [common.py:63] [common:get_action_handler] [INFO]- 当前正在操作action：query_manufacturer
[2020-03-27 12:57:37,607] [basehttp.py:154] [basehttp:log_message] [INFO]- "GET /handler/manufacturer/?action=query_manufacturer&page=1&limit=10 HTTP/1.1" 200 1235
[2020-03-27 12:57:43,903] [basehttp.py:154] [basehttp:log_message] [INFO]- "GET /admin/view/ HTTP/1.1" 200 10617
[2020-03-27 12:57:43,941] [common.py:63] [common:get_action_handler] [INFO]- 当前正在操作action：query_admin
[2020-03-27 12:57:43,949] [basehttp.py:154] [basehttp:log_message] [INFO]- "GET /handler/admin/?action=query_admin&page=1&limit=10 HTTP/1.1" 200 418
[2020-03-27 12:57:44,207] [basehttp.py:154] [basehttp:log_message] [INFO]- "GET /admin/view/ HTTP/1.1" 200 10617
[2020-03-27 12:57:44,256] [common.py:63] [common:get_action_handler] [INFO]- 当前正在操作action：query_admin
[2020-03-27 12:57:44,263] [basehttp.py:154] [basehttp:log_message] [INFO]- "GET /handler/admin/?action=query_admin&page=1&limit=10 HTTP/1.1" 200 418
[2020-03-27 12:57:44,535] [basehttp.py:154] [basehttp:log_message] [INFO]- "GET /manufacturer/view/ HTTP/1.1" 200 11393
[2020-03-27 12:57:44,575] [common.py:63] [common:get_action_handler] [INFO]- 当前正在操作action：query_manufacturer
[2020-03-27 12:57:44,588] [basehttp.py:154] [basehttp:log_message] [INFO]- "GET /handler/manufacturer/?action=query_manufacturer&page=1&limit=10 HTTP/1.1" 200 1235
[2020-03-27 12:57:44,852] [basehttp.py:154] [basehttp:log_message] [INFO]- "GET /dtu_user/view/ HTTP/1.1" 200 10678
[2020-03-27 12:57:44,893] [common.py:63] [common:get_action_handler] [INFO]- 当前正在操作action：query_dtu_user
[2020-03-27 12:57:44,897] [basehttp.py:154] [basehttp:log_message] [INFO]- "GET /handler/dtu_user/?action=query_dtu_user&page=1&limit=10 HTTP/1.1" 200 239
[2020-03-27 12:57:45,175] [basehttp.py:154] [basehttp:log_message] [INFO]- "GET /dtu_region/view/ HTTP/1.1" 200 6896
[2020-03-27 12:57:45,211] [common.py:63] [common:get_action_handler] [INFO]- 当前正在操作action：query_dtu_region
[2020-03-27 12:57:45,231] [basehttp.py:154] [basehttp:log_message] [INFO]- "GET /handler/dtu_region/?action=query_dtu_region&page=1&limit=10 HTTP/1.1" 200 474
[2020-03-27 12:57:45,434] [basehttp.py:154] [basehttp:log_message] [INFO]- "GET /dtu_user/view/ HTTP/1.1" 200 10678
[2020-03-27 12:57:45,499] [common.py:63] [common:get_action_handler] [INFO]- 当前正在操作action：query_dtu_user
[2020-03-27 12:57:45,503] [basehttp.py:154] [basehttp:log_message] [INFO]- "GET /handler/dtu_user/?action=query_dtu_user&page=1&limit=10 HTTP/1.1" 200 239
[2020-03-27 12:57:45,668] [basehttp.py:154] [basehttp:log_message] [INFO]- "GET /manufacturer/view/ HTTP/1.1" 200 11393
[2020-03-27 12:57:45,706] [common.py:63] [common:get_action_handler] [INFO]- 当前正在操作action：query_manufacturer
[2020-03-27 12:57:45,720] [basehttp.py:154] [basehttp:log_message] [INFO]- "GET /handler/manufacturer/?action=query_manufacturer&page=1&limit=10 HTTP/1.1" 200 1235
[2020-03-27 12:57:46,306] [basehttp.py:154] [basehttp:log_message] [INFO]- "GET /admin/view/ HTTP/1.1" 200 10617
[2020-03-27 12:57:46,341] [common.py:63] [common:get_action_handler] [INFO]- 当前正在操作action：query_admin
[2020-03-27 12:57:46,349] [basehttp.py:154] [basehttp:log_message] [INFO]- "GET /handler/admin/?action=query_admin&page=1&limit=10 HTTP/1.1" 200 418
[2020-03-27 12:57:46,577] [basehttp.py:154] [basehttp:log_message] [INFO]- "GET /manufacturer/view/ HTTP/1.1" 200 11393
[2020-03-27 12:57:46,622] [common.py:63] [common:get_action_handler] [INFO]- 当前正在操作action：query_manufacturer
[2020-03-27 12:57:46,636] [basehttp.py:154] [basehttp:log_message] [INFO]- "GET /handler/manufacturer/?action=query_manufacturer&page=1&limit=10 HTTP/1.1" 200 1235
[2020-03-27 12:57:46,819] [basehttp.py:154] [basehttp:log_message] [INFO]- "GET /dtu_user/view/ HTTP/1.1" 200 10678
[2020-03-27 12:57:46,855] [common.py:63] [common:get_action_handler] [INFO]- 当前正在操作action：query_dtu_user
[2020-03-27 12:57:46,858] [basehttp.py:154] [basehttp:log_message] [INFO]- "GET /handler/dtu_user/?action=query_dtu_user&page=1&limit=10 HTTP/1.1" 200 239
[2020-03-27 12:57:47,090] [basehttp.py:154] [basehttp:log_message] [INFO]- "GET /manufacturer/view/ HTTP/1.1" 200 11393
[2020-03-27 12:57:47,141] [common.py:63] [common:get_action_handler] [INFO]- 当前正在操作action：query_manufacturer
[2020-03-27 12:57:47,158] [basehttp.py:154] [basehttp:log_message] [INFO]- "GET /handler/manufacturer/?action=query_manufacturer&page=1&limit=10 HTTP/1.1" 200 1235
[2020-03-27 12:57:47,427] [basehttp.py:154] [basehttp:log_message] [INFO]- "GET /manufacturer/view/ HTTP/1.1" 200 11393
[2020-03-27 12:57:47,463] [common.py:63] [common:get_action_handler] [INFO]- 当前正在操作action：query_manufacturer
[2020-03-27 12:57:47,479] [basehttp.py:154] [basehttp:log_message] [INFO]- "GET /handler/manufacturer/?action=query_manufacturer&page=1&limit=10 HTTP/1.1" 200 1235
[2020-03-27 12:57:47,665] [basehttp.py:154] [basehttp:log_message] [INFO]- "GET /admin/view/ HTTP/1.1" 200 10617
[2020-03-27 12:57:47,703] [common.py:63] [common:get_action_handler] [INFO]- 当前正在操作action：query_admin
[2020-03-27 12:57:47,709] [basehttp.py:154] [basehttp:log_message] [INFO]- "GET /handler/admin/?action=query_admin&page=1&limit=10 HTTP/1.1" 200 418
[2020-03-27 12:57:47,897] [basehttp.py:154] [basehttp:log_message] [INFO]- "GET /manufacturer/view/ HTTP/1.1" 200 11393
[2020-03-27 12:57:47,943] [common.py:63] [common:get_action_handler] [INFO]- 当前正在操作action：query_manufacturer
[2020-03-27 12:57:47,957] [basehttp.py:154] [basehttp:log_message] [INFO]- "GET /handler/manufacturer/?action=query_manufacturer&page=1&limit=10 HTTP/1.1" 200 1235
[2020-03-27 12:57:48,152] [basehttp.py:154] [basehttp:log_message] [INFO]- "GET /dtu_user/view/ HTTP/1.1" 200 10678
[2020-03-27 12:57:48,210] [common.py:63] [common:get_action_handler] [INFO]- 当前正在操作action：query_dtu_user
[2020-03-27 12:57:48,214] [basehttp.py:154] [basehttp:log_message] [INFO]- "GET /handler/dtu_user/?action=query_dtu_user&page=1&limit=10 HTTP/1.1" 200 239
[2020-03-27 12:57:48,426] [basehttp.py:154] [basehttp:log_message] [INFO]- "GET /manufacturer/view/ HTTP/1.1" 200 11393
[2020-03-27 12:57:48,479] [common.py:63] [common:get_action_handler] [INFO]- 当前正在操作action：query_manufacturer
[2020-03-27 12:57:48,494] [basehttp.py:154] [basehttp:log_message] [INFO]- "GET /handler/manufacturer/?action=query_manufacturer&page=1&limit=10 HTTP/1.1" 200 1235
[2020-03-27 12:57:48,753] [basehttp.py:154] [basehttp:log_message] [INFO]- "GET /admin/view/ HTTP/1.1" 200 10617
[2020-03-27 12:57:48,791] [common.py:63] [common:get_action_handler] [INFO]- 当前正在操作action：query_admin
[2020-03-27 12:57:48,799] [basehttp.py:154] [basehttp:log_message] [INFO]- "GET /handler/admin/?action=query_admin&page=1&limit=10 HTTP/1.1" 200 418
[2020-03-27 12:57:48,985] [basehttp.py:154] [basehttp:log_message] [INFO]- "GET /manufacturer/view/ HTTP/1.1" 200 11393
[2020-03-27 12:57:49,023] [common.py:63] [common:get_action_handler] [INFO]- 当前正在操作action：query_manufacturer
[2020-03-27 12:57:49,038] [basehttp.py:154] [basehttp:log_message] [INFO]- "GET /handler/manufacturer/?action=query_manufacturer&page=1&limit=10 HTTP/1.1" 200 1235
[2020-03-27 12:57:49,215] [basehttp.py:154] [basehttp:log_message] [INFO]- "GET /dtu_user/view/ HTTP/1.1" 200 10678
[2020-03-27 12:57:49,258] [common.py:63] [common:get_action_handler] [INFO]- 当前正在操作action：query_dtu_user
[2020-03-27 12:57:49,263] [basehttp.py:154] [basehttp:log_message] [INFO]- "GET /handler/dtu_user/?action=query_dtu_user&page=1&limit=10 HTTP/1.1" 200 239
[2020-03-27 12:57:49,512] [basehttp.py:154] [basehttp:log_message] [INFO]- "GET /manufacturer/view/ HTTP/1.1" 200 11393
[2020-03-27 12:57:49,567] [common.py:63] [common:get_action_handler] [INFO]- 当前正在操作action：query_manufacturer
[2020-03-27 12:57:49,583] [basehttp.py:154] [basehttp:log_message] [INFO]- "GET /handler/manufacturer/?action=query_manufacturer&page=1&limit=10 HTTP/1.1" 200 1235
[2020-03-27 12:57:49,753] [basehttp.py:154] [basehttp:log_message] [INFO]- "GET /admin/view/ HTTP/1.1" 200 10617
[2020-03-27 12:57:49,793] [common.py:63] [common:get_action_handler] [INFO]- 当前正在操作action：query_admin
[2020-03-27 12:57:49,802] [basehttp.py:154] [basehttp:log_message] [INFO]- "GET /handler/admin/?action=query_admin&page=1&limit=10 HTTP/1.1" 200 418
[2020-03-27 12:57:49,972] [basehttp.py:154] [basehttp:log_message] [INFO]- "GET /manufacturer/view/ HTTP/1.1" 200 11393
[2020-03-27 12:57:50,008] [common.py:63] [common:get_action_handler] [INFO]- 当前正在操作action：query_manufacturer
[2020-03-27 12:57:50,025] [basehttp.py:154] [basehttp:log_message] [INFO]- "GET /handler/manufacturer/?action=query_manufacturer&page=1&limit=10 HTTP/1.1" 200 1235
[2020-03-27 12:57:50,201] [basehttp.py:154] [basehttp:log_message] [INFO]- "GET /dtu_user/view/ HTTP/1.1" 200 10678
[2020-03-27 12:57:50,241] [common.py:63] [common:get_action_handler] [INFO]- 当前正在操作action：query_dtu_user
[2020-03-27 12:57:50,245] [basehttp.py:154] [basehttp:log_message] [INFO]- "GET /handler/dtu_user/?action=query_dtu_user&page=1&limit=10 HTTP/1.1" 200 239
[2020-03-27 12:57:52,713] [basehttp.py:154] [basehttp:log_message] [INFO]- "GET /manufacturer/view/ HTTP/1.1" 200 11393
[2020-03-27 12:57:52,768] [common.py:63] [common:get_action_handler] [INFO]- 当前正在操作action：query_manufacturer
[2020-03-27 12:57:52,782] [basehttp.py:154] [basehttp:log_message] [INFO]- "GET /handler/manufacturer/?action=query_manufacturer&page=1&limit=10 HTTP/1.1" 200 1235
[2020-03-27 12:57:52,996] [basehttp.py:154] [basehttp:log_message] [INFO]- "GET /admin/view/ HTTP/1.1" 200 10617
[2020-03-27 12:57:53,040] [common.py:63] [common:get_action_handler] [INFO]- 当前正在操作action：query_admin
[2020-03-27 12:57:53,047] [basehttp.py:154] [basehttp:log_message] [INFO]- "GET /handler/admin/?action=query_admin&page=1&limit=10 HTTP/1.1" 200 418
[2020-03-27 12:57:53,221] [basehttp.py:154] [basehttp:log_message] [INFO]- "GET /manufacturer/view/ HTTP/1.1" 200 11393
[2020-03-27 12:57:53,255] [common.py:63] [common:get_action_handler] [INFO]- 当前正在操作action：query_manufacturer
[2020-03-27 12:57:53,271] [basehttp.py:154] [basehttp:log_message] [INFO]- "GET /handler/manufacturer/?action=query_manufacturer&page=1&limit=10 HTTP/1.1" 200 1235
[2020-03-27 12:57:53,440] [basehttp.py:154] [basehttp:log_message] [INFO]- "GET /dtu_user/view/ HTTP/1.1" 200 10678
[2020-03-27 12:57:53,484] [common.py:63] [common:get_action_handler] [INFO]- 当前正在操作action：query_dtu_user
[2020-03-27 12:57:53,488] [basehttp.py:154] [basehttp:log_message] [INFO]- "GET /handler/dtu_user/?action=query_dtu_user&page=1&limit=10 HTTP/1.1" 200 239
[2020-03-27 12:57:53,805] [basehttp.py:154] [basehttp:log_message] [INFO]- "GET /manufacturer/view/ HTTP/1.1" 200 11393
[2020-03-27 12:57:53,850] [common.py:63] [common:get_action_handler] [INFO]- 当前正在操作action：query_manufacturer
[2020-03-27 12:57:53,865] [basehttp.py:154] [basehttp:log_message] [INFO]- "GET /handler/manufacturer/?action=query_manufacturer&page=1&limit=10 HTTP/1.1" 200 1235
[2020-03-27 12:57:54,051] [basehttp.py:154] [basehttp:log_message] [INFO]- "GET /admin/view/ HTTP/1.1" 200 10617
[2020-03-27 12:57:54,093] [common.py:63] [common:get_action_handler] [INFO]- 当前正在操作action：query_admin
[2020-03-27 12:57:54,101] [basehttp.py:154] [basehttp:log_message] [INFO]- "GET /handler/admin/?action=query_admin&page=1&limit=10 HTTP/1.1" 200 418
[2020-03-27 12:57:54,267] [basehttp.py:154] [basehttp:log_message] [INFO]- "GET /manufacturer/view/ HTTP/1.1" 200 11393
[2020-03-27 12:57:54,306] [common.py:63] [common:get_action_handler] [INFO]- 当前正在操作action：query_manufacturer
[2020-03-27 12:57:54,322] [basehttp.py:154] [basehttp:log_message] [INFO]- "GET /handler/manufacturer/?action=query_manufacturer&page=1&limit=10 HTTP/1.1" 200 1235
[2020-03-27 12:57:54,521] [basehttp.py:154] [basehttp:log_message] [INFO]- "GET /dtu_user/view/ HTTP/1.1" 200 10678
[2020-03-27 12:57:54,556] [common.py:63] [common:get_action_handler] [INFO]- 当前正在操作action：query_dtu_user
[2020-03-27 12:57:54,560] [basehttp.py:154] [basehttp:log_message] [INFO]- "GET /handler/dtu_user/?action=query_dtu_user&page=1&limit=10 HTTP/1.1" 200 239
[2020-03-27 12:57:56,067] [basehttp.py:154] [basehttp:log_message] [INFO]- "GET /manufacturer/view/ HTTP/1.1" 200 11393
[2020-03-27 12:57:56,121] [common.py:63] [common:get_action_handler] [INFO]- 当前正在操作action：query_manufacturer
[2020-03-27 12:57:56,135] [basehttp.py:154] [basehttp:log_message] [INFO]- "GET /handler/manufacturer/?action=query_manufacturer&page=1&limit=10 HTTP/1.1" 200 1235
[2020-03-27 12:57:56,326] [basehttp.py:154] [basehttp:log_message] [INFO]- "GET /admin/view/ HTTP/1.1" 200 10617
[2020-03-27 12:57:56,368] [common.py:63] [common:get_action_handler] [INFO]- 当前正在操作action：query_admin
[2020-03-27 12:57:56,375] [basehttp.py:154] [basehttp:log_message] [INFO]- "GET /handler/admin/?action=query_admin&page=1&limit=10 HTTP/1.1" 200 418
[2020-03-27 12:57:56,603] [basehttp.py:154] [basehttp:log_message] [INFO]- "GET /manufacturer/view/ HTTP/1.1" 200 11393
[2020-03-27 12:57:56,638] [common.py:63] [common:get_action_handler] [INFO]- 当前正在操作action：query_manufacturer
[2020-03-27 12:57:56,653] [basehttp.py:154] [basehttp:log_message] [INFO]- "GET /handler/manufacturer/?action=query_manufacturer&page=1&limit=10 HTTP/1.1" 200 1235
[2020-03-27 12:57:56,861] [basehttp.py:154] [basehttp:log_message] [INFO]- "GET /dtu_user/view/ HTTP/1.1" 200 10678
[2020-03-27 12:57:56,901] [common.py:63] [common:get_action_handler] [INFO]- 当前正在操作action：query_dtu_user
[2020-03-27 12:57:56,907] [basehttp.py:154] [basehttp:log_message] [INFO]- "GET /handler/dtu_user/?action=query_dtu_user&page=1&limit=10 HTTP/1.1" 200 239
[2020-03-27 12:57:57,118] [basehttp.py:154] [basehttp:log_message] [INFO]- "GET /manufacturer/view/ HTTP/1.1" 200 11393
[2020-03-27 12:57:57,173] [common.py:63] [common:get_action_handler] [INFO]- 当前正在操作action：query_manufacturer
[2020-03-27 12:57:57,188] [basehttp.py:154] [basehttp:log_message] [INFO]- "GET /handler/manufacturer/?action=query_manufacturer&page=1&limit=10 HTTP/1.1" 200 1235
[2020-03-27 12:57:57,333] [basehttp.py:154] [basehttp:log_message] [INFO]- "GET /admin/view/ HTTP/1.1" 200 10617
[2020-03-27 12:57:57,375] [common.py:63] [common:get_action_handler] [INFO]- 当前正在操作action：query_admin
[2020-03-27 12:57:57,383] [basehttp.py:154] [basehttp:log_message] [INFO]- "GET /handler/admin/?action=query_admin&page=1&limit=10 HTTP/1.1" 200 418
[2020-03-27 12:57:57,554] [basehttp.py:154] [basehttp:log_message] [INFO]- "GET /admin/view/ HTTP/1.1" 200 10617
[2020-03-27 12:57:57,589] [common.py:63] [common:get_action_handler] [INFO]- 当前正在操作action：query_admin
[2020-03-27 12:57:57,597] [basehttp.py:154] [basehttp:log_message] [INFO]- "GET /handler/admin/?action=query_admin&page=1&limit=10 HTTP/1.1" 200 418
[2020-03-27 12:57:57,755] [basehttp.py:154] [basehttp:log_message] [INFO]- "GET /manufacturer/view/ HTTP/1.1" 200 11393
[2020-03-27 12:57:57,794] [common.py:63] [common:get_action_handler] [INFO]- 当前正在操作action：query_manufacturer
[2020-03-27 12:57:57,810] [basehttp.py:154] [basehttp:log_message] [INFO]- "GET /handler/manufacturer/?action=query_manufacturer&page=1&limit=10 HTTP/1.1" 200 1235
[2020-03-27 12:57:57,981] [basehttp.py:154] [basehttp:log_message] [INFO]- "GET /dtu_user/view/ HTTP/1.1" 200 10678
[2020-03-27 12:57:58,027] [common.py:63] [common:get_action_handler] [INFO]- 当前正在操作action：query_dtu_user
[2020-03-27 12:57:58,032] [basehttp.py:154] [basehttp:log_message] [INFO]- "GET /handler/dtu_user/?action=query_dtu_user&page=1&limit=10 HTTP/1.1" 200 239
[2020-03-27 12:57:58,253] [basehttp.py:154] [basehttp:log_message] [INFO]- "GET /manufacturer/view/ HTTP/1.1" 200 11393
[2020-03-27 12:57:58,295] [common.py:63] [common:get_action_handler] [INFO]- 当前正在操作action：query_manufacturer
[2020-03-27 12:57:58,308] [basehttp.py:154] [basehttp:log_message] [INFO]- "GET /handler/manufacturer/?action=query_manufacturer&page=1&limit=10 HTTP/1.1" 200 1235
[2020-03-27 12:57:58,486] [basehttp.py:154] [basehttp:log_message] [INFO]- "GET /admin/view/ HTTP/1.1" 200 10617
[2020-03-27 12:57:58,521] [common.py:63] [common:get_action_handler] [INFO]- 当前正在操作action：query_admin
[2020-03-27 12:57:58,528] [basehttp.py:154] [basehttp:log_message] [INFO]- "GET /handler/admin/?action=query_admin&page=1&limit=10 HTTP/1.1" 200 418
[2020-03-27 12:57:58,779] [basehttp.py:154] [basehttp:log_message] [INFO]- "GET /manufacturer/view/ HTTP/1.1" 200 11393
[2020-03-27 12:57:58,819] [common.py:63] [common:get_action_handler] [INFO]- 当前正在操作action：query_manufacturer
[2020-03-27 12:57:58,835] [basehttp.py:154] [basehttp:log_message] [INFO]- "GET /handler/manufacturer/?action=query_manufacturer&page=1&limit=10 HTTP/1.1" 200 1235
[2020-03-27 12:57:59,280] [basehttp.py:154] [basehttp:log_message] [INFO]- "GET /dtu_user/view/ HTTP/1.1" 200 10678
[2020-03-27 12:57:59,315] [common.py:63] [common:get_action_handler] [INFO]- 当前正在操作action：query_dtu_user
[2020-03-27 12:57:59,320] [basehttp.py:154] [basehttp:log_message] [INFO]- "GET /handler/dtu_user/?action=query_dtu_user&page=1&limit=10 HTTP/1.1" 200 239
[2020-03-27 12:57:59,521] [basehttp.py:154] [basehttp:log_message] [INFO]- "GET /manufacturer/view/ HTTP/1.1" 200 11393
[2020-03-27 12:57:59,580] [common.py:63] [common:get_action_handler] [INFO]- 当前正在操作action：query_manufacturer
[2020-03-27 12:57:59,594] [basehttp.py:154] [basehttp:log_message] [INFO]- "GET /handler/manufacturer/?action=query_manufacturer&page=1&limit=10 HTTP/1.1" 200 1235
[2020-03-27 12:58:12,552] [log.py:228] [log:log_response] [WARNING]- Not Found: /index/login.html
[2020-03-27 12:58:12,553] [basehttp.py:154] [basehttp:log_message] [WARNING]- "GET /index/login.html HTTP/1.1" 404 3602
[2020-03-27 12:58:14,207] [basehttp.py:154] [basehttp:log_message] [INFO]- "GET /admin/view/ HTTP/1.1" 200 10617
[2020-03-27 12:58:14,211] [basehttp.py:154] [basehttp:log_message] [INFO]- "GET /manufacturer/view/ HTTP/1.1" 200 11393
[2020-03-27 12:58:14,215] [basehttp.py:154] [basehttp:log_message] [INFO]- "GET /dtu_user/view/ HTTP/1.1" 200 10678
[2020-03-27 12:58:14,218] [basehttp.py:154] [basehttp:log_message] [INFO]- "GET /dtu_region/view/ HTTP/1.1" 200 6896
[2020-03-27 12:58:14,337] [common.py:63] [common:get_action_handler] [INFO]- 当前正在操作action：query_admin
[2020-03-27 12:58:14,346] [basehttp.py:154] [basehttp:log_message] [INFO]- "GET /handler/admin/?action=query_admin&page=1&limit=10 HTTP/1.1" 200 418
[2020-03-27 12:58:14,359] [common.py:63] [common:get_action_handler] [INFO]- 当前正在操作action：query_dtu_region
[2020-03-27 12:58:14,378] [common.py:63] [common:get_action_handler] [INFO]- 当前正在操作action：query_dtu_user
[2020-03-27 12:58:14,388] [basehttp.py:154] [basehttp:log_message] [INFO]- "GET /handler/dtu_user/?action=query_dtu_user&page=1&limit=10 HTTP/1.1" 200 239
[2020-03-27 12:58:14,389] [basehttp.py:154] [basehttp:log_message] [INFO]- "GET /handler/dtu_region/?action=query_dtu_region&page=1&limit=10 HTTP/1.1" 200 474
[2020-03-27 12:58:47,820] [basehttp.py:154] [basehttp:log_message] [INFO]- "GET /index/ HTTP/1.1" 200 13562
[2020-03-27 12:58:47,859] [basehttp.py:154] [basehttp:log_message] [INFO]- "GET /statistic/admin/ HTTP/1.1" 200 3936
[2020-03-27 12:58:47,872] [basehttp.py:154] [basehttp:log_message] [INFO]- "GET /admin/view/ HTTP/1.1" 200 10617
[2020-03-27 12:58:47,875] [basehttp.py:154] [basehttp:log_message] [INFO]- "GET /manufacturer/view/ HTTP/1.1" 200 11393
[2020-03-27 12:58:47,879] [basehttp.py:154] [basehttp:log_message] [INFO]- "GET /dtu_user/view/ HTTP/1.1" 200 10678
[2020-03-27 12:58:47,881] [basehttp.py:154] [basehttp:log_message] [INFO]- "GET /dtu_region/view/ HTTP/1.1" 200 6896
[2020-03-27 12:58:48,019] [common.py:63] [common:get_action_handler] [INFO]- 当前正在操作action：query_admin
[2020-03-27 12:58:48,029] [common.py:63] [common:get_action_handler] [INFO]- 当前正在操作action：query_manufacturer
[2020-03-27 12:58:48,032] [basehttp.py:154] [basehttp:log_message] [INFO]- "GET /handler/admin/?action=query_admin&page=1&limit=10 HTTP/1.1" 200 418
[2020-03-27 12:58:48,042] [common.py:63] [common:get_action_handler] [INFO]- 当前正在操作action：query_dtu_user
[2020-03-27 12:58:48,053] [basehttp.py:154] [basehttp:log_message] [INFO]- "GET /handler/dtu_user/?action=query_dtu_user&page=1&limit=10 HTTP/1.1" 200 239
[2020-03-27 12:58:48,056] [basehttp.py:154] [basehttp:log_message] [INFO]- "GET /handler/manufacturer/?action=query_manufacturer&page=1&limit=10 HTTP/1.1" 200 1235
[2020-03-27 12:58:48,060] [common.py:63] [common:get_action_handler] [INFO]- 当前正在操作action：query_dtu_region
[2020-03-27 12:58:48,084] [basehttp.py:154] [basehttp:log_message] [INFO]- "GET /handler/dtu_region/?action=query_dtu_region&page=1&limit=10 HTTP/1.1" 200 474
[2020-03-27 12:58:50,797] [basehttp.py:154] [basehttp:log_message] [INFO]- "GET /logout HTTP/1.1" 301 0
[2020-03-27 12:58:50,804] [basehttp.py:154] [basehttp:log_message] [INFO]- "GET /logout/ HTTP/1.1" 302 0
[2020-03-27 12:58:50,810] [basehttp.py:154] [basehttp:log_message] [INFO]- "GET /login/ HTTP/1.1" 200 2944
[2020-03-27 12:58:55,112] [common.py:63] [common:get_action_handler] [INFO]- 当前正在操作action：login
[2020-03-27 12:58:55,114] [auth.py:76] [auth:validate_and_get_user] [WARNING]- 账号：供气商1，不存在！
[2020-03-27 12:58:55,115] [basehttp.py:154] [basehttp:log_message] [INFO]- "POST /handler/login/ HTTP/1.1" 200 135
[2020-03-27 12:59:17,683] [common.py:63] [common:get_action_handler] [INFO]- 当前正在操作action：login
[2020-03-27 12:59:17,688] [basehttp.py:154] [basehttp:log_message] [INFO]- "POST /handler/login/ HTTP/1.1" 200 96
[2020-03-27 12:59:18,955] [basehttp.py:154] [basehttp:log_message] [INFO]- "GET /index/ HTTP/1.1" 200 13569
[2020-03-27 12:59:19,006] [basehttp.py:154] [basehttp:log_message] [INFO]- "GET /admin/view/ HTTP/1.1" 200 10617
[2020-03-27 12:59:19,012] [basehttp.py:154] [basehttp:log_message] [INFO]- "GET /manufacturer/view/ HTTP/1.1" 200 11393
[2020-03-27 12:59:19,017] [basehttp.py:154] [basehttp:log_message] [INFO]- "GET /dtu_user/view/ HTTP/1.1" 200 10678
[2020-03-27 12:59:19,023] [basehttp.py:154] [basehttp:log_message] [INFO]- "GET /dtu_region/view/ HTTP/1.1" 200 6896
[2020-03-27 12:59:19,066] [basehttp.py:154] [basehttp:log_message] [INFO]- "GET /statistic/manufacturer/ HTTP/1.1" 200 107
[2020-03-27 12:59:19,133] [basehttp.py:154] [basehttp:log_message] [INFO]- "GET /handler/manufacturer/?action=query_manufacturer&page=1&limit=10 HTTP/1.1" 200 160
[2020-03-27 12:59:19,139] [basehttp.py:154] [basehttp:log_message] [INFO]- "GET /handler/admin/?action=query_admin&page=1&limit=10 HTTP/1.1" 200 160
[2020-03-27 12:59:19,149] [basehttp.py:154] [basehttp:log_message] [INFO]- "GET /handler/dtu_user/?action=query_dtu_user&page=1&limit=10 HTTP/1.1" 200 160
[2020-03-27 12:59:19,171] [basehttp.py:154] [basehttp:log_message] [INFO]- "GET /handler/dtu_region/?action=query_dtu_region&page=1&limit=10 HTTP/1.1" 200 160
[2020-03-27 12:59:26,385] [basehttp.py:154] [basehttp:log_message] [INFO]- "POST /handler/log/ HTTP/1.1" 200 160
[2020-03-27 13:09:31,403] [basehttp.py:154] [basehttp:log_message] [INFO]- "GET /index/ HTTP/1.1" 200 13569
[2020-03-27 13:09:31,449] [basehttp.py:154] [basehttp:log_message] [INFO]- "GET /statistic/manufacturer/ HTTP/1.1" 200 107
[2020-03-27 13:09:31,475] [basehttp.py:154] [basehttp:log_message] [INFO]- "GET /admin/view/ HTTP/1.1" 200 10617
[2020-03-27 13:09:31,481] [basehttp.py:154] [basehttp:log_message] [INFO]- "GET /manufacturer/view/ HTTP/1.1" 200 11393
[2020-03-27 13:09:31,483] [basehttp.py:154] [basehttp:log_message] [INFO]- "GET /dtu_user/view/ HTTP/1.1" 200 10678
[2020-03-27 13:09:31,487] [basehttp.py:154] [basehttp:log_message] [INFO]- "GET /dtu_region/view/ HTTP/1.1" 200 6896
[2020-03-27 13:09:31,602] [basehttp.py:154] [basehttp:log_message] [INFO]- "GET /handler/admin/?action=query_admin&page=1&limit=10 HTTP/1.1" 200 160
[2020-03-27 13:09:31,613] [basehttp.py:154] [basehttp:log_message] [INFO]- "GET /handler/manufacturer/?action=query_manufacturer&page=1&limit=10 HTTP/1.1" 200 160
[2020-03-27 13:09:31,624] [basehttp.py:154] [basehttp:log_message] [INFO]- "GET /handler/dtu_user/?action=query_dtu_user&page=1&limit=10 HTTP/1.1" 200 160
[2020-03-27 13:09:31,633] [basehttp.py:154] [basehttp:log_message] [INFO]- "GET /handler/dtu_region/?action=query_dtu_region&page=1&limit=10 HTTP/1.1" 200 160
[2020-03-27 13:10:03,873] [autoreload.py:578] [autoreload:run_with_reloader] [INFO]- Watching for file changes with StatReloader
[2020-03-27 13:10:08,910] [basehttp.py:154] [basehttp:log_message] [INFO]- "GET /index/ HTTP/1.1" 200 13569
[2020-03-27 13:10:08,950] [basehttp.py:154] [basehttp:log_message] [INFO]- "GET /statistic/manufacturer/ HTTP/1.1" 200 3983
[2020-03-27 13:10:08,964] [basehttp.py:154] [basehttp:log_message] [INFO]- "GET /admin/view/ HTTP/1.1" 200 10617
[2020-03-27 13:10:08,967] [basehttp.py:154] [basehttp:log_message] [INFO]- "GET /manufacturer/view/ HTTP/1.1" 200 11393
[2020-03-27 13:10:08,972] [basehttp.py:154] [basehttp:log_message] [INFO]- "GET /dtu_user/view/ HTTP/1.1" 200 10678
[2020-03-27 13:10:08,974] [basehttp.py:154] [basehttp:log_message] [INFO]- "GET /dtu_region/view/ HTTP/1.1" 200 6896
[2020-03-27 13:10:09,109] [basehttp.py:154] [basehttp:log_message] [INFO]- "GET /handler/admin/?action=query_admin&page=1&limit=10 HTTP/1.1" 200 160
[2020-03-27 13:10:09,123] [basehttp.py:154] [basehttp:log_message] [INFO]- "GET /handler/manufacturer/?action=query_manufacturer&page=1&limit=10 HTTP/1.1" 200 160
[2020-03-27 13:10:09,128] [basehttp.py:154] [basehttp:log_message] [INFO]- "GET /handler/dtu_user/?action=query_dtu_user&page=1&limit=10 HTTP/1.1" 200 160
[2020-03-27 13:10:09,139] [basehttp.py:154] [basehttp:log_message] [INFO]- "GET /handler/dtu_region/?action=query_dtu_region&page=1&limit=10 HTTP/1.1" 200 160
[2020-03-27 13:10:41,272] [autoreload.py:578] [autoreload:run_with_reloader] [INFO]- Watching for file changes with StatReloader
[2020-03-27 13:10:44,602] [basehttp.py:154] [basehttp:log_message] [INFO]- "GET /index/ HTTP/1.1" 200 13569
[2020-03-27 13:10:44,646] [basehttp.py:154] [basehttp:log_message] [INFO]- "GET /statistic/manufacturer/ HTTP/1.1" 200 3958
[2020-03-27 13:10:44,660] [basehttp.py:154] [basehttp:log_message] [INFO]- "GET /admin/view/ HTTP/1.1" 200 10617
[2020-03-27 13:10:44,664] [basehttp.py:154] [basehttp:log_message] [INFO]- "GET /manufacturer/view/ HTTP/1.1" 200 11393
[2020-03-27 13:10:44,667] [basehttp.py:154] [basehttp:log_message] [INFO]- "GET /dtu_user/view/ HTTP/1.1" 200 10678
[2020-03-27 13:10:44,670] [basehttp.py:154] [basehttp:log_message] [INFO]- "GET /dtu_region/view/ HTTP/1.1" 200 6896
[2020-03-27 13:10:44,800] [basehttp.py:154] [basehttp:log_message] [INFO]- "GET /handler/admin/?action=query_admin&page=1&limit=10 HTTP/1.1" 200 160
[2020-03-27 13:10:44,815] [basehttp.py:154] [basehttp:log_message] [INFO]- "GET /handler/manufacturer/?action=query_manufacturer&page=1&limit=10 HTTP/1.1" 200 160
[2020-03-27 13:10:44,821] [basehttp.py:154] [basehttp:log_message] [INFO]- "GET /handler/dtu_user/?action=query_dtu_user&page=1&limit=10 HTTP/1.1" 200 160
[2020-03-27 13:10:44,831] [basehttp.py:154] [basehttp:log_message] [INFO]- "GET /handler/dtu_region/?action=query_dtu_region&page=1&limit=10 HTTP/1.1" 200 160
[2020-03-27 14:18:51,121] [basehttp.py:154] [basehttp:log_message] [INFO]- "GET /index/ HTTP/1.1" 302 0
[2020-03-27 14:18:51,127] [basehttp.py:154] [basehttp:log_message] [INFO]- "GET /login/ HTTP/1.1" 200 2944
[2020-03-27 14:19:35,296] [basehttp.py:154] [basehttp:log_message] [INFO]- "GET /logout/ HTTP/1.1" 302 0
[2020-03-27 14:19:35,304] [basehttp.py:154] [basehttp:log_message] [INFO]- "GET /login/ HTTP/1.1" 200 2944
[2020-03-27 17:48:45,735] [basehttp.py:154] [basehttp:log_message] [INFO]- "GET /logout/ HTTP/1.1" 302 0
[2020-03-27 17:48:45,741] [basehttp.py:154] [basehttp:log_message] [INFO]- "GET /login/ HTTP/1.1" 200 2944
[2020-03-27 17:48:48,354] [basehttp.py:154] [basehttp:log_message] [INFO]- "GET /index/ HTTP/1.1" 302 0
[2020-03-27 17:48:51,671] [common.py:63] [common:get_action_handler] [INFO]- 当前正在操作action：login
[2020-03-27 17:48:51,678] [basehttp.py:154] [basehttp:log_message] [INFO]- "POST /handler/login/ HTTP/1.1" 200 96
[2020-03-27 17:48:52,949] [basehttp.py:154] [basehttp:log_message] [INFO]- "GET /index/ HTTP/1.1" 200 13562
[2020-03-27 17:48:52,980] [basehttp.py:154] [basehttp:log_message] [INFO]- "GET /statistic/admin/ HTTP/1.1" 200 3936
[2020-03-27 17:48:53,009] [basehttp.py:154] [basehttp:log_message] [INFO]- "GET /admin/view/ HTTP/1.1" 200 10617
[2020-03-27 17:48:53,009] [basehttp.py:154] [basehttp:log_message] [INFO]- "GET /manufacturer/view/ HTTP/1.1" 200 11393
[2020-03-27 17:48:53,011] [basehttp.py:154] [basehttp:log_message] [INFO]- "GET /dtu_user/view/ HTTP/1.1" 200 10678
[2020-03-27 17:48:53,015] [basehttp.py:154] [basehttp:log_message] [INFO]- "GET /dtu_region/view/ HTTP/1.1" 200 6896
[2020-03-27 17:48:53,143] [common.py:63] [common:get_action_handler] [INFO]- 当前正在操作action：query_manufacturer
[2020-03-27 17:48:53,161] [common.py:63] [common:get_action_handler] [INFO]- 当前正在操作action：query_dtu_user
[2020-03-27 17:48:53,169] [common.py:63] [common:get_action_handler] [INFO]- 当前正在操作action：query_admin
[2020-03-27 17:48:53,173] [basehttp.py:154] [basehttp:log_message] [INFO]- "GET /handler/dtu_user/?action=query_dtu_user&page=1&limit=10 HTTP/1.1" 200 239
[2020-03-27 17:48:53,173] [basehttp.py:154] [basehttp:log_message] [INFO]- "GET /handler/manufacturer/?action=query_manufacturer&page=1&limit=10 HTTP/1.1" 200 1235
[2020-03-27 17:48:53,182] [common.py:63] [common:get_action_handler] [INFO]- 当前正在操作action：query_dtu_region
[2020-03-27 17:48:53,182] [basehttp.py:154] [basehttp:log_message] [INFO]- "GET /handler/admin/?action=query_admin&page=1&limit=10 HTTP/1.1" 200 418
[2020-03-27 17:48:53,203] [basehttp.py:154] [basehttp:log_message] [INFO]- "GET /handler/dtu_region/?action=query_dtu_region&page=1&limit=10 HTTP/1.1" 200 474
[2020-03-27 17:49:02,883] [basehttp.py:154] [basehttp:log_message] [INFO]- "GET /dtu/view/ HTTP/1.1" 200 8838
[2020-03-27 17:49:02,947] [common.py:63] [common:get_action_handler] [INFO]- 当前正在操作action：query_dtu
[2020-03-27 17:49:02,951] [common.py:63] [common:get_action_handler] [INFO]- 当前正在操作action：query_manufacturer
[2020-03-27 17:49:02,952] [common.py:63] [common:get_action_handler] [INFO]- 当前正在操作action：query_dtu_user
[2020-03-27 17:49:02,968] [basehttp.py:154] [basehttp:log_message] [INFO]- "GET /handler/dtu_user/?param=%7B%7D&action=query_dtu_user HTTP/1.1" 200 239
[2020-03-27 17:49:02,973] [basehttp.py:154] [basehttp:log_message] [INFO]- "GET /handler/dtu/?action=query_dtu&page=1&limit=10 HTTP/1.1" 200 948
[2020-03-27 17:49:02,976] [basehttp.py:154] [basehttp:log_message] [INFO]- "GET /handler/manufacturer/?param=%7B%7D&action=query_manufacturer HTTP/1.1" 200 1235
[2020-03-27 17:49:03,408] [basehttp.py:154] [basehttp:log_message] [INFO]- "GET /meter/view/ HTTP/1.1" 200 19332
[2020-03-27 17:49:03,459] [common.py:63] [common:get_action_handler] [INFO]- 当前正在操作action：query_meter
[2020-03-27 17:49:03,464] [common.py:63] [common:get_action_handler] [INFO]- 当前正在操作action：query_manufacturer
[2020-03-27 17:49:03,477] [basehttp.py:154] [basehttp:log_message] [INFO]- "GET /handler/meter/?action=query_meter&page=1&limit=10 HTTP/1.1" 200 846
[2020-03-27 17:49:03,482] [basehttp.py:154] [basehttp:log_message] [INFO]- "GET /handler/manufacturer/?param=%7B%7D&action=query_manufacturer HTTP/1.1" 200 1235
[2020-03-27 17:50:21,586] [autoreload.py:203] [autoreload:trigger_reload] [INFO]- D:\project\python\flowmeter\flowmeter\applications\api\meter.py changed, reloading.
[2020-03-27 17:50:22,424] [autoreload.py:578] [autoreload:run_with_reloader] [INFO]- Watching for file changes with StatReloader
[2020-03-27 17:50:24,345] [basehttp.py:154] [basehttp:log_message] [INFO]- "GET /index/ HTTP/1.1" 200 13562
[2020-03-27 17:50:24,387] [basehttp.py:154] [basehttp:log_message] [INFO]- "GET /statistic/admin/ HTTP/1.1" 200 3936
[2020-03-27 17:50:24,400] [basehttp.py:154] [basehttp:log_message] [INFO]- "GET /admin/view/ HTTP/1.1" 200 10617
[2020-03-27 17:50:24,405] [basehttp.py:154] [basehttp:log_message] [INFO]- "GET /manufacturer/view/ HTTP/1.1" 200 11393
[2020-03-27 17:50:24,410] [basehttp.py:154] [basehttp:log_message] [INFO]- "GET /dtu_user/view/ HTTP/1.1" 200 10678
[2020-03-27 17:50:24,416] [basehttp.py:154] [basehttp:log_message] [INFO]- "GET /dtu_region/view/ HTTP/1.1" 200 6896
[2020-03-27 17:50:24,421] [basehttp.py:154] [basehttp:log_message] [INFO]- "GET /dtu/view/ HTTP/1.1" 200 8838
[2020-03-27 17:50:24,424] [basehttp.py:154] [basehttp:log_message] [INFO]- "GET /meter/view/ HTTP/1.1" 200 19332
[2020-03-27 17:50:24,602] [common.py:63] [common:get_action_handler] [INFO]- 当前正在操作action：query_admin
[2020-03-27 17:50:24,609] [common.py:63] [common:get_action_handler] [INFO]- 当前正在操作action：query_manufacturer
[2020-03-27 17:50:24,618] [basehttp.py:154] [basehttp:log_message] [INFO]- "GET /handler/admin/?action=query_admin&page=1&limit=10 HTTP/1.1" 200 418
[2020-03-27 17:50:24,623] [common.py:63] [common:get_action_handler] [INFO]- 当前正在操作action：query_dtu_user
[2020-03-27 17:50:24,632] [common.py:63] [common:get_action_handler] [INFO]- 当前正在操作action：query_dtu_region
[2020-03-27 17:50:24,640] [basehttp.py:154] [basehttp:log_message] [INFO]- "GET /handler/dtu_user/?action=query_dtu_user&page=1&limit=10 HTTP/1.1" 200 239
[2020-03-27 17:50:24,648] [basehttp.py:154] [basehttp:log_message] [INFO]- "GET /handler/manufacturer/?action=query_manufacturer&page=1&limit=10 HTTP/1.1" 200 1235
[2020-03-27 17:50:24,653] [common.py:63] [common:get_action_handler] [INFO]- 当前正在操作action：query_dtu
[2020-03-27 17:50:24,666] [common.py:63] [common:get_action_handler] [INFO]- 当前正在操作action：query_manufacturer
[2020-03-27 17:50:24,683] [basehttp.py:154] [basehttp:log_message] [INFO]- "GET /handler/dtu_region/?action=query_dtu_region&page=1&limit=10 HTTP/1.1" 200 474
[2020-03-27 17:50:24,689] [basehttp.py:154] [basehttp:log_message] [INFO]- "GET /handler/dtu/?action=query_dtu&page=1&limit=10 HTTP/1.1" 200 948
[2020-03-27 17:50:24,698] [common.py:63] [common:get_action_handler] [INFO]- 当前正在操作action：query_dtu_user
[2020-03-27 17:50:24,699] [basehttp.py:154] [basehttp:log_message] [INFO]- "GET /handler/manufacturer/?param=%7B%7D&action=query_manufacturer HTTP/1.1" 200 1235
[2020-03-27 17:50:24,701] [common.py:63] [common:get_action_handler] [INFO]- 当前正在操作action：query_meter
[2020-03-27 17:50:24,712] [basehttp.py:154] [basehttp:log_message] [INFO]- "GET /handler/dtu_user/?param=%7B%7D&action=query_dtu_user HTTP/1.1" 200 239
[2020-03-27 17:50:24,713] [common.py:63] [common:get_action_handler] [INFO]- 当前正在操作action：query_manufacturer
[2020-03-27 17:50:24,726] [basehttp.py:154] [basehttp:log_message] [INFO]- "GET /handler/meter/?action=query_meter&page=1&limit=10 HTTP/1.1" 200 846
[2020-03-27 17:50:24,735] [basehttp.py:154] [basehttp:log_message] [INFO]- "GET /handler/manufacturer/?param=%7B%7D&action=query_manufacturer HTTP/1.1" 200 1235
[2020-03-27 19:35:43,454] [autoreload.py:203] [autoreload:trigger_reload] [INFO]- D:\project\python\flowmeter\flowmeter\applications\api\meter.py changed, reloading.
[2020-03-27 19:35:44,230] [autoreload.py:578] [autoreload:run_with_reloader] [INFO]- Watching for file changes with StatReloader
[2020-03-27 19:39:19,673] [autoreload.py:203] [autoreload:trigger_reload] [INFO]- D:\project\python\flowmeter\flowmeter\config\const.py changed, reloading.
[2020-03-27 19:39:20,434] [autoreload.py:578] [autoreload:run_with_reloader] [INFO]- Watching for file changes with StatReloader
[2020-03-27 19:41:13,018] [autoreload.py:203] [autoreload:trigger_reload] [INFO]- D:\project\python\flowmeter\flowmeter\config\db\history_data_table.py changed, reloading.
[2020-03-27 19:41:13,792] [autoreload.py:578] [autoreload:run_with_reloader] [INFO]- Watching for file changes with StatReloader
[2020-03-27 19:41:50,419] [autoreload.py:203] [autoreload:trigger_reload] [INFO]- D:\project\python\flowmeter\flowmeter\migrations\0050_meterhistorydata.py changed, reloading.
[2020-03-27 19:41:51,187] [autoreload.py:578] [autoreload:run_with_reloader] [INFO]- Watching for file changes with StatReloader
[2020-03-28 16:44:06,350] [basehttp.py:154] [basehttp:log_message] [INFO]- "GET /index/ HTTP/1.1" 200 13562
[2020-03-28 16:44:06,412] [basehttp.py:154] [basehttp:log_message] [INFO]- "GET /statistic/admin/ HTTP/1.1" 200 3936
[2020-03-28 16:44:06,431] [basehttp.py:154] [basehttp:log_message] [INFO]- "GET /admin/view/ HTTP/1.1" 200 10617
[2020-03-28 16:44:06,432] [basehttp.py:154] [basehttp:log_message] [INFO]- "GET /manufacturer/view/ HTTP/1.1" 200 11393
[2020-03-28 16:44:06,439] [basehttp.py:154] [basehttp:log_message] [INFO]- "GET /dtu_user/view/ HTTP/1.1" 200 10678
[2020-03-28 16:44:06,443] [basehttp.py:154] [basehttp:log_message] [INFO]- "GET /dtu_region/view/ HTTP/1.1" 200 6896
[2020-03-28 16:44:06,447] [basehttp.py:154] [basehttp:log_message] [INFO]- "GET /dtu/view/ HTTP/1.1" 200 8838
[2020-03-28 16:44:06,450] [basehttp.py:154] [basehttp:log_message] [INFO]- "GET /meter/view/ HTTP/1.1" 200 19332
[2020-03-28 16:44:06,630] [common.py:63] [common:get_action_handler] [INFO]- 当前正在操作action：query_admin
[2020-03-28 16:44:06,642] [basehttp.py:154] [basehttp:log_message] [INFO]- "GET /handler/admin/?action=query_admin&page=1&limit=10 HTTP/1.1" 200 418
[2020-03-28 16:44:06,643] [common.py:63] [common:get_action_handler] [INFO]- 当前正在操作action：query_manufacturer
[2020-03-28 16:44:06,650] [common.py:63] [common:get_action_handler] [INFO]- 当前正在操作action：query_dtu_user
[2020-03-28 16:44:06,660] [basehttp.py:154] [basehttp:log_message] [INFO]- "GET /handler/dtu_user/?action=query_dtu_user&page=1&limit=10 HTTP/1.1" 200 239
[2020-03-28 16:44:06,671] [common.py:63] [common:get_action_handler] [INFO]- 当前正在操作action：query_dtu
[2020-03-28 16:44:06,672] [basehttp.py:154] [basehttp:log_message] [INFO]- "GET /handler/manufacturer/?action=query_manufacturer&page=1&limit=10 HTTP/1.1" 200 1235
[2020-03-28 16:44:06,679] [common.py:63] [common:get_action_handler] [INFO]- 当前正在操作action：query_manufacturer
[2020-03-28 16:44:06,688] [common.py:63] [common:get_action_handler] [INFO]- 当前正在操作action：query_dtu_user
[2020-03-28 16:44:06,698] [basehttp.py:154] [basehttp:log_message] [INFO]- "GET /handler/dtu/?action=query_dtu&page=1&limit=10 HTTP/1.1" 200 948
[2020-03-28 16:44:06,701] [basehttp.py:154] [basehttp:log_message] [INFO]- "GET /handler/dtu_user/?param=%7B%7D&action=query_dtu_user HTTP/1.1" 200 239
[2020-03-28 16:44:06,709] [common.py:63] [common:get_action_handler] [INFO]- 当前正在操作action：query_dtu_region
[2020-03-28 16:44:06,710] [common.py:63] [common:get_action_handler] [INFO]- 当前正在操作action：query_meter
[2020-03-28 16:44:06,715] [basehttp.py:154] [basehttp:log_message] [INFO]- "GET /handler/manufacturer/?param=%7B%7D&action=query_manufacturer HTTP/1.1" 200 1235
[2020-03-28 16:44:06,747] [common.py:63] [common:get_action_handler] [INFO]- 当前正在操作action：query_manufacturer
[2020-03-28 16:44:06,768] [basehttp.py:154] [basehttp:log_message] [INFO]- "GET /handler/meter/?action=query_meter&page=1&limit=10 HTTP/1.1" 200 846
[2020-03-28 16:44:06,783] [basehttp.py:154] [basehttp:log_message] [INFO]- "GET /handler/dtu_region/?action=query_dtu_region&page=1&limit=10 HTTP/1.1" 200 474
[2020-03-28 16:44:06,784] [basehttp.py:154] [basehttp:log_message] [INFO]- "GET /handler/manufacturer/?param=%7B%7D&action=query_manufacturer HTTP/1.1" 200 1235
[2020-03-28 16:44:14,328] [basehttp.py:154] [basehttp:log_message] [INFO]- "GET /dtu/view/ HTTP/1.1" 200 8838
[2020-03-28 16:44:14,389] [common.py:63] [common:get_action_handler] [INFO]- 当前正在操作action：query_dtu
[2020-03-28 16:44:14,392] [common.py:63] [common:get_action_handler] [INFO]- 当前正在操作action：query_manufacturer
[2020-03-28 16:44:14,393] [common.py:63] [common:get_action_handler] [INFO]- 当前正在操作action：query_dtu_user
[2020-03-28 16:44:14,408] [basehttp.py:154] [basehttp:log_message] [INFO]- "GET /handler/dtu_user/?param=%7B%7D&action=query_dtu_user HTTP/1.1" 200 239
[2020-03-28 16:44:14,411] [basehttp.py:154] [basehttp:log_message] [INFO]- "GET /handler/dtu/?action=query_dtu&page=1&limit=10 HTTP/1.1" 200 948
[2020-03-28 16:44:14,416] [basehttp.py:154] [basehttp:log_message] [INFO]- "GET /handler/manufacturer/?param=%7B%7D&action=query_manufacturer HTTP/1.1" 200 1235
[2020-03-28 16:44:16,564] [basehttp.py:154] [basehttp:log_message] [INFO]- "GET /meter/view/ HTTP/1.1" 200 19332
[2020-03-28 16:44:16,623] [common.py:63] [common:get_action_handler] [INFO]- 当前正在操作action：query_meter
[2020-03-28 16:44:16,626] [common.py:63] [common:get_action_handler] [INFO]- 当前正在操作action：query_manufacturer
[2020-03-28 16:44:16,639] [basehttp.py:154] [basehttp:log_message] [INFO]- "GET /handler/meter/?action=query_meter&page=1&limit=10 HTTP/1.1" 200 846
[2020-03-28 16:44:16,643] [basehttp.py:154] [basehttp:log_message] [INFO]- "GET /handler/manufacturer/?param=%7B%7D&action=query_manufacturer HTTP/1.1" 200 1235
[2020-03-28 16:44:31,789] [basehttp.py:154] [basehttp:log_message] [INFO]- "GET /log/opr/view/ HTTP/1.1" 200 9870
[2020-03-28 16:44:31,830] [common.py:63] [common:get_action_handler] [INFO]- 当前正在操作action：query_opr_log
[2020-03-28 16:44:31,845] [basehttp.py:154] [basehttp:log_message] [INFO]- "GET /handler/log/?action=query_opr_log&page=1&limit=10 HTTP/1.1" 200 1056
[2020-03-28 16:44:38,968] [basehttp.py:154] [basehttp:log_message] [INFO]- "GET /dtu/view/ HTTP/1.1" 200 8838
[2020-03-28 16:44:39,029] [common.py:63] [common:get_action_handler] [INFO]- 当前正在操作action：query_dtu
[2020-03-28 16:44:39,033] [common.py:63] [common:get_action_handler] [INFO]- 当前正在操作action：query_manufacturer
[2020-03-28 16:44:39,033] [common.py:63] [common:get_action_handler] [INFO]- 当前正在操作action：query_dtu_user
[2020-03-28 16:44:39,048] [basehttp.py:154] [basehttp:log_message] [INFO]- "GET /handler/dtu_user/?param=%7B%7D&action=query_dtu_user HTTP/1.1" 200 239
[2020-03-28 16:44:39,054] [basehttp.py:154] [basehttp:log_message] [INFO]- "GET /handler/dtu/?action=query_dtu&page=1&limit=10 HTTP/1.1" 200 948
[2020-03-28 16:44:39,059] [basehttp.py:154] [basehttp:log_message] [INFO]- "GET /handler/manufacturer/?param=%7B%7D&action=query_manufacturer HTTP/1.1" 200 1235
[2020-03-28 16:44:44,803] [basehttp.py:154] [basehttp:log_message] [INFO]- "GET /index/ HTTP/1.1" 200 13562
[2020-03-28 16:44:44,842] [basehttp.py:154] [basehttp:log_message] [INFO]- "GET /statistic/admin/ HTTP/1.1" 200 3936
[2020-03-28 16:44:44,848] [basehttp.py:154] [basehttp:log_message] [INFO]- "GET /admin/view/ HTTP/1.1" 200 10617
[2020-03-28 16:44:44,856] [basehttp.py:154] [basehttp:log_message] [INFO]- "GET /manufacturer/view/ HTTP/1.1" 200 11393
[2020-03-28 16:44:44,856] [basehttp.py:154] [basehttp:log_message] [INFO]- "GET /dtu_user/view/ HTTP/1.1" 200 10678
[2020-03-28 16:44:44,860] [basehttp.py:154] [basehttp:log_message] [INFO]- "GET /dtu_region/view/ HTTP/1.1" 200 6896
[2020-03-28 16:44:44,866] [basehttp.py:154] [basehttp:log_message] [INFO]- "GET /dtu/view/ HTTP/1.1" 200 8838
[2020-03-28 16:44:44,868] [basehttp.py:154] [basehttp:log_message] [INFO]- "GET /meter/view/ HTTP/1.1" 200 19332
[2020-03-28 16:44:44,869] [basehttp.py:154] [basehttp:log_message] [INFO]- "GET /log/opr/view/ HTTP/1.1" 200 9870
[2020-03-28 16:44:45,052] [common.py:63] [common:get_action_handler] [INFO]- 当前正在操作action：query_manufacturer
[2020-03-28 16:44:45,062] [common.py:63] [common:get_action_handler] [INFO]- 当前正在操作action：query_dtu_user
[2020-03-28 16:44:45,075] [common.py:63] [common:get_action_handler] [INFO]- 当前正在操作action：query_admin
[2020-03-28 16:44:45,077] [basehttp.py:154] [basehttp:log_message] [INFO]- "GET /handler/dtu_user/?action=query_dtu_user&page=1&limit=10 HTTP/1.1" 200 239
[2020-03-28 16:44:45,084] [basehttp.py:154] [basehttp:log_message] [INFO]- "GET /handler/manufacturer/?action=query_manufacturer&page=1&limit=10 HTTP/1.1" 200 1235
[2020-03-28 16:44:45,087] [basehttp.py:154] [basehttp:log_message] [INFO]- "GET /handler/admin/?action=query_admin&page=1&limit=10 HTTP/1.1" 200 418
[2020-03-28 16:44:45,088] [common.py:63] [common:get_action_handler] [INFO]- 当前正在操作action：query_opr_log
[2020-03-28 16:44:45,093] [common.py:63] [common:get_action_handler] [INFO]- 当前正在操作action：query_dtu_region
[2020-03-28 16:44:45,102] [common.py:63] [common:get_action_handler] [INFO]- 当前正在操作action：query_dtu
[2020-03-28 16:44:45,131] [basehttp.py:154] [basehttp:log_message] [INFO]- "GET /handler/log/?action=query_opr_log&page=1&limit=10 HTTP/1.1" 200 1056
[2020-03-28 16:44:45,134] [basehttp.py:154] [basehttp:log_message] [INFO]- "GET /handler/dtu/?action=query_dtu&page=1&limit=10 HTTP/1.1" 200 948
[2020-03-28 16:44:45,139] [basehttp.py:154] [basehttp:log_message] [INFO]- "GET /handler/dtu_region/?action=query_dtu_region&page=1&limit=10 HTTP/1.1" 200 474
[2020-03-28 16:44:45,140] [common.py:63] [common:get_action_handler] [INFO]- 当前正在操作action：query_manufacturer
[2020-03-28 16:44:45,144] [common.py:63] [common:get_action_handler] [INFO]- 当前正在操作action：query_dtu_user
[2020-03-28 16:44:45,152] [common.py:63] [common:get_action_handler] [INFO]- 当前正在操作action：query_meter
[2020-03-28 16:44:45,156] [basehttp.py:154] [basehttp:log_message] [INFO]- "GET /handler/dtu_user/?param=%7B%7D&action=query_dtu_user HTTP/1.1" 200 239
[2020-03-28 16:44:45,169] [basehttp.py:154] [basehttp:log_message] [INFO]- "GET /handler/manufacturer/?param=%7B%7D&action=query_manufacturer HTTP/1.1" 200 1235
[2020-03-28 16:44:45,174] [basehttp.py:154] [basehttp:log_message] [INFO]- "GET /handler/meter/?action=query_meter&page=1&limit=10 HTTP/1.1" 200 846
[2020-03-28 16:44:45,175] [common.py:63] [common:get_action_handler] [INFO]- 当前正在操作action：query_manufacturer
[2020-03-28 16:44:45,191] [basehttp.py:154] [basehttp:log_message] [INFO]- "GET /handler/manufacturer/?param=%7B%7D&action=query_manufacturer HTTP/1.1" 200 1235
[2020-03-28 16:44:50,731] [basehttp.py:154] [basehttp:log_message] [INFO]- "GET /dtu/view/ HTTP/1.1" 200 8838
[2020-03-28 16:44:50,793] [common.py:63] [common:get_action_handler] [INFO]- 当前正在操作action：query_dtu
[2020-03-28 16:44:50,795] [common.py:63] [common:get_action_handler] [INFO]- 当前正在操作action：query_manufacturer
[2020-03-28 16:44:50,795] [common.py:63] [common:get_action_handler] [INFO]- 当前正在操作action：query_dtu_user
[2020-03-28 16:44:50,812] [basehttp.py:154] [basehttp:log_message] [INFO]- "GET /handler/dtu_user/?param=%7B%7D&action=query_dtu_user HTTP/1.1" 200 239
[2020-03-28 16:44:50,822] [basehttp.py:154] [basehttp:log_message] [INFO]- "GET /handler/dtu/?action=query_dtu&page=1&limit=10 HTTP/1.1" 200 948
[2020-03-28 16:44:50,824] [basehttp.py:154] [basehttp:log_message] [INFO]- "GET /handler/manufacturer/?param=%7B%7D&action=query_manufacturer HTTP/1.1" 200 1235
[2020-03-28 16:44:51,615] [basehttp.py:154] [basehttp:log_message] [INFO]- "GET /meter/view/ HTTP/1.1" 200 19332
[2020-03-28 16:44:51,686] [common.py:63] [common:get_action_handler] [INFO]- 当前正在操作action：query_meter
[2020-03-28 16:44:51,688] [common.py:63] [common:get_action_handler] [INFO]- 当前正在操作action：query_manufacturer
[2020-03-28 16:44:51,703] [basehttp.py:154] [basehttp:log_message] [INFO]- "GET /handler/meter/?action=query_meter&page=1&limit=10 HTTP/1.1" 200 846
[2020-03-28 16:44:51,710] [basehttp.py:154] [basehttp:log_message] [INFO]- "GET /handler/manufacturer/?param=%7B%7D&action=query_manufacturer HTTP/1.1" 200 1235
[2020-03-28 16:44:51,922] [basehttp.py:154] [basehttp:log_message] [INFO]- "GET /dtu/view/ HTTP/1.1" 200 8838
[2020-03-28 16:44:51,958] [common.py:63] [common:get_action_handler] [INFO]- 当前正在操作action：query_dtu
[2020-03-28 16:44:51,963] [common.py:63] [common:get_action_handler] [INFO]- 当前正在操作action：query_dtu_user
[2020-03-28 16:44:51,963] [common.py:63] [common:get_action_handler] [INFO]- 当前正在操作action：query_manufacturer
[2020-03-28 16:44:51,978] [basehttp.py:154] [basehttp:log_message] [INFO]- "GET /handler/dtu_user/?param=%7B%7D&action=query_dtu_user HTTP/1.1" 200 239
[2020-03-28 16:44:51,983] [basehttp.py:154] [basehttp:log_message] [INFO]- "GET /handler/dtu/?action=query_dtu&page=1&limit=10 HTTP/1.1" 200 948
[2020-03-28 16:44:51,989] [basehttp.py:154] [basehttp:log_message] [INFO]- "GET /handler/manufacturer/?param=%7B%7D&action=query_manufacturer HTTP/1.1" 200 1235
[2020-03-28 16:44:52,350] [basehttp.py:154] [basehttp:log_message] [INFO]- "GET /role/view/ HTTP/1.1" 200 4075
[2020-03-28 16:44:52,383] [common.py:63] [common:get_action_handler] [INFO]- 当前正在操作action：query_role
[2020-03-28 16:44:52,385] [basehttp.py:154] [basehttp:log_message] [INFO]- "GET /handler/auth/?action=query_role&page=1&limit=10 HTTP/1.1" 200 294
[2020-03-28 16:44:52,710] [basehttp.py:154] [basehttp:log_message] [INFO]- "GET /dtu/view/ HTTP/1.1" 200 8838
[2020-03-28 16:44:52,763] [common.py:63] [common:get_action_handler] [INFO]- 当前正在操作action：query_dtu
[2020-03-28 16:44:52,767] [common.py:63] [common:get_action_handler] [INFO]- 当前正在操作action：query_manufacturer
[2020-03-28 16:44:52,767] [common.py:63] [common:get_action_handler] [INFO]- 当前正在操作action：query_dtu_user
[2020-03-28 16:44:52,780] [basehttp.py:154] [basehttp:log_message] [INFO]- "GET /handler/dtu_user/?param=%7B%7D&action=query_dtu_user HTTP/1.1" 200 239
[2020-03-28 16:44:52,786] [basehttp.py:154] [basehttp:log_message] [INFO]- "GET /handler/dtu/?action=query_dtu&page=1&limit=10 HTTP/1.1" 200 948
[2020-03-28 16:44:52,791] [basehttp.py:154] [basehttp:log_message] [INFO]- "GET /handler/manufacturer/?param=%7B%7D&action=query_manufacturer HTTP/1.1" 200 1235
[2020-03-28 16:45:49,958] [basehttp.py:154] [basehttp:log_message] [INFO]- "GET /role/view/ HTTP/1.1" 200 4075
[2020-03-28 16:45:50,018] [common.py:63] [common:get_action_handler] [INFO]- 当前正在操作action：query_role
[2020-03-28 16:45:50,019] [basehttp.py:154] [basehttp:log_message] [INFO]- "GET /handler/auth/?action=query_role&page=1&limit=10 HTTP/1.1" 200 294
[2020-03-28 16:45:50,412] [basehttp.py:154] [basehttp:log_message] [INFO]- "GET /dtu_user/view/ HTTP/1.1" 200 10678
[2020-03-28 16:45:50,463] [common.py:63] [common:get_action_handler] [INFO]- 当前正在操作action：query_dtu_user
[2020-03-28 16:45:50,467] [basehttp.py:154] [basehttp:log_message] [INFO]- "GET /handler/dtu_user/?action=query_dtu_user&page=1&limit=10 HTTP/1.1" 200 239
[2020-03-28 16:45:50,700] [basehttp.py:154] [basehttp:log_message] [INFO]- "GET /dtu_user/view/ HTTP/1.1" 200 10678
[2020-03-28 16:45:50,741] [common.py:63] [common:get_action_handler] [INFO]- 当前正在操作action：query_dtu_user
[2020-03-28 16:45:50,745] [basehttp.py:154] [basehttp:log_message] [INFO]- "GET /handler/dtu_user/?action=query_dtu_user&page=1&limit=10 HTTP/1.1" 200 239
[2020-03-28 16:45:51,120] [basehttp.py:154] [basehttp:log_message] [INFO]- "GET /manufacturer/view/ HTTP/1.1" 200 11393
[2020-03-28 16:45:51,166] [common.py:63] [common:get_action_handler] [INFO]- 当前正在操作action：query_manufacturer
[2020-03-28 16:45:51,182] [basehttp.py:154] [basehttp:log_message] [INFO]- "GET /handler/manufacturer/?action=query_manufacturer&page=1&limit=10 HTTP/1.1" 200 1235
[2020-03-28 16:45:51,366] [basehttp.py:154] [basehttp:log_message] [INFO]- "GET /admin/view/ HTTP/1.1" 200 10617
[2020-03-28 16:45:51,409] [common.py:63] [common:get_action_handler] [INFO]- 当前正在操作action：query_admin
[2020-03-28 16:45:51,418] [basehttp.py:154] [basehttp:log_message] [INFO]- "GET /handler/admin/?action=query_admin&page=1&limit=10 HTTP/1.1" 200 418
[2020-03-28 16:45:51,619] [basehttp.py:154] [basehttp:log_message] [INFO]- "GET /dtu_user/view/ HTTP/1.1" 200 10678
[2020-03-28 16:45:51,673] [common.py:63] [common:get_action_handler] [INFO]- 当前正在操作action：query_dtu_user
[2020-03-28 16:45:51,677] [basehttp.py:154] [basehttp:log_message] [INFO]- "GET /handler/dtu_user/?action=query_dtu_user&page=1&limit=10 HTTP/1.1" 200 239
[2020-03-28 16:45:51,855] [basehttp.py:154] [basehttp:log_message] [INFO]- "GET /dtu_region/view/ HTTP/1.1" 200 6896
[2020-03-28 16:45:51,898] [common.py:63] [common:get_action_handler] [INFO]- 当前正在操作action：query_dtu_region
[2020-03-28 16:45:51,916] [basehttp.py:154] [basehttp:log_message] [INFO]- "GET /handler/dtu_region/?action=query_dtu_region&page=1&limit=10 HTTP/1.1" 200 474
[2020-03-28 16:45:52,059] [basehttp.py:154] [basehttp:log_message] [INFO]- "GET /dtu/view/ HTTP/1.1" 200 8838
[2020-03-28 16:45:52,119] [common.py:63] [common:get_action_handler] [INFO]- 当前正在操作action：query_dtu
[2020-03-28 16:45:52,121] [common.py:63] [common:get_action_handler] [INFO]- 当前正在操作action：query_dtu_user
[2020-03-28 16:45:52,121] [common.py:63] [common:get_action_handler] [INFO]- 当前正在操作action：query_manufacturer
[2020-03-28 16:45:52,136] [basehttp.py:154] [basehttp:log_message] [INFO]- "GET /handler/dtu_user/?param=%7B%7D&action=query_dtu_user HTTP/1.1" 200 239
[2020-03-28 16:45:52,145] [basehttp.py:154] [basehttp:log_message] [INFO]- "GET /handler/dtu/?action=query_dtu&page=1&limit=10 HTTP/1.1" 200 948
[2020-03-28 16:45:52,149] [basehttp.py:154] [basehttp:log_message] [INFO]- "GET /handler/manufacturer/?param=%7B%7D&action=query_manufacturer HTTP/1.1" 200 1235
[2020-03-28 16:45:52,327] [basehttp.py:154] [basehttp:log_message] [INFO]- "GET /dtu/view/ HTTP/1.1" 200 8838
[2020-03-28 16:45:52,369] [common.py:63] [common:get_action_handler] [INFO]- 当前正在操作action：query_dtu
[2020-03-28 16:45:52,373] [common.py:63] [common:get_action_handler] [INFO]- 当前正在操作action：query_dtu_user
[2020-03-28 16:45:52,374] [common.py:63] [common:get_action_handler] [INFO]- 当前正在操作action：query_manufacturer
[2020-03-28 16:45:52,387] [basehttp.py:154] [basehttp:log_message] [INFO]- "GET /handler/dtu_user/?param=%7B%7D&action=query_dtu_user HTTP/1.1" 200 239
[2020-03-28 16:45:52,393] [basehttp.py:154] [basehttp:log_message] [INFO]- "GET /handler/dtu/?action=query_dtu&page=1&limit=10 HTTP/1.1" 200 948
[2020-03-28 16:45:52,397] [basehttp.py:154] [basehttp:log_message] [INFO]- "GET /handler/manufacturer/?param=%7B%7D&action=query_manufacturer HTTP/1.1" 200 1235
[2020-03-28 16:45:52,613] [basehttp.py:154] [basehttp:log_message] [INFO]- "GET /dtu/view/ HTTP/1.1" 200 8838
[2020-03-28 16:45:52,652] [common.py:63] [common:get_action_handler] [INFO]- 当前正在操作action：query_dtu
[2020-03-28 16:45:52,656] [common.py:63] [common:get_action_handler] [INFO]- 当前正在操作action：query_manufacturer
[2020-03-28 16:45:52,657] [common.py:63] [common:get_action_handler] [INFO]- 当前正在操作action：query_dtu_user
[2020-03-28 16:45:52,672] [basehttp.py:154] [basehttp:log_message] [INFO]- "GET /handler/dtu_user/?param=%7B%7D&action=query_dtu_user HTTP/1.1" 200 239
[2020-03-28 16:45:52,675] [basehttp.py:154] [basehttp:log_message] [INFO]- "GET /handler/dtu/?action=query_dtu&page=1&limit=10 HTTP/1.1" 200 948
[2020-03-28 16:45:52,679] [basehttp.py:154] [basehttp:log_message] [INFO]- "GET /handler/manufacturer/?param=%7B%7D&action=query_manufacturer HTTP/1.1" 200 1235
[2020-03-28 16:45:53,961] [basehttp.py:154] [basehttp:log_message] [INFO]- "GET /dtu/view/ HTTP/1.1" 200 8838
[2020-03-28 16:45:54,012] [common.py:63] [common:get_action_handler] [INFO]- 当前正在操作action：query_dtu
[2020-03-28 16:45:54,016] [common.py:63] [common:get_action_handler] [INFO]- 当前正在操作action：query_manufacturer
[2020-03-28 16:45:54,019] [common.py:63] [common:get_action_handler] [INFO]- 当前正在操作action：query_dtu_user
[2020-03-28 16:45:54,035] [basehttp.py:154] [basehttp:log_message] [INFO]- "GET /handler/dtu_user/?param=%7B%7D&action=query_dtu_user HTTP/1.1" 200 239
[2020-03-28 16:45:54,039] [basehttp.py:154] [basehttp:log_message] [INFO]- "GET /handler/dtu/?action=query_dtu&page=1&limit=10 HTTP/1.1" 200 948
[2020-03-28 16:45:54,042] [basehttp.py:154] [basehttp:log_message] [INFO]- "GET /handler/manufacturer/?param=%7B%7D&action=query_manufacturer HTTP/1.1" 200 1235
[2020-03-28 16:45:54,280] [basehttp.py:154] [basehttp:log_message] [INFO]- "GET /role/view/ HTTP/1.1" 200 4075
[2020-03-28 16:45:54,324] [common.py:63] [common:get_action_handler] [INFO]- 当前正在操作action：query_role
[2020-03-28 16:45:54,325] [basehttp.py:154] [basehttp:log_message] [INFO]- "GET /handler/auth/?action=query_role&page=1&limit=10 HTTP/1.1" 200 294
[2020-03-28 16:45:54,537] [basehttp.py:154] [basehttp:log_message] [INFO]- "GET /dtu/view/ HTTP/1.1" 200 8838
[2020-03-28 16:45:54,583] [common.py:63] [common:get_action_handler] [INFO]- 当前正在操作action：query_dtu
[2020-03-28 16:45:54,587] [common.py:63] [common:get_action_handler] [INFO]- 当前正在操作action：query_dtu_user
[2020-03-28 16:45:54,587] [common.py:63] [common:get_action_handler] [INFO]- 当前正在操作action：query_manufacturer
[2020-03-28 16:45:54,603] [basehttp.py:154] [basehttp:log_message] [INFO]- "GET /handler/dtu_user/?param=%7B%7D&action=query_dtu_user HTTP/1.1" 200 239
[2020-03-28 16:45:54,608] [basehttp.py:154] [basehttp:log_message] [INFO]- "GET /handler/dtu/?action=query_dtu&page=1&limit=10 HTTP/1.1" 200 948
[2020-03-28 16:45:54,611] [basehttp.py:154] [basehttp:log_message] [INFO]- "GET /handler/manufacturer/?param=%7B%7D&action=query_manufacturer HTTP/1.1" 200 1235
[2020-03-28 16:45:54,924] [basehttp.py:154] [basehttp:log_message] [INFO]- "GET /role/view/ HTTP/1.1" 200 4075
[2020-03-28 16:45:54,956] [common.py:63] [common:get_action_handler] [INFO]- 当前正在操作action：query_role
[2020-03-28 16:45:54,958] [basehttp.py:154] [basehttp:log_message] [INFO]- "GET /handler/auth/?action=query_role&page=1&limit=10 HTTP/1.1" 200 294
[2020-03-28 16:45:55,123] [basehttp.py:154] [basehttp:log_message] [INFO]- "GET /dtu/view/ HTTP/1.1" 200 8838
[2020-03-28 16:45:55,160] [common.py:63] [common:get_action_handler] [INFO]- 当前正在操作action：query_dtu
[2020-03-28 16:45:55,165] [common.py:63] [common:get_action_handler] [INFO]- 当前正在操作action：query_manufacturer
[2020-03-28 16:45:55,166] [common.py:63] [common:get_action_handler] [INFO]- 当前正在操作action：query_dtu_user
[2020-03-28 16:45:55,180] [basehttp.py:154] [basehttp:log_message] [INFO]- "GET /handler/dtu_user/?param=%7B%7D&action=query_dtu_user HTTP/1.1" 200 239
[2020-03-28 16:45:55,186] [basehttp.py:154] [basehttp:log_message] [INFO]- "GET /handler/dtu/?action=query_dtu&page=1&limit=10 HTTP/1.1" 200 948
[2020-03-28 16:45:55,192] [basehttp.py:154] [basehttp:log_message] [INFO]- "GET /handler/manufacturer/?param=%7B%7D&action=query_manufacturer HTTP/1.1" 200 1235
[2020-03-28 16:45:55,353] [basehttp.py:154] [basehttp:log_message] [INFO]- "GET /role/view/ HTTP/1.1" 200 4075
[2020-03-28 16:45:55,404] [common.py:63] [common:get_action_handler] [INFO]- 当前正在操作action：query_role
[2020-03-28 16:45:55,406] [basehttp.py:154] [basehttp:log_message] [INFO]- "GET /handler/auth/?action=query_role&page=1&limit=10 HTTP/1.1" 200 294
[2020-03-28 16:45:55,559] [basehttp.py:154] [basehttp:log_message] [INFO]- "GET /dtu/view/ HTTP/1.1" 200 8838
[2020-03-28 16:45:55,596] [common.py:63] [common:get_action_handler] [INFO]- 当前正在操作action：query_dtu
[2020-03-28 16:45:55,600] [common.py:63] [common:get_action_handler] [INFO]- 当前正在操作action：query_manufacturer
[2020-03-28 16:45:55,600] [common.py:63] [common:get_action_handler] [INFO]- 当前正在操作action：query_dtu_user
[2020-03-28 16:45:55,617] [basehttp.py:154] [basehttp:log_message] [INFO]- "GET /handler/dtu_user/?param=%7B%7D&action=query_dtu_user HTTP/1.1" 200 239
[2020-03-28 16:45:55,622] [basehttp.py:154] [basehttp:log_message] [INFO]- "GET /handler/dtu/?action=query_dtu&page=1&limit=10 HTTP/1.1" 200 948
[2020-03-28 16:45:55,626] [basehttp.py:154] [basehttp:log_message] [INFO]- "GET /handler/manufacturer/?param=%7B%7D&action=query_manufacturer HTTP/1.1" 200 1235
[2020-03-28 16:45:55,771] [basehttp.py:154] [basehttp:log_message] [INFO]- "GET /role/view/ HTTP/1.1" 200 4075
[2020-03-28 16:45:55,813] [common.py:63] [common:get_action_handler] [INFO]- 当前正在操作action：query_role
[2020-03-28 16:45:55,815] [basehttp.py:154] [basehttp:log_message] [INFO]- "GET /handler/auth/?action=query_role&page=1&limit=10 HTTP/1.1" 200 294
[2020-03-28 16:45:55,973] [basehttp.py:154] [basehttp:log_message] [INFO]- "GET /dtu/view/ HTTP/1.1" 200 8838
[2020-03-28 16:45:56,011] [common.py:63] [common:get_action_handler] [INFO]- 当前正在操作action：query_dtu
[2020-03-28 16:45:56,017] [common.py:63] [common:get_action_handler] [INFO]- 当前正在操作action：query_dtu_user
[2020-03-28 16:45:56,017] [common.py:63] [common:get_action_handler] [INFO]- 当前正在操作action：query_manufacturer
[2020-03-28 16:45:56,032] [basehttp.py:154] [basehttp:log_message] [INFO]- "GET /handler/dtu_user/?param=%7B%7D&action=query_dtu_user HTTP/1.1" 200 239
[2020-03-28 16:45:56,037] [basehttp.py:154] [basehttp:log_message] [INFO]- "GET /handler/dtu/?action=query_dtu&page=1&limit=10 HTTP/1.1" 200 948
[2020-03-28 16:45:56,043] [basehttp.py:154] [basehttp:log_message] [INFO]- "GET /handler/manufacturer/?param=%7B%7D&action=query_manufacturer HTTP/1.1" 200 1235
[2020-03-28 16:45:56,231] [basehttp.py:154] [basehttp:log_message] [INFO]- "GET /role/view/ HTTP/1.1" 200 4075
[2020-03-28 16:45:56,286] [common.py:63] [common:get_action_handler] [INFO]- 当前正在操作action：query_role
[2020-03-28 16:45:56,288] [basehttp.py:154] [basehttp:log_message] [INFO]- "GET /handler/auth/?action=query_role&page=1&limit=10 HTTP/1.1" 200 294
[2020-03-28 16:45:56,457] [basehttp.py:154] [basehttp:log_message] [INFO]- "GET /dtu/view/ HTTP/1.1" 200 8838
[2020-03-28 16:45:56,495] [common.py:63] [common:get_action_handler] [INFO]- 当前正在操作action：query_dtu
[2020-03-28 16:45:56,498] [common.py:63] [common:get_action_handler] [INFO]- 当前正在操作action：query_manufacturer
[2020-03-28 16:45:56,500] [common.py:63] [common:get_action_handler] [INFO]- 当前正在操作action：query_dtu_user
[2020-03-28 16:45:56,517] [basehttp.py:154] [basehttp:log_message] [INFO]- "GET /handler/dtu_user/?param=%7B%7D&action=query_dtu_user HTTP/1.1" 200 239
[2020-03-28 16:45:56,522] [basehttp.py:154] [basehttp:log_message] [INFO]- "GET /handler/dtu/?action=query_dtu&page=1&limit=10 HTTP/1.1" 200 948
[2020-03-28 16:45:56,523] [basehttp.py:154] [basehttp:log_message] [INFO]- "GET /handler/manufacturer/?param=%7B%7D&action=query_manufacturer HTTP/1.1" 200 1235
[2020-03-28 16:49:04,689] [basehttp.py:154] [basehttp:log_message] [INFO]- "GET /static/lib/layui/css/modules/layer/default/loading-1.gif HTTP/1.1" 200 701
[2020-03-28 16:49:04,701] [basehttp.py:154] [basehttp:log_message] [INFO]- "GET /dtu/add/ HTTP/1.1" 200 8871
[2020-03-28 16:49:04,744] [common.py:63] [common:get_action_handler] [INFO]- 当前正在操作action：query_dtu_user
[2020-03-28 16:49:04,744] [common.py:63] [common:get_action_handler] [INFO]- 当前正在操作action：query_manufacturer
[2020-03-28 16:49:04,746] [common.py:63] [common:get_action_handler] [INFO]- 当前正在操作action：query_dtu_region
[2020-03-28 16:49:04,761] [basehttp.py:154] [basehttp:log_message] [INFO]- "GET /handler/dtu_user/?param=%7B%7D&action=query_dtu_user HTTP/1.1" 200 239
[2020-03-28 16:49:04,780] [common.py:63] [common:get_action_handler] [INFO]- 当前正在操作action：query_dtu
[2020-03-28 16:49:04,784] [basehttp.py:154] [basehttp:log_message] [INFO]- "GET /handler/manufacturer/?param=%7B%7D&action=query_manufacturer HTTP/1.1" 200 1235
[2020-03-28 16:49:04,792] [basehttp.py:154] [basehttp:log_message] [INFO]- "GET /handler/dtu_region/?param=%7B%7D&action=query_dtu_region HTTP/1.1" 200 474
[2020-03-28 16:49:04,794] [basehttp.py:154] [basehttp:log_message] [INFO]- "GET /handler/dtu/?param=%7B%7D&action=query_dtu HTTP/1.1" 200 948
[2020-03-28 16:49:09,436] [basehttp.py:154] [basehttp:log_message] [INFO]- "GET /dtu/add/ HTTP/1.1" 200 8871
[2020-03-28 16:49:09,477] [common.py:63] [common:get_action_handler] [INFO]- 当前正在操作action：query_manufacturer
[2020-03-28 16:49:09,478] [common.py:63] [common:get_action_handler] [INFO]- 当前正在操作action：query_dtu_region
[2020-03-28 16:49:09,478] [common.py:63] [common:get_action_handler] [INFO]- 当前正在操作action：query_dtu_user
[2020-03-28 16:49:09,480] [common.py:63] [common:get_action_handler] [INFO]- 当前正在操作action：query_dtu
[2020-03-28 16:49:09,494] [basehttp.py:154] [basehttp:log_message] [INFO]- "GET /handler/dtu_user/?param=%7B%7D&action=query_dtu_user HTTP/1.1" 200 239
[2020-03-28 16:49:09,507] [basehttp.py:154] [basehttp:log_message] [INFO]- "GET /handler/dtu/?param=%7B%7D&action=query_dtu HTTP/1.1" 200 948
[2020-03-28 16:49:09,515] [basehttp.py:154] [basehttp:log_message] [INFO]- "GET /handler/manufacturer/?param=%7B%7D&action=query_manufacturer HTTP/1.1" 200 1235
[2020-03-28 16:49:09,516] [basehttp.py:154] [basehttp:log_message] [INFO]- "GET /handler/dtu_region/?param=%7B%7D&action=query_dtu_region HTTP/1.1" 200 474
[2020-03-28 16:49:11,636] [basehttp.py:154] [basehttp:log_message] [INFO]- "GET /dtu/add/ HTTP/1.1" 200 8871
[2020-03-28 16:49:11,670] [common.py:63] [common:get_action_handler] [INFO]- 当前正在操作action：query_dtu_user
[2020-03-28 16:49:11,671] [common.py:63] [common:get_action_handler] [INFO]- 当前正在操作action：query_manufacturer
[2020-03-28 16:49:11,672] [common.py:63] [common:get_action_handler] [INFO]- 当前正在操作action：query_dtu_region
[2020-03-28 16:49:11,672] [common.py:63] [common:get_action_handler] [INFO]- 当前正在操作action：query_dtu
[2020-03-28 16:49:11,680] [basehttp.py:154] [basehttp:log_message] [INFO]- "GET /handler/dtu_user/?param=%7B%7D&action=query_dtu_user HTTP/1.1" 200 239
[2020-03-28 16:49:11,699] [basehttp.py:154] [basehttp:log_message] [INFO]- "GET /handler/dtu/?param=%7B%7D&action=query_dtu HTTP/1.1" 200 948
[2020-03-28 16:49:11,709] [basehttp.py:154] [basehttp:log_message] [INFO]- "GET /handler/manufacturer/?param=%7B%7D&action=query_manufacturer HTTP/1.1" 200 1235
[2020-03-28 16:49:11,712] [basehttp.py:154] [basehttp:log_message] [INFO]- "GET /handler/dtu_region/?param=%7B%7D&action=query_dtu_region HTTP/1.1" 200 474
[2020-03-28 16:49:13,795] [basehttp.py:154] [basehttp:log_message] [INFO]- "GET /dtu/add/ HTTP/1.1" 200 8871
[2020-03-28 16:49:13,847] [common.py:63] [common:get_action_handler] [INFO]- 当前正在操作action：query_manufacturer
[2020-03-28 16:49:13,848] [common.py:63] [common:get_action_handler] [INFO]- 当前正在操作action：query_dtu_region
[2020-03-28 16:49:13,849] [common.py:63] [common:get_action_handler] [INFO]- 当前正在操作action：query_dtu
[2020-03-28 16:49:13,851] [common.py:63] [common:get_action_handler] [INFO]- 当前正在操作action：query_dtu_user
[2020-03-28 16:49:13,868] [basehttp.py:154] [basehttp:log_message] [INFO]- "GET /handler/dtu_user/?param=%7B%7D&action=query_dtu_user HTTP/1.1" 200 239
[2020-03-28 16:49:13,870] [basehttp.py:154] [basehttp:log_message] [INFO]- "GET /handler/dtu/?param=%7B%7D&action=query_dtu HTTP/1.1" 200 948
[2020-03-28 16:49:13,885] [basehttp.py:154] [basehttp:log_message] [INFO]- "GET /handler/manufacturer/?param=%7B%7D&action=query_manufacturer HTTP/1.1" 200 1235
[2020-03-28 16:49:13,886] [basehttp.py:154] [basehttp:log_message] [INFO]- "GET /handler/dtu_region/?param=%7B%7D&action=query_dtu_region HTTP/1.1" 200 474
[2020-03-28 16:49:15,483] [basehttp.py:154] [basehttp:log_message] [INFO]- "GET /dtu/add/ HTTP/1.1" 200 8871
[2020-03-28 16:49:15,520] [common.py:63] [common:get_action_handler] [INFO]- 当前正在操作action：query_manufacturer
[2020-03-28 16:49:15,523] [common.py:63] [common:get_action_handler] [INFO]- 当前正在操作action：query_dtu_user
[2020-03-28 16:49:15,524] [common.py:63] [common:get_action_handler] [INFO]- 当前正在操作action：query_dtu_region
[2020-03-28 16:49:15,525] [common.py:63] [common:get_action_handler] [INFO]- 当前正在操作action：query_dtu
[2020-03-28 16:49:15,543] [basehttp.py:154] [basehttp:log_message] [INFO]- "GET /handler/dtu_user/?param=%7B%7D&action=query_dtu_user HTTP/1.1" 200 239
[2020-03-28 16:49:15,549] [basehttp.py:154] [basehttp:log_message] [INFO]- "GET /handler/dtu/?param=%7B%7D&action=query_dtu HTTP/1.1" 200 948
[2020-03-28 16:49:15,555] [basehttp.py:154] [basehttp:log_message] [INFO]- "GET /handler/manufacturer/?param=%7B%7D&action=query_manufacturer HTTP/1.1" 200 1235
[2020-03-28 16:49:15,563] [basehttp.py:154] [basehttp:log_message] [INFO]- "GET /handler/dtu_region/?param=%7B%7D&action=query_dtu_region HTTP/1.1" 200 474
[2020-03-28 19:14:05,848] [autoreload.py:203] [autoreload:trigger_reload] [INFO]- D:\project\python\flowmeter\flowmeter\config\api\user.py changed, reloading.
