[2020-03-08 16:32:38,786] [autoreload.py:578] [autoreload:run_with_reloader] [INFO]- Watching for file changes with StatReloader
[2020-03-08 16:58:45,106] [basehttp.py:154] [basehttp:log_message] [INFO]- "GET /index HTTP/1.1" 301 0
[2020-03-08 16:58:45,267] [basehttp.py:154] [basehttp:log_message] [INFO]- "GET /index/ HTTP/1.1" 200 7093
[2020-03-08 16:58:45,327] [basehttp.py:154] [basehttp:log_message] [INFO]- "GET /static/css/font.css HTTP/1.1" 200 505
[2020-03-08 16:58:45,350] [basehttp.py:154] [basehttp:log_message] [INFO]- "GET /static/lib/layui/layui.js HTTP/1.1" 200 6667
[2020-03-08 16:58:45,355] [basehttp.py:154] [basehttp:log_message] [INFO]- "GET /static/css/xadmin.css HTTP/1.1" 200 9946
[2020-03-08 16:58:45,373] [basehttp.py:154] [basehttp:log_message] [INFO]- "GET /static/js/xadmin.js HTTP/1.1" 200 16891
[2020-03-08 16:58:50,970] [basehttp.py:154] [basehttp:log_message] [INFO]- "GET /static/lib/layui/css/layui.css HTTP/1.1" 200 89020
[2020-03-08 16:58:50,981] [basehttp.py:154] [basehttp:log_message] [INFO]- "GET /welcome HTTP/1.1" 301 0
[2020-03-08 16:58:50,995] [basehttp.py:154] [basehttp:log_message] [INFO]- "GET /static/lib/layui/lay/modules/layer.js HTTP/1.1" 200 22041
[2020-03-08 16:58:51,021] [basehttp.py:154] [basehttp:log_message] [INFO]- "GET /welcome/ HTTP/1.1" 200 10977
[2020-03-08 16:58:51,045] [basehttp.py:154] [basehttp:log_message] [INFO]- "GET /static/fonts/iconfont.woff HTTP/1.1" 200 30200
[2020-03-08 16:58:51,069] [basehttp.py:154] [basehttp:log_message] [INFO]- "GET /static/lib/layui/css/modules/layer/default/layer.css?v=3.1.1 HTTP/1.1" 200 14425
[2020-03-08 16:58:51,070] [basehttp.py:154] [basehttp:log_message] [INFO]- "GET /static/lib/layui/lay/modules/jquery.js HTTP/1.1" 200 97648
[2020-03-08 16:58:51,081] [basehttp.py:154] [basehttp:log_message] [INFO]- "GET /static/lib/layui/font/iconfont.woff?v=240 HTTP/1.1" 200 26744
[2020-03-08 16:58:51,121] [basehttp.py:154] [basehttp:log_message] [INFO]- "GET /static/lib/layui/lay/modules/element.js HTTP/1.1" 200 7264
[2020-03-08 16:58:51,127] [log.py:228] [log:log_response] [WARNING]- Not Found: /favicon.ico
[2020-03-08 16:58:51,128] [basehttp.py:154] [basehttp:log_message] [WARNING]- "GET /favicon.ico HTTP/1.1" 404 2947
[2020-03-08 16:58:51,232] [basehttp.py:154] [basehttp:log_message] [INFO]- "GET /admin/view/ HTTP/1.1" 200 10617
[2020-03-08 16:58:51,245] [basehttp.py:154] [basehttp:log_message] [INFO]- "GET /dtu_region/view/ HTTP/1.1" 200 6896
[2020-03-08 16:58:51,254] [basehttp.py:154] [basehttp:log_message] [INFO]- "GET /system/register/ HTTP/1.1" 200 4382
[2020-03-08 16:58:51,254] [basehttp.py:154] [basehttp:log_message] [INFO]- "GET /system/frame/ HTTP/1.1" 200 3803
[2020-03-08 16:58:51,285] [basehttp.py:154] [basehttp:log_message] [INFO]- "GET /manufacturer/view/ HTTP/1.1" 200 11393
[2020-03-08 16:58:51,303] [basehttp.py:154] [basehttp:log_message] [INFO]- "GET /static/js/jquery.cookie.js HTTP/1.1" 200 3121
[2020-03-08 16:58:51,333] [basehttp.py:154] [basehttp:log_message] [INFO]- "GET /static/js/jquery-3.2.1.min.js HTTP/1.1" 200 86659
[2020-03-08 16:58:51,342] [basehttp.py:154] [basehttp:log_message] [INFO]- "GET /static/js/flow-meter.js HTTP/1.1" 200 1879
[2020-03-08 16:58:51,371] [basehttp.py:154] [basehttp:log_message] [INFO]- "GET /static/lib/layui/lay/modules/table.js HTTP/1.1" 200 30963
[2020-03-08 16:58:51,385] [basehttp.py:154] [basehttp:log_message] [INFO]- "GET /static/lib/layui/lay/modules/laydate.js HTTP/1.1" 200 27377
[2020-03-08 16:58:51,404] [basehttp.py:154] [basehttp:log_message] [INFO]- "GET /static/lib/layui/lay/modules/laytpl.js HTTP/1.1" 200 1836
[2020-03-08 16:58:51,417] [basehttp.py:154] [basehttp:log_message] [INFO]- "GET /static/lib/layui/css/modules/laydate/default/laydate.css?v=5.0.9 HTTP/1.1" 200 7537
[2020-03-08 16:58:51,423] [basehttp.py:154] [basehttp:log_message] [INFO]- "GET /static/lib/layui/lay/modules/laypage.js HTTP/1.1" 200 4472
[2020-03-08 16:58:51,435] [basehttp.py:154] [basehttp:log_message] [INFO]- "GET /static/lib/layui/lay/modules/form.js HTTP/1.1" 200 9259
[2020-03-08 16:58:51,457] [basehttp.py:154] [basehttp:log_message] [INFO]- "GET /static/lib/layui/lay/modules/util.js HTTP/1.1" 200 3458
[2020-03-08 16:58:51,482] [basehttp.py:154] [basehttp:log_message] [INFO]- "GET /static/lib/layui/lay/modules/tree.js HTTP/1.1" 200 3060
[2020-03-08 16:58:51,481] [common.py:63] [common:get_action_handler] [INFO]- 当前正在操作action：query_control_register
[2020-03-08 16:58:51,489] [common.py:63] [common:get_action_handler] [INFO]- 当前正在操作action：query_data_field
[2020-03-08 16:58:51,492] [basehttp.py:154] [basehttp:log_message] [INFO]- "GET /handler/system/?action=query_control_register&page=1&limit=10 HTTP/1.1" 200 1017
[2020-03-08 16:58:51,495] [common.py:63] [common:get_action_handler] [INFO]- 当前正在操作action：query_manufacturer
[2020-03-08 16:58:51,498] [basehttp.py:154] [basehttp:log_message] [INFO]- "GET /handler/system/?action=query_data_field&page=1&limit=10 HTTP/1.1" 200 1555
[2020-03-08 16:58:51,508] [common.py:63] [common:get_action_handler] [INFO]- 当前正在操作action：query_admin
[2020-03-08 16:58:51,521] [basehttp.py:154] [basehttp:log_message] [INFO]- "GET /handler/admin/?action=query_admin&page=1&limit=10 HTTP/1.1" 200 417
[2020-03-08 16:58:51,533] [basehttp.py:154] [basehttp:log_message] [INFO]- "GET /handler/manufacturer/?action=query_manufacturer&page=1&limit=10 HTTP/1.1" 200 1235
[2020-03-08 16:58:51,532] [common.py:63] [common:get_action_handler] [INFO]- 当前正在操作action：query_dtu_region
[2020-03-08 16:58:51,556] [basehttp.py:154] [basehttp:log_message] [INFO]- "GET /handler/dtu_region/?action=query_dtu_region&page=1&limit=10 HTTP/1.1" 200 198
[2020-03-08 16:58:53,875] [basehttp.py:154] [basehttp:log_message] [INFO]- "GET /dtu_region/view/ HTTP/1.1" 200 6896
[2020-03-08 16:58:53,932] [common.py:63] [common:get_action_handler] [INFO]- 当前正在操作action：query_dtu_region
[2020-03-08 16:58:53,948] [basehttp.py:154] [basehttp:log_message] [INFO]- "GET /handler/dtu_region/?action=query_dtu_region&page=1&limit=10 HTTP/1.1" 200 198
[2020-03-08 16:58:58,651] [basehttp.py:154] [basehttp:log_message] [INFO]- "GET /dtu_region/view/ HTTP/1.1" 200 6896
[2020-03-08 16:58:58,688] [common.py:63] [common:get_action_handler] [INFO]- 当前正在操作action：query_dtu_region
[2020-03-08 16:58:58,706] [basehttp.py:154] [basehttp:log_message] [INFO]- "GET /handler/dtu_region/?action=query_dtu_region&page=1&limit=10 HTTP/1.1" 200 198
[2020-03-08 16:59:01,412] [basehttp.py:154] [basehttp:log_message] [INFO]- "GET /manufacturer/view/ HTTP/1.1" 200 11393
[2020-03-08 16:59:01,470] [common.py:63] [common:get_action_handler] [INFO]- 当前正在操作action：query_manufacturer
[2020-03-08 16:59:01,485] [basehttp.py:154] [basehttp:log_message] [INFO]- "GET /handler/manufacturer/?action=query_manufacturer&page=1&limit=10 HTTP/1.1" 200 1235
[2020-03-08 16:59:01,940] [basehttp.py:154] [basehttp:log_message] [INFO]- "GET /dtu_region/view/ HTTP/1.1" 200 6896
[2020-03-08 16:59:01,978] [common.py:63] [common:get_action_handler] [INFO]- 当前正在操作action：query_dtu_region
[2020-03-08 16:59:01,996] [basehttp.py:154] [basehttp:log_message] [INFO]- "GET /handler/dtu_region/?action=query_dtu_region&page=1&limit=10 HTTP/1.1" 200 198
[2020-03-08 16:59:02,266] [basehttp.py:154] [basehttp:log_message] [INFO]- "GET /manufacturer/view/ HTTP/1.1" 200 11393
[2020-03-08 16:59:02,304] [common.py:63] [common:get_action_handler] [INFO]- 当前正在操作action：query_manufacturer
[2020-03-08 16:59:02,321] [basehttp.py:154] [basehttp:log_message] [INFO]- "GET /handler/manufacturer/?action=query_manufacturer&page=1&limit=10 HTTP/1.1" 200 1235
[2020-03-08 16:59:02,511] [basehttp.py:154] [basehttp:log_message] [INFO]- "GET /dtu_region/view/ HTTP/1.1" 200 6896
[2020-03-08 16:59:02,571] [common.py:63] [common:get_action_handler] [INFO]- 当前正在操作action：query_dtu_region
[2020-03-08 16:59:02,592] [basehttp.py:154] [basehttp:log_message] [INFO]- "GET /handler/dtu_region/?action=query_dtu_region&page=1&limit=10 HTTP/1.1" 200 198
[2020-03-08 16:59:02,751] [basehttp.py:154] [basehttp:log_message] [INFO]- "GET /manufacturer/view/ HTTP/1.1" 200 11393
[2020-03-08 16:59:02,789] [common.py:63] [common:get_action_handler] [INFO]- 当前正在操作action：query_manufacturer
[2020-03-08 16:59:02,804] [basehttp.py:154] [basehttp:log_message] [INFO]- "GET /handler/manufacturer/?action=query_manufacturer&page=1&limit=10 HTTP/1.1" 200 1235
[2020-03-08 16:59:03,000] [basehttp.py:154] [basehttp:log_message] [INFO]- "GET /dtu_region/view/ HTTP/1.1" 200 6896
[2020-03-08 16:59:03,041] [common.py:63] [common:get_action_handler] [INFO]- 当前正在操作action：query_dtu_region
[2020-03-08 16:59:03,060] [basehttp.py:154] [basehttp:log_message] [INFO]- "GET /handler/dtu_region/?action=query_dtu_region&page=1&limit=10 HTTP/1.1" 200 198
[2020-03-08 16:59:03,225] [basehttp.py:154] [basehttp:log_message] [INFO]- "GET /manufacturer/view/ HTTP/1.1" 200 11393
[2020-03-08 16:59:03,297] [common.py:63] [common:get_action_handler] [INFO]- 当前正在操作action：query_manufacturer
[2020-03-08 16:59:03,313] [basehttp.py:154] [basehttp:log_message] [INFO]- "GET /handler/manufacturer/?action=query_manufacturer&page=1&limit=10 HTTP/1.1" 200 1235
[2020-03-08 16:59:03,451] [basehttp.py:154] [basehttp:log_message] [INFO]- "GET /dtu_region/view/ HTTP/1.1" 200 6896
[2020-03-08 16:59:03,490] [common.py:63] [common:get_action_handler] [INFO]- 当前正在操作action：query_dtu_region
[2020-03-08 16:59:03,506] [basehttp.py:154] [basehttp:log_message] [INFO]- "GET /handler/dtu_region/?action=query_dtu_region&page=1&limit=10 HTTP/1.1" 200 198
[2020-03-08 16:59:03,658] [basehttp.py:154] [basehttp:log_message] [INFO]- "GET /manufacturer/view/ HTTP/1.1" 200 11393
[2020-03-08 16:59:03,735] [common.py:63] [common:get_action_handler] [INFO]- 当前正在操作action：query_manufacturer
[2020-03-08 16:59:03,749] [basehttp.py:154] [basehttp:log_message] [INFO]- "GET /handler/manufacturer/?action=query_manufacturer&page=1&limit=10 HTTP/1.1" 200 1235
[2020-03-08 16:59:03,884] [basehttp.py:154] [basehttp:log_message] [INFO]- "GET /dtu_region/view/ HTTP/1.1" 200 6896
[2020-03-08 16:59:03,928] [common.py:63] [common:get_action_handler] [INFO]- 当前正在操作action：query_dtu_region
[2020-03-08 16:59:03,947] [basehttp.py:154] [basehttp:log_message] [INFO]- "GET /handler/dtu_region/?action=query_dtu_region&page=1&limit=10 HTTP/1.1" 200 198
[2020-03-08 16:59:04,103] [basehttp.py:154] [basehttp:log_message] [INFO]- "GET /manufacturer/view/ HTTP/1.1" 200 11393
[2020-03-08 16:59:04,139] [common.py:63] [common:get_action_handler] [INFO]- 当前正在操作action：query_manufacturer
[2020-03-08 16:59:04,154] [basehttp.py:154] [basehttp:log_message] [INFO]- "GET /handler/manufacturer/?action=query_manufacturer&page=1&limit=10 HTTP/1.1" 200 1235
[2020-03-08 16:59:04,315] [basehttp.py:154] [basehttp:log_message] [INFO]- "GET /dtu_region/view/ HTTP/1.1" 200 6896
[2020-03-08 16:59:04,348] [common.py:63] [common:get_action_handler] [INFO]- 当前正在操作action：query_dtu_region
[2020-03-08 16:59:04,366] [basehttp.py:154] [basehttp:log_message] [INFO]- "GET /handler/dtu_region/?action=query_dtu_region&page=1&limit=10 HTTP/1.1" 200 198
[2020-03-08 16:59:04,524] [basehttp.py:154] [basehttp:log_message] [INFO]- "GET /manufacturer/view/ HTTP/1.1" 200 11393
[2020-03-08 16:59:04,566] [common.py:63] [common:get_action_handler] [INFO]- 当前正在操作action：query_manufacturer
[2020-03-08 16:59:04,586] [basehttp.py:154] [basehttp:log_message] [INFO]- "GET /handler/manufacturer/?action=query_manufacturer&page=1&limit=10 HTTP/1.1" 200 1235
[2020-03-08 16:59:04,742] [basehttp.py:154] [basehttp:log_message] [INFO]- "GET /dtu_region/view/ HTTP/1.1" 200 6896
[2020-03-08 16:59:04,798] [common.py:63] [common:get_action_handler] [INFO]- 当前正在操作action：query_dtu_region
[2020-03-08 16:59:04,815] [basehttp.py:154] [basehttp:log_message] [INFO]- "GET /handler/dtu_region/?action=query_dtu_region&page=1&limit=10 HTTP/1.1" 200 198
[2020-03-08 16:59:04,943] [basehttp.py:154] [basehttp:log_message] [INFO]- "GET /manufacturer/view/ HTTP/1.1" 200 11393
[2020-03-08 16:59:04,994] [common.py:63] [common:get_action_handler] [INFO]- 当前正在操作action：query_manufacturer
[2020-03-08 16:59:05,009] [basehttp.py:154] [basehttp:log_message] [INFO]- "GET /handler/manufacturer/?action=query_manufacturer&page=1&limit=10 HTTP/1.1" 200 1235
[2020-03-08 16:59:05,168] [basehttp.py:154] [basehttp:log_message] [INFO]- "GET /manufacturer/view/ HTTP/1.1" 200 11393
[2020-03-08 16:59:05,204] [common.py:63] [common:get_action_handler] [INFO]- 当前正在操作action：query_manufacturer
[2020-03-08 16:59:05,219] [basehttp.py:154] [basehttp:log_message] [INFO]- "GET /handler/manufacturer/?action=query_manufacturer&page=1&limit=10 HTTP/1.1" 200 1235
[2020-03-08 16:59:05,605] [basehttp.py:154] [basehttp:log_message] [INFO]- "GET /manufacturer/view/ HTTP/1.1" 200 11393
[2020-03-08 16:59:05,641] [common.py:63] [common:get_action_handler] [INFO]- 当前正在操作action：query_manufacturer
[2020-03-08 16:59:05,656] [basehttp.py:154] [basehttp:log_message] [INFO]- "GET /handler/manufacturer/?action=query_manufacturer&page=1&limit=10 HTTP/1.1" 200 1235
[2020-03-08 16:59:05,855] [basehttp.py:154] [basehttp:log_message] [INFO]- "GET /dtu_region/view/ HTTP/1.1" 200 6896
[2020-03-08 16:59:05,915] [common.py:63] [common:get_action_handler] [INFO]- 当前正在操作action：query_dtu_region
[2020-03-08 16:59:05,932] [basehttp.py:154] [basehttp:log_message] [INFO]- "GET /handler/dtu_region/?action=query_dtu_region&page=1&limit=10 HTTP/1.1" 200 198
[2020-03-08 16:59:06,901] [basehttp.py:154] [basehttp:log_message] [INFO]- "GET /dtu_region/view/ HTTP/1.1" 200 6896
[2020-03-08 16:59:06,937] [common.py:63] [common:get_action_handler] [INFO]- 当前正在操作action：query_dtu_region
[2020-03-08 16:59:06,953] [basehttp.py:154] [basehttp:log_message] [INFO]- "GET /handler/dtu_region/?action=query_dtu_region&page=1&limit=10 HTTP/1.1" 200 198
[2020-03-08 16:59:07,196] [basehttp.py:154] [basehttp:log_message] [INFO]- "GET /manufacturer/view/ HTTP/1.1" 200 11393
[2020-03-08 16:59:07,241] [common.py:63] [common:get_action_handler] [INFO]- 当前正在操作action：query_manufacturer
[2020-03-08 16:59:07,254] [basehttp.py:154] [basehttp:log_message] [INFO]- "GET /handler/manufacturer/?action=query_manufacturer&page=1&limit=10 HTTP/1.1" 200 1235
[2020-03-08 16:59:07,481] [basehttp.py:154] [basehttp:log_message] [INFO]- "GET /dtu_region/view/ HTTP/1.1" 200 6896
[2020-03-08 16:59:07,515] [common.py:63] [common:get_action_handler] [INFO]- 当前正在操作action：query_dtu_region
[2020-03-08 16:59:07,533] [basehttp.py:154] [basehttp:log_message] [INFO]- "GET /handler/dtu_region/?action=query_dtu_region&page=1&limit=10 HTTP/1.1" 200 198
[2020-03-08 16:59:07,759] [basehttp.py:154] [basehttp:log_message] [INFO]- "GET /dtu_region/view/ HTTP/1.1" 200 6896
[2020-03-08 16:59:07,800] [common.py:63] [common:get_action_handler] [INFO]- 当前正在操作action：query_dtu_region
[2020-03-08 16:59:07,818] [basehttp.py:154] [basehttp:log_message] [INFO]- "GET /handler/dtu_region/?action=query_dtu_region&page=1&limit=10 HTTP/1.1" 200 198
[2020-03-08 16:59:08,523] [basehttp.py:154] [basehttp:log_message] [INFO]- "GET /dtu_region/view/ HTTP/1.1" 200 6896
[2020-03-08 16:59:08,561] [common.py:63] [common:get_action_handler] [INFO]- 当前正在操作action：query_dtu_region
[2020-03-08 16:59:08,582] [basehttp.py:154] [basehttp:log_message] [INFO]- "GET /handler/dtu_region/?action=query_dtu_region&page=1&limit=10 HTTP/1.1" 200 198
[2020-03-08 16:59:08,833] [basehttp.py:154] [basehttp:log_message] [INFO]- "GET /manufacturer/view/ HTTP/1.1" 200 11393
[2020-03-08 16:59:08,877] [common.py:63] [common:get_action_handler] [INFO]- 当前正在操作action：query_manufacturer
[2020-03-08 16:59:08,891] [basehttp.py:154] [basehttp:log_message] [INFO]- "GET /handler/manufacturer/?action=query_manufacturer&page=1&limit=10 HTTP/1.1" 200 1235
[2020-03-08 16:59:09,151] [basehttp.py:154] [basehttp:log_message] [INFO]- "GET /dtu_region/view/ HTTP/1.1" 200 6896
[2020-03-08 16:59:09,184] [common.py:63] [common:get_action_handler] [INFO]- 当前正在操作action：query_dtu_region
[2020-03-08 16:59:09,200] [basehttp.py:154] [basehttp:log_message] [INFO]- "GET /handler/dtu_region/?action=query_dtu_region&page=1&limit=10 HTTP/1.1" 200 198
[2020-03-08 16:59:10,083] [basehttp.py:154] [basehttp:log_message] [INFO]- "GET /dtu_region/view/ HTTP/1.1" 200 6896
[2020-03-08 16:59:10,118] [common.py:63] [common:get_action_handler] [INFO]- 当前正在操作action：query_dtu_region
[2020-03-08 16:59:10,133] [basehttp.py:154] [basehttp:log_message] [INFO]- "GET /handler/dtu_region/?action=query_dtu_region&page=1&limit=10 HTTP/1.1" 200 198
[2020-03-08 16:59:36,184] [basehttp.py:154] [basehttp:log_message] [INFO]- "GET /static/lib/layui/css/modules/layer/default/loading-1.gif HTTP/1.1" 200 701
[2020-03-08 16:59:36,201] [basehttp.py:154] [basehttp:log_message] [INFO]- "GET /static/lib/layui/css/modules/layer/default/icon.png HTTP/1.1" 200 11493
[2020-03-08 16:59:36,219] [basehttp.py:154] [basehttp:log_message] [INFO]- "GET /dtu_region/add/ HTTP/1.1" 200 5092
[2020-03-08 16:59:36,252] [common.py:63] [common:get_action_handler] [INFO]- 当前正在操作action：query_manufacturer
[2020-03-08 16:59:36,267] [basehttp.py:154] [basehttp:log_message] [INFO]- "GET /handler/manufacturer/?param=%7B%7D&action=query_manufacturer HTTP/1.1" 200 1235
[2020-03-08 16:59:38,096] [basehttp.py:154] [basehttp:log_message] [INFO]- "GET /dtu_region/add/ HTTP/1.1" 200 5092
[2020-03-08 16:59:38,122] [common.py:63] [common:get_action_handler] [INFO]- 当前正在操作action：query_manufacturer
[2020-03-08 16:59:38,136] [basehttp.py:154] [basehttp:log_message] [INFO]- "GET /handler/manufacturer/?param=%7B%7D&action=query_manufacturer HTTP/1.1" 200 1235
[2020-03-08 16:59:41,835] [basehttp.py:154] [basehttp:log_message] [INFO]- "GET /dtu_region/add/ HTTP/1.1" 200 5092
[2020-03-08 16:59:41,866] [common.py:63] [common:get_action_handler] [INFO]- 当前正在操作action：query_manufacturer
[2020-03-08 16:59:41,880] [basehttp.py:154] [basehttp:log_message] [INFO]- "GET /handler/manufacturer/?param=%7B%7D&action=query_manufacturer HTTP/1.1" 200 1235
[2020-03-08 17:00:00,009] [basehttp.py:154] [basehttp:log_message] [INFO]- "GET /dtu_region/add/ HTTP/1.1" 200 5092
[2020-03-08 17:00:00,033] [common.py:63] [common:get_action_handler] [INFO]- 当前正在操作action：query_manufacturer
[2020-03-08 17:00:00,047] [basehttp.py:154] [basehttp:log_message] [INFO]- "GET /handler/manufacturer/?param=%7B%7D&action=query_manufacturer HTTP/1.1" 200 1235
[2020-03-08 17:00:08,939] [common.py:63] [common:get_action_handler] [INFO]- 当前正在操作action：add_dtu_region
[2020-03-08 17:00:08,952] [basehttp.py:154] [basehttp:log_message] [INFO]- "POST /handler/dtu_region/ HTTP/1.1" 200 68
[2020-03-08 17:00:09,800] [basehttp.py:154] [basehttp:log_message] [INFO]- "GET /dtu_region/view/ HTTP/1.1" 200 6896
[2020-03-08 17:00:09,852] [common.py:63] [common:get_action_handler] [INFO]- 当前正在操作action：query_dtu_region
[2020-03-08 17:00:09,870] [basehttp.py:154] [basehttp:log_message] [INFO]- "GET /handler/dtu_region/?action=query_dtu_region&page=1&limit=10 HTTP/1.1" 200 335
[2020-03-08 17:00:21,799] [basehttp.py:154] [basehttp:log_message] [INFO]- "GET /manufacturer/view/ HTTP/1.1" 200 11393
[2020-03-08 17:00:21,854] [common.py:63] [common:get_action_handler] [INFO]- 当前正在操作action：query_manufacturer
[2020-03-08 17:00:21,869] [basehttp.py:154] [basehttp:log_message] [INFO]- "GET /handler/manufacturer/?action=query_manufacturer&page=1&limit=10 HTTP/1.1" 200 1237
[2020-03-08 17:00:22,656] [basehttp.py:154] [basehttp:log_message] [INFO]- "GET /admin/view/ HTTP/1.1" 200 10617
[2020-03-08 17:00:22,713] [common.py:63] [common:get_action_handler] [INFO]- 当前正在操作action：query_admin
[2020-03-08 17:00:22,721] [basehttp.py:154] [basehttp:log_message] [INFO]- "GET /handler/admin/?action=query_admin&page=1&limit=10 HTTP/1.1" 200 417
[2020-03-08 17:00:22,952] [basehttp.py:154] [basehttp:log_message] [INFO]- "GET /manufacturer/view/ HTTP/1.1" 200 11393
[2020-03-08 17:00:22,989] [common.py:63] [common:get_action_handler] [INFO]- 当前正在操作action：query_manufacturer
[2020-03-08 17:00:23,004] [basehttp.py:154] [basehttp:log_message] [INFO]- "GET /handler/manufacturer/?action=query_manufacturer&page=1&limit=10 HTTP/1.1" 200 1237
[2020-03-08 17:00:23,249] [basehttp.py:154] [basehttp:log_message] [INFO]- "GET /dtu_region/view/ HTTP/1.1" 200 6896
[2020-03-08 17:00:23,284] [common.py:63] [common:get_action_handler] [INFO]- 当前正在操作action：query_dtu_region
[2020-03-08 17:00:23,303] [basehttp.py:154] [basehttp:log_message] [INFO]- "GET /handler/dtu_region/?action=query_dtu_region&page=1&limit=10 HTTP/1.1" 200 335
[2020-03-08 17:00:24,490] [basehttp.py:154] [basehttp:log_message] [INFO]- "GET /manufacturer/view/ HTTP/1.1" 200 11393
[2020-03-08 17:00:24,549] [common.py:63] [common:get_action_handler] [INFO]- 当前正在操作action：query_manufacturer
[2020-03-08 17:00:24,565] [basehttp.py:154] [basehttp:log_message] [INFO]- "GET /handler/manufacturer/?action=query_manufacturer&page=1&limit=10 HTTP/1.1" 200 1237
[2020-03-08 17:00:24,821] [basehttp.py:154] [basehttp:log_message] [INFO]- "GET /admin/view/ HTTP/1.1" 200 10617
[2020-03-08 17:00:24,863] [common.py:63] [common:get_action_handler] [INFO]- 当前正在操作action：query_admin
[2020-03-08 17:00:24,869] [basehttp.py:154] [basehttp:log_message] [INFO]- "GET /handler/admin/?action=query_admin&page=1&limit=10 HTTP/1.1" 200 417
[2020-03-08 17:00:25,039] [basehttp.py:154] [basehttp:log_message] [INFO]- "GET /manufacturer/view/ HTTP/1.1" 200 11393
[2020-03-08 17:00:25,099] [common.py:63] [common:get_action_handler] [INFO]- 当前正在操作action：query_manufacturer
[2020-03-08 17:00:25,114] [basehttp.py:154] [basehttp:log_message] [INFO]- "GET /handler/manufacturer/?action=query_manufacturer&page=1&limit=10 HTTP/1.1" 200 1237
[2020-03-08 17:00:25,298] [basehttp.py:154] [basehttp:log_message] [INFO]- "GET /dtu_region/view/ HTTP/1.1" 200 6896
[2020-03-08 17:00:25,331] [common.py:63] [common:get_action_handler] [INFO]- 当前正在操作action：query_dtu_region
[2020-03-08 17:00:25,348] [basehttp.py:154] [basehttp:log_message] [INFO]- "GET /handler/dtu_region/?action=query_dtu_region&page=1&limit=10 HTTP/1.1" 200 335
[2020-03-08 17:00:25,583] [basehttp.py:154] [basehttp:log_message] [INFO]- "GET /manufacturer/view/ HTTP/1.1" 200 11393
[2020-03-08 17:00:25,619] [common.py:63] [common:get_action_handler] [INFO]- 当前正在操作action：query_manufacturer
[2020-03-08 17:00:25,637] [basehttp.py:154] [basehttp:log_message] [INFO]- "GET /handler/manufacturer/?action=query_manufacturer&page=1&limit=10 HTTP/1.1" 200 1237
[2020-03-08 17:00:25,836] [basehttp.py:154] [basehttp:log_message] [INFO]- "GET /admin/view/ HTTP/1.1" 200 10617
[2020-03-08 17:00:25,882] [common.py:63] [common:get_action_handler] [INFO]- 当前正在操作action：query_admin
[2020-03-08 17:00:25,893] [basehttp.py:154] [basehttp:log_message] [INFO]- "GET /handler/admin/?action=query_admin&page=1&limit=10 HTTP/1.1" 200 417
[2020-03-08 17:00:26,042] [basehttp.py:154] [basehttp:log_message] [INFO]- "GET /manufacturer/view/ HTTP/1.1" 200 11393
[2020-03-08 17:00:26,097] [common.py:63] [common:get_action_handler] [INFO]- 当前正在操作action：query_manufacturer
[2020-03-08 17:00:26,112] [basehttp.py:154] [basehttp:log_message] [INFO]- "GET /handler/manufacturer/?action=query_manufacturer&page=1&limit=10 HTTP/1.1" 200 1237
[2020-03-08 17:00:26,241] [basehttp.py:154] [basehttp:log_message] [INFO]- "GET /dtu_region/view/ HTTP/1.1" 200 6896
[2020-03-08 17:00:26,289] [common.py:63] [common:get_action_handler] [INFO]- 当前正在操作action：query_dtu_region
[2020-03-08 17:00:26,309] [basehttp.py:154] [basehttp:log_message] [INFO]- "GET /handler/dtu_region/?action=query_dtu_region&page=1&limit=10 HTTP/1.1" 200 335
[2020-03-08 17:00:26,646] [basehttp.py:154] [basehttp:log_message] [INFO]- "GET /manufacturer/view/ HTTP/1.1" 200 11393
[2020-03-08 17:00:26,695] [common.py:63] [common:get_action_handler] [INFO]- 当前正在操作action：query_manufacturer
[2020-03-08 17:00:26,711] [basehttp.py:154] [basehttp:log_message] [INFO]- "GET /handler/manufacturer/?action=query_manufacturer&page=1&limit=10 HTTP/1.1" 200 1237
[2020-03-08 17:00:26,869] [basehttp.py:154] [basehttp:log_message] [INFO]- "GET /admin/view/ HTTP/1.1" 200 10617
[2020-03-08 17:00:26,908] [common.py:63] [common:get_action_handler] [INFO]- 当前正在操作action：query_admin
[2020-03-08 17:00:26,914] [basehttp.py:154] [basehttp:log_message] [INFO]- "GET /handler/admin/?action=query_admin&page=1&limit=10 HTTP/1.1" 200 417
[2020-03-08 17:00:27,078] [basehttp.py:154] [basehttp:log_message] [INFO]- "GET /manufacturer/view/ HTTP/1.1" 200 11393
[2020-03-08 17:00:27,120] [common.py:63] [common:get_action_handler] [INFO]- 当前正在操作action：query_manufacturer
[2020-03-08 17:00:27,138] [basehttp.py:154] [basehttp:log_message] [INFO]- "GET /handler/manufacturer/?action=query_manufacturer&page=1&limit=10 HTTP/1.1" 200 1237
[2020-03-08 17:00:27,320] [basehttp.py:154] [basehttp:log_message] [INFO]- "GET /dtu_region/view/ HTTP/1.1" 200 6896
[2020-03-08 17:00:27,357] [common.py:63] [common:get_action_handler] [INFO]- 当前正在操作action：query_dtu_region
[2020-03-08 17:00:27,373] [basehttp.py:154] [basehttp:log_message] [INFO]- "GET /handler/dtu_region/?action=query_dtu_region&page=1&limit=10 HTTP/1.1" 200 335
[2020-03-08 17:00:27,568] [basehttp.py:154] [basehttp:log_message] [INFO]- "GET /manufacturer/view/ HTTP/1.1" 200 11393
[2020-03-08 17:00:27,619] [common.py:63] [common:get_action_handler] [INFO]- 当前正在操作action：query_manufacturer
[2020-03-08 17:00:27,638] [basehttp.py:154] [basehttp:log_message] [INFO]- "GET /handler/manufacturer/?action=query_manufacturer&page=1&limit=10 HTTP/1.1" 200 1237
[2020-03-08 17:00:27,798] [basehttp.py:154] [basehttp:log_message] [INFO]- "GET /admin/view/ HTTP/1.1" 200 10617
[2020-03-08 17:00:27,840] [common.py:63] [common:get_action_handler] [INFO]- 当前正在操作action：query_admin
[2020-03-08 17:00:27,849] [basehttp.py:154] [basehttp:log_message] [INFO]- "GET /handler/admin/?action=query_admin&page=1&limit=10 HTTP/1.1" 200 417
[2020-03-08 17:00:28,012] [basehttp.py:154] [basehttp:log_message] [INFO]- "GET /manufacturer/view/ HTTP/1.1" 200 11393
[2020-03-08 17:00:28,052] [common.py:63] [common:get_action_handler] [INFO]- 当前正在操作action：query_manufacturer
[2020-03-08 17:00:28,068] [basehttp.py:154] [basehttp:log_message] [INFO]- "GET /handler/manufacturer/?action=query_manufacturer&page=1&limit=10 HTTP/1.1" 200 1237
[2020-03-08 17:00:28,239] [basehttp.py:154] [basehttp:log_message] [INFO]- "GET /manufacturer/view/ HTTP/1.1" 200 11393
[2020-03-08 17:00:28,277] [common.py:63] [common:get_action_handler] [INFO]- 当前正在操作action：query_manufacturer
[2020-03-08 17:00:28,292] [basehttp.py:154] [basehttp:log_message] [INFO]- "GET /handler/manufacturer/?action=query_manufacturer&page=1&limit=10 HTTP/1.1" 200 1237
[2020-03-08 17:00:28,470] [basehttp.py:154] [basehttp:log_message] [INFO]- "GET /dtu_region/view/ HTTP/1.1" 200 6896
[2020-03-08 17:00:28,525] [common.py:63] [common:get_action_handler] [INFO]- 当前正在操作action：query_dtu_region
[2020-03-08 17:00:28,542] [basehttp.py:154] [basehttp:log_message] [INFO]- "GET /handler/dtu_region/?action=query_dtu_region&page=1&limit=10 HTTP/1.1" 200 335
[2020-03-08 17:00:28,702] [basehttp.py:154] [basehttp:log_message] [INFO]- "GET /manufacturer/view/ HTTP/1.1" 200 11393
[2020-03-08 17:00:28,738] [common.py:63] [common:get_action_handler] [INFO]- 当前正在操作action：query_manufacturer
[2020-03-08 17:00:28,752] [basehttp.py:154] [basehttp:log_message] [INFO]- "GET /handler/manufacturer/?action=query_manufacturer&page=1&limit=10 HTTP/1.1" 200 1237
[2020-03-08 17:00:28,930] [basehttp.py:154] [basehttp:log_message] [INFO]- "GET /admin/view/ HTTP/1.1" 200 10617
[2020-03-08 17:00:28,969] [common.py:63] [common:get_action_handler] [INFO]- 当前正在操作action：query_admin
[2020-03-08 17:00:28,976] [basehttp.py:154] [basehttp:log_message] [INFO]- "GET /handler/admin/?action=query_admin&page=1&limit=10 HTTP/1.1" 200 417
[2020-03-08 17:00:29,143] [basehttp.py:154] [basehttp:log_message] [INFO]- "GET /manufacturer/view/ HTTP/1.1" 200 11393
[2020-03-08 17:00:29,192] [common.py:63] [common:get_action_handler] [INFO]- 当前正在操作action：query_manufacturer
[2020-03-08 17:00:29,208] [basehttp.py:154] [basehttp:log_message] [INFO]- "GET /handler/manufacturer/?action=query_manufacturer&page=1&limit=10 HTTP/1.1" 200 1237
[2020-03-08 17:00:29,372] [basehttp.py:154] [basehttp:log_message] [INFO]- "GET /dtu_region/view/ HTTP/1.1" 200 6896
[2020-03-08 17:00:29,436] [common.py:63] [common:get_action_handler] [INFO]- 当前正在操作action：query_dtu_region
[2020-03-08 17:00:29,454] [basehttp.py:154] [basehttp:log_message] [INFO]- "GET /handler/dtu_region/?action=query_dtu_region&page=1&limit=10 HTTP/1.1" 200 335
[2020-03-08 17:00:30,633] [basehttp.py:154] [basehttp:log_message] [INFO]- "GET /manufacturer/view/ HTTP/1.1" 200 11393
[2020-03-08 17:00:30,673] [common.py:63] [common:get_action_handler] [INFO]- 当前正在操作action：query_manufacturer
[2020-03-08 17:00:30,689] [basehttp.py:154] [basehttp:log_message] [INFO]- "GET /handler/manufacturer/?action=query_manufacturer&page=1&limit=10 HTTP/1.1" 200 1237
[2020-03-08 17:00:30,883] [basehttp.py:154] [basehttp:log_message] [INFO]- "GET /admin/view/ HTTP/1.1" 200 10617
[2020-03-08 17:00:30,918] [common.py:63] [common:get_action_handler] [INFO]- 当前正在操作action：query_admin
[2020-03-08 17:00:30,924] [basehttp.py:154] [basehttp:log_message] [INFO]- "GET /handler/admin/?action=query_admin&page=1&limit=10 HTTP/1.1" 200 417
[2020-03-08 17:00:31,108] [basehttp.py:154] [basehttp:log_message] [INFO]- "GET /manufacturer/view/ HTTP/1.1" 200 11393
[2020-03-08 17:00:31,158] [common.py:63] [common:get_action_handler] [INFO]- 当前正在操作action：query_manufacturer
[2020-03-08 17:00:31,172] [basehttp.py:154] [basehttp:log_message] [INFO]- "GET /handler/manufacturer/?action=query_manufacturer&page=1&limit=10 HTTP/1.1" 200 1237
[2020-03-08 17:00:31,359] [basehttp.py:154] [basehttp:log_message] [INFO]- "GET /dtu_region/view/ HTTP/1.1" 200 6896
[2020-03-08 17:00:31,405] [common.py:63] [common:get_action_handler] [INFO]- 当前正在操作action：query_dtu_region
[2020-03-08 17:00:31,422] [basehttp.py:154] [basehttp:log_message] [INFO]- "GET /handler/dtu_region/?action=query_dtu_region&page=1&limit=10 HTTP/1.1" 200 335
[2020-03-08 17:02:54,995] [autoreload.py:203] [autoreload:trigger_reload] [INFO]- D:\project\python\flowmeter\flowmeter\applications\core\dtu_region.py changed, reloading.
[2020-03-08 17:02:55,685] [autoreload.py:578] [autoreload:run_with_reloader] [INFO]- Watching for file changes with StatReloader
[2020-03-08 17:03:54,736] [autoreload.py:203] [autoreload:trigger_reload] [INFO]- D:\project\python\flowmeter\flowmeter\applications\core\dtu_region.py changed, reloading.
[2020-03-08 17:03:55,445] [autoreload.py:578] [autoreload:run_with_reloader] [INFO]- Watching for file changes with StatReloader
[2020-03-08 17:28:39,633] [autoreload.py:578] [autoreload:run_with_reloader] [INFO]- Watching for file changes with StatReloader
[2020-03-08 17:28:44,035] [basehttp.py:154] [basehttp:log_message] [INFO]- "GET /dtu_region/view/ HTTP/1.1" 200 6896
[2020-03-08 17:28:44,107] [common.py:63] [common:get_action_handler] [INFO]- 当前正在操作action：query_dtu_region
[2020-03-08 17:28:44,127] [basehttp.py:154] [basehttp:log_message] [INFO]- "GET /handler/dtu_region/?action=query_dtu_region&page=1&limit=10 HTTP/1.1" 200 335
[2020-03-08 17:28:45,809] [basehttp.py:154] [basehttp:log_message] [INFO]- "GET /dtu_region/view/ HTTP/1.1" 200 6896
[2020-03-08 17:28:45,846] [common.py:63] [common:get_action_handler] [INFO]- 当前正在操作action：query_dtu_region
[2020-03-08 17:28:45,865] [basehttp.py:154] [basehttp:log_message] [INFO]- "GET /handler/dtu_region/?action=query_dtu_region&page=1&limit=10 HTTP/1.1" 200 335
[2020-03-08 17:28:48,599] [common.py:63] [common:get_action_handler] [INFO]- 当前正在操作action：del_batch_dtu_region
[2020-03-08 17:28:48,612] [basehttp.py:154] [basehttp:log_message] [INFO]- "POST /handler/dtu_region/ HTTP/1.1" 200 68
[2020-03-08 17:28:48,623] [common.py:63] [common:get_action_handler] [INFO]- 当前正在操作action：query_dtu_region
[2020-03-08 17:28:48,640] [basehttp.py:154] [basehttp:log_message] [INFO]- "GET /handler/dtu_region/?action=query_dtu_region&page=1&limit=10 HTTP/1.1" 200 198
[2020-03-08 17:28:51,536] [basehttp.py:154] [basehttp:log_message] [INFO]- "GET /dtu_region/add/ HTTP/1.1" 200 5092
[2020-03-08 17:28:51,569] [common.py:63] [common:get_action_handler] [INFO]- 当前正在操作action：query_manufacturer
[2020-03-08 17:28:51,583] [basehttp.py:154] [basehttp:log_message] [INFO]- "GET /handler/manufacturer/?param=%7B%7D&action=query_manufacturer HTTP/1.1" 200 1235
[2020-03-08 17:28:53,771] [basehttp.py:154] [basehttp:log_message] [INFO]- "GET /dtu_region/add/ HTTP/1.1" 200 5092
[2020-03-08 17:28:53,802] [common.py:63] [common:get_action_handler] [INFO]- 当前正在操作action：query_manufacturer
[2020-03-08 17:28:53,818] [basehttp.py:154] [basehttp:log_message] [INFO]- "GET /handler/manufacturer/?param=%7B%7D&action=query_manufacturer HTTP/1.1" 200 1235
[2020-03-08 17:28:58,221] [basehttp.py:154] [basehttp:log_message] [INFO]- "GET /dtu_region/add/ HTTP/1.1" 200 5092
[2020-03-08 17:28:58,253] [common.py:63] [common:get_action_handler] [INFO]- 当前正在操作action：query_manufacturer
[2020-03-08 17:28:58,269] [basehttp.py:154] [basehttp:log_message] [INFO]- "GET /handler/manufacturer/?param=%7B%7D&action=query_manufacturer HTTP/1.1" 200 1235
[2020-03-08 17:29:05,332] [common.py:63] [common:get_action_handler] [INFO]- 当前正在操作action：add_dtu_region
[2020-03-08 17:29:05,338] [basehttp.py:154] [basehttp:log_message] [INFO]- "POST /handler/dtu_region/ HTTP/1.1" 200 68
[2020-03-08 17:29:06,224] [basehttp.py:154] [basehttp:log_message] [INFO]- "GET /dtu_region/view/ HTTP/1.1" 200 6896
[2020-03-08 17:29:06,273] [common.py:63] [common:get_action_handler] [INFO]- 当前正在操作action：query_dtu_region
[2020-03-08 17:29:06,290] [basehttp.py:154] [basehttp:log_message] [INFO]- "GET /handler/dtu_region/?action=query_dtu_region&page=1&limit=10 HTTP/1.1" 200 337
