[2020-02-25 15:04:29,220] [common.py:63] [common:get_action_handler] [INFO]- 当前正在操作action：query_data_field
[2020-02-25 15:04:29,227] [common.py:63] [common:get_action_handler] [INFO]- 当前正在操作action：query_admin
[2020-02-25 15:04:29,235] [common.py:63] [common:get_action_handler] [INFO]- 当前正在操作action：query_manufacturer
[2020-02-25 15:04:29,240] [common.py:63] [common:get_action_handler] [INFO]- 当前正在操作action：query_control_register
[2020-02-25 15:12:47,092] [common.py:63] [common:get_action_handler] [INFO]- 当前正在操作action：login
[2020-02-25 15:12:48,571] [common.py:63] [common:get_action_handler] [INFO]- 当前正在操作action：query_control_register
[2020-02-25 15:12:48,580] [common.py:63] [common:get_action_handler] [INFO]- 当前正在操作action：query_data_field
[2020-02-25 15:12:48,587] [common.py:63] [common:get_action_handler] [INFO]- 当前正在操作action：query_admin
[2020-02-25 15:12:48,597] [common.py:63] [common:get_action_handler] [INFO]- 当前正在操作action：query_manufacturer
[2020-02-25 15:12:48,603] [common.py:63] [common:get_action_handler] [INFO]- 当前正在操作action：query_dtu_region
[2020-02-25 15:14:03,743] [common.py:63] [common:get_action_handler] [INFO]- 当前正在操作action：query_dtu_region
[2020-02-25 15:14:03,918] [common.py:63] [common:get_action_handler] [INFO]- 当前正在操作action：query_dtu_region
[2020-02-25 15:14:04,704] [common.py:63] [common:get_action_handler] [INFO]- 当前正在操作action：query_dtu_region
[2020-02-25 15:14:05,335] [common.py:63] [common:get_action_handler] [INFO]- 当前正在操作action：query_dtu_region
[2020-02-25 15:14:05,494] [common.py:63] [common:get_action_handler] [INFO]- 当前正在操作action：query_dtu_region
[2020-02-25 15:14:05,663] [common.py:63] [common:get_action_handler] [INFO]- 当前正在操作action：query_dtu_region
[2020-02-25 15:14:42,872] [common.py:63] [common:get_action_handler] [INFO]- 当前正在操作action：query_dtu_region
[2020-02-25 15:14:43,531] [common.py:63] [common:get_action_handler] [INFO]- 当前正在操作action：query_dtu_region
[2020-02-25 15:14:43,922] [common.py:63] [common:get_action_handler] [INFO]- 当前正在操作action：query_dtu_region
[2020-02-25 15:14:44,288] [common.py:63] [common:get_action_handler] [INFO]- 当前正在操作action：query_dtu_region
[2020-02-25 15:14:44,512] [common.py:63] [common:get_action_handler] [INFO]- 当前正在操作action：query_dtu_region
[2020-02-25 15:14:44,659] [common.py:63] [common:get_action_handler] [INFO]- 当前正在操作action：query_dtu_region
[2020-02-25 15:14:44,804] [common.py:63] [common:get_action_handler] [INFO]- 当前正在操作action：query_dtu_region
[2020-02-25 15:14:44,958] [common.py:63] [common:get_action_handler] [INFO]- 当前正在操作action：query_dtu_region
[2020-02-25 15:14:45,114] [common.py:63] [common:get_action_handler] [INFO]- 当前正在操作action：query_dtu_region
[2020-02-25 15:14:50,787] [common.py:63] [common:get_action_handler] [INFO]- 当前正在操作action：query_dtu_region
[2020-02-25 15:14:51,066] [common.py:63] [common:get_action_handler] [INFO]- 当前正在操作action：query_dtu_region
[2020-02-25 15:14:51,517] [common.py:63] [common:get_action_handler] [INFO]- 当前正在操作action：query_dtu_region
[2020-02-25 15:14:51,680] [common.py:63] [common:get_action_handler] [INFO]- 当前正在操作action：query_dtu_region
[2020-02-25 15:14:51,872] [common.py:63] [common:get_action_handler] [INFO]- 当前正在操作action：query_dtu_region
[2020-02-25 15:15:06,420] [common.py:63] [common:get_action_handler] [INFO]- 当前正在操作action：query_dtu_region
[2020-02-25 15:15:06,981] [common.py:63] [common:get_action_handler] [INFO]- 当前正在操作action：query_dtu_region
[2020-02-25 15:16:04,046] [common.py:63] [common:get_action_handler] [INFO]- 当前正在操作action：query_dtu_region
[2020-02-25 15:16:21,819] [common.py:63] [common:get_action_handler] [INFO]- 当前正在操作action：query_dtu_region
[2020-02-25 15:16:23,584] [common.py:63] [common:get_action_handler] [INFO]- 当前正在操作action：query_dtu_region
[2020-02-25 15:16:25,066] [common.py:63] [common:get_action_handler] [INFO]- 当前正在操作action：query_dtu_region
[2020-02-25 15:16:27,529] [common.py:63] [common:get_action_handler] [INFO]- 当前正在操作action：query_dtu_region
[2020-02-25 15:16:47,398] [common.py:63] [common:get_action_handler] [INFO]- 当前正在操作action：query_dtu_region
[2020-02-25 15:16:48,102] [common.py:63] [common:get_action_handler] [INFO]- 当前正在操作action：query_dtu_region
[2020-02-25 15:16:49,585] [common.py:63] [common:get_action_handler] [INFO]- 当前正在操作action：query_dtu_region
[2020-02-25 15:16:50,448] [common.py:63] [common:get_action_handler] [INFO]- 当前正在操作action：query_dtu_region
[2020-02-25 15:16:51,989] [common.py:63] [common:get_action_handler] [INFO]- 当前正在操作action：query_dtu_region
[2020-02-25 15:18:45,751] [common.py:63] [common:get_action_handler] [INFO]- 当前正在操作action：query_dtu_region
