[2020-03-20 10:00:41,265] [common.py:63] [common:get_action_handler] [INFO]- 当前正在操作action：query_admin
[2020-03-20 10:01:52,256] [common.py:63] [common:get_action_handler] [INFO]- 当前正在操作action：query_manufacturer
[2020-03-20 10:38:46,788] [common.py:63] [common:get_action_handler] [INFO]- 当前正在操作action：query_meter
[2020-03-20 10:38:46,811] [common.py:63] [common:get_action_handler] [INFO]- 当前正在操作action：query_manufacturer
[2020-03-20 10:38:48,222] [common.py:63] [common:get_action_handler] [INFO]- 当前正在操作action：update_meter
[2020-03-20 10:38:49,624] [common.py:63] [common:get_action_handler] [INFO]- 当前正在操作action：query_meter
[2020-03-20 10:38:49,628] [common.py:63] [common:get_action_handler] [INFO]- 当前正在操作action：query_manufacturer
[2020-03-20 10:38:51,748] [common.py:63] [common:get_action_handler] [INFO]- 当前正在操作action：query_meter
[2020-03-20 10:38:51,751] [common.py:63] [common:get_action_handler] [INFO]- 当前正在操作action：query_manufacturer
[2020-03-20 10:38:53,519] [common.py:63] [common:get_action_handler] [INFO]- 当前正在操作action：query_meter
[2020-03-20 10:38:53,521] [common.py:63] [common:get_action_handler] [INFO]- 当前正在操作action：query_manufacturer
[2020-03-20 14:20:27,277] [common.py:63] [common:get_action_handler] [INFO]- 当前正在操作action：query_data_field
[2020-03-20 14:20:27,285] [common.py:63] [common:get_action_handler] [INFO]- 当前正在操作action：query_dtu_user
[2020-03-20 14:20:27,302] [common.py:63] [common:get_action_handler] [INFO]- 当前正在操作action：query_configure
[2020-03-20 14:20:27,308] [common.py:63] [common:get_action_handler] [INFO]- 当前正在操作action：query_admin
[2020-03-20 14:20:27,318] [common.py:63] [common:get_action_handler] [INFO]- 当前正在操作action：query_manufacturer
[2020-03-20 14:20:27,321] [common.py:63] [common:get_action_handler] [INFO]- 当前正在操作action：query_control_register
[2020-03-20 14:20:27,342] [common.py:63] [common:get_action_handler] [INFO]- 当前正在操作action：query_opr_log
[2020-03-20 14:20:27,354] [common.py:63] [common:get_action_handler] [INFO]- 当前正在操作action：query_role
[2020-03-20 14:20:27,372] [common.py:63] [common:get_action_handler] [INFO]- 当前正在操作action：query_system_log
[2020-03-20 14:20:27,378] [common.py:63] [common:get_action_handler] [INFO]- 当前正在操作action：query_alarm_log
[2020-03-20 14:20:27,407] [common.py:63] [common:get_action_handler] [INFO]- 当前正在操作action：query_meter
[2020-03-20 14:20:27,409] [common.py:63] [common:get_action_handler] [INFO]- 当前正在操作action：query_manufacturer
[2020-03-20 14:20:27,430] [common.py:63] [common:get_action_handler] [INFO]- 当前正在操作action：query_dtu_user
[2020-03-20 14:20:27,430] [common.py:63] [common:get_action_handler] [INFO]- 当前正在操作action：query_dtu
[2020-03-20 14:20:27,456] [common.py:63] [common:get_action_handler] [INFO]- 当前正在操作action：query_manufacturer
[2020-03-20 14:20:29,384] [common.py:63] [common:get_action_handler] [INFO]- 当前正在操作action：query_dtu
[2020-03-20 14:20:29,388] [common.py:63] [common:get_action_handler] [INFO]- 当前正在操作action：query_manufacturer
[2020-03-20 14:20:29,388] [common.py:63] [common:get_action_handler] [INFO]- 当前正在操作action：query_dtu_user
[2020-03-20 14:20:30,921] [common.py:63] [common:get_action_handler] [INFO]- 当前正在操作action：query_meter
[2020-03-20 14:20:30,923] [common.py:63] [common:get_action_handler] [INFO]- 当前正在操作action：query_manufacturer
[2020-03-20 14:20:31,640] [common.py:63] [common:get_action_handler] [INFO]- 当前正在操作action：query_dtu
[2020-03-20 14:20:31,643] [common.py:63] [common:get_action_handler] [INFO]- 当前正在操作action：query_manufacturer
[2020-03-20 14:20:31,645] [common.py:63] [common:get_action_handler] [INFO]- 当前正在操作action：query_dtu_user
[2020-03-20 14:20:31,883] [common.py:63] [common:get_action_handler] [INFO]- 当前正在操作action：query_meter
[2020-03-20 14:20:31,884] [common.py:63] [common:get_action_handler] [INFO]- 当前正在操作action：query_manufacturer
[2020-03-20 14:20:32,590] [common.py:63] [common:get_action_handler] [INFO]- 当前正在操作action：query_meter
[2020-03-20 14:20:32,593] [common.py:63] [common:get_action_handler] [INFO]- 当前正在操作action：query_manufacturer
[2020-03-20 14:20:32,893] [common.py:63] [common:get_action_handler] [INFO]- 当前正在操作action：query_dtu
[2020-03-20 14:20:32,897] [common.py:63] [common:get_action_handler] [INFO]- 当前正在操作action：query_dtu_user
[2020-03-20 14:20:32,897] [common.py:63] [common:get_action_handler] [INFO]- 当前正在操作action：query_manufacturer
[2020-03-20 14:20:33,154] [common.py:63] [common:get_action_handler] [INFO]- 当前正在操作action：query_meter
[2020-03-20 14:20:33,157] [common.py:63] [common:get_action_handler] [INFO]- 当前正在操作action：query_manufacturer
[2020-03-20 14:20:33,886] [common.py:63] [common:get_action_handler] [INFO]- 当前正在操作action：query_meter
[2020-03-20 14:20:33,889] [common.py:63] [common:get_action_handler] [INFO]- 当前正在操作action：query_manufacturer
[2020-03-20 14:20:34,191] [common.py:63] [common:get_action_handler] [INFO]- 当前正在操作action：query_dtu
[2020-03-20 14:20:34,195] [common.py:63] [common:get_action_handler] [INFO]- 当前正在操作action：query_dtu_user
[2020-03-20 14:20:34,195] [common.py:63] [common:get_action_handler] [INFO]- 当前正在操作action：query_manufacturer
[2020-03-20 14:20:34,430] [common.py:63] [common:get_action_handler] [INFO]- 当前正在操作action：query_meter
[2020-03-20 14:20:34,432] [common.py:63] [common:get_action_handler] [INFO]- 当前正在操作action：query_manufacturer
[2020-03-20 14:20:34,809] [common.py:63] [common:get_action_handler] [INFO]- 当前正在操作action：query_dtu
[2020-03-20 14:20:34,812] [common.py:63] [common:get_action_handler] [INFO]- 当前正在操作action：query_manufacturer
[2020-03-20 14:20:34,813] [common.py:63] [common:get_action_handler] [INFO]- 当前正在操作action：query_dtu_user
[2020-03-20 14:20:35,096] [common.py:63] [common:get_action_handler] [INFO]- 当前正在操作action：query_role
[2020-03-20 14:20:35,305] [common.py:63] [common:get_action_handler] [INFO]- 当前正在操作action：query_dtu_region
[2020-03-20 14:20:35,591] [common.py:63] [common:get_action_handler] [INFO]- 当前正在操作action：query_dtu_user
[2020-03-20 14:20:35,936] [common.py:63] [common:get_action_handler] [INFO]- 当前正在操作action：query_dtu_region
[2020-03-20 14:20:36,197] [common.py:63] [common:get_action_handler] [INFO]- 当前正在操作action：query_role
[2020-03-20 14:20:36,423] [common.py:63] [common:get_action_handler] [INFO]- 当前正在操作action：query_role
[2020-03-20 14:20:36,903] [common.py:63] [common:get_action_handler] [INFO]- 当前正在操作action：query_dtu
[2020-03-20 14:20:36,906] [common.py:63] [common:get_action_handler] [INFO]- 当前正在操作action：query_manufacturer
[2020-03-20 14:20:36,908] [common.py:63] [common:get_action_handler] [INFO]- 当前正在操作action：query_dtu_user
[2020-03-20 14:20:37,438] [common.py:63] [common:get_action_handler] [INFO]- 当前正在操作action：query_meter
[2020-03-20 14:20:37,441] [common.py:63] [common:get_action_handler] [INFO]- 当前正在操作action：query_manufacturer
[2020-03-20 14:20:38,339] [common.py:63] [common:get_action_handler] [INFO]- 当前正在操作action：query_dtu
[2020-03-20 14:20:38,343] [common.py:63] [common:get_action_handler] [INFO]- 当前正在操作action：query_dtu_user
[2020-03-20 14:20:38,343] [common.py:63] [common:get_action_handler] [INFO]- 当前正在操作action：query_manufacturer
[2020-03-20 14:20:38,754] [common.py:63] [common:get_action_handler] [INFO]- 当前正在操作action：query_dtu_region
[2020-03-20 14:20:39,053] [common.py:63] [common:get_action_handler] [INFO]- 当前正在操作action：query_manufacturer
[2020-03-20 14:20:39,413] [common.py:63] [common:get_action_handler] [INFO]- 当前正在操作action：query_admin
[2020-03-20 14:20:41,549] [common.py:63] [common:get_action_handler] [INFO]- 当前正在操作action：edit_admin
[2020-03-20 14:20:53,297] [common.py:63] [common:get_action_handler] [INFO]- 当前正在操作action：query_system_log
[2020-03-20 14:20:53,971] [common.py:63] [common:get_action_handler] [INFO]- 当前正在操作action：query_system_log
[2020-03-20 14:20:54,301] [common.py:63] [common:get_action_handler] [INFO]- 当前正在操作action：query_system_log
[2020-03-20 14:20:54,482] [common.py:63] [common:get_action_handler] [INFO]- 当前正在操作action：query_system_log
[2020-03-20 14:20:54,652] [common.py:63] [common:get_action_handler] [INFO]- 当前正在操作action：query_system_log
[2020-03-20 14:20:54,844] [common.py:63] [common:get_action_handler] [INFO]- 当前正在操作action：query_system_log
[2020-03-20 14:20:54,987] [common.py:63] [common:get_action_handler] [INFO]- 当前正在操作action：query_system_log
[2020-03-20 14:20:55,143] [common.py:63] [common:get_action_handler] [INFO]- 当前正在操作action：query_system_log
[2020-03-20 14:20:55,354] [common.py:63] [common:get_action_handler] [INFO]- 当前正在操作action：query_system_log
[2020-03-20 14:20:55,486] [common.py:63] [common:get_action_handler] [INFO]- 当前正在操作action：query_system_log
[2020-03-20 14:20:55,654] [common.py:63] [common:get_action_handler] [INFO]- 当前正在操作action：query_system_log
[2020-03-20 14:20:55,820] [common.py:63] [common:get_action_handler] [INFO]- 当前正在操作action：query_system_log
[2020-03-20 14:20:55,985] [common.py:63] [common:get_action_handler] [INFO]- 当前正在操作action：query_system_log
[2020-03-20 14:20:56,145] [common.py:63] [common:get_action_handler] [INFO]- 当前正在操作action：query_system_log
[2020-03-20 14:20:56,335] [common.py:63] [common:get_action_handler] [INFO]- 当前正在操作action：query_system_log
[2020-03-20 14:20:56,479] [common.py:63] [common:get_action_handler] [INFO]- 当前正在操作action：query_system_log
[2020-03-20 14:20:56,651] [common.py:63] [common:get_action_handler] [INFO]- 当前正在操作action：query_system_log
[2020-03-20 14:27:58,824] [common.py:63] [common:get_action_handler] [INFO]- 当前正在操作action：query_dtu_region
[2020-03-20 14:28:01,103] [common.py:63] [common:get_action_handler] [INFO]- 当前正在操作action：query_admin
[2020-03-20 14:28:02,739] [common.py:63] [common:get_action_handler] [INFO]- 当前正在操作action：query_manufacturer
[2020-03-20 14:28:03,285] [common.py:63] [common:get_action_handler] [INFO]- 当前正在操作action：query_admin
[2020-03-20 14:28:42,258] [common.py:63] [common:get_action_handler] [INFO]- 当前正在操作action：query_admin
[2020-03-20 14:30:00,483] [common.py:63] [common:get_action_handler] [INFO]- 当前正在操作action：query_admin
[2020-03-20 14:30:01,126] [common.py:63] [common:get_action_handler] [INFO]- 当前正在操作action：query_admin
[2020-03-20 14:30:38,668] [common.py:63] [common:get_action_handler] [INFO]- 当前正在操作action：query_admin
[2020-03-20 14:32:35,350] [common.py:63] [common:get_action_handler] [INFO]- 当前正在操作action：query_admin
[2020-03-20 14:33:55,827] [common.py:63] [common:get_action_handler] [INFO]- 当前正在操作action：query_admin
[2020-03-20 14:33:57,408] [common.py:63] [common:get_action_handler] [INFO]- 当前正在操作action：edit_admin
[2020-03-20 14:33:58,810] [common.py:63] [common:get_action_handler] [INFO]- 当前正在操作action：query_admin
[2020-03-20 14:34:01,397] [common.py:63] [common:get_action_handler] [INFO]- 当前正在操作action：query_system_log
[2020-03-20 14:34:02,200] [common.py:63] [common:get_action_handler] [INFO]- 当前正在操作action：query_system_log
[2020-03-20 14:34:02,422] [common.py:63] [common:get_action_handler] [INFO]- 当前正在操作action：query_system_log
[2020-03-20 14:34:02,583] [common.py:63] [common:get_action_handler] [INFO]- 当前正在操作action：query_system_log
[2020-03-20 14:34:02,746] [common.py:63] [common:get_action_handler] [INFO]- 当前正在操作action：query_system_log
[2020-03-20 14:34:02,904] [common.py:63] [common:get_action_handler] [INFO]- 当前正在操作action：query_system_log
[2020-03-20 14:34:03,045] [common.py:63] [common:get_action_handler] [INFO]- 当前正在操作action：query_system_log
[2020-03-20 20:56:17,195] [common.py:63] [common:get_action_handler] [INFO]- 当前正在操作action：query_system_log
[2020-03-20 20:56:18,458] [common.py:63] [common:get_action_handler] [INFO]- 当前正在操作action：query_manufacturer
[2020-03-20 20:56:18,839] [common.py:63] [common:get_action_handler] [INFO]- 当前正在操作action：query_admin
[2020-03-20 20:56:20,287] [common.py:63] [common:get_action_handler] [INFO]- 当前正在操作action：edit_admin
[2020-03-20 20:57:34,348] [common.py:63] [common:get_action_handler] [INFO]- 当前正在操作action：edit_admin
[2020-03-20 20:58:46,022] [common.py:63] [common:get_action_handler] [INFO]- 当前正在操作action：edit_admin
[2020-03-20 20:59:48,745] [common.py:63] [common:get_action_handler] [INFO]- 当前正在操作action：edit_admin
[2020-03-20 21:03:41,243] [common.py:63] [common:get_action_handler] [INFO]- 当前正在操作action：query_admin
[2020-03-20 21:03:42,398] [common.py:63] [common:get_action_handler] [INFO]- 当前正在操作action：edit_admin
[2020-03-20 21:03:49,228] [common.py:63] [common:get_action_handler] [INFO]- 当前正在操作action：query_system_log
[2020-03-20 21:07:17,110] [common.py:63] [common:get_action_handler] [INFO]- 当前正在操作action：query_system_log
[2020-03-20 21:08:13,730] [common.py:63] [common:get_action_handler] [INFO]- 当前正在操作action：query_system_log
[2020-03-20 21:08:14,797] [common.py:63] [common:get_action_handler] [INFO]- 当前正在操作action：query_system_log
[2020-03-20 21:08:15,265] [common.py:63] [common:get_action_handler] [INFO]- 当前正在操作action：query_system_log
[2020-03-20 21:08:15,495] [common.py:63] [common:get_action_handler] [INFO]- 当前正在操作action：query_system_log
[2020-03-20 21:08:15,724] [common.py:63] [common:get_action_handler] [INFO]- 当前正在操作action：query_system_log
[2020-03-20 21:08:15,875] [common.py:63] [common:get_action_handler] [INFO]- 当前正在操作action：query_system_log
[2020-03-20 21:08:40,365] [common.py:63] [common:get_action_handler] [INFO]- 当前正在操作action：query_system_log
[2020-03-20 21:09:07,638] [common.py:63] [common:get_action_handler] [INFO]- 当前正在操作action：query_system_log
[2020-03-20 21:09:36,744] [common.py:63] [common:get_action_handler] [INFO]- 当前正在操作action：query_system_log
[2020-03-20 21:10:07,092] [common.py:63] [common:get_action_handler] [INFO]- 当前正在操作action：query_system_log
[2020-03-20 21:10:07,628] [common.py:63] [common:get_action_handler] [INFO]- 当前正在操作action：query_system_log
[2020-03-20 21:10:07,796] [common.py:63] [common:get_action_handler] [INFO]- 当前正在操作action：query_system_log
[2020-03-20 21:10:07,960] [common.py:63] [common:get_action_handler] [INFO]- 当前正在操作action：query_system_log
[2020-03-20 21:10:08,140] [common.py:63] [common:get_action_handler] [INFO]- 当前正在操作action：query_system_log
[2020-03-20 21:10:08,264] [common.py:63] [common:get_action_handler] [INFO]- 当前正在操作action：query_system_log
[2020-03-20 21:10:10,506] [common.py:63] [common:get_action_handler] [INFO]- 当前正在操作action：query_system_log
[2020-03-20 21:10:10,674] [common.py:63] [common:get_action_handler] [INFO]- 当前正在操作action：query_system_log
[2020-03-20 21:10:12,727] [common.py:63] [common:get_action_handler] [INFO]- 当前正在操作action：query_system_log
[2020-03-20 21:10:12,878] [common.py:63] [common:get_action_handler] [INFO]- 当前正在操作action：query_system_log
[2020-03-20 21:10:42,081] [common.py:63] [common:get_action_handler] [INFO]- 当前正在操作action：query_system_log
[2020-03-20 21:10:47,634] [common.py:63] [common:get_action_handler] [INFO]- 当前正在操作action：query_system_log
[2020-03-20 21:11:01,137] [common.py:63] [common:get_action_handler] [INFO]- 当前正在操作action：query_admin
[2020-03-20 21:11:06,157] [common.py:63] [common:get_action_handler] [INFO]- 当前正在操作action：query_manufacturer
[2020-03-20 21:11:06,902] [common.py:63] [common:get_action_handler] [INFO]- 当前正在操作action：query_admin
[2020-03-20 21:11:09,734] [common.py:63] [common:get_action_handler] [INFO]- 当前正在操作action：edit_admin
[2020-03-20 21:13:48,539] [common.py:63] [common:get_action_handler] [INFO]- 当前正在操作action：edit_admin
[2020-03-20 21:16:01,488] [common.py:63] [common:get_action_handler] [INFO]- 当前正在操作action：query_admin
[2020-03-20 21:16:04,161] [common.py:63] [common:get_action_handler] [INFO]- 当前正在操作action：edit_admin
[2020-03-20 21:20:02,080] [common.py:63] [common:get_action_handler] [INFO]- 当前正在操作action：query_admin
[2020-03-20 21:20:02,881] [common.py:63] [common:get_action_handler] [INFO]- 当前正在操作action：query_admin
[2020-03-20 21:20:04,776] [common.py:63] [common:get_action_handler] [INFO]- 当前正在操作action：edit_admin
[2020-03-20 21:20:30,722] [common.py:63] [common:get_action_handler] [INFO]- 当前正在操作action：edit_admin
[2020-03-20 21:22:24,170] [common.py:63] [common:get_action_handler] [INFO]- 当前正在操作action：edit_admin
[2020-03-20 21:22:28,489] [common.py:63] [common:get_action_handler] [INFO]- 当前正在操作action：query_system_log
[2020-03-20 21:22:44,177] [common.py:63] [common:get_action_handler] [INFO]- 当前正在操作action：del_system_log
[2020-03-20 21:22:44,197] [common.py:63] [common:get_action_handler] [INFO]- 当前正在操作action：query_system_log
[2020-03-20 21:22:51,511] [common.py:63] [common:get_action_handler] [INFO]- 当前正在操作action：query_system_log
[2020-03-20 21:22:56,813] [common.py:63] [common:get_action_handler] [INFO]- 当前正在操作action：del_system_log
[2020-03-20 21:22:56,833] [common.py:63] [common:get_action_handler] [INFO]- 当前正在操作action：query_system_log
[2020-03-20 21:23:01,508] [common.py:63] [common:get_action_handler] [INFO]- 当前正在操作action：query_system_log
[2020-03-20 21:23:17,132] [common.py:63] [common:get_action_handler] [INFO]- 当前正在操作action：query_system_log
[2020-03-20 21:23:17,640] [common.py:63] [common:get_action_handler] [INFO]- 当前正在操作action：query_system_log
[2020-03-20 21:23:18,044] [common.py:63] [common:get_action_handler] [INFO]- 当前正在操作action：query_system_log
[2020-03-20 21:23:18,194] [common.py:63] [common:get_action_handler] [INFO]- 当前正在操作action：query_system_log
[2020-03-20 21:23:18,355] [common.py:63] [common:get_action_handler] [INFO]- 当前正在操作action：query_system_log
[2020-03-20 21:23:18,506] [common.py:63] [common:get_action_handler] [INFO]- 当前正在操作action：query_system_log
[2020-03-20 21:23:18,681] [common.py:63] [common:get_action_handler] [INFO]- 当前正在操作action：query_system_log
[2020-03-20 21:23:18,815] [common.py:63] [common:get_action_handler] [INFO]- 当前正在操作action：query_system_log
[2020-03-20 21:23:20,278] [common.py:63] [common:get_action_handler] [INFO]- 当前正在操作action：query_system_log
[2020-03-20 21:23:21,453] [common.py:63] [common:get_action_handler] [INFO]- 当前正在操作action：query_system_log
[2020-03-20 21:23:23,265] [common.py:63] [common:get_action_handler] [INFO]- 当前正在操作action：query_dtu_user
[2020-03-20 21:23:26,831] [common.py:63] [common:get_action_handler] [INFO]- 当前正在操作action：edit_dtu_user
[2020-03-20 21:23:28,930] [common.py:63] [common:get_action_handler] [INFO]- 当前正在操作action：query_dtu_user
[2020-03-20 21:23:35,833] [common.py:63] [common:get_action_handler] [INFO]- 当前正在操作action：edit_dtu_user
[2020-03-20 21:23:38,128] [common.py:63] [common:get_action_handler] [INFO]- 当前正在操作action：query_system_log
[2020-03-20 21:24:20,759] [common.py:63] [common:get_action_handler] [INFO]- 当前正在操作action：query_system_log
[2020-03-20 21:51:47,538] [common.py:63] [common:get_action_handler] [INFO]- 当前正在操作action：query_system_log
[2020-03-20 21:52:25,579] [common.py:63] [common:get_action_handler] [INFO]- 当前正在操作action：query_system_log
[2020-03-20 21:52:27,410] [common.py:63] [common:get_action_handler] [INFO]- 当前正在操作action：export_system_log
[2020-03-20 21:52:37,525] [common.py:63] [common:get_action_handler] [INFO]- 当前正在操作action：query_system_log
[2020-03-20 21:52:39,133] [common.py:63] [common:get_action_handler] [INFO]- 当前正在操作action：export_system_log
[2020-03-20 21:52:39,176] [common.py:63] [common:get_action_handler] [INFO]- 当前正在操作action：download_file
[2020-03-20 21:53:30,439] [common.py:63] [common:get_action_handler] [INFO]- 当前正在操作action：query_system_log
[2020-03-20 21:53:32,184] [common.py:63] [common:get_action_handler] [INFO]- 当前正在操作action：export_system_log
[2020-03-20 21:53:32,215] [common.py:63] [common:get_action_handler] [INFO]- 当前正在操作action：download_file
[2020-03-20 21:53:48,858] [common.py:63] [common:get_action_handler] [INFO]- 当前正在操作action：query_system_log
[2020-03-20 21:53:50,321] [common.py:63] [common:get_action_handler] [INFO]- 当前正在操作action：query_system_log
[2020-03-20 21:53:52,639] [common.py:63] [common:get_action_handler] [INFO]- 当前正在操作action：query_system_log
[2020-03-20 21:54:04,062] [common.py:63] [common:get_action_handler] [INFO]- 当前正在操作action：query_system_log
[2020-03-20 21:54:11,529] [common.py:63] [common:get_action_handler] [INFO]- 当前正在操作action：query_system_log
[2020-03-20 21:56:18,082] [common.py:63] [common:get_action_handler] [INFO]- 当前正在操作action：export_system_log
[2020-03-20 21:56:18,114] [common.py:63] [common:get_action_handler] [INFO]- 当前正在操作action：download_file
[2020-03-20 21:56:26,304] [common.py:63] [common:get_action_handler] [INFO]- 当前正在操作action：query_opr_log
[2020-03-20 21:56:29,546] [common.py:63] [common:get_action_handler] [INFO]- 当前正在操作action：query_alarm_log
[2020-03-20 21:56:31,273] [common.py:63] [common:get_action_handler] [INFO]- 当前正在操作action：query_system_log
[2020-03-20 21:56:33,261] [common.py:63] [common:get_action_handler] [INFO]- 当前正在操作action：query_system_log
[2020-03-20 21:57:10,255] [common.py:63] [common:get_action_handler] [INFO]- 当前正在操作action：query_system_log
[2020-03-20 22:00:01,995] [common.py:63] [common:get_action_handler] [INFO]- 当前正在操作action：query_system_log
[2020-03-20 22:00:03,827] [common.py:63] [common:get_action_handler] [INFO]- 当前正在操作action：export_system_log
[2020-03-20 22:00:03,866] [common.py:63] [common:get_action_handler] [INFO]- 当前正在操作action：download_file
[2020-03-20 22:00:05,970] [common.py:63] [common:get_action_handler] [INFO]- 当前正在操作action：query_system_log
[2020-03-20 22:00:25,961] [common.py:63] [common:get_action_handler] [INFO]- 当前正在操作action：query_system_log
[2020-03-20 22:01:18,846] [common.py:63] [common:get_action_handler] [INFO]- 当前正在操作action：query_system_log
[2020-03-20 22:01:37,439] [common.py:63] [common:get_action_handler] [INFO]- 当前正在操作action：query_dtu_user
[2020-03-20 22:01:37,440] [common.py:63] [common:get_action_handler] [INFO]- 当前正在操作action：query_manufacturer
[2020-03-20 22:01:37,460] [common.py:63] [common:get_action_handler] [INFO]- 当前正在操作action：query_data_field
[2020-03-20 22:01:37,471] [common.py:63] [common:get_action_handler] [INFO]- 当前正在操作action：query_admin
[2020-03-20 22:01:37,491] [common.py:63] [common:get_action_handler] [INFO]- 当前正在操作action：query_opr_log
[2020-03-20 22:01:37,505] [common.py:63] [common:get_action_handler] [INFO]- 当前正在操作action：query_configure
[2020-03-20 22:01:37,549] [common.py:63] [common:get_action_handler] [INFO]- 当前正在操作action：query_system_log
[2020-03-20 22:01:37,570] [common.py:63] [common:get_action_handler] [INFO]- 当前正在操作action：query_role
[2020-03-20 22:01:37,637] [common.py:63] [common:get_action_handler] [INFO]- 当前正在操作action：query_alarm_log
[2020-03-20 22:01:37,647] [common.py:63] [common:get_action_handler] [INFO]- 当前正在操作action：query_control_register
[2020-03-20 22:01:37,664] [common.py:63] [common:get_action_handler] [INFO]- 当前正在操作action：query_meter
[2020-03-20 22:01:37,671] [common.py:63] [common:get_action_handler] [INFO]- 当前正在操作action：query_manufacturer
[2020-03-20 22:01:37,704] [common.py:63] [common:get_action_handler] [INFO]- 当前正在操作action：query_dtu
[2020-03-20 22:01:37,707] [common.py:63] [common:get_action_handler] [INFO]- 当前正在操作action：query_manufacturer
[2020-03-20 22:01:37,709] [common.py:63] [common:get_action_handler] [INFO]- 当前正在操作action：query_dtu_user
[2020-03-20 22:01:37,742] [common.py:63] [common:get_action_handler] [INFO]- 当前正在操作action：query_dtu_region
[2020-03-20 22:01:40,915] [common.py:63] [common:get_action_handler] [INFO]- 当前正在操作action：query_dtu
[2020-03-20 22:01:40,919] [common.py:63] [common:get_action_handler] [INFO]- 当前正在操作action：query_manufacturer
[2020-03-20 22:01:40,920] [common.py:63] [common:get_action_handler] [INFO]- 当前正在操作action：query_dtu_user
[2020-03-20 22:01:59,794] [common.py:63] [common:get_action_handler] [INFO]- 当前正在操作action：query_system_log
[2020-03-20 22:03:13,929] [common.py:63] [common:get_action_handler] [INFO]- 当前正在操作action：query_system_log
[2020-03-20 22:03:58,478] [common.py:63] [common:get_action_handler] [INFO]- 当前正在操作action：query_system_log
[2020-03-20 22:03:59,567] [common.py:63] [common:get_action_handler] [INFO]- 当前正在操作action：query_system_log
[2020-03-20 22:04:07,394] [common.py:63] [common:get_action_handler] [INFO]- 当前正在操作action：query_system_log
