[2020-04-02 17:52:11,969] [common.py:63] [common:get_action_handler] [INFO]- 当前正在操作action：login
[2020-04-02 17:52:13,611] [common.py:63] [common:get_action_handler] [INFO]- 当前正在操作action：query_manufacturer
[2020-04-02 17:52:13,631] [common.py:63] [common:get_action_handler] [INFO]- 当前正在操作action：query_admin
[2020-04-02 17:52:13,641] [common.py:63] [common:get_action_handler] [INFO]- 当前正在操作action：query_dtu_user
[2020-04-02 17:52:13,659] [common.py:63] [common:get_action_handler] [INFO]- 当前正在操作action：query_opr_log
[2020-04-02 17:52:13,665] [common.py:63] [common:get_action_handler] [INFO]- 当前正在操作action：query_dtu
[2020-04-02 17:52:13,667] [common.py:63] [common:get_action_handler] [INFO]- 当前正在操作action：query_manufacturer
[2020-04-02 17:52:13,673] [common.py:63] [common:get_action_handler] [INFO]- 当前正在操作action：query_dtu_user
[2020-04-02 17:52:13,680] [common.py:63] [common:get_action_handler] [INFO]- 当前正在操作action：query_meter
[2020-04-02 17:52:13,683] [common.py:63] [common:get_action_handler] [INFO]- 当前正在操作action：query_role
[2020-04-02 17:52:13,718] [common.py:63] [common:get_action_handler] [INFO]- 当前正在操作action：query_dtu_region
[2020-04-02 17:52:13,750] [common.py:63] [common:get_action_handler] [INFO]- 当前正在操作action：query_manufacturer
[2020-04-02 17:52:15,119] [common.py:63] [common:get_action_handler] [INFO]- 当前正在操作action：query_role
[2020-04-02 18:23:04,123] [common.py:63] [common:get_action_handler] [INFO]- 当前正在操作action：edit_role_auth
[2020-04-02 18:23:04,244] [common.py:63] [common:get_action_handler] [INFO]- 当前正在操作action：query_role
[2020-04-02 18:24:06,689] [common.py:63] [common:get_action_handler] [INFO]- 当前正在操作action：edit_role_auth
[2020-04-02 18:24:06,807] [common.py:63] [common:get_action_handler] [INFO]- 当前正在操作action：query_role
[2020-04-02 18:24:17,348] [common.py:63] [common:get_action_handler] [INFO]- 当前正在操作action：edit_role_auth
[2020-04-02 18:24:17,461] [common.py:63] [common:get_action_handler] [INFO]- 当前正在操作action：query_role
[2020-04-02 18:24:23,643] [common.py:63] [common:get_action_handler] [INFO]- 当前正在操作action：query_dtu
[2020-04-02 18:24:23,659] [common.py:63] [common:get_action_handler] [INFO]- 当前正在操作action：query_manufacturer
[2020-04-02 18:24:23,679] [common.py:63] [common:get_action_handler] [INFO]- 当前正在操作action：query_dtu_user
[2020-04-02 18:24:23,970] [common.py:63] [common:get_action_handler] [INFO]- 当前正在操作action：query_role
[2020-04-02 18:24:26,746] [common.py:63] [common:get_action_handler] [INFO]- 当前正在操作action：query_admin
[2020-04-02 18:24:28,893] [common.py:63] [common:get_action_handler] [INFO]- 当前正在操作action：query_admin
[2020-04-02 18:24:29,437] [common.py:63] [common:get_action_handler] [INFO]- 当前正在操作action：query_manufacturer
[2020-04-02 18:24:29,655] [common.py:63] [common:get_action_handler] [INFO]- 当前正在操作action：query_admin
[2020-04-02 18:24:29,881] [common.py:63] [common:get_action_handler] [INFO]- 当前正在操作action：query_manufacturer
[2020-04-02 18:24:30,093] [common.py:63] [common:get_action_handler] [INFO]- 当前正在操作action：query_dtu_user
[2020-04-02 18:24:30,286] [common.py:63] [common:get_action_handler] [INFO]- 当前正在操作action：query_role
[2020-04-02 18:24:30,509] [common.py:63] [common:get_action_handler] [INFO]- 当前正在操作action：query_role
[2020-04-02 18:24:31,667] [common.py:63] [common:get_action_handler] [INFO]- 当前正在操作action：query_dtu_region
[2020-04-02 18:24:31,943] [common.py:63] [common:get_action_handler] [INFO]- 当前正在操作action：query_manufacturer
[2020-04-02 18:24:32,209] [common.py:63] [common:get_action_handler] [INFO]- 当前正在操作action：query_admin
[2020-04-02 18:25:01,464] [common.py:63] [common:get_action_handler] [INFO]- 当前正在操作action：query_admin
[2020-04-02 18:25:01,480] [common.py:63] [common:get_action_handler] [INFO]- 当前正在操作action：query_manufacturer
[2020-04-02 18:25:01,496] [common.py:63] [common:get_action_handler] [INFO]- 当前正在操作action：query_dtu_user
[2020-04-02 18:25:01,510] [common.py:63] [common:get_action_handler] [INFO]- 当前正在操作action：query_opr_log
[2020-04-02 18:25:01,512] [common.py:63] [common:get_action_handler] [INFO]- 当前正在操作action：query_dtu
[2020-04-02 18:25:01,554] [common.py:63] [common:get_action_handler] [INFO]- 当前正在操作action：query_manufacturer
[2020-04-02 18:25:01,557] [common.py:63] [common:get_action_handler] [INFO]- 当前正在操作action：query_dtu_user
[2020-04-02 18:25:01,561] [common.py:63] [common:get_action_handler] [INFO]- 当前正在操作action：query_dtu_region
[2020-04-02 18:25:01,562] [common.py:63] [common:get_action_handler] [INFO]- 当前正在操作action：query_role
[2020-04-02 18:25:01,566] [common.py:63] [common:get_action_handler] [INFO]- 当前正在操作action：query_meter
[2020-04-02 18:25:01,611] [common.py:63] [common:get_action_handler] [INFO]- 当前正在操作action：query_manufacturer
[2020-04-02 18:25:09,460] [common.py:63] [common:get_action_handler] [INFO]- 当前正在操作action：query_admin
[2020-04-02 18:25:09,470] [common.py:63] [common:get_action_handler] [INFO]- 当前正在操作action：query_dtu_user
[2020-04-02 18:25:09,492] [common.py:63] [common:get_action_handler] [INFO]- 当前正在操作action：query_manufacturer
[2020-04-02 18:25:09,509] [common.py:63] [common:get_action_handler] [INFO]- 当前正在操作action：query_opr_log
[2020-04-02 18:25:09,525] [common.py:63] [common:get_action_handler] [INFO]- 当前正在操作action：query_role
[2020-04-02 18:25:09,529] [common.py:63] [common:get_action_handler] [INFO]- 当前正在操作action：query_dtu_region
[2020-04-02 18:25:09,534] [common.py:63] [common:get_action_handler] [INFO]- 当前正在操作action：query_dtu
[2020-04-02 18:25:09,567] [common.py:63] [common:get_action_handler] [INFO]- 当前正在操作action：query_manufacturer
[2020-04-02 18:25:09,569] [common.py:63] [common:get_action_handler] [INFO]- 当前正在操作action：query_dtu_user
[2020-04-02 18:25:09,573] [common.py:63] [common:get_action_handler] [INFO]- 当前正在操作action：query_meter
[2020-04-02 18:25:09,615] [common.py:63] [common:get_action_handler] [INFO]- 当前正在操作action：query_manufacturer
[2020-04-02 18:25:22,981] [common.py:63] [common:get_action_handler] [INFO]- 当前正在操作action：query_admin
[2020-04-02 18:25:22,992] [common.py:63] [common:get_action_handler] [INFO]- 当前正在操作action：query_manufacturer
[2020-04-02 18:25:22,998] [common.py:63] [common:get_action_handler] [INFO]- 当前正在操作action：query_dtu_user
[2020-04-02 18:25:23,024] [common.py:63] [common:get_action_handler] [INFO]- 当前正在操作action：query_opr_log
[2020-04-02 18:25:23,032] [common.py:63] [common:get_action_handler] [INFO]- 当前正在操作action：query_dtu
[2020-04-02 18:25:23,033] [common.py:63] [common:get_action_handler] [INFO]- 当前正在操作action：query_manufacturer
[2020-04-02 18:25:23,035] [common.py:63] [common:get_action_handler] [INFO]- 当前正在操作action：query_dtu_region
[2020-04-02 18:25:23,035] [common.py:63] [common:get_action_handler] [INFO]- 当前正在操作action：query_dtu_user
[2020-04-02 18:25:23,058] [common.py:63] [common:get_action_handler] [INFO]- 当前正在操作action：query_role
[2020-04-02 18:25:23,088] [common.py:63] [common:get_action_handler] [INFO]- 当前正在操作action：query_meter
[2020-04-02 18:25:23,112] [common.py:63] [common:get_action_handler] [INFO]- 当前正在操作action：query_manufacturer
