[2020-05-03 15:39:47,969] [server.py:32] [server:handler_accept] [INFO]- 等待新连接：0
[2020-05-03 15:40:39,046] [server.py:32] [server:handler_accept] [INFO]- 等待新连接：0
[2020-05-03 15:40:43,552] [server.py:32] [server:handler_accept] [INFO]- 等待新连接：1
[2020-05-03 15:40:45,522] [server.py:50] [server:handler_msg] [INFO]- 收到了客户端的消息：b'\x00'
[2020-05-03 15:42:32,854] [server.py:29] [server:handler_accept] [INFO]- 等待新连接：0
[2020-05-03 15:42:37,868] [server.py:29] [server:handler_accept] [INFO]- 等待新连接：1
[2020-05-03 15:42:39,670] [server.py:47] [server:handler_msg] [INFO]- 收到了客户端的消息：b'\x00'
[2020-05-03 15:43:40,421] [server.py:32] [server:handler_accept] [INFO]- 等待新连接：0
[2020-05-03 15:43:44,853] [server.py:32] [server:handler_accept] [INFO]- 等待新连接：1
[2020-05-03 15:43:46,281] [server.py:50] [server:handler_msg] [INFO]- 收到了客户端的消息：b'\x00'
[2020-05-03 15:44:28,502] [server.py:32] [server:handler_accept] [INFO]- 等待新连接：0
[2020-05-03 15:44:31,848] [server.py:32] [server:handler_accept] [INFO]- 等待新连接：1
[2020-05-03 15:44:33,081] [server.py:50] [server:handler_msg] [INFO]- 收到了客户端的消息：b'\x00'
[2020-05-03 15:46:09,842] [server.py:32] [server:handler_accept] [INFO]- 等待新连接：0
[2020-05-03 15:46:12,323] [server.py:32] [server:handler_accept] [INFO]- 等待新连接：1
[2020-05-03 15:46:13,953] [server.py:50] [server:handler_msg] [INFO]- 收到了客户端的消息：b'\x00'
[2020-05-03 15:46:15,361] [server.py:50] [server:handler_msg] [INFO]- 收到了客户端的消息：b'\x00'
[2020-05-03 15:46:16,476] [server.py:50] [server:handler_msg] [INFO]- 收到了客户端的消息：b'\x00'
[2020-05-03 15:46:17,643] [server.py:50] [server:handler_msg] [INFO]- 收到了客户端的消息：b'\x00'
[2020-05-03 15:46:18,473] [server.py:50] [server:handler_msg] [INFO]- 收到了客户端的消息：b'\x00'
[2020-05-03 15:46:19,127] [server.py:50] [server:handler_msg] [INFO]- 收到了客户端的消息：b'\x00'
[2020-05-03 15:46:19,826] [server.py:50] [server:handler_msg] [INFO]- 收到了客户端的消息：b'\x00'
[2020-05-03 15:46:20,543] [server.py:50] [server:handler_msg] [INFO]- 收到了客户端的消息：b'\x00'
[2020-05-03 15:46:52,046] [server.py:32] [server:handler_accept] [INFO]- 等待新连接：0
[2020-05-03 18:18:45,699] [server.py:25] [server:handler_accept] [INFO]- 等待新连接：0
[2020-05-03 18:18:53,460] [server.py:25] [server:handler_accept] [INFO]- 等待新连接：1
[2020-05-03 18:20:31,930] [server.py:25] [server:handler_accept] [INFO]- 等待新连接：2
[2020-05-03 18:21:07,855] [server.py:25] [server:handler_accept] [INFO]- 等待新连接：0
[2020-05-03 18:21:11,958] [server.py:40] [server:handler_msg] [INFO]- 收到了客户端的消息：b'\x00'，消息长度为：1
[2020-05-03 18:21:11,958] [server.py:43] [server:handler_msg] [INFO]- 当前dtu_no发起连接0
[2020-05-03 18:21:15,636] [server.py:40] [server:handler_msg] [INFO]- 收到了客户端的消息：b'\x00'，消息长度为：1
[2020-05-03 18:21:15,636] [server.py:43] [server:handler_msg] [INFO]- 当前dtu_no发起连接0
[2020-05-03 18:21:16,758] [server.py:40] [server:handler_msg] [INFO]- 收到了客户端的消息：b'\x00'，消息长度为：1
[2020-05-03 18:21:16,758] [server.py:43] [server:handler_msg] [INFO]- 当前dtu_no发起连接0
[2020-05-03 18:21:17,790] [server.py:40] [server:handler_msg] [INFO]- 收到了客户端的消息：b'\x00'，消息长度为：1
[2020-05-03 18:21:17,790] [server.py:43] [server:handler_msg] [INFO]- 当前dtu_no发起连接0
[2020-05-03 18:21:19,686] [server.py:40] [server:handler_msg] [INFO]- 收到了客户端的消息：b''，消息长度为：0
[2020-05-03 18:21:19,686] [server.py:43] [server:handler_msg] [INFO]- 当前dtu_no发起连接0
[2020-05-03 18:21:19,744] [server.py:40] [server:handler_msg] [INFO]- 收到了客户端的消息：b''，消息长度为：0
[2020-05-03 18:21:19,744] [server.py:43] [server:handler_msg] [INFO]- 当前dtu_no发起连接0
[2020-05-03 18:21:19,806] [server.py:40] [server:handler_msg] [INFO]- 收到了客户端的消息：b''，消息长度为：0
[2020-05-03 18:21:19,806] [server.py:43] [server:handler_msg] [INFO]- 当前dtu_no发起连接0
[2020-05-03 18:21:19,867] [server.py:40] [server:handler_msg] [INFO]- 收到了客户端的消息：b''，消息长度为：0
[2020-05-03 18:21:19,867] [server.py:43] [server:handler_msg] [INFO]- 当前dtu_no发起连接0
[2020-05-03 18:21:19,928] [server.py:40] [server:handler_msg] [INFO]- 收到了客户端的消息：b''，消息长度为：0
[2020-05-03 18:21:19,928] [server.py:43] [server:handler_msg] [INFO]- 当前dtu_no发起连接0
[2020-05-03 18:21:19,984] [server.py:40] [server:handler_msg] [INFO]- 收到了客户端的消息：b''，消息长度为：0
[2020-05-03 18:21:19,984] [server.py:43] [server:handler_msg] [INFO]- 当前dtu_no发起连接0
[2020-05-03 18:21:20,040] [server.py:40] [server:handler_msg] [INFO]- 收到了客户端的消息：b''，消息长度为：0
[2020-05-03 18:21:20,040] [server.py:43] [server:handler_msg] [INFO]- 当前dtu_no发起连接0
[2020-05-03 18:21:20,097] [server.py:40] [server:handler_msg] [INFO]- 收到了客户端的消息：b''，消息长度为：0
[2020-05-03 18:21:20,097] [server.py:43] [server:handler_msg] [INFO]- 当前dtu_no发起连接0
[2020-05-03 18:21:20,153] [server.py:40] [server:handler_msg] [INFO]- 收到了客户端的消息：b''，消息长度为：0
[2020-05-03 18:21:20,154] [server.py:43] [server:handler_msg] [INFO]- 当前dtu_no发起连接0
[2020-05-03 18:21:20,212] [server.py:40] [server:handler_msg] [INFO]- 收到了客户端的消息：b''，消息长度为：0
[2020-05-03 18:21:20,213] [server.py:43] [server:handler_msg] [INFO]- 当前dtu_no发起连接0
[2020-05-03 18:21:20,270] [server.py:40] [server:handler_msg] [INFO]- 收到了客户端的消息：b''，消息长度为：0
[2020-05-03 18:21:20,271] [server.py:43] [server:handler_msg] [INFO]- 当前dtu_no发起连接0
[2020-05-03 18:21:20,325] [server.py:40] [server:handler_msg] [INFO]- 收到了客户端的消息：b''，消息长度为：0
[2020-05-03 18:21:20,325] [server.py:43] [server:handler_msg] [INFO]- 当前dtu_no发起连接0
[2020-05-03 18:21:20,381] [server.py:40] [server:handler_msg] [INFO]- 收到了客户端的消息：b''，消息长度为：0
[2020-05-03 18:21:20,382] [server.py:43] [server:handler_msg] [INFO]- 当前dtu_no发起连接0
[2020-05-03 18:21:20,441] [server.py:40] [server:handler_msg] [INFO]- 收到了客户端的消息：b''，消息长度为：0
[2020-05-03 18:21:20,441] [server.py:43] [server:handler_msg] [INFO]- 当前dtu_no发起连接0
[2020-05-03 18:21:20,498] [server.py:40] [server:handler_msg] [INFO]- 收到了客户端的消息：b''，消息长度为：0
[2020-05-03 18:21:20,498] [server.py:43] [server:handler_msg] [INFO]- 当前dtu_no发起连接0
[2020-05-03 18:21:20,554] [server.py:40] [server:handler_msg] [INFO]- 收到了客户端的消息：b''，消息长度为：0
[2020-05-03 18:21:20,554] [server.py:43] [server:handler_msg] [INFO]- 当前dtu_no发起连接0
[2020-05-03 18:21:20,611] [server.py:40] [server:handler_msg] [INFO]- 收到了客户端的消息：b''，消息长度为：0
[2020-05-03 18:21:20,612] [server.py:43] [server:handler_msg] [INFO]- 当前dtu_no发起连接0
[2020-05-03 18:21:20,671] [server.py:40] [server:handler_msg] [INFO]- 收到了客户端的消息：b''，消息长度为：0
[2020-05-03 18:21:20,671] [server.py:43] [server:handler_msg] [INFO]- 当前dtu_no发起连接0
[2020-05-03 18:21:20,728] [server.py:40] [server:handler_msg] [INFO]- 收到了客户端的消息：b''，消息长度为：0
[2020-05-03 18:21:20,728] [server.py:43] [server:handler_msg] [INFO]- 当前dtu_no发起连接0
[2020-05-03 18:21:20,783] [server.py:40] [server:handler_msg] [INFO]- 收到了客户端的消息：b''，消息长度为：0
[2020-05-03 18:21:20,783] [server.py:43] [server:handler_msg] [INFO]- 当前dtu_no发起连接0
[2020-05-03 18:21:20,843] [server.py:40] [server:handler_msg] [INFO]- 收到了客户端的消息：b''，消息长度为：0
[2020-05-03 18:21:20,843] [server.py:43] [server:handler_msg] [INFO]- 当前dtu_no发起连接0
[2020-05-03 18:21:20,902] [server.py:40] [server:handler_msg] [INFO]- 收到了客户端的消息：b''，消息长度为：0
[2020-05-03 18:21:20,902] [server.py:43] [server:handler_msg] [INFO]- 当前dtu_no发起连接0
[2020-05-03 18:21:20,956] [server.py:40] [server:handler_msg] [INFO]- 收到了客户端的消息：b''，消息长度为：0
[2020-05-03 18:21:20,956] [server.py:43] [server:handler_msg] [INFO]- 当前dtu_no发起连接0
[2020-05-03 18:21:21,010] [server.py:40] [server:handler_msg] [INFO]- 收到了客户端的消息：b''，消息长度为：0
[2020-05-03 18:21:21,010] [server.py:43] [server:handler_msg] [INFO]- 当前dtu_no发起连接0
[2020-05-03 18:21:21,064] [server.py:40] [server:handler_msg] [INFO]- 收到了客户端的消息：b''，消息长度为：0
[2020-05-03 18:21:21,064] [server.py:43] [server:handler_msg] [INFO]- 当前dtu_no发起连接0
[2020-05-03 18:21:21,119] [server.py:40] [server:handler_msg] [INFO]- 收到了客户端的消息：b''，消息长度为：0
[2020-05-03 18:21:21,119] [server.py:43] [server:handler_msg] [INFO]- 当前dtu_no发起连接0
[2020-05-03 18:21:21,174] [server.py:40] [server:handler_msg] [INFO]- 收到了客户端的消息：b''，消息长度为：0
[2020-05-03 18:21:21,175] [server.py:43] [server:handler_msg] [INFO]- 当前dtu_no发起连接0
[2020-05-03 18:21:21,229] [server.py:40] [server:handler_msg] [INFO]- 收到了客户端的消息：b''，消息长度为：0
[2020-05-03 18:21:21,229] [server.py:43] [server:handler_msg] [INFO]- 当前dtu_no发起连接0
[2020-05-03 18:21:21,284] [server.py:40] [server:handler_msg] [INFO]- 收到了客户端的消息：b''，消息长度为：0
[2020-05-03 18:21:21,284] [server.py:43] [server:handler_msg] [INFO]- 当前dtu_no发起连接0
[2020-05-03 18:21:21,338] [server.py:40] [server:handler_msg] [INFO]- 收到了客户端的消息：b''，消息长度为：0
[2020-05-03 18:21:21,339] [server.py:43] [server:handler_msg] [INFO]- 当前dtu_no发起连接0
[2020-05-03 18:21:21,392] [server.py:40] [server:handler_msg] [INFO]- 收到了客户端的消息：b''，消息长度为：0
[2020-05-03 18:21:21,392] [server.py:43] [server:handler_msg] [INFO]- 当前dtu_no发起连接0
[2020-05-03 18:21:21,446] [server.py:40] [server:handler_msg] [INFO]- 收到了客户端的消息：b''，消息长度为：0
[2020-05-03 18:21:21,446] [server.py:43] [server:handler_msg] [INFO]- 当前dtu_no发起连接0
[2020-05-03 18:21:21,500] [server.py:40] [server:handler_msg] [INFO]- 收到了客户端的消息：b''，消息长度为：0
[2020-05-03 18:21:21,500] [server.py:43] [server:handler_msg] [INFO]- 当前dtu_no发起连接0
[2020-05-03 18:21:21,558] [server.py:40] [server:handler_msg] [INFO]- 收到了客户端的消息：b''，消息长度为：0
[2020-05-03 18:21:21,558] [server.py:43] [server:handler_msg] [INFO]- 当前dtu_no发起连接0
[2020-05-03 18:21:21,617] [server.py:40] [server:handler_msg] [INFO]- 收到了客户端的消息：b''，消息长度为：0
[2020-05-03 18:21:21,617] [server.py:43] [server:handler_msg] [INFO]- 当前dtu_no发起连接0
[2020-05-03 18:21:21,674] [server.py:40] [server:handler_msg] [INFO]- 收到了客户端的消息：b''，消息长度为：0
[2020-05-03 18:21:21,675] [server.py:43] [server:handler_msg] [INFO]- 当前dtu_no发起连接0
[2020-05-03 18:21:21,728] [server.py:40] [server:handler_msg] [INFO]- 收到了客户端的消息：b''，消息长度为：0
[2020-05-03 18:21:21,728] [server.py:43] [server:handler_msg] [INFO]- 当前dtu_no发起连接0
[2020-05-03 18:21:21,782] [server.py:40] [server:handler_msg] [INFO]- 收到了客户端的消息：b''，消息长度为：0
[2020-05-03 18:21:21,782] [server.py:43] [server:handler_msg] [INFO]- 当前dtu_no发起连接0
[2020-05-03 18:21:21,838] [server.py:40] [server:handler_msg] [INFO]- 收到了客户端的消息：b''，消息长度为：0
[2020-05-03 18:21:21,839] [server.py:43] [server:handler_msg] [INFO]- 当前dtu_no发起连接0
[2020-05-03 18:21:21,896] [server.py:40] [server:handler_msg] [INFO]- 收到了客户端的消息：b''，消息长度为：0
[2020-05-03 18:21:21,896] [server.py:43] [server:handler_msg] [INFO]- 当前dtu_no发起连接0
[2020-05-03 18:21:21,952] [server.py:40] [server:handler_msg] [INFO]- 收到了客户端的消息：b''，消息长度为：0
[2020-05-03 18:21:21,952] [server.py:43] [server:handler_msg] [INFO]- 当前dtu_no发起连接0
[2020-05-03 18:21:22,005] [server.py:40] [server:handler_msg] [INFO]- 收到了客户端的消息：b''，消息长度为：0
[2020-05-03 18:21:22,006] [server.py:43] [server:handler_msg] [INFO]- 当前dtu_no发起连接0
[2020-05-03 18:21:22,061] [server.py:40] [server:handler_msg] [INFO]- 收到了客户端的消息：b''，消息长度为：0
[2020-05-03 18:21:22,061] [server.py:43] [server:handler_msg] [INFO]- 当前dtu_no发起连接0
[2020-05-03 18:21:22,116] [server.py:40] [server:handler_msg] [INFO]- 收到了客户端的消息：b''，消息长度为：0
[2020-05-03 18:21:22,117] [server.py:43] [server:handler_msg] [INFO]- 当前dtu_no发起连接0
[2020-05-03 18:21:22,174] [server.py:40] [server:handler_msg] [INFO]- 收到了客户端的消息：b''，消息长度为：0
[2020-05-03 18:21:22,175] [server.py:43] [server:handler_msg] [INFO]- 当前dtu_no发起连接0
[2020-05-03 18:21:22,229] [server.py:40] [server:handler_msg] [INFO]- 收到了客户端的消息：b''，消息长度为：0
[2020-05-03 18:21:22,229] [server.py:43] [server:handler_msg] [INFO]- 当前dtu_no发起连接0
[2020-05-03 18:21:22,288] [server.py:40] [server:handler_msg] [INFO]- 收到了客户端的消息：b''，消息长度为：0
[2020-05-03 18:21:22,289] [server.py:43] [server:handler_msg] [INFO]- 当前dtu_no发起连接0
[2020-05-03 18:21:22,346] [server.py:40] [server:handler_msg] [INFO]- 收到了客户端的消息：b''，消息长度为：0
[2020-05-03 18:21:22,346] [server.py:43] [server:handler_msg] [INFO]- 当前dtu_no发起连接0
[2020-05-03 18:21:22,402] [server.py:40] [server:handler_msg] [INFO]- 收到了客户端的消息：b''，消息长度为：0
[2020-05-03 18:21:22,403] [server.py:43] [server:handler_msg] [INFO]- 当前dtu_no发起连接0
[2020-05-03 18:21:22,458] [server.py:40] [server:handler_msg] [INFO]- 收到了客户端的消息：b''，消息长度为：0
[2020-05-03 18:21:22,458] [server.py:43] [server:handler_msg] [INFO]- 当前dtu_no发起连接0
[2020-05-03 18:21:22,511] [server.py:40] [server:handler_msg] [INFO]- 收到了客户端的消息：b''，消息长度为：0
[2020-05-03 18:21:22,511] [server.py:43] [server:handler_msg] [INFO]- 当前dtu_no发起连接0
[2020-05-03 18:21:22,566] [server.py:40] [server:handler_msg] [INFO]- 收到了客户端的消息：b''，消息长度为：0
[2020-05-03 18:21:22,566] [server.py:43] [server:handler_msg] [INFO]- 当前dtu_no发起连接0
[2020-05-03 18:21:22,620] [server.py:40] [server:handler_msg] [INFO]- 收到了客户端的消息：b''，消息长度为：0
[2020-05-03 18:21:22,620] [server.py:43] [server:handler_msg] [INFO]- 当前dtu_no发起连接0
[2020-05-03 18:21:22,674] [server.py:40] [server:handler_msg] [INFO]- 收到了客户端的消息：b''，消息长度为：0
[2020-05-03 18:21:22,674] [server.py:43] [server:handler_msg] [INFO]- 当前dtu_no发起连接0
[2020-05-03 18:21:22,728] [server.py:40] [server:handler_msg] [INFO]- 收到了客户端的消息：b''，消息长度为：0
[2020-05-03 18:21:22,729] [server.py:43] [server:handler_msg] [INFO]- 当前dtu_no发起连接0
[2020-05-03 18:21:22,786] [server.py:40] [server:handler_msg] [INFO]- 收到了客户端的消息：b''，消息长度为：0
[2020-05-03 18:21:22,786] [server.py:43] [server:handler_msg] [INFO]- 当前dtu_no发起连接0
[2020-05-03 18:21:22,842] [server.py:40] [server:handler_msg] [INFO]- 收到了客户端的消息：b''，消息长度为：0
[2020-05-03 18:21:22,842] [server.py:43] [server:handler_msg] [INFO]- 当前dtu_no发起连接0
[2020-05-03 18:21:22,896] [server.py:40] [server:handler_msg] [INFO]- 收到了客户端的消息：b''，消息长度为：0
[2020-05-03 18:21:22,896] [server.py:43] [server:handler_msg] [INFO]- 当前dtu_no发起连接0
[2020-05-03 18:21:22,950] [server.py:40] [server:handler_msg] [INFO]- 收到了客户端的消息：b''，消息长度为：0
[2020-05-03 18:21:22,950] [server.py:43] [server:handler_msg] [INFO]- 当前dtu_no发起连接0
[2020-05-03 18:21:23,004] [server.py:40] [server:handler_msg] [INFO]- 收到了客户端的消息：b''，消息长度为：0
[2020-05-03 18:21:23,004] [server.py:43] [server:handler_msg] [INFO]- 当前dtu_no发起连接0
[2020-05-03 18:21:23,063] [server.py:40] [server:handler_msg] [INFO]- 收到了客户端的消息：b''，消息长度为：0
[2020-05-03 18:21:23,063] [server.py:43] [server:handler_msg] [INFO]- 当前dtu_no发起连接0
[2020-05-03 18:21:23,119] [server.py:40] [server:handler_msg] [INFO]- 收到了客户端的消息：b''，消息长度为：0
[2020-05-03 18:21:23,119] [server.py:43] [server:handler_msg] [INFO]- 当前dtu_no发起连接0
[2020-05-03 18:21:23,176] [server.py:40] [server:handler_msg] [INFO]- 收到了客户端的消息：b''，消息长度为：0
[2020-05-03 18:21:23,176] [server.py:43] [server:handler_msg] [INFO]- 当前dtu_no发起连接0
[2020-05-03 18:21:23,231] [server.py:40] [server:handler_msg] [INFO]- 收到了客户端的消息：b''，消息长度为：0
[2020-05-03 18:21:23,231] [server.py:43] [server:handler_msg] [INFO]- 当前dtu_no发起连接0
[2020-05-03 18:21:23,285] [server.py:40] [server:handler_msg] [INFO]- 收到了客户端的消息：b''，消息长度为：0
[2020-05-03 18:21:23,285] [server.py:43] [server:handler_msg] [INFO]- 当前dtu_no发起连接0
[2020-05-03 18:21:23,341] [server.py:40] [server:handler_msg] [INFO]- 收到了客户端的消息：b''，消息长度为：0
[2020-05-03 18:21:23,341] [server.py:43] [server:handler_msg] [INFO]- 当前dtu_no发起连接0
[2020-05-03 18:21:23,395] [server.py:40] [server:handler_msg] [INFO]- 收到了客户端的消息：b''，消息长度为：0
[2020-05-03 18:21:23,395] [server.py:43] [server:handler_msg] [INFO]- 当前dtu_no发起连接0
[2020-05-03 18:21:23,449] [server.py:40] [server:handler_msg] [INFO]- 收到了客户端的消息：b''，消息长度为：0
[2020-05-03 18:21:23,449] [server.py:43] [server:handler_msg] [INFO]- 当前dtu_no发起连接0
[2020-05-03 18:21:23,505] [server.py:40] [server:handler_msg] [INFO]- 收到了客户端的消息：b''，消息长度为：0
[2020-05-03 18:21:23,505] [server.py:43] [server:handler_msg] [INFO]- 当前dtu_no发起连接0
[2020-05-03 18:21:23,563] [server.py:40] [server:handler_msg] [INFO]- 收到了客户端的消息：b''，消息长度为：0
[2020-05-03 18:21:23,563] [server.py:43] [server:handler_msg] [INFO]- 当前dtu_no发起连接0
[2020-05-03 18:21:23,618] [server.py:40] [server:handler_msg] [INFO]- 收到了客户端的消息：b''，消息长度为：0
[2020-05-03 18:21:23,618] [server.py:43] [server:handler_msg] [INFO]- 当前dtu_no发起连接0
[2020-05-03 18:21:23,673] [server.py:40] [server:handler_msg] [INFO]- 收到了客户端的消息：b''，消息长度为：0
[2020-05-03 18:21:23,673] [server.py:43] [server:handler_msg] [INFO]- 当前dtu_no发起连接0
[2020-05-03 18:21:23,735] [server.py:40] [server:handler_msg] [INFO]- 收到了客户端的消息：b''，消息长度为：0
[2020-05-03 18:21:23,735] [server.py:43] [server:handler_msg] [INFO]- 当前dtu_no发起连接0
[2020-05-03 18:21:23,789] [server.py:40] [server:handler_msg] [INFO]- 收到了客户端的消息：b''，消息长度为：0
[2020-05-03 18:21:23,789] [server.py:43] [server:handler_msg] [INFO]- 当前dtu_no发起连接0
[2020-05-03 18:21:23,843] [server.py:40] [server:handler_msg] [INFO]- 收到了客户端的消息：b''，消息长度为：0
[2020-05-03 18:21:23,843] [server.py:43] [server:handler_msg] [INFO]- 当前dtu_no发起连接0
[2020-05-03 18:21:23,896] [server.py:40] [server:handler_msg] [INFO]- 收到了客户端的消息：b''，消息长度为：0
[2020-05-03 18:21:23,897] [server.py:43] [server:handler_msg] [INFO]- 当前dtu_no发起连接0
[2020-05-03 18:21:23,950] [server.py:40] [server:handler_msg] [INFO]- 收到了客户端的消息：b''，消息长度为：0
[2020-05-03 18:21:23,951] [server.py:43] [server:handler_msg] [INFO]- 当前dtu_no发起连接0
[2020-05-03 18:21:24,004] [server.py:40] [server:handler_msg] [INFO]- 收到了客户端的消息：b''，消息长度为：0
[2020-05-03 18:21:24,004] [server.py:43] [server:handler_msg] [INFO]- 当前dtu_no发起连接0
[2020-05-03 18:21:24,065] [server.py:40] [server:handler_msg] [INFO]- 收到了客户端的消息：b''，消息长度为：0
[2020-05-03 18:21:24,065] [server.py:43] [server:handler_msg] [INFO]- 当前dtu_no发起连接0
[2020-05-03 18:21:24,120] [server.py:40] [server:handler_msg] [INFO]- 收到了客户端的消息：b''，消息长度为：0
[2020-05-03 18:21:24,120] [server.py:43] [server:handler_msg] [INFO]- 当前dtu_no发起连接0
[2020-05-03 18:21:24,176] [server.py:40] [server:handler_msg] [INFO]- 收到了客户端的消息：b''，消息长度为：0
[2020-05-03 18:21:24,176] [server.py:43] [server:handler_msg] [INFO]- 当前dtu_no发起连接0
[2020-05-03 18:21:24,235] [server.py:40] [server:handler_msg] [INFO]- 收到了客户端的消息：b''，消息长度为：0
[2020-05-03 18:21:24,235] [server.py:43] [server:handler_msg] [INFO]- 当前dtu_no发起连接0
[2020-05-03 18:21:24,297] [server.py:40] [server:handler_msg] [INFO]- 收到了客户端的消息：b''，消息长度为：0
[2020-05-03 18:21:24,297] [server.py:43] [server:handler_msg] [INFO]- 当前dtu_no发起连接0
[2020-05-03 18:21:24,352] [server.py:40] [server:handler_msg] [INFO]- 收到了客户端的消息：b''，消息长度为：0
[2020-05-03 18:21:24,352] [server.py:43] [server:handler_msg] [INFO]- 当前dtu_no发起连接0
[2020-05-03 18:21:24,407] [server.py:40] [server:handler_msg] [INFO]- 收到了客户端的消息：b''，消息长度为：0
[2020-05-03 18:21:24,407] [server.py:43] [server:handler_msg] [INFO]- 当前dtu_no发起连接0
[2020-05-03 18:21:24,461] [server.py:40] [server:handler_msg] [INFO]- 收到了客户端的消息：b''，消息长度为：0
[2020-05-03 18:21:24,461] [server.py:43] [server:handler_msg] [INFO]- 当前dtu_no发起连接0
[2020-05-03 18:21:24,515] [server.py:40] [server:handler_msg] [INFO]- 收到了客户端的消息：b''，消息长度为：0
[2020-05-03 18:21:24,515] [server.py:43] [server:handler_msg] [INFO]- 当前dtu_no发起连接0
[2020-05-03 18:21:24,568] [server.py:40] [server:handler_msg] [INFO]- 收到了客户端的消息：b''，消息长度为：0
[2020-05-03 18:21:24,568] [server.py:43] [server:handler_msg] [INFO]- 当前dtu_no发起连接0
[2020-05-03 18:21:24,622] [server.py:40] [server:handler_msg] [INFO]- 收到了客户端的消息：b''，消息长度为：0
[2020-05-03 18:21:24,622] [server.py:43] [server:handler_msg] [INFO]- 当前dtu_no发起连接0
[2020-05-03 18:21:24,676] [server.py:40] [server:handler_msg] [INFO]- 收到了客户端的消息：b''，消息长度为：0
[2020-05-03 18:21:24,676] [server.py:43] [server:handler_msg] [INFO]- 当前dtu_no发起连接0
[2020-05-03 18:21:24,731] [server.py:40] [server:handler_msg] [INFO]- 收到了客户端的消息：b''，消息长度为：0
[2020-05-03 18:21:24,732] [server.py:43] [server:handler_msg] [INFO]- 当前dtu_no发起连接0
[2020-05-03 18:21:24,786] [server.py:40] [server:handler_msg] [INFO]- 收到了客户端的消息：b''，消息长度为：0
[2020-05-03 18:21:24,786] [server.py:43] [server:handler_msg] [INFO]- 当前dtu_no发起连接0
[2020-05-03 18:21:24,843] [server.py:40] [server:handler_msg] [INFO]- 收到了客户端的消息：b''，消息长度为：0
[2020-05-03 18:21:24,843] [server.py:43] [server:handler_msg] [INFO]- 当前dtu_no发起连接0
[2020-05-03 18:21:24,898] [server.py:40] [server:handler_msg] [INFO]- 收到了客户端的消息：b''，消息长度为：0
[2020-05-03 18:21:24,898] [server.py:43] [server:handler_msg] [INFO]- 当前dtu_no发起连接0
[2020-05-03 18:21:24,952] [server.py:40] [server:handler_msg] [INFO]- 收到了客户端的消息：b''，消息长度为：0
[2020-05-03 18:21:24,952] [server.py:43] [server:handler_msg] [INFO]- 当前dtu_no发起连接0
[2020-05-03 18:21:25,007] [server.py:40] [server:handler_msg] [INFO]- 收到了客户端的消息：b''，消息长度为：0
[2020-05-03 18:21:25,007] [server.py:43] [server:handler_msg] [INFO]- 当前dtu_no发起连接0
[2020-05-03 18:21:25,061] [server.py:40] [server:handler_msg] [INFO]- 收到了客户端的消息：b''，消息长度为：0
[2020-05-03 18:21:25,061] [server.py:43] [server:handler_msg] [INFO]- 当前dtu_no发起连接0
[2020-05-03 18:21:25,115] [server.py:40] [server:handler_msg] [INFO]- 收到了客户端的消息：b''，消息长度为：0
[2020-05-03 18:21:25,115] [server.py:43] [server:handler_msg] [INFO]- 当前dtu_no发起连接0
[2020-05-03 18:21:25,169] [server.py:40] [server:handler_msg] [INFO]- 收到了客户端的消息：b''，消息长度为：0
[2020-05-03 18:21:25,170] [server.py:43] [server:handler_msg] [INFO]- 当前dtu_no发起连接0
[2020-05-03 18:21:25,226] [server.py:40] [server:handler_msg] [INFO]- 收到了客户端的消息：b''，消息长度为：0
[2020-05-03 18:21:25,226] [server.py:43] [server:handler_msg] [INFO]- 当前dtu_no发起连接0
[2020-05-03 18:21:25,282] [server.py:40] [server:handler_msg] [INFO]- 收到了客户端的消息：b''，消息长度为：0
[2020-05-03 18:21:25,282] [server.py:43] [server:handler_msg] [INFO]- 当前dtu_no发起连接0
[2020-05-03 18:21:25,336] [server.py:40] [server:handler_msg] [INFO]- 收到了客户端的消息：b''，消息长度为：0
[2020-05-03 18:21:25,337] [server.py:43] [server:handler_msg] [INFO]- 当前dtu_no发起连接0
[2020-05-03 18:21:25,393] [server.py:40] [server:handler_msg] [INFO]- 收到了客户端的消息：b''，消息长度为：0
[2020-05-03 18:21:25,393] [server.py:43] [server:handler_msg] [INFO]- 当前dtu_no发起连接0
[2020-05-03 18:21:25,451] [server.py:40] [server:handler_msg] [INFO]- 收到了客户端的消息：b''，消息长度为：0
[2020-05-03 18:21:25,451] [server.py:43] [server:handler_msg] [INFO]- 当前dtu_no发起连接0
[2020-05-03 18:21:25,509] [server.py:40] [server:handler_msg] [INFO]- 收到了客户端的消息：b''，消息长度为：0
[2020-05-03 18:21:25,509] [server.py:43] [server:handler_msg] [INFO]- 当前dtu_no发起连接0
[2020-05-03 18:21:25,563] [server.py:40] [server:handler_msg] [INFO]- 收到了客户端的消息：b''，消息长度为：0
[2020-05-03 18:21:25,563] [server.py:43] [server:handler_msg] [INFO]- 当前dtu_no发起连接0
[2020-05-03 18:21:25,622] [server.py:40] [server:handler_msg] [INFO]- 收到了客户端的消息：b''，消息长度为：0
[2020-05-03 18:21:25,622] [server.py:43] [server:handler_msg] [INFO]- 当前dtu_no发起连接0
[2020-05-03 18:21:25,681] [server.py:40] [server:handler_msg] [INFO]- 收到了客户端的消息：b''，消息长度为：0
[2020-05-03 18:21:25,681] [server.py:43] [server:handler_msg] [INFO]- 当前dtu_no发起连接0
[2020-05-03 18:21:25,739] [server.py:40] [server:handler_msg] [INFO]- 收到了客户端的消息：b''，消息长度为：0
[2020-05-03 18:21:25,739] [server.py:43] [server:handler_msg] [INFO]- 当前dtu_no发起连接0
[2020-05-03 18:21:25,794] [server.py:40] [server:handler_msg] [INFO]- 收到了客户端的消息：b''，消息长度为：0
[2020-05-03 18:21:25,794] [server.py:43] [server:handler_msg] [INFO]- 当前dtu_no发起连接0
[2020-05-03 18:22:18,917] [server.py:25] [server:handler_accept] [INFO]- 等待新连接：0
[2020-05-03 18:22:22,021] [server.py:40] [server:handler_msg] [INFO]- 收到了客户端的消息：b'\x00'，消息长度为：1
[2020-05-03 18:22:22,022] [server.py:43] [server:handler_msg] [INFO]- 当前dtu_no发起连接0
[2020-05-03 18:22:26,257] [server.py:40] [server:handler_msg] [INFO]- 收到了客户端的消息：b''，消息长度为：0
[2020-05-03 18:22:26,257] [server.py:43] [server:handler_msg] [INFO]- 当前dtu_no发起连接0
[2020-05-03 18:22:26,327] [server.py:40] [server:handler_msg] [INFO]- 收到了客户端的消息：b''，消息长度为：0
[2020-05-03 18:22:26,327] [server.py:43] [server:handler_msg] [INFO]- 当前dtu_no发起连接0
[2020-05-03 18:22:26,397] [server.py:40] [server:handler_msg] [INFO]- 收到了客户端的消息：b''，消息长度为：0
[2020-05-03 18:22:26,398] [server.py:43] [server:handler_msg] [INFO]- 当前dtu_no发起连接0
[2020-05-03 18:22:26,470] [server.py:40] [server:handler_msg] [INFO]- 收到了客户端的消息：b''，消息长度为：0
[2020-05-03 18:22:26,470] [server.py:43] [server:handler_msg] [INFO]- 当前dtu_no发起连接0
[2020-05-03 18:22:26,544] [server.py:40] [server:handler_msg] [INFO]- 收到了客户端的消息：b''，消息长度为：0
[2020-05-03 18:22:26,544] [server.py:43] [server:handler_msg] [INFO]- 当前dtu_no发起连接0
[2020-05-03 18:22:26,615] [server.py:40] [server:handler_msg] [INFO]- 收到了客户端的消息：b''，消息长度为：0
[2020-05-03 18:22:26,615] [server.py:43] [server:handler_msg] [INFO]- 当前dtu_no发起连接0
[2020-05-03 18:22:26,685] [server.py:40] [server:handler_msg] [INFO]- 收到了客户端的消息：b''，消息长度为：0
[2020-05-03 18:22:26,685] [server.py:43] [server:handler_msg] [INFO]- 当前dtu_no发起连接0
[2020-05-03 18:22:26,755] [server.py:40] [server:handler_msg] [INFO]- 收到了客户端的消息：b''，消息长度为：0
[2020-05-03 18:22:26,755] [server.py:43] [server:handler_msg] [INFO]- 当前dtu_no发起连接0
[2020-05-03 18:22:26,824] [server.py:40] [server:handler_msg] [INFO]- 收到了客户端的消息：b''，消息长度为：0
[2020-05-03 18:22:26,824] [server.py:43] [server:handler_msg] [INFO]- 当前dtu_no发起连接0
[2020-05-03 18:22:26,895] [server.py:40] [server:handler_msg] [INFO]- 收到了客户端的消息：b''，消息长度为：0
[2020-05-03 18:22:26,896] [server.py:43] [server:handler_msg] [INFO]- 当前dtu_no发起连接0
[2020-05-03 18:22:26,965] [server.py:40] [server:handler_msg] [INFO]- 收到了客户端的消息：b''，消息长度为：0
[2020-05-03 18:22:26,965] [server.py:43] [server:handler_msg] [INFO]- 当前dtu_no发起连接0
[2020-05-03 18:22:27,035] [server.py:40] [server:handler_msg] [INFO]- 收到了客户端的消息：b''，消息长度为：0
[2020-05-03 18:22:27,035] [server.py:43] [server:handler_msg] [INFO]- 当前dtu_no发起连接0
[2020-05-03 18:22:27,104] [server.py:40] [server:handler_msg] [INFO]- 收到了客户端的消息：b''，消息长度为：0
[2020-05-03 18:22:27,104] [server.py:43] [server:handler_msg] [INFO]- 当前dtu_no发起连接0
[2020-05-03 18:22:27,175] [server.py:40] [server:handler_msg] [INFO]- 收到了客户端的消息：b''，消息长度为：0
[2020-05-03 18:22:27,175] [server.py:43] [server:handler_msg] [INFO]- 当前dtu_no发起连接0
[2020-05-03 18:22:27,249] [server.py:40] [server:handler_msg] [INFO]- 收到了客户端的消息：b''，消息长度为：0
[2020-05-03 18:22:27,249] [server.py:43] [server:handler_msg] [INFO]- 当前dtu_no发起连接0
[2020-05-03 18:22:27,324] [server.py:40] [server:handler_msg] [INFO]- 收到了客户端的消息：b''，消息长度为：0
[2020-05-03 18:22:27,324] [server.py:43] [server:handler_msg] [INFO]- 当前dtu_no发起连接0
[2020-05-03 18:22:27,400] [server.py:40] [server:handler_msg] [INFO]- 收到了客户端的消息：b''，消息长度为：0
[2020-05-03 18:22:27,400] [server.py:43] [server:handler_msg] [INFO]- 当前dtu_no发起连接0
[2020-05-03 18:22:27,468] [server.py:40] [server:handler_msg] [INFO]- 收到了客户端的消息：b''，消息长度为：0
[2020-05-03 18:22:27,469] [server.py:43] [server:handler_msg] [INFO]- 当前dtu_no发起连接0
[2020-05-03 18:22:27,538] [server.py:40] [server:handler_msg] [INFO]- 收到了客户端的消息：b''，消息长度为：0
[2020-05-03 18:22:27,538] [server.py:43] [server:handler_msg] [INFO]- 当前dtu_no发起连接0
[2020-05-03 18:22:27,617] [server.py:40] [server:handler_msg] [INFO]- 收到了客户端的消息：b''，消息长度为：0
[2020-05-03 18:22:27,617] [server.py:43] [server:handler_msg] [INFO]- 当前dtu_no发起连接0
[2020-05-03 18:22:27,692] [server.py:40] [server:handler_msg] [INFO]- 收到了客户端的消息：b''，消息长度为：0
[2020-05-03 18:22:27,692] [server.py:43] [server:handler_msg] [INFO]- 当前dtu_no发起连接0
[2020-05-03 18:22:27,775] [server.py:40] [server:handler_msg] [INFO]- 收到了客户端的消息：b''，消息长度为：0
[2020-05-03 18:22:27,775] [server.py:43] [server:handler_msg] [INFO]- 当前dtu_no发起连接0
[2020-05-03 18:22:27,879] [server.py:40] [server:handler_msg] [INFO]- 收到了客户端的消息：b''，消息长度为：0
[2020-05-03 18:22:27,880] [server.py:43] [server:handler_msg] [INFO]- 当前dtu_no发起连接0
[2020-05-03 18:22:27,955] [server.py:40] [server:handler_msg] [INFO]- 收到了客户端的消息：b''，消息长度为：0
[2020-05-03 18:22:27,955] [server.py:43] [server:handler_msg] [INFO]- 当前dtu_no发起连接0
[2020-05-03 18:22:28,025] [server.py:40] [server:handler_msg] [INFO]- 收到了客户端的消息：b''，消息长度为：0
[2020-05-03 18:22:28,025] [server.py:43] [server:handler_msg] [INFO]- 当前dtu_no发起连接0
[2020-05-03 18:22:28,097] [server.py:40] [server:handler_msg] [INFO]- 收到了客户端的消息：b''，消息长度为：0
[2020-05-03 18:22:28,097] [server.py:43] [server:handler_msg] [INFO]- 当前dtu_no发起连接0
[2020-05-03 18:22:28,166] [server.py:40] [server:handler_msg] [INFO]- 收到了客户端的消息：b''，消息长度为：0
[2020-05-03 18:22:28,166] [server.py:43] [server:handler_msg] [INFO]- 当前dtu_no发起连接0
[2020-05-03 18:22:28,249] [server.py:40] [server:handler_msg] [INFO]- 收到了客户端的消息：b''，消息长度为：0
[2020-05-03 18:22:28,249] [server.py:43] [server:handler_msg] [INFO]- 当前dtu_no发起连接0
[2020-05-03 18:22:28,318] [server.py:40] [server:handler_msg] [INFO]- 收到了客户端的消息：b''，消息长度为：0
[2020-05-03 18:22:28,318] [server.py:43] [server:handler_msg] [INFO]- 当前dtu_no发起连接0
[2020-05-03 18:22:28,397] [server.py:40] [server:handler_msg] [INFO]- 收到了客户端的消息：b''，消息长度为：0
[2020-05-03 18:22:28,398] [server.py:43] [server:handler_msg] [INFO]- 当前dtu_no发起连接0
[2020-05-03 18:22:28,471] [server.py:40] [server:handler_msg] [INFO]- 收到了客户端的消息：b''，消息长度为：0
[2020-05-03 18:22:28,471] [server.py:43] [server:handler_msg] [INFO]- 当前dtu_no发起连接0
[2020-05-03 18:22:28,546] [server.py:40] [server:handler_msg] [INFO]- 收到了客户端的消息：b''，消息长度为：0
[2020-05-03 18:22:28,546] [server.py:43] [server:handler_msg] [INFO]- 当前dtu_no发起连接0
[2020-05-03 18:22:28,615] [server.py:40] [server:handler_msg] [INFO]- 收到了客户端的消息：b''，消息长度为：0
[2020-05-03 18:22:28,615] [server.py:43] [server:handler_msg] [INFO]- 当前dtu_no发起连接0
[2020-05-03 18:22:28,688] [server.py:40] [server:handler_msg] [INFO]- 收到了客户端的消息：b''，消息长度为：0
[2020-05-03 18:22:28,688] [server.py:43] [server:handler_msg] [INFO]- 当前dtu_no发起连接0
[2020-05-03 18:22:28,758] [server.py:40] [server:handler_msg] [INFO]- 收到了客户端的消息：b''，消息长度为：0
[2020-05-03 18:22:28,758] [server.py:43] [server:handler_msg] [INFO]- 当前dtu_no发起连接0
[2020-05-03 18:22:28,835] [server.py:40] [server:handler_msg] [INFO]- 收到了客户端的消息：b''，消息长度为：0
[2020-05-03 18:22:28,835] [server.py:43] [server:handler_msg] [INFO]- 当前dtu_no发起连接0
[2020-05-03 18:22:28,906] [server.py:40] [server:handler_msg] [INFO]- 收到了客户端的消息：b''，消息长度为：0
[2020-05-03 18:22:28,907] [server.py:43] [server:handler_msg] [INFO]- 当前dtu_no发起连接0
[2020-05-03 18:22:28,976] [server.py:40] [server:handler_msg] [INFO]- 收到了客户端的消息：b''，消息长度为：0
[2020-05-03 18:22:28,977] [server.py:43] [server:handler_msg] [INFO]- 当前dtu_no发起连接0
[2020-05-03 18:22:29,052] [server.py:40] [server:handler_msg] [INFO]- 收到了客户端的消息：b''，消息长度为：0
[2020-05-03 18:22:29,052] [server.py:43] [server:handler_msg] [INFO]- 当前dtu_no发起连接0
[2020-05-03 18:22:29,122] [server.py:40] [server:handler_msg] [INFO]- 收到了客户端的消息：b''，消息长度为：0
[2020-05-03 18:22:29,122] [server.py:43] [server:handler_msg] [INFO]- 当前dtu_no发起连接0
[2020-05-03 18:22:29,196] [server.py:40] [server:handler_msg] [INFO]- 收到了客户端的消息：b''，消息长度为：0
[2020-05-03 18:22:29,197] [server.py:43] [server:handler_msg] [INFO]- 当前dtu_no发起连接0
[2020-05-03 18:22:29,267] [server.py:40] [server:handler_msg] [INFO]- 收到了客户端的消息：b''，消息长度为：0
[2020-05-03 18:22:29,267] [server.py:43] [server:handler_msg] [INFO]- 当前dtu_no发起连接0
[2020-05-03 18:22:29,345] [server.py:40] [server:handler_msg] [INFO]- 收到了客户端的消息：b''，消息长度为：0
[2020-05-03 18:22:29,346] [server.py:43] [server:handler_msg] [INFO]- 当前dtu_no发起连接0
[2020-05-03 18:22:29,414] [server.py:40] [server:handler_msg] [INFO]- 收到了客户端的消息：b''，消息长度为：0
[2020-05-03 18:22:29,414] [server.py:43] [server:handler_msg] [INFO]- 当前dtu_no发起连接0
[2020-05-03 18:22:29,485] [server.py:40] [server:handler_msg] [INFO]- 收到了客户端的消息：b''，消息长度为：0
[2020-05-03 18:22:29,486] [server.py:43] [server:handler_msg] [INFO]- 当前dtu_no发起连接0
[2020-05-03 18:22:29,555] [server.py:40] [server:handler_msg] [INFO]- 收到了客户端的消息：b''，消息长度为：0
[2020-05-03 18:22:29,555] [server.py:43] [server:handler_msg] [INFO]- 当前dtu_no发起连接0
[2020-05-03 18:22:29,627] [server.py:40] [server:handler_msg] [INFO]- 收到了客户端的消息：b''，消息长度为：0
[2020-05-03 18:22:29,627] [server.py:43] [server:handler_msg] [INFO]- 当前dtu_no发起连接0
[2020-05-03 18:22:29,703] [server.py:40] [server:handler_msg] [INFO]- 收到了客户端的消息：b''，消息长度为：0
[2020-05-03 18:22:29,703] [server.py:43] [server:handler_msg] [INFO]- 当前dtu_no发起连接0
[2020-05-03 18:22:29,773] [server.py:40] [server:handler_msg] [INFO]- 收到了客户端的消息：b''，消息长度为：0
[2020-05-03 18:22:29,773] [server.py:43] [server:handler_msg] [INFO]- 当前dtu_no发起连接0
[2020-05-03 18:22:29,845] [server.py:40] [server:handler_msg] [INFO]- 收到了客户端的消息：b''，消息长度为：0
[2020-05-03 18:22:29,845] [server.py:43] [server:handler_msg] [INFO]- 当前dtu_no发起连接0
[2020-05-03 18:22:29,917] [server.py:40] [server:handler_msg] [INFO]- 收到了客户端的消息：b''，消息长度为：0
[2020-05-03 18:22:29,917] [server.py:43] [server:handler_msg] [INFO]- 当前dtu_no发起连接0
[2020-05-03 18:22:29,987] [server.py:40] [server:handler_msg] [INFO]- 收到了客户端的消息：b''，消息长度为：0
[2020-05-03 18:22:29,987] [server.py:43] [server:handler_msg] [INFO]- 当前dtu_no发起连接0
[2020-05-03 18:22:30,059] [server.py:40] [server:handler_msg] [INFO]- 收到了客户端的消息：b''，消息长度为：0
[2020-05-03 18:22:30,059] [server.py:43] [server:handler_msg] [INFO]- 当前dtu_no发起连接0
[2020-05-03 18:22:30,131] [server.py:40] [server:handler_msg] [INFO]- 收到了客户端的消息：b''，消息长度为：0
[2020-05-03 18:22:30,131] [server.py:43] [server:handler_msg] [INFO]- 当前dtu_no发起连接0
[2020-05-03 18:22:30,209] [server.py:40] [server:handler_msg] [INFO]- 收到了客户端的消息：b''，消息长度为：0
[2020-05-03 18:22:30,209] [server.py:43] [server:handler_msg] [INFO]- 当前dtu_no发起连接0
[2020-05-03 18:22:30,282] [server.py:40] [server:handler_msg] [INFO]- 收到了客户端的消息：b''，消息长度为：0
[2020-05-03 18:22:30,282] [server.py:43] [server:handler_msg] [INFO]- 当前dtu_no发起连接0
[2020-05-03 18:22:30,352] [server.py:40] [server:handler_msg] [INFO]- 收到了客户端的消息：b''，消息长度为：0
[2020-05-03 18:22:30,352] [server.py:43] [server:handler_msg] [INFO]- 当前dtu_no发起连接0
[2020-05-03 18:22:30,425] [server.py:40] [server:handler_msg] [INFO]- 收到了客户端的消息：b''，消息长度为：0
[2020-05-03 18:22:30,425] [server.py:43] [server:handler_msg] [INFO]- 当前dtu_no发起连接0
[2020-05-03 18:22:30,497] [server.py:40] [server:handler_msg] [INFO]- 收到了客户端的消息：b''，消息长度为：0
[2020-05-03 18:22:30,498] [server.py:43] [server:handler_msg] [INFO]- 当前dtu_no发起连接0
[2020-05-03 18:22:30,567] [server.py:40] [server:handler_msg] [INFO]- 收到了客户端的消息：b''，消息长度为：0
[2020-05-03 18:22:30,567] [server.py:43] [server:handler_msg] [INFO]- 当前dtu_no发起连接0
[2020-05-03 18:22:30,636] [server.py:40] [server:handler_msg] [INFO]- 收到了客户端的消息：b''，消息长度为：0
[2020-05-03 18:22:30,636] [server.py:43] [server:handler_msg] [INFO]- 当前dtu_no发起连接0
[2020-05-03 18:22:30,707] [server.py:40] [server:handler_msg] [INFO]- 收到了客户端的消息：b''，消息长度为：0
[2020-05-03 18:22:30,708] [server.py:43] [server:handler_msg] [INFO]- 当前dtu_no发起连接0
[2020-05-03 18:22:30,780] [server.py:40] [server:handler_msg] [INFO]- 收到了客户端的消息：b''，消息长度为：0
[2020-05-03 18:22:30,780] [server.py:43] [server:handler_msg] [INFO]- 当前dtu_no发起连接0
[2020-05-03 18:22:30,852] [server.py:40] [server:handler_msg] [INFO]- 收到了客户端的消息：b''，消息长度为：0
[2020-05-03 18:22:30,852] [server.py:43] [server:handler_msg] [INFO]- 当前dtu_no发起连接0
[2020-05-03 18:22:30,924] [server.py:40] [server:handler_msg] [INFO]- 收到了客户端的消息：b''，消息长度为：0
[2020-05-03 18:22:30,924] [server.py:43] [server:handler_msg] [INFO]- 当前dtu_no发起连接0
[2020-05-03 18:22:30,999] [server.py:40] [server:handler_msg] [INFO]- 收到了客户端的消息：b''，消息长度为：0
[2020-05-03 18:22:30,999] [server.py:43] [server:handler_msg] [INFO]- 当前dtu_no发起连接0
[2020-05-03 18:22:31,077] [server.py:40] [server:handler_msg] [INFO]- 收到了客户端的消息：b''，消息长度为：0
[2020-05-03 18:22:31,077] [server.py:43] [server:handler_msg] [INFO]- 当前dtu_no发起连接0
[2020-05-03 18:22:31,150] [server.py:40] [server:handler_msg] [INFO]- 收到了客户端的消息：b''，消息长度为：0
[2020-05-03 18:22:31,150] [server.py:43] [server:handler_msg] [INFO]- 当前dtu_no发起连接0
[2020-05-03 18:22:31,237] [server.py:40] [server:handler_msg] [INFO]- 收到了客户端的消息：b''，消息长度为：0
[2020-05-03 18:22:31,237] [server.py:43] [server:handler_msg] [INFO]- 当前dtu_no发起连接0
[2020-05-03 18:22:31,307] [server.py:40] [server:handler_msg] [INFO]- 收到了客户端的消息：b''，消息长度为：0
[2020-05-03 18:22:31,307] [server.py:43] [server:handler_msg] [INFO]- 当前dtu_no发起连接0
[2020-05-03 18:22:31,376] [server.py:40] [server:handler_msg] [INFO]- 收到了客户端的消息：b''，消息长度为：0
[2020-05-03 18:22:31,376] [server.py:43] [server:handler_msg] [INFO]- 当前dtu_no发起连接0
[2020-05-03 18:22:31,444] [server.py:40] [server:handler_msg] [INFO]- 收到了客户端的消息：b''，消息长度为：0
[2020-05-03 18:22:31,445] [server.py:43] [server:handler_msg] [INFO]- 当前dtu_no发起连接0
[2020-05-03 18:22:31,517] [server.py:40] [server:handler_msg] [INFO]- 收到了客户端的消息：b''，消息长度为：0
[2020-05-03 18:22:31,517] [server.py:43] [server:handler_msg] [INFO]- 当前dtu_no发起连接0
[2020-05-03 18:22:31,591] [server.py:40] [server:handler_msg] [INFO]- 收到了客户端的消息：b''，消息长度为：0
[2020-05-03 18:22:31,591] [server.py:43] [server:handler_msg] [INFO]- 当前dtu_no发起连接0
[2020-05-03 18:22:31,660] [server.py:40] [server:handler_msg] [INFO]- 收到了客户端的消息：b''，消息长度为：0
[2020-05-03 18:22:31,660] [server.py:43] [server:handler_msg] [INFO]- 当前dtu_no发起连接0
[2020-05-03 18:22:31,730] [server.py:40] [server:handler_msg] [INFO]- 收到了客户端的消息：b''，消息长度为：0
[2020-05-03 18:22:31,730] [server.py:43] [server:handler_msg] [INFO]- 当前dtu_no发起连接0
[2020-05-03 18:22:31,800] [server.py:40] [server:handler_msg] [INFO]- 收到了客户端的消息：b''，消息长度为：0
[2020-05-03 18:22:31,800] [server.py:43] [server:handler_msg] [INFO]- 当前dtu_no发起连接0
[2020-05-03 18:22:31,873] [server.py:40] [server:handler_msg] [INFO]- 收到了客户端的消息：b''，消息长度为：0
[2020-05-03 18:22:31,873] [server.py:43] [server:handler_msg] [INFO]- 当前dtu_no发起连接0
[2020-05-03 18:23:14,060] [server.py:25] [server:handler_accept] [INFO]- 等待新连接：0
[2020-05-03 18:23:16,779] [server.py:40] [server:handler_msg] [INFO]- 收到了客户端的消息：b'\x00'，消息长度为：1
[2020-05-03 18:23:27,100] [task.py:69] [task:exec_remote_opr] [ERROR]- 
[2020-05-03 18:23:37,224] [task.py:69] [task:exec_remote_opr] [ERROR]- 
[2020-05-03 18:23:46,003] [server.py:25] [server:handler_accept] [INFO]- 等待新连接：0
[2020-05-03 18:23:50,973] [server.py:40] [server:handler_msg] [INFO]- 收到了客户端的消息：b'\x00'，消息长度为：1
[2020-05-03 18:24:52,091] [server.py:25] [server:handler_accept] [INFO]- 等待新连接：0
[2020-05-03 18:24:55,426] [server.py:42] [server:handler_msg] [INFO]- 收到了客户端的消息：b'\x00'，消息长度为：1
[2020-05-03 18:24:55,427] [server.py:45] [server:handler_msg] [INFO]- 当前dtu_no发起连接0
[2020-05-03 18:24:56,735] [server.py:42] [server:handler_msg] [INFO]- 收到了客户端的消息：b'\x00'，消息长度为：1
[2020-05-03 18:24:56,736] [server.py:45] [server:handler_msg] [INFO]- 当前dtu_no发起连接0
[2020-05-03 18:24:57,857] [server.py:42] [server:handler_msg] [INFO]- 收到了客户端的消息：b'\x00'，消息长度为：1
[2020-05-03 18:24:57,857] [server.py:45] [server:handler_msg] [INFO]- 当前dtu_no发起连接0
[2020-05-03 18:24:58,901] [server.py:25] [server:handler_accept] [INFO]- 等待新连接：1
[2020-05-03 18:25:02,920] [server.py:42] [server:handler_msg] [INFO]- 收到了客户端的消息：b'\x00'，消息长度为：1
[2020-05-03 18:25:02,920] [server.py:45] [server:handler_msg] [INFO]- 当前dtu_no发起连接0
[2020-05-03 18:25:03,725] [server.py:42] [server:handler_msg] [INFO]- 收到了客户端的消息：b'\x00'，消息长度为：1
[2020-05-03 18:25:03,725] [server.py:45] [server:handler_msg] [INFO]- 当前dtu_no发起连接0
[2020-05-03 18:25:04,445] [server.py:42] [server:handler_msg] [INFO]- 收到了客户端的消息：b'\x00'，消息长度为：1
[2020-05-03 18:25:04,446] [server.py:45] [server:handler_msg] [INFO]- 当前dtu_no发起连接0
[2020-05-03 18:25:05,030] [server.py:42] [server:handler_msg] [INFO]- 收到了客户端的消息：b'\x00'，消息长度为：1
[2020-05-03 18:25:05,030] [server.py:45] [server:handler_msg] [INFO]- 当前dtu_no发起连接0
[2020-05-03 18:25:06,674] [server.py:42] [server:handler_msg] [INFO]- 收到了客户端的消息：b'\x00'，消息长度为：1
[2020-05-03 18:25:06,675] [server.py:45] [server:handler_msg] [INFO]- 当前dtu_no发起连接0
[2020-05-03 18:25:07,560] [server.py:25] [server:handler_accept] [INFO]- 等待新连接：2
[2020-05-03 18:25:17,576] [server.py:25] [server:handler_accept] [INFO]- 等待新连接：0
[2020-05-03 18:25:18,550] [server.py:25] [server:handler_accept] [INFO]- 等待新连接：1
[2020-05-03 18:25:43,888] [server.py:25] [server:handler_accept] [INFO]- 等待新连接：0
[2020-05-03 18:25:47,064] [server.py:25] [server:handler_accept] [INFO]- 等待新连接：1
[2020-05-03 18:27:25,987] [server.py:25] [server:handler_accept] [INFO]- 等待新连接：0
[2020-05-03 18:27:33,156] [server.py:25] [server:handler_accept] [INFO]- 等待新连接：1
[2020-05-03 18:28:24,410] [server.py:25] [server:handler_accept] [INFO]- 等待新连接：0
[2020-05-03 18:28:29,292] [server.py:25] [server:handler_accept] [INFO]- 等待新连接：1
[2020-05-03 18:28:30,599] [server.py:42] [server:handler_msg] [INFO]- 收到了客户端的消息：b'\x00'，消息长度为：1
[2020-05-03 18:28:30,599] [server.py:45] [server:handler_msg] [INFO]- 当前dtu_no发起连接0
[2020-05-03 18:28:55,340] [server.py:25] [server:handler_accept] [INFO]- 等待新连接：0
[2020-05-03 18:28:56,444] [server.py:25] [server:handler_accept] [INFO]- 等待新连接：1
[2020-05-03 18:28:57,554] [server.py:42] [server:handler_msg] [INFO]- 收到了客户端的消息：b'\x00'，消息长度为：1
[2020-05-03 18:28:57,554] [server.py:45] [server:handler_msg] [INFO]- 当前dtu_no发起连接0
[2020-05-03 18:28:58,957] [server.py:42] [server:handler_msg] [INFO]- 收到了客户端的消息：b'\x00'，消息长度为：1
[2020-05-03 18:28:58,958] [server.py:45] [server:handler_msg] [INFO]- 当前dtu_no发起连接0
[2020-05-03 18:28:59,670] [server.py:42] [server:handler_msg] [INFO]- 收到了客户端的消息：b'\x00'，消息长度为：1
[2020-05-03 18:28:59,670] [server.py:45] [server:handler_msg] [INFO]- 当前dtu_no发起连接0
[2020-05-03 18:29:00,285] [server.py:42] [server:handler_msg] [INFO]- 收到了客户端的消息：b'\x00'，消息长度为：1
[2020-05-03 18:29:00,285] [server.py:45] [server:handler_msg] [INFO]- 当前dtu_no发起连接0
[2020-05-03 18:29:00,865] [server.py:42] [server:handler_msg] [INFO]- 收到了客户端的消息：b'\x00'，消息长度为：1
[2020-05-03 18:29:00,865] [server.py:45] [server:handler_msg] [INFO]- 当前dtu_no发起连接0
[2020-05-03 18:29:01,495] [server.py:42] [server:handler_msg] [INFO]- 收到了客户端的消息：b'\x00'，消息长度为：1
[2020-05-03 18:29:01,496] [server.py:45] [server:handler_msg] [INFO]- 当前dtu_no发起连接0
[2020-05-03 18:29:02,070] [server.py:42] [server:handler_msg] [INFO]- 收到了客户端的消息：b'\x00'，消息长度为：1
[2020-05-03 18:29:02,070] [server.py:45] [server:handler_msg] [INFO]- 当前dtu_no发起连接0
[2020-05-03 18:29:02,622] [server.py:42] [server:handler_msg] [INFO]- 收到了客户端的消息：b'\x00'，消息长度为：1
[2020-05-03 18:29:02,623] [server.py:45] [server:handler_msg] [INFO]- 当前dtu_no发起连接0
[2020-05-03 20:09:53,477] [server.py:29] [server:handler_accept] [INFO]- 等待新连接：0
[2020-05-03 20:09:57,946] [server.py:29] [server:handler_accept] [INFO]- 等待新连接：1
[2020-05-03 20:09:59,196] [server.py:45] [server:handler_msg] [INFO]- 收到了客户端的消息：b'\x00'，消息长度为：1
[2020-05-03 20:09:59,196] [server.py:48] [server:handler_msg] [INFO]- 当前dtu_no发起连接0
[2020-05-03 20:10:02,694] [server.py:45] [server:handler_msg] [INFO]- 收到了客户端的消息：b'\x00'，消息长度为：1
[2020-05-03 20:10:02,694] [server.py:48] [server:handler_msg] [INFO]- 当前dtu_no发起连接0
[2020-05-03 20:10:03,477] [task.py:66] [task:exec_remote_opr] [INFO]- 开始检查未执行的任务
[2020-05-03 20:10:03,498] [task.py:68] [task:exec_remote_opr] [INFO]- 当前在线的DTU有：[2]
[2020-05-03 20:10:03,512] [task.py:77] [task:exec_remote_opr] [ERROR]- Error 10049 connecting to 0.0.0.0:6379. [WinError 10049] 在其上下文中，该请求的地址无效。.
[2020-05-03 20:10:04,050] [server.py:45] [server:handler_msg] [INFO]- 收到了客户端的消息：b'\x00'，消息长度为：1
[2020-05-03 20:10:04,050] [server.py:48] [server:handler_msg] [INFO]- 当前dtu_no发起连接0
[2020-05-03 20:10:13,514] [task.py:66] [task:exec_remote_opr] [INFO]- 开始检查未执行的任务
[2020-05-03 20:10:13,536] [task.py:68] [task:exec_remote_opr] [INFO]- 当前在线的DTU有：[2]
[2020-05-03 20:10:13,537] [task.py:77] [task:exec_remote_opr] [ERROR]- Error 10049 connecting to 0.0.0.0:6379. [WinError 10049] 在其上下文中，该请求的地址无效。.
[2020-05-03 20:10:23,538] [task.py:66] [task:exec_remote_opr] [INFO]- 开始检查未执行的任务
[2020-05-03 20:10:23,560] [task.py:68] [task:exec_remote_opr] [INFO]- 当前在线的DTU有：[2]
[2020-05-03 20:10:23,561] [task.py:77] [task:exec_remote_opr] [ERROR]- Error 10049 connecting to 0.0.0.0:6379. [WinError 10049] 在其上下文中，该请求的地址无效。.
[2020-05-03 20:10:33,562] [task.py:66] [task:exec_remote_opr] [INFO]- 开始检查未执行的任务
[2020-05-03 20:10:33,584] [task.py:68] [task:exec_remote_opr] [INFO]- 当前在线的DTU有：[2]
[2020-05-03 20:10:33,585] [task.py:77] [task:exec_remote_opr] [ERROR]- Error 10049 connecting to 0.0.0.0:6379. [WinError 10049] 在其上下文中，该请求的地址无效。.
[2020-05-03 20:10:43,586] [task.py:66] [task:exec_remote_opr] [INFO]- 开始检查未执行的任务
[2020-05-03 20:10:43,608] [task.py:68] [task:exec_remote_opr] [INFO]- 当前在线的DTU有：[2]
[2020-05-03 20:10:43,609] [task.py:77] [task:exec_remote_opr] [ERROR]- Error 10049 connecting to 0.0.0.0:6379. [WinError 10049] 在其上下文中，该请求的地址无效。.
[2020-05-03 20:10:53,610] [task.py:66] [task:exec_remote_opr] [INFO]- 开始检查未执行的任务
[2020-05-03 20:10:53,636] [task.py:68] [task:exec_remote_opr] [INFO]- 当前在线的DTU有：[2]
[2020-05-03 20:10:53,637] [task.py:77] [task:exec_remote_opr] [ERROR]- Error 10049 connecting to 0.0.0.0:6379. [WinError 10049] 在其上下文中，该请求的地址无效。.
[2020-05-03 20:11:03,637] [task.py:66] [task:exec_remote_opr] [INFO]- 开始检查未执行的任务
[2020-05-03 20:11:03,664] [task.py:68] [task:exec_remote_opr] [INFO]- 当前在线的DTU有：[2]
[2020-05-03 20:11:03,665] [task.py:77] [task:exec_remote_opr] [ERROR]- Error 10049 connecting to 0.0.0.0:6379. [WinError 10049] 在其上下文中，该请求的地址无效。.
[2020-05-03 20:11:05,023] [server.py:29] [server:handler_accept] [INFO]- 等待新连接：2
[2020-05-03 20:11:06,697] [server.py:45] [server:handler_msg] [INFO]- 收到了客户端的消息：b'\x00'，消息长度为：1
[2020-05-03 20:11:06,698] [server.py:48] [server:handler_msg] [INFO]- 当前dtu_no发起连接0
[2020-05-03 20:11:13,667] [task.py:66] [task:exec_remote_opr] [INFO]- 开始检查未执行的任务
[2020-05-03 20:11:13,688] [task.py:68] [task:exec_remote_opr] [INFO]- 当前在线的DTU有：[2]
[2020-05-03 20:11:13,690] [task.py:77] [task:exec_remote_opr] [ERROR]- Error 10049 connecting to 0.0.0.0:6379. [WinError 10049] 在其上下文中，该请求的地址无效。.
[2020-05-03 20:11:23,691] [task.py:66] [task:exec_remote_opr] [INFO]- 开始检查未执行的任务
[2020-05-03 20:11:23,717] [task.py:68] [task:exec_remote_opr] [INFO]- 当前在线的DTU有：[2]
[2020-05-03 20:11:23,718] [task.py:77] [task:exec_remote_opr] [ERROR]- Error 10049 connecting to 0.0.0.0:6379. [WinError 10049] 在其上下文中，该请求的地址无效。.
