[2020-03-10 21:29:18,065] [common.py:63] [common:get_action_handler] [INFO]- 当前正在操作action：query_control_register
[2020-03-10 21:29:18,074] [common.py:63] [common:get_action_handler] [INFO]- 当前正在操作action：query_data_field
[2020-03-10 21:29:18,085] [common.py:63] [common:get_action_handler] [INFO]- 当前正在操作action：query_admin
[2020-03-10 21:29:18,098] [common.py:63] [common:get_action_handler] [INFO]- 当前正在操作action：query_dtu_region
[2020-03-10 21:29:18,112] [common.py:63] [common:get_action_handler] [INFO]- 当前正在操作action：query_dtu_user
[2020-03-10 21:29:18,163] [common.py:63] [common:get_action_handler] [INFO]- 当前正在操作action：query_manufacturer
[2020-03-10 21:29:23,326] [common.py:63] [common:get_action_handler] [INFO]- 当前正在操作action：query_dtu_region
[2020-03-10 21:29:23,797] [common.py:63] [common:get_action_handler] [INFO]- 当前正在操作action：query_dtu_user
[2020-03-10 21:29:24,042] [common.py:63] [common:get_action_handler] [INFO]- 当前正在操作action：query_dtu_region
[2020-03-10 21:29:24,617] [common.py:63] [common:get_action_handler] [INFO]- 当前正在操作action：query_dtu_region
[2020-03-10 21:29:24,858] [common.py:63] [common:get_action_handler] [INFO]- 当前正在操作action：query_dtu_user
[2020-03-10 21:29:25,097] [common.py:63] [common:get_action_handler] [INFO]- 当前正在操作action：query_dtu_region
[2020-03-10 21:29:25,609] [common.py:63] [common:get_action_handler] [INFO]- 当前正在操作action：query_dtu_region
[2020-03-10 21:29:26,094] [common.py:63] [common:get_action_handler] [INFO]- 当前正在操作action：query_dtu_user
[2020-03-10 21:29:26,287] [common.py:63] [common:get_action_handler] [INFO]- 当前正在操作action：query_dtu_region
[2020-03-10 22:03:59,125] [common.py:63] [common:get_action_handler] [INFO]- 当前正在操作action：query_admin
[2020-03-10 22:03:59,136] [common.py:63] [common:get_action_handler] [INFO]- 当前正在操作action：query_control_register
[2020-03-10 22:03:59,142] [common.py:63] [common:get_action_handler] [INFO]- 当前正在操作action：query_data_field
[2020-03-10 22:03:59,149] [common.py:63] [common:get_action_handler] [INFO]- 当前正在操作action：query_manufacturer
[2020-03-10 22:03:59,203] [common.py:63] [common:get_action_handler] [INFO]- 当前正在操作action：query_dtu_user
[2020-03-10 22:03:59,209] [common.py:63] [common:get_action_handler] [INFO]- 当前正在操作action：query_dtu_region
[2020-03-10 22:04:21,896] [common.py:63] [common:get_action_handler] [INFO]- 当前正在操作action：query_control_register
[2020-03-10 22:04:21,907] [common.py:63] [common:get_action_handler] [INFO]- 当前正在操作action：query_admin
[2020-03-10 22:04:21,915] [common.py:63] [common:get_action_handler] [INFO]- 当前正在操作action：query_dtu_user
[2020-03-10 22:04:21,929] [common.py:63] [common:get_action_handler] [INFO]- 当前正在操作action：query_data_field
[2020-03-10 22:04:21,946] [common.py:63] [common:get_action_handler] [INFO]- 当前正在操作action：query_manufacturer
[2020-03-10 22:04:21,966] [common.py:63] [common:get_action_handler] [INFO]- 当前正在操作action：query_dtu_region
[2020-03-10 22:05:01,828] [common.py:63] [common:get_action_handler] [INFO]- 当前正在操作action：query_control_register
[2020-03-10 22:05:01,835] [common.py:63] [common:get_action_handler] [INFO]- 当前正在操作action：query_data_field
[2020-03-10 22:05:01,843] [common.py:63] [common:get_action_handler] [INFO]- 当前正在操作action：query_admin
[2020-03-10 22:05:01,849] [common.py:63] [common:get_action_handler] [INFO]- 当前正在操作action：query_manufacturer
[2020-03-10 22:05:01,871] [common.py:63] [common:get_action_handler] [INFO]- 当前正在操作action：query_dtu_user
[2020-03-10 22:05:01,899] [common.py:63] [common:get_action_handler] [INFO]- 当前正在操作action：query_dtu_region
[2020-03-10 22:05:01,929] [common.py:63] [common:get_action_handler] [INFO]- 当前正在操作action：query_dtu_region
[2020-03-10 22:05:02,697] [common.py:63] [common:get_action_handler] [INFO]- 当前正在操作action：query_dtu_region
[2020-03-10 22:05:03,559] [common.py:63] [common:get_action_handler] [INFO]- 当前正在操作action：query_dtu_region
[2020-03-10 22:05:04,074] [common.py:63] [common:get_action_handler] [INFO]- 当前正在操作action：query_dtu_region
[2020-03-10 22:05:04,268] [common.py:63] [common:get_action_handler] [INFO]- 当前正在操作action：query_dtu_region
[2020-03-10 22:05:04,461] [common.py:63] [common:get_action_handler] [INFO]- 当前正在操作action：query_dtu_region
[2020-03-10 22:05:04,611] [common.py:63] [common:get_action_handler] [INFO]- 当前正在操作action：query_dtu_region
[2020-03-10 22:05:04,774] [common.py:63] [common:get_action_handler] [INFO]- 当前正在操作action：query_dtu_region
[2020-03-10 22:05:04,948] [common.py:63] [common:get_action_handler] [INFO]- 当前正在操作action：query_dtu_region
[2020-03-10 22:05:05,149] [common.py:63] [common:get_action_handler] [INFO]- 当前正在操作action：query_dtu_region
[2020-03-10 22:05:05,335] [common.py:63] [common:get_action_handler] [INFO]- 当前正在操作action：query_dtu_region
[2020-03-10 22:05:05,508] [common.py:63] [common:get_action_handler] [INFO]- 当前正在操作action：query_dtu_region
[2020-03-10 22:05:05,858] [common.py:63] [common:get_action_handler] [INFO]- 当前正在操作action：query_dtu_region
[2020-03-10 22:05:06,045] [common.py:63] [common:get_action_handler] [INFO]- 当前正在操作action：query_dtu_region
[2020-03-10 22:05:06,250] [common.py:63] [common:get_action_handler] [INFO]- 当前正在操作action：query_dtu_region
[2020-03-10 22:05:06,433] [common.py:63] [common:get_action_handler] [INFO]- 当前正在操作action：query_dtu_region
[2020-03-10 22:05:07,034] [common.py:63] [common:get_action_handler] [INFO]- 当前正在操作action：query_dtu_region
[2020-03-10 22:05:07,231] [common.py:63] [common:get_action_handler] [INFO]- 当前正在操作action：query_dtu_region
[2020-03-10 22:05:08,093] [common.py:63] [common:get_action_handler] [INFO]- 当前正在操作action：query_dtu_region
[2020-03-10 22:05:08,299] [common.py:63] [common:get_action_handler] [INFO]- 当前正在操作action：query_dtu_region
[2020-03-10 22:05:09,588] [common.py:63] [common:get_action_handler] [INFO]- 当前正在操作action：query_dtu_region
[2020-03-10 22:05:09,764] [common.py:63] [common:get_action_handler] [INFO]- 当前正在操作action：query_dtu_region
[2020-03-10 22:05:09,947] [common.py:63] [common:get_action_handler] [INFO]- 当前正在操作action：query_dtu_region
[2020-03-10 22:05:10,386] [common.py:63] [common:get_action_handler] [INFO]- 当前正在操作action：query_dtu_region
[2020-03-10 22:05:10,577] [common.py:63] [common:get_action_handler] [INFO]- 当前正在操作action：query_dtu_region
[2020-03-10 22:05:11,334] [common.py:63] [common:get_action_handler] [INFO]- 当前正在操作action：query_dtu_region
[2020-03-10 22:05:11,618] [common.py:63] [common:get_action_handler] [INFO]- 当前正在操作action：query_dtu_region
[2020-03-10 22:05:11,784] [common.py:63] [common:get_action_handler] [INFO]- 当前正在操作action：query_dtu_region
[2020-03-10 22:05:50,224] [common.py:63] [common:get_action_handler] [INFO]- 当前正在操作action：query_control_register
[2020-03-10 22:05:50,237] [common.py:63] [common:get_action_handler] [INFO]- 当前正在操作action：query_data_field
[2020-03-10 22:05:50,243] [common.py:63] [common:get_action_handler] [INFO]- 当前正在操作action：query_admin
[2020-03-10 22:05:50,260] [common.py:63] [common:get_action_handler] [INFO]- 当前正在操作action：query_manufacturer
[2020-03-10 22:05:50,281] [common.py:63] [common:get_action_handler] [INFO]- 当前正在操作action：query_dtu_user
[2020-03-10 22:05:50,292] [common.py:63] [common:get_action_handler] [INFO]- 当前正在操作action：query_dtu_region
[2020-03-10 22:05:50,321] [common.py:63] [common:get_action_handler] [INFO]- 当前正在操作action：query_dtu_region
[2020-03-10 22:05:50,928] [common.py:63] [common:get_action_handler] [INFO]- 当前正在操作action：query_dtu_region
[2020-03-10 22:06:03,635] [common.py:63] [common:get_action_handler] [INFO]- 当前正在操作action：query_dtu_region
[2020-03-10 22:07:14,240] [common.py:63] [common:get_action_handler] [INFO]- 当前正在操作action：query_admin
[2020-03-10 22:07:14,248] [common.py:63] [common:get_action_handler] [INFO]- 当前正在操作action：query_dtu_user
[2020-03-10 22:07:14,255] [common.py:63] [common:get_action_handler] [INFO]- 当前正在操作action：query_control_register
[2020-03-10 22:07:14,261] [common.py:63] [common:get_action_handler] [INFO]- 当前正在操作action：query_data_field
[2020-03-10 22:07:14,277] [common.py:63] [common:get_action_handler] [INFO]- 当前正在操作action：query_manufacturer
[2020-03-10 22:07:14,309] [common.py:63] [common:get_action_handler] [INFO]- 当前正在操作action：query_dtu_region
[2020-03-10 22:07:14,326] [common.py:63] [common:get_action_handler] [INFO]- 当前正在操作action：query_manufacturer
[2020-03-10 22:07:14,334] [common.py:63] [common:get_action_handler] [INFO]- 当前正在操作action：query_dtu_user
[2020-03-10 22:07:54,704] [common.py:63] [common:get_action_handler] [INFO]- 当前正在操作action：query_control_register
[2020-03-10 22:07:54,710] [common.py:63] [common:get_action_handler] [INFO]- 当前正在操作action：query_data_field
[2020-03-10 22:07:54,731] [common.py:63] [common:get_action_handler] [INFO]- 当前正在操作action：query_admin
[2020-03-10 22:07:54,737] [common.py:63] [common:get_action_handler] [INFO]- 当前正在操作action：query_dtu_user
[2020-03-10 22:07:54,760] [common.py:63] [common:get_action_handler] [INFO]- 当前正在操作action：query_manufacturer
[2020-03-10 22:07:54,774] [common.py:63] [common:get_action_handler] [INFO]- 当前正在操作action：query_dtu_region
[2020-03-10 22:07:54,784] [common.py:63] [common:get_action_handler] [INFO]- 当前正在操作action：query_manufacturer
[2020-03-10 22:07:54,793] [common.py:63] [common:get_action_handler] [INFO]- 当前正在操作action：query_dtu_user
[2020-03-10 22:08:04,130] [common.py:63] [common:get_action_handler] [INFO]- 当前正在操作action：query_admin
[2020-03-10 22:08:04,137] [common.py:63] [common:get_action_handler] [INFO]- 当前正在操作action：query_data_field
[2020-03-10 22:08:04,142] [common.py:63] [common:get_action_handler] [INFO]- 当前正在操作action：query_control_register
[2020-03-10 22:08:04,176] [common.py:63] [common:get_action_handler] [INFO]- 当前正在操作action：query_dtu_user
[2020-03-10 22:08:04,182] [common.py:63] [common:get_action_handler] [INFO]- 当前正在操作action：query_manufacturer
[2020-03-10 22:08:04,206] [common.py:63] [common:get_action_handler] [INFO]- 当前正在操作action：query_dtu_region
[2020-03-10 22:08:04,234] [common.py:63] [common:get_action_handler] [INFO]- 当前正在操作action：query_dtu_user
[2020-03-10 22:08:04,234] [common.py:63] [common:get_action_handler] [INFO]- 当前正在操作action：query_manufacturer
[2020-03-10 22:08:46,979] [common.py:63] [common:get_action_handler] [INFO]- 当前正在操作action：query_control_register
[2020-03-10 22:08:46,984] [common.py:63] [common:get_action_handler] [INFO]- 当前正在操作action：query_data_field
[2020-03-10 22:08:47,005] [common.py:63] [common:get_action_handler] [INFO]- 当前正在操作action：query_admin
[2020-03-10 22:08:47,020] [common.py:63] [common:get_action_handler] [INFO]- 当前正在操作action：query_dtu_user
[2020-03-10 22:08:47,025] [common.py:63] [common:get_action_handler] [INFO]- 当前正在操作action：query_manufacturer
[2020-03-10 22:08:47,049] [common.py:63] [common:get_action_handler] [INFO]- 当前正在操作action：query_dtu_region
[2020-03-10 22:08:47,071] [common.py:63] [common:get_action_handler] [INFO]- 当前正在操作action：query_manufacturer
[2020-03-10 22:08:47,071] [common.py:63] [common:get_action_handler] [INFO]- 当前正在操作action：query_dtu_user
[2020-03-10 22:09:10,667] [common.py:63] [common:get_action_handler] [INFO]- 当前正在操作action：query_data_field
[2020-03-10 22:09:10,674] [common.py:63] [common:get_action_handler] [INFO]- 当前正在操作action：query_admin
[2020-03-10 22:09:10,685] [common.py:63] [common:get_action_handler] [INFO]- 当前正在操作action：query_control_register
[2020-03-10 22:09:10,694] [common.py:63] [common:get_action_handler] [INFO]- 当前正在操作action：query_dtu_user
[2020-03-10 22:09:10,699] [common.py:63] [common:get_action_handler] [INFO]- 当前正在操作action：query_manufacturer
[2020-03-10 22:09:10,731] [common.py:63] [common:get_action_handler] [INFO]- 当前正在操作action：query_dtu_region
[2020-03-10 22:09:10,753] [common.py:63] [common:get_action_handler] [INFO]- 当前正在操作action：query_dtu_user
[2020-03-10 22:09:10,756] [common.py:63] [common:get_action_handler] [INFO]- 当前正在操作action：query_manufacturer
[2020-03-10 22:09:21,727] [common.py:63] [common:get_action_handler] [INFO]- 当前正在操作action：query_data_field
[2020-03-10 22:09:21,739] [common.py:63] [common:get_action_handler] [INFO]- 当前正在操作action：query_control_register
[2020-03-10 22:09:21,755] [common.py:63] [common:get_action_handler] [INFO]- 当前正在操作action：query_dtu_user
[2020-03-10 22:09:21,769] [common.py:63] [common:get_action_handler] [INFO]- 当前正在操作action：query_admin
[2020-03-10 22:09:21,780] [common.py:63] [common:get_action_handler] [INFO]- 当前正在操作action：query_manufacturer
[2020-03-10 22:09:21,796] [common.py:63] [common:get_action_handler] [INFO]- 当前正在操作action：query_dtu_region
[2020-03-10 22:09:21,808] [common.py:63] [common:get_action_handler] [INFO]- 当前正在操作action：query_manufacturer
[2020-03-10 22:09:21,810] [common.py:63] [common:get_action_handler] [INFO]- 当前正在操作action：query_dtu_user
[2020-03-10 22:11:16,904] [common.py:63] [common:get_action_handler] [INFO]- 当前正在操作action：query_manufacturer
[2020-03-10 22:11:16,917] [common.py:63] [common:get_action_handler] [INFO]- 当前正在操作action：query_control_register
[2020-03-10 22:11:16,921] [common.py:63] [common:get_action_handler] [INFO]- 当前正在操作action：query_data_field
[2020-03-10 22:11:16,936] [common.py:63] [common:get_action_handler] [INFO]- 当前正在操作action：query_admin
[2020-03-10 22:11:16,968] [common.py:63] [common:get_action_handler] [INFO]- 当前正在操作action：query_dtu_user
[2020-03-10 22:11:16,987] [common.py:63] [common:get_action_handler] [INFO]- 当前正在操作action：query_dtu_region
[2020-03-10 22:11:17,001] [common.py:63] [common:get_action_handler] [INFO]- 当前正在操作action：query_dtu_user
[2020-03-10 22:11:17,003] [common.py:63] [common:get_action_handler] [INFO]- 当前正在操作action：query_manufacturer
[2020-03-10 22:12:21,308] [common.py:63] [common:get_action_handler] [INFO]- 当前正在操作action：query_control_register
[2020-03-10 22:12:21,321] [common.py:63] [common:get_action_handler] [INFO]- 当前正在操作action：query_data_field
[2020-03-10 22:12:21,340] [common.py:63] [common:get_action_handler] [INFO]- 当前正在操作action：query_admin
[2020-03-10 22:12:21,371] [common.py:63] [common:get_action_handler] [INFO]- 当前正在操作action：query_manufacturer
[2020-03-10 22:12:21,379] [common.py:63] [common:get_action_handler] [INFO]- 当前正在操作action：query_dtu_user
[2020-03-10 22:12:21,393] [common.py:63] [common:get_action_handler] [INFO]- 当前正在操作action：query_dtu_region
[2020-03-10 22:12:21,404] [common.py:63] [common:get_action_handler] [INFO]- 当前正在操作action：query_manufacturer
[2020-03-10 22:12:21,405] [common.py:63] [common:get_action_handler] [INFO]- 当前正在操作action：query_dtu_user
[2020-03-10 22:12:26,398] [common.py:63] [common:get_action_handler] [INFO]- 当前正在操作action：query_dtu_user
[2020-03-10 22:12:33,338] [common.py:63] [common:get_action_handler] [INFO]- 当前正在操作action：check_email_unique
[2020-03-10 22:12:33,564] [common.py:63] [common:get_action_handler] [INFO]- 当前正在操作action：check_email_unique
[2020-03-10 22:12:33,932] [common.py:63] [common:get_action_handler] [INFO]- 当前正在操作action：check_email_unique
[2020-03-10 22:12:34,467] [common.py:63] [common:get_action_handler] [INFO]- 当前正在操作action：check_email_unique
[2020-03-10 22:12:34,648] [common.py:63] [common:get_action_handler] [INFO]- 当前正在操作action：check_email_unique
[2020-03-10 22:12:35,197] [common.py:63] [common:get_action_handler] [INFO]- 当前正在操作action：check_email_unique
[2020-03-10 22:12:35,391] [common.py:63] [common:get_action_handler] [INFO]- 当前正在操作action：check_email_unique
[2020-03-10 22:12:35,557] [common.py:63] [common:get_action_handler] [INFO]- 当前正在操作action：check_email_unique
[2020-03-10 22:12:36,173] [common.py:63] [common:get_action_handler] [INFO]- 当前正在操作action：check_email_unique
[2020-03-10 22:12:37,174] [common.py:63] [common:get_action_handler] [INFO]- 当前正在操作action：check_email_unique
[2020-03-10 22:12:37,330] [common.py:63] [common:get_action_handler] [INFO]- 当前正在操作action：check_email_unique
[2020-03-10 22:12:37,517] [common.py:63] [common:get_action_handler] [INFO]- 当前正在操作action：check_email_unique
[2020-03-10 22:12:39,112] [common.py:63] [common:get_action_handler] [INFO]- 当前正在操作action：check_phone_unique
[2020-03-10 22:12:40,061] [common.py:63] [common:get_action_handler] [INFO]- 当前正在操作action：check_phone_unique
[2020-03-10 22:12:40,870] [common.py:63] [common:get_action_handler] [INFO]- 当前正在操作action：check_phone_unique
[2020-03-10 22:12:41,185] [common.py:63] [common:get_action_handler] [INFO]- 当前正在操作action：check_phone_unique
[2020-03-10 22:12:41,386] [common.py:63] [common:get_action_handler] [INFO]- 当前正在操作action：check_phone_unique
[2020-03-10 22:12:41,466] [common.py:63] [common:get_action_handler] [INFO]- 当前正在操作action：check_phone_unique
[2020-03-10 22:12:42,169] [common.py:63] [common:get_action_handler] [INFO]- 当前正在操作action：check_phone_unique
[2020-03-10 22:12:42,391] [common.py:63] [common:get_action_handler] [INFO]- 当前正在操作action：check_phone_unique
[2020-03-10 22:12:42,708] [common.py:63] [common:get_action_handler] [INFO]- 当前正在操作action：check_phone_unique
[2020-03-10 22:12:42,997] [common.py:63] [common:get_action_handler] [INFO]- 当前正在操作action：check_phone_unique
[2020-03-10 22:12:43,669] [common.py:63] [common:get_action_handler] [INFO]- 当前正在操作action：check_phone_unique
[2020-03-10 22:12:44,625] [common.py:63] [common:get_action_handler] [INFO]- 当前正在操作action：check_phone_unique
[2020-03-10 22:12:44,763] [common.py:63] [common:get_action_handler] [INFO]- 当前正在操作action：check_phone_unique
[2020-03-10 22:12:45,246] [common.py:63] [common:get_action_handler] [INFO]- 当前正在操作action：check_phone_unique
[2020-03-10 22:12:45,372] [common.py:63] [common:get_action_handler] [INFO]- 当前正在操作action：check_phone_unique
[2020-03-10 22:12:47,611] [common.py:63] [common:get_action_handler] [INFO]- 当前正在操作action：create_dtu_user
[2020-03-10 22:12:48,894] [common.py:63] [common:get_action_handler] [INFO]- 当前正在操作action：query_dtu_user
[2020-03-10 22:12:50,193] [common.py:63] [common:get_action_handler] [INFO]- 当前正在操作action：query_dtu_region
[2020-03-10 22:12:50,663] [common.py:63] [common:get_action_handler] [INFO]- 当前正在操作action：query_manufacturer
[2020-03-10 22:12:50,666] [common.py:63] [common:get_action_handler] [INFO]- 当前正在操作action：query_dtu_user
[2020-03-10 22:13:32,392] [common.py:63] [common:get_action_handler] [INFO]- 当前正在操作action：query_control_register
[2020-03-10 22:13:32,403] [common.py:63] [common:get_action_handler] [INFO]- 当前正在操作action：query_data_field
[2020-03-10 22:13:32,408] [common.py:63] [common:get_action_handler] [INFO]- 当前正在操作action：query_admin
[2020-03-10 22:13:32,446] [common.py:63] [common:get_action_handler] [INFO]- 当前正在操作action：query_dtu_user
[2020-03-10 22:13:32,451] [common.py:63] [common:get_action_handler] [INFO]- 当前正在操作action：query_manufacturer
[2020-03-10 22:13:32,464] [common.py:63] [common:get_action_handler] [INFO]- 当前正在操作action：query_dtu_region
[2020-03-10 22:13:32,482] [common.py:63] [common:get_action_handler] [INFO]- 当前正在操作action：query_manufacturer
[2020-03-10 22:13:32,483] [common.py:63] [common:get_action_handler] [INFO]- 当前正在操作action：query_dtu_user
[2020-03-10 22:14:34,893] [common.py:63] [common:get_action_handler] [INFO]- 当前正在操作action：login
[2020-03-10 22:14:36,438] [common.py:63] [common:get_action_handler] [INFO]- 当前正在操作action：query_control_register
[2020-03-10 22:14:36,445] [common.py:63] [common:get_action_handler] [INFO]- 当前正在操作action：query_data_field
[2020-03-10 22:14:36,452] [common.py:63] [common:get_action_handler] [INFO]- 当前正在操作action：query_admin
[2020-03-10 22:14:36,478] [common.py:63] [common:get_action_handler] [INFO]- 当前正在操作action：query_dtu_user
[2020-03-10 22:14:36,484] [common.py:63] [common:get_action_handler] [INFO]- 当前正在操作action：query_manufacturer
[2020-03-10 22:14:36,507] [common.py:63] [common:get_action_handler] [INFO]- 当前正在操作action：query_dtu_region
[2020-03-10 22:14:36,527] [common.py:63] [common:get_action_handler] [INFO]- 当前正在操作action：query_manufacturer
[2020-03-10 22:14:36,528] [common.py:63] [common:get_action_handler] [INFO]- 当前正在操作action：query_dtu
[2020-03-10 22:14:36,531] [common.py:63] [common:get_action_handler] [INFO]- 当前正在操作action：query_dtu_user
[2020-03-10 22:18:08,767] [common.py:63] [common:get_action_handler] [INFO]- 当前正在操作action：query_control_register
[2020-03-10 22:18:08,774] [common.py:63] [common:get_action_handler] [INFO]- 当前正在操作action：query_data_field
[2020-03-10 22:18:08,797] [common.py:63] [common:get_action_handler] [INFO]- 当前正在操作action：query_dtu_user
[2020-03-10 22:18:08,808] [common.py:63] [common:get_action_handler] [INFO]- 当前正在操作action：query_admin
[2020-03-10 22:18:08,833] [common.py:63] [common:get_action_handler] [INFO]- 当前正在操作action：query_manufacturer
[2020-03-10 22:18:08,841] [common.py:63] [common:get_action_handler] [INFO]- 当前正在操作action：query_dtu_region
[2020-03-10 22:18:08,859] [common.py:63] [common:get_action_handler] [INFO]- 当前正在操作action：query_dtu
[2020-03-10 22:18:08,861] [common.py:63] [common:get_action_handler] [INFO]- 当前正在操作action：query_dtu_user
[2020-03-10 22:18:08,864] [common.py:63] [common:get_action_handler] [INFO]- 当前正在操作action：query_manufacturer
[2020-03-10 22:18:20,070] [common.py:63] [common:get_action_handler] [INFO]- 当前正在操作action：query_dtu
[2020-03-10 22:18:20,099] [common.py:63] [common:get_action_handler] [INFO]- 当前正在操作action：query_manufacturer
[2020-03-10 22:18:20,118] [common.py:63] [common:get_action_handler] [INFO]- 当前正在操作action：query_dtu_user
[2020-03-10 22:18:31,353] [common.py:63] [common:get_action_handler] [INFO]- 当前正在操作action：query_dtu
[2020-03-10 22:18:31,359] [common.py:63] [common:get_action_handler] [INFO]- 当前正在操作action：query_manufacturer
[2020-03-10 22:18:31,381] [common.py:63] [common:get_action_handler] [INFO]- 当前正在操作action：query_dtu_user
[2020-03-10 22:20:59,486] [common.py:63] [common:get_action_handler] [INFO]- 当前正在操作action：query_dtu
[2020-03-10 22:20:59,509] [common.py:63] [common:get_action_handler] [INFO]- 当前正在操作action：query_manufacturer
[2020-03-10 22:20:59,527] [common.py:63] [common:get_action_handler] [INFO]- 当前正在操作action：query_dtu_user
[2020-03-10 22:21:00,047] [common.py:63] [common:get_action_handler] [INFO]- 当前正在操作action：query_dtu
[2020-03-10 22:21:00,048] [common.py:63] [common:get_action_handler] [INFO]- 当前正在操作action：query_manufacturer
[2020-03-10 22:21:00,050] [common.py:63] [common:get_action_handler] [INFO]- 当前正在操作action：query_dtu_user
[2020-03-10 22:21:02,141] [common.py:63] [common:get_action_handler] [INFO]- 当前正在操作action：query_dtu
[2020-03-10 22:21:02,142] [common.py:63] [common:get_action_handler] [INFO]- 当前正在操作action：query_manufacturer
[2020-03-10 22:21:02,144] [common.py:63] [common:get_action_handler] [INFO]- 当前正在操作action：query_dtu_user
[2020-03-10 22:21:04,258] [common.py:63] [common:get_action_handler] [INFO]- 当前正在操作action：query_manufacturer
[2020-03-10 22:21:30,695] [common.py:63] [common:get_action_handler] [INFO]- 当前正在操作action：query_manufacturer
[2020-03-10 22:23:09,182] [common.py:63] [common:get_action_handler] [INFO]- 当前正在操作action：query_manufacturer
[2020-03-10 22:23:18,083] [common.py:63] [common:get_action_handler] [INFO]- 当前正在操作action：query_manufacturer
[2020-03-10 22:23:32,023] [common.py:63] [common:get_action_handler] [INFO]- 当前正在操作action：query_manufacturer
[2020-03-10 22:24:17,201] [common.py:63] [common:get_action_handler] [INFO]- 当前正在操作action：query_admin
[2020-03-10 22:26:38,921] [common.py:63] [common:get_action_handler] [INFO]- 当前正在操作action：query_dtu_region
[2020-03-10 22:26:50,854] [common.py:63] [common:get_action_handler] [INFO]- 当前正在操作action：query_dtu
[2020-03-10 22:26:50,854] [common.py:63] [common:get_action_handler] [INFO]- 当前正在操作action：query_manufacturer
[2020-03-10 22:26:50,857] [common.py:63] [common:get_action_handler] [INFO]- 当前正在操作action：query_dtu_user
[2020-03-10 22:26:51,367] [common.py:63] [common:get_action_handler] [INFO]- 当前正在操作action：query_manufacturer
[2020-03-10 22:29:08,840] [common.py:63] [common:get_action_handler] [INFO]- 当前正在操作action：query_manufacturer
[2020-03-10 22:42:35,232] [common.py:63] [common:get_action_handler] [INFO]- 当前正在操作action：query_manufacturer
[2020-03-10 22:42:35,255] [common.py:63] [common:get_action_handler] [INFO]- 当前正在操作action：query_dtu_user
[2020-03-10 22:43:13,810] [common.py:63] [common:get_action_handler] [INFO]- 当前正在操作action：query_manufacturer
[2020-03-10 22:43:13,834] [common.py:63] [common:get_action_handler] [INFO]- 当前正在操作action：query_dtu_user
[2020-03-10 22:43:16,031] [common.py:63] [common:get_action_handler] [INFO]- 当前正在操作action：query_manufacturer
[2020-03-10 22:43:16,034] [common.py:63] [common:get_action_handler] [INFO]- 当前正在操作action：query_dtu_user
[2020-03-10 22:44:32,247] [common.py:63] [common:get_action_handler] [INFO]- 当前正在操作action：query_manufacturer
[2020-03-10 22:44:32,249] [common.py:63] [common:get_action_handler] [INFO]- 当前正在操作action：query_dtu_user
[2020-03-10 22:47:16,252] [common.py:63] [common:get_action_handler] [INFO]- 当前正在操作action：query_manufacturer
[2020-03-10 22:47:16,255] [common.py:63] [common:get_action_handler] [INFO]- 当前正在操作action：query_dtu_user
[2020-03-10 22:47:45,895] [common.py:63] [common:get_action_handler] [INFO]- 当前正在操作action：query_manufacturer
[2020-03-10 22:47:45,897] [common.py:63] [common:get_action_handler] [INFO]- 当前正在操作action：query_dtu_user
[2020-03-10 22:49:47,860] [common.py:63] [common:get_action_handler] [INFO]- 当前正在操作action：query_data_field
[2020-03-10 22:49:47,871] [common.py:63] [common:get_action_handler] [INFO]- 当前正在操作action：query_control_register
[2020-03-10 22:49:47,907] [common.py:63] [common:get_action_handler] [INFO]- 当前正在操作action：query_dtu_user
[2020-03-10 22:49:47,913] [common.py:63] [common:get_action_handler] [INFO]- 当前正在操作action：query_manufacturer
[2020-03-10 22:49:47,920] [common.py:63] [common:get_action_handler] [INFO]- 当前正在操作action：query_admin
[2020-03-10 22:49:47,939] [common.py:63] [common:get_action_handler] [INFO]- 当前正在操作action：query_dtu_region
[2020-03-10 22:49:47,952] [common.py:63] [common:get_action_handler] [INFO]- 当前正在操作action：query_manufacturer
[2020-03-10 22:49:47,953] [common.py:63] [common:get_action_handler] [INFO]- 当前正在操作action：query_dtu
[2020-03-10 22:49:47,960] [common.py:63] [common:get_action_handler] [INFO]- 当前正在操作action：query_dtu_user
[2020-03-10 22:49:48,566] [common.py:63] [common:get_action_handler] [INFO]- 当前正在操作action：query_manufacturer
[2020-03-10 22:49:48,568] [common.py:63] [common:get_action_handler] [INFO]- 当前正在操作action：query_dtu_user
[2020-03-10 22:50:22,025] [common.py:63] [common:get_action_handler] [INFO]- 当前正在操作action：query_manufacturer
[2020-03-10 22:50:22,028] [common.py:63] [common:get_action_handler] [INFO]- 当前正在操作action：query_dtu_user
[2020-03-10 22:50:34,768] [common.py:63] [common:get_action_handler] [INFO]- 当前正在操作action：query_manufacturer
[2020-03-10 22:50:34,770] [common.py:63] [common:get_action_handler] [INFO]- 当前正在操作action：query_dtu_user
[2020-03-10 22:50:49,517] [common.py:63] [common:get_action_handler] [INFO]- 当前正在操作action：query_manufacturer
[2020-03-10 22:50:49,519] [common.py:63] [common:get_action_handler] [INFO]- 当前正在操作action：query_dtu_user
[2020-03-10 22:51:24,440] [common.py:63] [common:get_action_handler] [INFO]- 当前正在操作action：query_manufacturer
[2020-03-10 22:51:24,443] [common.py:63] [common:get_action_handler] [INFO]- 当前正在操作action：query_dtu_user
[2020-03-10 22:55:51,926] [common.py:63] [common:get_action_handler] [INFO]- 当前正在操作action：query_manufacturer
[2020-03-10 22:55:51,928] [common.py:63] [common:get_action_handler] [INFO]- 当前正在操作action：query_dtu_user
[2020-03-10 22:57:23,411] [common.py:63] [common:get_action_handler] [INFO]- 当前正在操作action：query_manufacturer
[2020-03-10 22:57:23,413] [common.py:63] [common:get_action_handler] [INFO]- 当前正在操作action：query_dtu_user
[2020-03-10 22:59:40,726] [common.py:63] [common:get_action_handler] [INFO]- 当前正在操作action：query_dtu_region
[2020-03-10 22:59:46,926] [common.py:63] [common:get_action_handler] [INFO]- 当前正在操作action：query_dtu_region
[2020-03-10 22:59:49,372] [common.py:63] [common:get_action_handler] [INFO]- 当前正在操作action：query_dtu_region
[2020-03-10 23:00:39,933] [common.py:63] [common:get_action_handler] [INFO]- 当前正在操作action：query_dtu_region
[2020-03-10 23:10:32,220] [common.py:63] [common:get_action_handler] [INFO]- 当前正在操作action：login
[2020-03-10 23:10:33,795] [common.py:63] [common:get_action_handler] [INFO]- 当前正在操作action：query_admin
[2020-03-10 23:10:33,804] [common.py:63] [common:get_action_handler] [INFO]- 当前正在操作action：query_control_register
[2020-03-10 23:10:33,812] [common.py:63] [common:get_action_handler] [INFO]- 当前正在操作action：query_data_field
[2020-03-10 23:10:33,815] [common.py:63] [common:get_action_handler] [INFO]- 当前正在操作action：query_dtu_user
[2020-03-10 23:10:33,833] [common.py:63] [common:get_action_handler] [INFO]- 当前正在操作action：query_manufacturer
[2020-03-10 23:10:33,861] [common.py:63] [common:get_action_handler] [INFO]- 当前正在操作action：query_dtu
[2020-03-10 23:10:33,863] [common.py:63] [common:get_action_handler] [INFO]- 当前正在操作action：query_manufacturer
[2020-03-10 23:10:33,868] [common.py:63] [common:get_action_handler] [INFO]- 当前正在操作action：query_dtu_user
[2020-03-10 23:10:33,880] [common.py:63] [common:get_action_handler] [INFO]- 当前正在操作action：query_dtu_region
[2020-03-10 23:10:35,580] [common.py:63] [common:get_action_handler] [INFO]- 当前正在操作action：query_manufacturer
[2020-03-10 23:10:35,583] [common.py:63] [common:get_action_handler] [INFO]- 当前正在操作action：query_dtu_user
[2020-03-10 23:10:41,032] [common.py:63] [common:get_action_handler] [INFO]- 当前正在操作action：query_man_region
[2020-03-10 23:10:43,049] [common.py:63] [common:get_action_handler] [INFO]- 当前正在操作action：query_man_region
[2020-03-10 23:10:45,255] [common.py:63] [common:get_action_handler] [INFO]- 当前正在操作action：query_man_region
[2020-03-10 23:10:47,181] [common.py:63] [common:get_action_handler] [INFO]- 当前正在操作action：query_man_region
[2020-03-10 23:11:24,222] [common.py:63] [common:get_action_handler] [INFO]- 当前正在操作action：query_dtu
[2020-03-10 23:11:24,230] [common.py:63] [common:get_action_handler] [INFO]- 当前正在操作action：query_manufacturer
[2020-03-10 23:11:24,258] [common.py:63] [common:get_action_handler] [INFO]- 当前正在操作action：query_dtu_user
[2020-03-10 23:11:24,339] [common.py:63] [common:get_action_handler] [INFO]- 当前正在操作action：query_dtu_region
[2020-03-10 23:11:25,446] [common.py:63] [common:get_action_handler] [INFO]- 当前正在操作action：query_dtu_region
[2020-03-10 23:11:26,081] [common.py:63] [common:get_action_handler] [INFO]- 当前正在操作action：query_dtu_region
[2020-03-10 23:11:26,291] [common.py:63] [common:get_action_handler] [INFO]- 当前正在操作action：query_dtu_region
[2020-03-10 23:11:26,468] [common.py:63] [common:get_action_handler] [INFO]- 当前正在操作action：query_dtu_region
[2020-03-10 23:11:26,648] [common.py:63] [common:get_action_handler] [INFO]- 当前正在操作action：query_dtu_region
[2020-03-10 23:11:27,174] [common.py:63] [common:get_action_handler] [INFO]- 当前正在操作action：query_dtu_region
[2020-03-10 23:11:31,548] [common.py:63] [common:get_action_handler] [INFO]- 当前正在操作action：query_dtu_user
[2020-03-10 23:11:34,447] [common.py:63] [common:get_action_handler] [INFO]- 当前正在操作action：query_dtu_region
[2020-03-10 23:11:34,698] [common.py:63] [common:get_action_handler] [INFO]- 当前正在操作action：query_dtu
[2020-03-10 23:11:34,705] [common.py:63] [common:get_action_handler] [INFO]- 当前正在操作action：query_manufacturer
[2020-03-10 23:11:34,726] [common.py:63] [common:get_action_handler] [INFO]- 当前正在操作action：query_dtu_user
[2020-03-10 23:11:36,212] [common.py:63] [common:get_action_handler] [INFO]- 当前正在操作action：query_manufacturer
[2020-03-10 23:11:36,215] [common.py:63] [common:get_action_handler] [INFO]- 当前正在操作action：query_dtu_user
[2020-03-10 23:11:38,256] [common.py:63] [common:get_action_handler] [INFO]- 当前正在操作action：query_man_region
[2020-03-10 23:12:00,812] [common.py:63] [common:get_action_handler] [INFO]- 当前正在操作action：query_manufacturer
[2020-03-10 23:12:00,814] [common.py:63] [common:get_action_handler] [INFO]- 当前正在操作action：query_dtu_user
[2020-03-10 23:12:02,833] [common.py:63] [common:get_action_handler] [INFO]- 当前正在操作action：query_man_region
[2020-03-10 23:12:55,151] [common.py:63] [common:get_action_handler] [INFO]- 当前正在操作action：query_man_region
[2020-03-10 23:13:11,109] [common.py:63] [common:get_action_handler] [INFO]- 当前正在操作action：query_man_region
[2020-03-10 23:13:19,687] [common.py:63] [common:get_action_handler] [INFO]- 当前正在操作action：query_man_region
[2020-03-10 23:14:39,843] [common.py:63] [common:get_action_handler] [INFO]- 当前正在操作action：query_manufacturer
[2020-03-10 23:14:39,846] [common.py:63] [common:get_action_handler] [INFO]- 当前正在操作action：query_dtu_user
[2020-03-10 23:14:41,226] [common.py:63] [common:get_action_handler] [INFO]- 当前正在操作action：query_man_region
[2020-03-10 23:14:45,169] [common.py:63] [common:get_action_handler] [INFO]- 当前正在操作action：query_manufacturer
[2020-03-10 23:14:45,171] [common.py:63] [common:get_action_handler] [INFO]- 当前正在操作action：query_dtu_user
[2020-03-10 23:14:46,428] [common.py:63] [common:get_action_handler] [INFO]- 当前正在操作action：query_man_region
[2020-03-10 23:14:52,669] [common.py:63] [common:get_action_handler] [INFO]- 当前正在操作action：query_man_region
[2020-03-10 23:15:04,885] [common.py:63] [common:get_action_handler] [INFO]- 当前正在操作action：query_man_region
[2020-03-10 23:15:47,137] [common.py:63] [common:get_action_handler] [INFO]- 当前正在操作action：query_manufacturer
[2020-03-10 23:15:47,139] [common.py:63] [common:get_action_handler] [INFO]- 当前正在操作action：query_dtu_user
[2020-03-10 23:15:48,915] [common.py:63] [common:get_action_handler] [INFO]- 当前正在操作action：query_man_region
[2020-03-10 23:16:22,717] [common.py:63] [common:get_action_handler] [INFO]- 当前正在操作action：query_manufacturer
[2020-03-10 23:16:22,719] [common.py:63] [common:get_action_handler] [INFO]- 当前正在操作action：query_dtu_user
[2020-03-10 23:16:23,939] [common.py:63] [common:get_action_handler] [INFO]- 当前正在操作action：query_man_region
[2020-03-10 23:17:10,234] [common.py:63] [common:get_action_handler] [INFO]- 当前正在操作action：query_manufacturer
[2020-03-10 23:17:10,235] [common.py:63] [common:get_action_handler] [INFO]- 当前正在操作action：query_dtu_user
[2020-03-10 23:17:11,871] [common.py:63] [common:get_action_handler] [INFO]- 当前正在操作action：query_man_region
[2020-03-10 23:28:08,463] [common.py:63] [common:get_action_handler] [INFO]- 当前正在操作action：query_manufacturer
[2020-03-10 23:28:08,488] [common.py:63] [common:get_action_handler] [INFO]- 当前正在操作action：query_dtu_user
[2020-03-10 23:28:09,497] [common.py:63] [common:get_action_handler] [INFO]- 当前正在操作action：query_man_region
[2020-03-10 23:28:12,318] [common.py:63] [common:get_action_handler] [INFO]- 当前正在操作action：query_man_region
[2020-03-10 23:28:13,728] [common.py:63] [common:get_action_handler] [INFO]- 当前正在操作action：query_man_region
[2020-03-10 23:28:35,571] [common.py:63] [common:get_action_handler] [INFO]- 当前正在操作action：query_man_region
[2020-03-10 23:29:59,545] [common.py:63] [common:get_action_handler] [INFO]- 当前正在操作action：query_control_register
[2020-03-10 23:29:59,554] [common.py:63] [common:get_action_handler] [INFO]- 当前正在操作action：query_data_field
[2020-03-10 23:29:59,563] [common.py:63] [common:get_action_handler] [INFO]- 当前正在操作action：query_admin
[2020-03-10 23:29:59,591] [common.py:63] [common:get_action_handler] [INFO]- 当前正在操作action：query_manufacturer
[2020-03-10 23:29:59,609] [common.py:63] [common:get_action_handler] [INFO]- 当前正在操作action：query_dtu_region
[2020-03-10 23:29:59,622] [common.py:63] [common:get_action_handler] [INFO]- 当前正在操作action：query_manufacturer
[2020-03-10 23:29:59,624] [common.py:63] [common:get_action_handler] [INFO]- 当前正在操作action：query_dtu
[2020-03-10 23:29:59,625] [common.py:63] [common:get_action_handler] [INFO]- 当前正在操作action：query_dtu_user
[2020-03-10 23:29:59,634] [common.py:63] [common:get_action_handler] [INFO]- 当前正在操作action：query_dtu_user
[2020-03-10 23:30:00,207] [common.py:63] [common:get_action_handler] [INFO]- 当前正在操作action：query_manufacturer
[2020-03-10 23:30:00,209] [common.py:63] [common:get_action_handler] [INFO]- 当前正在操作action：query_dtu_user
[2020-03-10 23:30:01,788] [common.py:63] [common:get_action_handler] [INFO]- 当前正在操作action：query_man_region
[2020-03-10 23:30:45,957] [common.py:63] [common:get_action_handler] [INFO]- 当前正在操作action：query_manufacturer
[2020-03-10 23:30:45,959] [common.py:63] [common:get_action_handler] [INFO]- 当前正在操作action：query_dtu_user
[2020-03-10 23:30:47,211] [common.py:63] [common:get_action_handler] [INFO]- 当前正在操作action：query_man_region
[2020-03-10 23:32:01,048] [common.py:63] [common:get_action_handler] [INFO]- 当前正在操作action：query_manufacturer
[2020-03-10 23:32:01,050] [common.py:63] [common:get_action_handler] [INFO]- 当前正在操作action：query_dtu_user
[2020-03-10 23:32:02,504] [common.py:63] [common:get_action_handler] [INFO]- 当前正在操作action：query_man_region
[2020-03-10 23:34:27,691] [common.py:63] [common:get_action_handler] [INFO]- 当前正在操作action：query_manufacturer
[2020-03-10 23:34:27,710] [common.py:63] [common:get_action_handler] [INFO]- 当前正在操作action：query_dtu_user
[2020-03-10 23:34:28,856] [common.py:63] [common:get_action_handler] [INFO]- 当前正在操作action：query_man_region
[2020-03-10 23:35:15,524] [common.py:63] [common:get_action_handler] [INFO]- 当前正在操作action：query_manufacturer
[2020-03-10 23:35:15,544] [common.py:63] [common:get_action_handler] [INFO]- 当前正在操作action：query_dtu_user
[2020-03-10 23:35:17,234] [common.py:63] [common:get_action_handler] [INFO]- 当前正在操作action：query_man_region
[2020-03-10 23:35:47,424] [common.py:63] [common:get_action_handler] [INFO]- 当前正在操作action：query_data_field
[2020-03-10 23:35:47,443] [common.py:63] [common:get_action_handler] [INFO]- 当前正在操作action：query_dtu_user
[2020-03-10 23:35:47,451] [common.py:63] [common:get_action_handler] [INFO]- 当前正在操作action：query_control_register
[2020-03-10 23:35:47,454] [common.py:63] [common:get_action_handler] [INFO]- 当前正在操作action：query_admin
[2020-03-10 23:35:47,469] [common.py:63] [common:get_action_handler] [INFO]- 当前正在操作action：query_manufacturer
[2020-03-10 23:35:47,510] [common.py:63] [common:get_action_handler] [INFO]- 当前正在操作action：query_dtu_region
[2020-03-10 23:35:47,520] [common.py:63] [common:get_action_handler] [INFO]- 当前正在操作action：query_dtu
[2020-03-10 23:35:47,523] [common.py:63] [common:get_action_handler] [INFO]- 当前正在操作action：query_manufacturer
[2020-03-10 23:35:47,523] [common.py:63] [common:get_action_handler] [INFO]- 当前正在操作action：query_dtu_user
[2020-03-10 23:35:47,992] [common.py:63] [common:get_action_handler] [INFO]- 当前正在操作action：query_manufacturer
[2020-03-10 23:35:47,993] [common.py:63] [common:get_action_handler] [INFO]- 当前正在操作action：query_dtu_user
[2020-03-10 23:35:49,080] [common.py:63] [common:get_action_handler] [INFO]- 当前正在操作action：query_man_region
[2020-03-10 23:35:59,307] [common.py:63] [common:get_action_handler] [INFO]- 当前正在操作action：query_manufacturer
[2020-03-10 23:35:59,310] [common.py:63] [common:get_action_handler] [INFO]- 当前正在操作action：query_dtu_user
[2020-03-10 23:36:00,762] [common.py:63] [common:get_action_handler] [INFO]- 当前正在操作action：query_man_region
[2020-03-10 23:38:06,854] [common.py:63] [common:get_action_handler] [INFO]- 当前正在操作action：query_manufacturer
[2020-03-10 23:38:06,854] [common.py:63] [common:get_action_handler] [INFO]- 当前正在操作action：query_dtu_user
[2020-03-10 23:38:08,005] [common.py:63] [common:get_action_handler] [INFO]- 当前正在操作action：query_man_region
[2020-03-10 23:40:36,151] [common.py:63] [common:get_action_handler] [INFO]- 当前正在操作action：query_manufacturer
[2020-03-10 23:40:36,152] [common.py:63] [common:get_action_handler] [INFO]- 当前正在操作action：query_dtu_user
[2020-03-10 23:40:38,051] [common.py:63] [common:get_action_handler] [INFO]- 当前正在操作action：query_man_region
[2020-03-10 23:41:24,766] [common.py:63] [common:get_action_handler] [INFO]- 当前正在操作action：query_manufacturer
[2020-03-10 23:41:24,766] [common.py:63] [common:get_action_handler] [INFO]- 当前正在操作action：query_dtu_user
[2020-03-10 23:41:25,799] [common.py:63] [common:get_action_handler] [INFO]- 当前正在操作action：query_man_region
[2020-03-10 23:43:02,396] [common.py:63] [common:get_action_handler] [INFO]- 当前正在操作action：query_manufacturer
[2020-03-10 23:43:02,398] [common.py:63] [common:get_action_handler] [INFO]- 当前正在操作action：query_dtu_user
[2020-03-10 23:43:04,198] [common.py:63] [common:get_action_handler] [INFO]- 当前正在操作action：query_man_region
[2020-03-10 23:43:27,621] [common.py:63] [common:get_action_handler] [INFO]- 当前正在操作action：query_data_field
[2020-03-10 23:43:27,628] [common.py:63] [common:get_action_handler] [INFO]- 当前正在操作action：query_admin
[2020-03-10 23:43:27,637] [common.py:63] [common:get_action_handler] [INFO]- 当前正在操作action：query_control_register
[2020-03-10 23:43:27,645] [common.py:63] [common:get_action_handler] [INFO]- 当前正在操作action：query_manufacturer
[2020-03-10 23:43:27,667] [common.py:63] [common:get_action_handler] [INFO]- 当前正在操作action：query_dtu_user
[2020-03-10 23:43:27,698] [common.py:63] [common:get_action_handler] [INFO]- 当前正在操作action：query_dtu_region
[2020-03-10 23:43:27,706] [common.py:63] [common:get_action_handler] [INFO]- 当前正在操作action：query_dtu
[2020-03-10 23:43:27,710] [common.py:63] [common:get_action_handler] [INFO]- 当前正在操作action：query_manufacturer
[2020-03-10 23:43:27,711] [common.py:63] [common:get_action_handler] [INFO]- 当前正在操作action：query_dtu_user
[2020-03-10 23:43:28,219] [common.py:63] [common:get_action_handler] [INFO]- 当前正在操作action：query_manufacturer
[2020-03-10 23:43:28,220] [common.py:63] [common:get_action_handler] [INFO]- 当前正在操作action：query_dtu_user
[2020-03-10 23:43:29,387] [common.py:63] [common:get_action_handler] [INFO]- 当前正在操作action：query_man_region
[2020-03-10 23:43:31,729] [common.py:63] [common:get_action_handler] [INFO]- 当前正在操作action：query_man_region
[2020-03-10 23:43:33,381] [common.py:63] [common:get_action_handler] [INFO]- 当前正在操作action：query_man_region
[2020-03-10 23:43:34,349] [common.py:63] [common:get_action_handler] [INFO]- 当前正在操作action：query_man_region
[2020-03-10 23:43:38,140] [common.py:63] [common:get_action_handler] [INFO]- 当前正在操作action：query_data_field
[2020-03-10 23:43:38,148] [common.py:63] [common:get_action_handler] [INFO]- 当前正在操作action：query_control_register
[2020-03-10 23:43:38,178] [common.py:63] [common:get_action_handler] [INFO]- 当前正在操作action：query_dtu_user
[2020-03-10 23:43:38,185] [common.py:63] [common:get_action_handler] [INFO]- 当前正在操作action：query_admin
[2020-03-10 23:43:38,195] [common.py:63] [common:get_action_handler] [INFO]- 当前正在操作action：query_dtu_region
[2020-03-10 23:43:38,210] [common.py:63] [common:get_action_handler] [INFO]- 当前正在操作action：query_manufacturer
[2020-03-10 23:43:38,223] [common.py:63] [common:get_action_handler] [INFO]- 当前正在操作action：query_dtu
[2020-03-10 23:43:38,223] [common.py:63] [common:get_action_handler] [INFO]- 当前正在操作action：query_manufacturer
[2020-03-10 23:43:38,236] [common.py:63] [common:get_action_handler] [INFO]- 当前正在操作action：query_dtu_user
[2020-03-10 23:43:38,695] [common.py:63] [common:get_action_handler] [INFO]- 当前正在操作action：query_manufacturer
[2020-03-10 23:43:38,697] [common.py:63] [common:get_action_handler] [INFO]- 当前正在操作action：query_dtu_user
[2020-03-10 23:43:40,932] [common.py:63] [common:get_action_handler] [INFO]- 当前正在操作action：query_man_region
[2020-03-10 23:43:42,786] [common.py:63] [common:get_action_handler] [INFO]- 当前正在操作action：query_man_region
[2020-03-10 23:44:55,784] [common.py:63] [common:get_action_handler] [INFO]- 当前正在操作action：query_manufacturer
[2020-03-10 23:44:55,788] [common.py:63] [common:get_action_handler] [INFO]- 当前正在操作action：query_dtu_user
[2020-03-10 23:44:56,840] [common.py:63] [common:get_action_handler] [INFO]- 当前正在操作action：query_man_region
[2020-03-10 23:46:24,631] [common.py:63] [common:get_action_handler] [INFO]- 当前正在操作action：query_manufacturer
[2020-03-10 23:46:24,634] [common.py:63] [common:get_action_handler] [INFO]- 当前正在操作action：query_dtu_user
[2020-03-10 23:46:25,771] [common.py:63] [common:get_action_handler] [INFO]- 当前正在操作action：query_man_region
[2020-03-10 23:46:27,546] [common.py:63] [common:get_action_handler] [INFO]- 当前正在操作action：query_man_region
[2020-03-10 23:46:28,684] [common.py:63] [common:get_action_handler] [INFO]- 当前正在操作action：query_man_region
[2020-03-10 23:47:00,149] [common.py:63] [common:get_action_handler] [INFO]- 当前正在操作action：query_manufacturer
[2020-03-10 23:47:00,151] [common.py:63] [common:get_action_handler] [INFO]- 当前正在操作action：query_dtu_user
[2020-03-10 23:47:01,524] [common.py:63] [common:get_action_handler] [INFO]- 当前正在操作action：query_man_region
[2020-03-10 23:48:18,567] [common.py:63] [common:get_action_handler] [INFO]- 当前正在操作action：query_manufacturer
[2020-03-10 23:48:18,572] [common.py:63] [common:get_action_handler] [INFO]- 当前正在操作action：query_dtu_user
[2020-03-10 23:48:19,861] [common.py:63] [common:get_action_handler] [INFO]- 当前正在操作action：query_man_region
[2020-03-10 23:48:32,753] [common.py:63] [common:get_action_handler] [INFO]- 当前正在操作action：query_manufacturer
[2020-03-10 23:48:32,756] [common.py:63] [common:get_action_handler] [INFO]- 当前正在操作action：query_dtu_user
[2020-03-10 23:48:34,091] [common.py:63] [common:get_action_handler] [INFO]- 当前正在操作action：query_man_region
[2020-03-10 23:48:44,269] [common.py:63] [common:get_action_handler] [INFO]- 当前正在操作action：query_dtu_user
[2020-03-10 23:48:47,239] [common.py:63] [common:get_action_handler] [INFO]- 当前正在操作action：query_dtu_region
[2020-03-10 23:48:48,665] [common.py:63] [common:get_action_handler] [INFO]- 当前正在操作action：query_dtu
[2020-03-10 23:48:48,666] [common.py:63] [common:get_action_handler] [INFO]- 当前正在操作action：query_manufacturer
[2020-03-10 23:48:48,669] [common.py:63] [common:get_action_handler] [INFO]- 当前正在操作action：query_dtu_user
[2020-03-10 23:48:49,894] [common.py:63] [common:get_action_handler] [INFO]- 当前正在操作action：query_manufacturer
[2020-03-10 23:48:49,896] [common.py:63] [common:get_action_handler] [INFO]- 当前正在操作action：query_dtu_user
[2020-03-10 23:49:11,307] [common.py:63] [common:get_action_handler] [INFO]- 当前正在操作action：query_man_region
[2020-03-10 23:49:30,488] [common.py:63] [common:get_action_handler] [INFO]- 当前正在操作action：query_man_region
[2020-03-10 23:49:32,403] [common.py:63] [common:get_action_handler] [INFO]- 当前正在操作action：query_man_region
[2020-03-10 23:49:33,756] [common.py:63] [common:get_action_handler] [INFO]- 当前正在操作action：query_man_region
[2020-03-10 23:49:35,184] [common.py:63] [common:get_action_handler] [INFO]- 当前正在操作action：query_man_region
[2020-03-10 23:49:36,396] [common.py:63] [common:get_action_handler] [INFO]- 当前正在操作action：query_man_region
[2020-03-10 23:49:38,073] [common.py:63] [common:get_action_handler] [INFO]- 当前正在操作action：query_man_region
[2020-03-10 23:49:39,403] [common.py:63] [common:get_action_handler] [INFO]- 当前正在操作action：query_man_region
[2020-03-10 23:50:00,561] [common.py:63] [common:get_action_handler] [INFO]- 当前正在操作action：query_dtu
[2020-03-10 23:50:00,562] [common.py:63] [common:get_action_handler] [INFO]- 当前正在操作action：query_manufacturer
[2020-03-10 23:50:00,564] [common.py:63] [common:get_action_handler] [INFO]- 当前正在操作action：query_dtu_user
[2020-03-10 23:50:02,924] [common.py:63] [common:get_action_handler] [INFO]- 当前正在操作action：query_manufacturer
[2020-03-10 23:50:02,926] [common.py:63] [common:get_action_handler] [INFO]- 当前正在操作action：query_dtu_user
[2020-03-10 23:50:04,733] [common.py:63] [common:get_action_handler] [INFO]- 当前正在操作action：query_man_region
[2020-03-10 23:50:06,648] [common.py:63] [common:get_action_handler] [INFO]- 当前正在操作action：query_man_region
[2020-03-10 23:50:07,744] [common.py:63] [common:get_action_handler] [INFO]- 当前正在操作action：query_man_region
[2020-03-10 23:50:09,781] [common.py:63] [common:get_action_handler] [INFO]- 当前正在操作action：query_man_region
[2020-03-10 23:50:11,026] [common.py:63] [common:get_action_handler] [INFO]- 当前正在操作action：query_man_region
[2020-03-10 23:50:11,932] [common.py:63] [common:get_action_handler] [INFO]- 当前正在操作action：query_man_region
[2020-03-10 23:50:13,379] [common.py:63] [common:get_action_handler] [INFO]- 当前正在操作action：query_man_region
[2020-03-10 23:50:15,743] [common.py:63] [common:get_action_handler] [INFO]- 当前正在操作action：query_man_region
[2020-03-10 23:50:24,149] [common.py:63] [common:get_action_handler] [INFO]- 当前正在操作action：add_dtu_region
[2020-03-10 23:50:55,418] [common.py:63] [common:get_action_handler] [INFO]- 当前正在操作action：query_dtu
[2020-03-10 23:50:55,420] [common.py:63] [common:get_action_handler] [INFO]- 当前正在操作action：query_manufacturer
[2020-03-10 23:50:55,420] [common.py:63] [common:get_action_handler] [INFO]- 当前正在操作action：query_dtu_user
[2020-03-10 23:50:56,328] [common.py:63] [common:get_action_handler] [INFO]- 当前正在操作action：query_manufacturer
[2020-03-10 23:50:56,331] [common.py:63] [common:get_action_handler] [INFO]- 当前正在操作action：query_dtu_user
[2020-03-10 23:50:57,604] [common.py:63] [common:get_action_handler] [INFO]- 当前正在操作action：query_man_region
[2020-03-10 23:51:00,219] [common.py:63] [common:get_action_handler] [INFO]- 当前正在操作action：add_dtu
[2020-03-10 23:51:12,181] [common.py:63] [common:get_action_handler] [INFO]- 当前正在操作action：query_manufacturer
[2020-03-10 23:51:12,183] [common.py:63] [common:get_action_handler] [INFO]- 当前正在操作action：query_dtu_user
[2020-03-10 23:51:13,779] [common.py:63] [common:get_action_handler] [INFO]- 当前正在操作action：query_man_region
[2020-03-10 23:51:15,932] [common.py:63] [common:get_action_handler] [INFO]- 当前正在操作action：add_dtu
[2020-03-10 23:51:26,279] [common.py:63] [common:get_action_handler] [INFO]- 当前正在操作action：query_manufacturer
[2020-03-10 23:51:26,280] [common.py:63] [common:get_action_handler] [INFO]- 当前正在操作action：query_dtu_user
[2020-03-10 23:51:27,364] [common.py:63] [common:get_action_handler] [INFO]- 当前正在操作action：query_man_region
[2020-03-10 23:51:29,497] [common.py:63] [common:get_action_handler] [INFO]- 当前正在操作action：add_dtu
[2020-03-10 23:51:40,532] [common.py:63] [common:get_action_handler] [INFO]- 当前正在操作action：add_dtu
[2020-03-10 23:54:02,030] [common.py:63] [common:get_action_handler] [INFO]- 当前正在操作action：query_manufacturer
[2020-03-10 23:54:02,033] [common.py:63] [common:get_action_handler] [INFO]- 当前正在操作action：query_dtu_user
[2020-03-10 23:54:03,138] [common.py:63] [common:get_action_handler] [INFO]- 当前正在操作action：query_man_region
[2020-03-10 23:54:06,833] [common.py:63] [common:get_action_handler] [INFO]- 当前正在操作action：add_dtu
[2020-03-10 23:57:16,566] [common.py:63] [common:get_action_handler] [INFO]- 当前正在操作action：query_manufacturer
[2020-03-10 23:57:16,566] [common.py:63] [common:get_action_handler] [INFO]- 当前正在操作action：query_dtu_user
[2020-03-10 23:57:17,952] [common.py:63] [common:get_action_handler] [INFO]- 当前正在操作action：query_man_region
[2020-03-10 23:57:20,886] [common.py:63] [common:get_action_handler] [INFO]- 当前正在操作action：add_dtu
[2020-03-10 23:57:22,020] [common.py:63] [common:get_action_handler] [INFO]- 当前正在操作action：query_dtu
[2020-03-10 23:57:22,021] [common.py:63] [common:get_action_handler] [INFO]- 当前正在操作action：query_manufacturer
[2020-03-10 23:57:22,023] [common.py:63] [common:get_action_handler] [INFO]- 当前正在操作action：query_dtu_user
[2020-03-11 09:57:13,002] [common.py:63] [common:get_action_handler] [INFO]- 当前正在操作action：query_manufacturer
[2020-03-11 09:57:13,031] [common.py:63] [common:get_action_handler] [INFO]- 当前正在操作action：query_dtu_user
