[2020-03-13 11:49:26,288] [common.py:63] [common:get_action_handler] [INFO]- 当前正在操作action：query_control_register
[2020-03-13 11:49:26,299] [common.py:63] [common:get_action_handler] [INFO]- 当前正在操作action：query_manufacturer
[2020-03-13 11:49:26,316] [common.py:63] [common:get_action_handler] [INFO]- 当前正在操作action：query_data_field
[2020-03-13 11:49:26,324] [common.py:63] [common:get_action_handler] [INFO]- 当前正在操作action：query_admin
[2020-03-13 11:49:26,332] [common.py:63] [common:get_action_handler] [INFO]- 当前正在操作action：query_role
[2020-03-13 11:49:26,344] [common.py:63] [common:get_action_handler] [INFO]- 当前正在操作action：query_dtu_user
[2020-03-13 11:49:26,351] [common.py:63] [common:get_action_handler] [INFO]- 当前正在操作action：query_dtu_region
[2020-03-13 11:49:26,392] [common.py:63] [common:get_action_handler] [INFO]- 当前正在操作action：query_dtu
[2020-03-13 11:49:26,395] [common.py:63] [common:get_action_handler] [INFO]- 当前正在操作action：query_manufacturer
[2020-03-13 11:49:26,399] [common.py:63] [common:get_action_handler] [INFO]- 当前正在操作action：query_dtu_user
[2020-03-13 11:49:26,401] [common.py:63] [common:get_action_handler] [INFO]- 当前正在操作action：query_meter
[2020-03-13 11:49:26,437] [common.py:63] [common:get_action_handler] [INFO]- 当前正在操作action：query_manufacturer
[2020-03-13 11:49:43,376] [common.py:63] [common:get_action_handler] [INFO]- 当前正在操作action：query_meter
[2020-03-13 11:49:43,379] [common.py:63] [common:get_action_handler] [INFO]- 当前正在操作action：query_manufacturer
[2020-03-13 11:51:11,153] [common.py:63] [common:get_action_handler] [INFO]- 当前正在操作action：query_meter
[2020-03-13 11:51:11,155] [common.py:63] [common:get_action_handler] [INFO]- 当前正在操作action：query_manufacturer
[2020-03-13 11:51:25,469] [common.py:63] [common:get_action_handler] [INFO]- 当前正在操作action：query_meter
[2020-03-13 11:51:25,471] [common.py:63] [common:get_action_handler] [INFO]- 当前正在操作action：query_manufacturer
[2020-03-13 11:51:28,160] [common.py:63] [common:get_action_handler] [INFO]- 当前正在操作action：query_dtu_user_by_man_id
[2020-03-13 11:51:30,159] [common.py:63] [common:get_action_handler] [INFO]- 当前正在操作action：query_dtu_by_user_id
[2020-03-13 11:51:32,178] [common.py:63] [common:get_action_handler] [INFO]- 当前正在操作action：query_meter
[2020-03-13 11:51:34,063] [common.py:63] [common:get_action_handler] [INFO]- 当前正在操作action：query_meter
[2020-03-13 11:51:35,660] [common.py:63] [common:get_action_handler] [INFO]- 当前正在操作action：query_meter
[2020-03-13 11:52:37,892] [common.py:63] [common:get_action_handler] [INFO]- 当前正在操作action：query_meter
[2020-03-13 11:52:37,895] [common.py:63] [common:get_action_handler] [INFO]- 当前正在操作action：query_manufacturer
[2020-03-13 11:52:39,733] [common.py:63] [common:get_action_handler] [INFO]- 当前正在操作action：query_meter
[2020-03-13 11:52:39,735] [common.py:63] [common:get_action_handler] [INFO]- 当前正在操作action：query_manufacturer
[2020-03-13 11:52:50,286] [common.py:63] [common:get_action_handler] [INFO]- 当前正在操作action：query_meter
[2020-03-13 11:52:50,289] [common.py:63] [common:get_action_handler] [INFO]- 当前正在操作action：query_manufacturer
[2020-03-13 12:05:09,328] [common.py:63] [common:get_action_handler] [INFO]- 当前正在操作action：query_meter
[2020-03-13 12:05:09,340] [common.py:63] [common:get_action_handler] [INFO]- 当前正在操作action：query_manufacturer
[2020-03-13 12:05:12,963] [common.py:63] [common:get_action_handler] [INFO]- 当前正在操作action：update_meter
[2020-03-13 12:05:50,994] [common.py:63] [common:get_action_handler] [INFO]- 当前正在操作action：query_meter
[2020-03-13 12:05:51,008] [common.py:63] [common:get_action_handler] [INFO]- 当前正在操作action：query_manufacturer
[2020-03-13 12:05:53,085] [common.py:63] [common:get_action_handler] [INFO]- 当前正在操作action：update_meter
[2020-03-13 12:07:17,081] [common.py:63] [common:get_action_handler] [INFO]- 当前正在操作action：query_meter
[2020-03-13 12:07:17,092] [common.py:63] [common:get_action_handler] [INFO]- 当前正在操作action：query_manufacturer
[2020-03-13 12:07:19,651] [common.py:63] [common:get_action_handler] [INFO]- 当前正在操作action：update_meter
[2020-03-13 12:07:47,648] [common.py:63] [common:get_action_handler] [INFO]- 当前正在操作action：update_meter
[2020-03-13 13:50:28,491] [common.py:63] [common:get_action_handler] [INFO]- 当前正在操作action：query_meter
[2020-03-13 13:50:28,507] [common.py:63] [common:get_action_handler] [INFO]- 当前正在操作action：query_manufacturer
[2020-03-13 13:50:39,777] [common.py:63] [common:get_action_handler] [INFO]- 当前正在操作action：update_meter
[2020-03-13 13:51:19,336] [common.py:63] [common:get_action_handler] [INFO]- 当前正在操作action：update_meter
[2020-03-13 13:52:24,851] [common.py:63] [common:get_action_handler] [INFO]- 当前正在操作action：query_meter
[2020-03-13 13:52:24,865] [common.py:63] [common:get_action_handler] [INFO]- 当前正在操作action：query_manufacturer
[2020-03-13 13:52:36,091] [common.py:63] [common:get_action_handler] [INFO]- 当前正在操作action：update_meter
[2020-03-13 13:52:49,052] [common.py:63] [common:get_action_handler] [INFO]- 当前正在操作action：update_meter
[2020-03-13 13:55:01,328] [common.py:63] [common:get_action_handler] [INFO]- 当前正在操作action：query_meter
[2020-03-13 13:55:01,342] [common.py:63] [common:get_action_handler] [INFO]- 当前正在操作action：query_manufacturer
[2020-03-13 13:55:03,719] [common.py:63] [common:get_action_handler] [INFO]- 当前正在操作action：update_meter
[2020-03-13 13:55:17,222] [common.py:63] [common:get_action_handler] [INFO]- 当前正在操作action：query_meter
[2020-03-13 13:55:17,234] [common.py:63] [common:get_action_handler] [INFO]- 当前正在操作action：query_manufacturer
[2020-03-13 13:55:19,485] [common.py:63] [common:get_action_handler] [INFO]- 当前正在操作action：update_meter
[2020-03-13 13:55:31,310] [common.py:63] [common:get_action_handler] [INFO]- 当前正在操作action：update_meter
[2020-03-13 13:55:40,885] [common.py:63] [common:get_action_handler] [INFO]- 当前正在操作action：query_meter
[2020-03-13 13:55:40,899] [common.py:63] [common:get_action_handler] [INFO]- 当前正在操作action：query_manufacturer
[2020-03-13 13:55:43,925] [common.py:63] [common:get_action_handler] [INFO]- 当前正在操作action：update_meter
[2020-03-13 13:55:57,822] [common.py:63] [common:get_action_handler] [INFO]- 当前正在操作action：query_meter
[2020-03-13 13:55:57,836] [common.py:63] [common:get_action_handler] [INFO]- 当前正在操作action：query_manufacturer
[2020-03-13 13:56:00,298] [common.py:63] [common:get_action_handler] [INFO]- 当前正在操作action：update_meter
[2020-03-13 13:57:17,991] [common.py:63] [common:get_action_handler] [INFO]- 当前正在操作action：query_meter
[2020-03-13 13:57:18,008] [common.py:63] [common:get_action_handler] [INFO]- 当前正在操作action：query_manufacturer
[2020-03-13 13:57:21,388] [common.py:63] [common:get_action_handler] [INFO]- 当前正在操作action：update_meter
[2020-03-13 13:57:26,275] [common.py:63] [common:get_action_handler] [INFO]- 当前正在操作action：query_meter
[2020-03-13 13:57:26,280] [common.py:63] [common:get_action_handler] [INFO]- 当前正在操作action：query_manufacturer
[2020-03-13 13:57:28,491] [common.py:63] [common:get_action_handler] [INFO]- 当前正在操作action：update_meter
[2020-03-13 13:58:02,005] [common.py:63] [common:get_action_handler] [INFO]- 当前正在操作action：update_meter
[2020-03-13 13:58:42,068] [common.py:63] [common:get_action_handler] [INFO]- 当前正在操作action：update_meter
[2020-03-13 13:59:00,960] [common.py:63] [common:get_action_handler] [INFO]- 当前正在操作action：update_meter
[2020-03-13 13:59:27,261] [common.py:63] [common:get_action_handler] [INFO]- 当前正在操作action：update_meter
[2020-03-13 13:59:43,049] [common.py:63] [common:get_action_handler] [INFO]- 当前正在操作action：query_meter
[2020-03-13 13:59:43,065] [common.py:63] [common:get_action_handler] [INFO]- 当前正在操作action：query_manufacturer
[2020-03-13 13:59:45,781] [common.py:63] [common:get_action_handler] [INFO]- 当前正在操作action：update_meter
[2020-03-13 14:00:23,757] [common.py:63] [common:get_action_handler] [INFO]- 当前正在操作action：update_meter
[2020-03-13 14:01:34,707] [common.py:63] [common:get_action_handler] [INFO]- 当前正在操作action：update_meter
[2020-03-13 14:01:53,926] [common.py:63] [common:get_action_handler] [INFO]- 当前正在操作action：query_meter
[2020-03-13 14:01:53,939] [common.py:63] [common:get_action_handler] [INFO]- 当前正在操作action：query_manufacturer
[2020-03-13 14:01:56,286] [common.py:63] [common:get_action_handler] [INFO]- 当前正在操作action：update_meter
[2020-03-13 14:01:57,792] [common.py:63] [common:get_action_handler] [INFO]- 当前正在操作action：query_meter
[2020-03-13 14:01:57,795] [common.py:63] [common:get_action_handler] [INFO]- 当前正在操作action：query_manufacturer
[2020-03-13 14:02:02,013] [common.py:63] [common:get_action_handler] [INFO]- 当前正在操作action：query_meter
[2020-03-13 14:02:02,015] [common.py:63] [common:get_action_handler] [INFO]- 当前正在操作action：query_manufacturer
[2020-03-13 14:06:44,109] [common.py:63] [common:get_action_handler] [INFO]- 当前正在操作action：query_state
[2020-03-13 14:06:56,074] [common.py:63] [common:get_action_handler] [INFO]- 当前正在操作action：query_state
[2020-03-13 14:06:58,637] [common.py:63] [common:get_action_handler] [INFO]- 当前正在操作action：query_state
[2020-03-13 14:07:00,233] [common.py:63] [common:get_action_handler] [INFO]- 当前正在操作action：query_state
[2020-03-13 14:07:02,611] [common.py:63] [common:get_action_handler] [INFO]- 当前正在操作action：query_state
[2020-03-13 14:07:33,989] [common.py:63] [common:get_action_handler] [INFO]- 当前正在操作action：query_state
[2020-03-13 14:07:38,375] [common.py:63] [common:get_action_handler] [INFO]- 当前正在操作action：query_state
[2020-03-13 14:07:40,230] [common.py:63] [common:get_action_handler] [INFO]- 当前正在操作action：query_state
[2020-03-13 14:07:42,107] [common.py:63] [common:get_action_handler] [INFO]- 当前正在操作action：query_state
[2020-03-13 14:07:43,763] [common.py:63] [common:get_action_handler] [INFO]- 当前正在操作action：query_state
[2020-03-13 14:07:45,391] [common.py:63] [common:get_action_handler] [INFO]- 当前正在操作action：query_state
[2020-03-13 14:08:03,415] [common.py:63] [common:get_action_handler] [INFO]- 当前正在操作action：query_state
[2020-03-13 14:14:51,877] [common.py:63] [common:get_action_handler] [INFO]- 当前正在操作action：query_state
[2020-03-13 14:15:43,915] [common.py:63] [common:get_action_handler] [INFO]- 当前正在操作action：query_state
[2020-03-13 14:15:58,126] [common.py:63] [common:get_action_handler] [INFO]- 当前正在操作action：query_meter
[2020-03-13 14:15:58,139] [common.py:63] [common:get_action_handler] [INFO]- 当前正在操作action：query_manufacturer
[2020-03-13 14:15:58,604] [common.py:63] [common:get_action_handler] [INFO]- 当前正在操作action：query_state
[2020-03-13 14:16:03,013] [common.py:63] [common:get_action_handler] [INFO]- 当前正在操作action：add_meter
[2020-03-13 14:16:16,577] [common.py:63] [common:get_action_handler] [INFO]- 当前正在操作action：query_state
[2020-03-13 14:17:17,395] [common.py:63] [common:get_action_handler] [INFO]- 当前正在操作action：query_state
[2020-03-13 14:17:50,000] [common.py:63] [common:get_action_handler] [INFO]- 当前正在操作action：query_meter
[2020-03-13 14:17:50,014] [common.py:63] [common:get_action_handler] [INFO]- 当前正在操作action：query_manufacturer
[2020-03-13 14:17:50,476] [common.py:63] [common:get_action_handler] [INFO]- 当前正在操作action：query_state
[2020-03-13 14:17:54,744] [common.py:63] [common:get_action_handler] [INFO]- 当前正在操作action：query_state
[2020-03-13 18:41:11,367] [common.py:63] [common:get_action_handler] [INFO]- 当前正在操作action：update_meter
[2020-03-13 18:41:12,676] [common.py:63] [common:get_action_handler] [INFO]- 当前正在操作action：query_meter
[2020-03-13 18:41:12,680] [common.py:63] [common:get_action_handler] [INFO]- 当前正在操作action：query_manufacturer
[2020-03-13 18:41:16,691] [common.py:63] [common:get_action_handler] [INFO]- 当前正在操作action：query_state
[2020-03-13 18:41:17,780] [common.py:63] [common:get_action_handler] [INFO]- 当前正在操作action：add_meter
[2020-03-13 18:44:16,979] [common.py:63] [common:get_action_handler] [INFO]- 当前正在操作action：query_meter
[2020-03-13 18:44:16,993] [common.py:63] [common:get_action_handler] [INFO]- 当前正在操作action：query_manufacturer
[2020-03-13 18:44:17,811] [common.py:63] [common:get_action_handler] [INFO]- 当前正在操作action：query_state
[2020-03-13 18:44:26,501] [common.py:63] [common:get_action_handler] [INFO]- 当前正在操作action：query_state
[2020-03-13 18:44:42,110] [common.py:63] [common:get_action_handler] [INFO]- 当前正在操作action：query_state
[2020-03-13 18:45:12,095] [common.py:63] [common:get_action_handler] [INFO]- 当前正在操作action：query_meter
[2020-03-13 18:45:12,099] [common.py:63] [common:get_action_handler] [INFO]- 当前正在操作action：query_manufacturer
[2020-03-13 18:45:16,772] [common.py:63] [common:get_action_handler] [INFO]- 当前正在操作action：query_state
[2020-03-13 18:45:35,735] [common.py:63] [common:get_action_handler] [INFO]- 当前正在操作action：query_state
[2020-03-13 18:46:28,781] [common.py:63] [common:get_action_handler] [INFO]- 当前正在操作action：query_state
[2020-03-13 18:50:45,365] [common.py:63] [common:get_action_handler] [INFO]- 当前正在操作action：query_meter
[2020-03-13 18:50:45,380] [common.py:63] [common:get_action_handler] [INFO]- 当前正在操作action：query_manufacturer
[2020-03-13 18:50:46,144] [common.py:63] [common:get_action_handler] [INFO]- 当前正在操作action：query_state
[2020-03-13 18:51:51,454] [common.py:63] [common:get_action_handler] [INFO]- 当前正在操作action：query_role
[2020-03-13 18:53:02,388] [common.py:63] [common:get_action_handler] [INFO]- 当前正在操作action：query_role
[2020-03-13 18:53:02,709] [common.py:63] [common:get_action_handler] [INFO]- 当前正在操作action：query_dtu_region
[2020-03-13 18:53:03,022] [common.py:63] [common:get_action_handler] [INFO]- 当前正在操作action：query_manufacturer
[2020-03-13 18:53:03,192] [common.py:63] [common:get_action_handler] [INFO]- 当前正在操作action：query_dtu_region
[2020-03-13 18:53:03,454] [common.py:63] [common:get_action_handler] [INFO]- 当前正在操作action：query_dtu
[2020-03-13 18:53:03,470] [common.py:63] [common:get_action_handler] [INFO]- 当前正在操作action：query_manufacturer
[2020-03-13 18:53:03,494] [common.py:63] [common:get_action_handler] [INFO]- 当前正在操作action：query_dtu_user
[2020-03-13 18:53:03,808] [common.py:63] [common:get_action_handler] [INFO]- 当前正在操作action：query_meter
[2020-03-13 18:53:03,811] [common.py:63] [common:get_action_handler] [INFO]- 当前正在操作action：query_manufacturer
[2020-03-13 18:53:04,062] [common.py:63] [common:get_action_handler] [INFO]- 当前正在操作action：query_meter
[2020-03-13 18:53:04,066] [common.py:63] [common:get_action_handler] [INFO]- 当前正在操作action：query_manufacturer
[2020-03-13 18:53:05,451] [common.py:63] [common:get_action_handler] [INFO]- 当前正在操作action：query_state
[2020-03-13 18:53:19,093] [common.py:63] [common:get_action_handler] [INFO]- 当前正在操作action：query_state
[2020-03-13 18:54:34,728] [common.py:63] [common:get_action_handler] [INFO]- 当前正在操作action：query_meter
[2020-03-13 18:54:34,728] [common.py:63] [common:get_action_handler] [INFO]- 当前正在操作action：query_manufacturer
[2020-03-13 18:55:07,844] [common.py:63] [common:get_action_handler] [INFO]- 当前正在操作action：query_meter
[2020-03-13 18:55:07,846] [common.py:63] [common:get_action_handler] [INFO]- 当前正在操作action：query_manufacturer
[2020-03-13 18:55:46,691] [common.py:63] [common:get_action_handler] [INFO]- 当前正在操作action：query_meter
[2020-03-13 18:55:46,693] [common.py:63] [common:get_action_handler] [INFO]- 当前正在操作action：query_manufacturer
[2020-03-13 18:55:49,398] [common.py:63] [common:get_action_handler] [INFO]- 当前正在操作action：query_state
[2020-03-13 18:56:07,177] [common.py:63] [common:get_action_handler] [INFO]- 当前正在操作action：query_meter
[2020-03-13 18:56:07,180] [common.py:63] [common:get_action_handler] [INFO]- 当前正在操作action：query_manufacturer
[2020-03-13 18:56:08,011] [common.py:63] [common:get_action_handler] [INFO]- 当前正在操作action：query_state
[2020-03-13 18:56:17,776] [common.py:63] [common:get_action_handler] [INFO]- 当前正在操作action：query_state
[2020-03-13 18:56:19,419] [common.py:63] [common:get_action_handler] [INFO]- 当前正在操作action：query_state
[2020-03-13 18:56:21,277] [common.py:63] [common:get_action_handler] [INFO]- 当前正在操作action：query_state
[2020-03-13 18:56:22,842] [common.py:63] [common:get_action_handler] [INFO]- 当前正在操作action：query_state
[2020-03-13 18:56:27,337] [common.py:63] [common:get_action_handler] [INFO]- 当前正在操作action：query_state
[2020-03-13 18:56:28,974] [common.py:63] [common:get_action_handler] [INFO]- 当前正在操作action：query_state
[2020-03-13 18:56:31,501] [common.py:63] [common:get_action_handler] [INFO]- 当前正在操作action：query_state
[2020-03-13 18:56:53,519] [common.py:63] [common:get_action_handler] [INFO]- 当前正在操作action：query_state
[2020-03-13 18:56:55,389] [common.py:63] [common:get_action_handler] [INFO]- 当前正在操作action：query_state
[2020-03-13 18:56:56,854] [common.py:63] [common:get_action_handler] [INFO]- 当前正在操作action：query_state
[2020-03-13 18:56:58,398] [common.py:63] [common:get_action_handler] [INFO]- 当前正在操作action：query_state
[2020-03-13 18:57:00,079] [common.py:63] [common:get_action_handler] [INFO]- 当前正在操作action：query_state
[2020-03-13 19:04:16,987] [common.py:63] [common:get_action_handler] [INFO]- 当前正在操作action：query_role
[2020-03-13 19:04:22,094] [common.py:63] [common:get_action_handler] [INFO]- 当前正在操作action：query_role
