[2020-03-28 19:14:12,547] [common.py:63] [common:get_action_handler] [INFO]- 当前正在操作action：query_manufacturer
[2020-03-28 19:14:12,556] [common.py:63] [common:get_action_handler] [INFO]- 当前正在操作action：query_admin
[2020-03-28 19:14:12,574] [common.py:63] [common:get_action_handler] [INFO]- 当前正在操作action：query_dtu_user
[2020-03-28 19:14:12,597] [common.py:63] [common:get_action_handler] [INFO]- 当前正在操作action：query_dtu_region
[2020-03-28 19:14:12,601] [common.py:63] [common:get_action_handler] [INFO]- 当前正在操作action：query_opr_log
[2020-03-28 19:14:12,609] [common.py:63] [common:get_action_handler] [INFO]- 当前正在操作action：query_meter
[2020-03-28 19:14:12,611] [common.py:63] [common:get_action_handler] [INFO]- 当前正在操作action：query_manufacturer
[2020-03-28 19:14:12,616] [common.py:63] [common:get_action_handler] [INFO]- 当前正在操作action：query_dtu
[2020-03-28 19:14:12,620] [common.py:63] [common:get_action_handler] [INFO]- 当前正在操作action：query_dtu_user
[2020-03-28 19:14:12,661] [common.py:63] [common:get_action_handler] [INFO]- 当前正在操作action：query_role
[2020-03-28 19:14:12,686] [common.py:63] [common:get_action_handler] [INFO]- 当前正在操作action：query_manufacturer
[2020-03-28 19:14:14,643] [common.py:63] [common:get_action_handler] [INFO]- 当前正在操作action：query_dtu
[2020-03-28 19:14:14,648] [common.py:63] [common:get_action_handler] [INFO]- 当前正在操作action：query_manufacturer
[2020-03-28 19:14:14,648] [common.py:63] [common:get_action_handler] [INFO]- 当前正在操作action：query_dtu_user
[2020-03-28 19:14:16,715] [common.py:63] [common:get_action_handler] [INFO]- 当前正在操作action：query_admin
[2020-03-28 19:14:17,456] [common.py:63] [common:get_action_handler] [INFO]- 当前正在操作action：query_manufacturer
[2020-03-28 19:14:17,791] [common.py:63] [common:get_action_handler] [INFO]- 当前正在操作action：query_admin
[2020-03-28 19:14:20,862] [common.py:63] [common:get_action_handler] [INFO]- 当前正在操作action：export_admin
[2020-03-28 19:14:20,925] [common.py:63] [common:get_action_handler] [INFO]- 当前正在操作action：download_file
[2020-03-28 19:15:18,058] [common.py:63] [common:get_action_handler] [INFO]- 当前正在操作action：export_admin
[2020-03-28 19:15:35,061] [common.py:63] [common:get_action_handler] [INFO]- 当前正在操作action：query_admin
[2020-03-28 19:15:35,073] [common.py:63] [common:get_action_handler] [INFO]- 当前正在操作action：query_manufacturer
[2020-03-28 19:15:35,088] [common.py:63] [common:get_action_handler] [INFO]- 当前正在操作action：query_dtu_user
[2020-03-28 19:15:35,106] [common.py:63] [common:get_action_handler] [INFO]- 当前正在操作action：query_opr_log
[2020-03-28 19:15:35,128] [common.py:63] [common:get_action_handler] [INFO]- 当前正在操作action：query_dtu_region
[2020-03-28 19:15:35,137] [common.py:63] [common:get_action_handler] [INFO]- 当前正在操作action：query_dtu
[2020-03-28 19:15:35,137] [common.py:63] [common:get_action_handler] [INFO]- 当前正在操作action：query_manufacturer
[2020-03-28 19:15:35,164] [common.py:63] [common:get_action_handler] [INFO]- 当前正在操作action：query_dtu_user
[2020-03-28 19:15:35,166] [common.py:63] [common:get_action_handler] [INFO]- 当前正在操作action：query_role
[2020-03-28 19:15:35,168] [common.py:63] [common:get_action_handler] [INFO]- 当前正在操作action：query_meter
[2020-03-28 19:15:35,208] [common.py:63] [common:get_action_handler] [INFO]- 当前正在操作action：query_manufacturer
[2020-03-28 19:15:37,270] [common.py:63] [common:get_action_handler] [INFO]- 当前正在操作action：query_admin
[2020-03-28 19:15:39,206] [common.py:63] [common:get_action_handler] [INFO]- 当前正在操作action：export_admin
[2020-03-28 19:15:39,243] [common.py:63] [common:get_action_handler] [INFO]- 当前正在操作action：download_file
[2020-03-28 19:15:56,902] [common.py:63] [common:get_action_handler] [INFO]- 当前正在操作action：edit_admin
[2020-03-28 19:16:14,367] [common.py:63] [common:get_action_handler] [INFO]- 当前正在操作action：export_admin
[2020-03-28 19:16:14,407] [common.py:63] [common:get_action_handler] [INFO]- 当前正在操作action：download_file
[2020-03-28 19:16:47,279] [common.py:63] [common:get_action_handler] [INFO]- 当前正在操作action：export_admin
[2020-03-28 19:16:47,329] [common.py:63] [common:get_action_handler] [INFO]- 当前正在操作action：download_file
[2020-03-28 19:19:42,849] [common.py:63] [common:get_action_handler] [INFO]- 当前正在操作action：query_admin
[2020-03-28 19:19:42,861] [common.py:63] [common:get_action_handler] [INFO]- 当前正在操作action：query_manufacturer
[2020-03-28 19:19:42,884] [common.py:63] [common:get_action_handler] [INFO]- 当前正在操作action：query_dtu_user
[2020-03-28 19:19:42,897] [common.py:63] [common:get_action_handler] [INFO]- 当前正在操作action：query_dtu_region
[2020-03-28 19:19:42,911] [common.py:63] [common:get_action_handler] [INFO]- 当前正在操作action：query_meter
[2020-03-28 19:19:42,912] [common.py:63] [common:get_action_handler] [INFO]- 当前正在操作action：query_manufacturer
[2020-03-28 19:19:42,930] [common.py:63] [common:get_action_handler] [INFO]- 当前正在操作action：query_dtu
[2020-03-28 19:19:42,934] [common.py:63] [common:get_action_handler] [INFO]- 当前正在操作action：query_dtu_user
[2020-03-28 19:19:42,941] [common.py:63] [common:get_action_handler] [INFO]- 当前正在操作action：query_opr_log
[2020-03-28 19:19:42,975] [common.py:63] [common:get_action_handler] [INFO]- 当前正在操作action：query_role
[2020-03-28 19:19:42,996] [common.py:63] [common:get_action_handler] [INFO]- 当前正在操作action：query_manufacturer
[2020-03-28 19:19:43,730] [common.py:63] [common:get_action_handler] [INFO]- 当前正在操作action：query_manufacturer
[2020-03-28 19:19:45,206] [common.py:63] [common:get_action_handler] [INFO]- 当前正在操作action：export_manufacturer
[2020-03-28 19:21:39,373] [common.py:63] [common:get_action_handler] [INFO]- 当前正在操作action：query_admin
[2020-03-28 19:21:39,384] [common.py:63] [common:get_action_handler] [INFO]- 当前正在操作action：query_dtu_user
[2020-03-28 19:21:39,390] [common.py:63] [common:get_action_handler] [INFO]- 当前正在操作action：query_manufacturer
[2020-03-28 19:21:39,401] [common.py:63] [common:get_action_handler] [INFO]- 当前正在操作action：query_opr_log
[2020-03-28 19:21:39,437] [common.py:63] [common:get_action_handler] [INFO]- 当前正在操作action：query_dtu_region
[2020-03-28 19:21:39,442] [common.py:63] [common:get_action_handler] [INFO]- 当前正在操作action：query_dtu
[2020-03-28 19:21:39,452] [common.py:63] [common:get_action_handler] [INFO]- 当前正在操作action：query_manufacturer
[2020-03-28 19:21:39,455] [common.py:63] [common:get_action_handler] [INFO]- 当前正在操作action：query_dtu_user
[2020-03-28 19:21:39,457] [common.py:63] [common:get_action_handler] [INFO]- 当前正在操作action：query_meter
[2020-03-28 19:21:39,468] [common.py:63] [common:get_action_handler] [INFO]- 当前正在操作action：query_role
[2020-03-28 19:21:39,514] [common.py:63] [common:get_action_handler] [INFO]- 当前正在操作action：query_manufacturer
[2020-03-28 19:21:46,804] [common.py:63] [common:get_action_handler] [INFO]- 当前正在操作action：query_dtu_user
[2020-03-28 19:21:46,811] [common.py:63] [common:get_action_handler] [INFO]- 当前正在操作action：query_admin
[2020-03-28 19:21:46,820] [common.py:63] [common:get_action_handler] [INFO]- 当前正在操作action：query_manufacturer
[2020-03-28 19:21:46,838] [common.py:63] [common:get_action_handler] [INFO]- 当前正在操作action：query_meter
[2020-03-28 19:21:46,845] [common.py:63] [common:get_action_handler] [INFO]- 当前正在操作action：query_manufacturer
[2020-03-28 19:21:46,876] [common.py:63] [common:get_action_handler] [INFO]- 当前正在操作action：query_opr_log
[2020-03-28 19:21:46,885] [common.py:63] [common:get_action_handler] [INFO]- 当前正在操作action：query_dtu
[2020-03-28 19:21:46,895] [common.py:63] [common:get_action_handler] [INFO]- 当前正在操作action：query_dtu_user
[2020-03-28 19:21:46,911] [common.py:63] [common:get_action_handler] [INFO]- 当前正在操作action：query_manufacturer
[2020-03-28 19:21:46,930] [common.py:63] [common:get_action_handler] [INFO]- 当前正在操作action：query_dtu_region
[2020-03-28 19:21:46,930] [common.py:63] [common:get_action_handler] [INFO]- 当前正在操作action：query_role
[2020-03-28 19:21:48,153] [common.py:63] [common:get_action_handler] [INFO]- 当前正在操作action：query_manufacturer
[2020-03-28 19:21:50,075] [common.py:63] [common:get_action_handler] [INFO]- 当前正在操作action：export_manufacturer
[2020-03-28 19:21:50,115] [common.py:63] [common:get_action_handler] [INFO]- 当前正在操作action：download_file
[2020-03-28 19:22:02,570] [common.py:63] [common:get_action_handler] [INFO]- 当前正在操作action：query_dtu_user
[2020-03-28 19:22:04,066] [common.py:63] [common:get_action_handler] [INFO]- 当前正在操作action：export_dtu_user
[2020-03-28 19:22:04,105] [common.py:63] [common:get_action_handler] [INFO]- 当前正在操作action：download_file
