[2020-05-14 22:26:39,103] [common.py:63] [common:get_action_handler] [INFO]- 当前正在操作action：login
[2020-05-14 22:26:40,467] [error_handler.py:24] [error_handler:process_exception] [ERROR]- Configure matching query does not exist.
[2020-05-14 22:28:54,721] [error_handler.py:24] [error_handler:process_exception] [ERROR]- Configure matching query does not exist.
[2020-05-14 22:28:55,883] [error_handler.py:24] [error_handler:process_exception] [ERROR]- Configure matching query does not exist.
[2020-05-14 22:28:56,074] [error_handler.py:24] [error_handler:process_exception] [ERROR]- Configure matching query does not exist.
[2020-05-14 22:28:56,234] [error_handler.py:24] [error_handler:process_exception] [ERROR]- Configure matching query does not exist.
[2020-05-14 22:29:31,306] [error_handler.py:24] [error_handler:process_exception] [ERROR]- Configure matching query does not exist.
[2020-05-14 22:47:07,307] [common.py:63] [common:get_action_handler] [INFO]- 当前正在操作action：query_manufacturer
[2020-05-14 22:47:07,608] [common.py:63] [common:get_action_handler] [INFO]- 当前正在操作action：query_dtu_user
[2020-05-14 22:47:07,946] [common.py:63] [common:get_action_handler] [INFO]- 当前正在操作action：query_role
[2020-05-14 22:47:08,180] [common.py:63] [common:get_action_handler] [INFO]- 当前正在操作action：query_meter
[2020-05-14 22:47:08,183] [common.py:63] [common:get_action_handler] [INFO]- 当前正在操作action：query_manufacturer
[2020-05-14 22:47:08,799] [common.py:63] [common:get_action_handler] [INFO]- 当前正在操作action：query_dtu
[2020-05-14 22:47:08,804] [common.py:63] [common:get_action_handler] [INFO]- 当前正在操作action：query_dtu_user_of_select_box
[2020-05-14 22:47:08,809] [common.py:63] [common:get_action_handler] [INFO]- 当前正在操作action：query_manufacturer
[2020-05-14 22:47:08,989] [common.py:63] [common:get_action_handler] [INFO]- 当前正在操作action：query_manufacturer
[2020-05-14 22:47:09,189] [common.py:63] [common:get_action_handler] [INFO]- 当前正在操作action：query_manufacturer
[2020-05-14 22:47:09,481] [common.py:63] [common:get_action_handler] [INFO]- 当前正在操作action：query_admin
[2020-05-15 22:19:04,338] [common.py:63] [common:get_action_handler] [INFO]- 当前正在操作action：query_admin
[2020-05-15 22:19:04,366] [common.py:63] [common:get_action_handler] [INFO]- 当前正在操作action：query_manufacturer
[2020-05-15 22:19:04,388] [common.py:63] [common:get_action_handler] [INFO]- 当前正在操作action：query_dtu_user
[2020-05-15 22:19:04,409] [common.py:63] [common:get_action_handler] [INFO]- 当前正在操作action：query_dtu
[2020-05-15 22:19:04,411] [common.py:63] [common:get_action_handler] [INFO]- 当前正在操作action：query_manufacturer
[2020-05-15 22:19:04,412] [common.py:63] [common:get_action_handler] [INFO]- 当前正在操作action：query_dtu_user_of_select_box
[2020-05-15 22:19:04,448] [common.py:63] [common:get_action_handler] [INFO]- 当前正在操作action：query_role
[2020-05-15 22:19:04,457] [common.py:63] [common:get_action_handler] [INFO]- 当前正在操作action：query_meter
[2020-05-15 22:19:04,474] [common.py:63] [common:get_action_handler] [INFO]- 当前正在操作action：query_manufacturer
