[2020-03-11 12:10:09,740] [common.py:63] [common:get_action_handler] [INFO]- 当前正在操作action：query_manufacturer
[2020-03-11 12:10:09,769] [common.py:63] [common:get_action_handler] [INFO]- 当前正在操作action：query_dtu_user
[2020-03-11 12:10:27,269] [common.py:63] [common:get_action_handler] [INFO]- 当前正在操作action：query_manufacturer
[2020-03-11 12:10:27,291] [common.py:63] [common:get_action_handler] [INFO]- 当前正在操作action：query_dtu_user
[2020-03-11 12:10:29,868] [common.py:63] [common:get_action_handler] [INFO]- 当前正在操作action：query_manufacturer
[2020-03-11 12:10:29,870] [common.py:63] [common:get_action_handler] [INFO]- 当前正在操作action：query_dtu_user
[2020-03-11 12:11:01,936] [common.py:63] [common:get_action_handler] [INFO]- 当前正在操作action：query_manufacturer
[2020-03-11 12:11:01,939] [common.py:63] [common:get_action_handler] [INFO]- 当前正在操作action：query_dtu_user
[2020-03-11 12:11:36,073] [common.py:63] [common:get_action_handler] [INFO]- 当前正在操作action：query_manufacturer
[2020-03-11 12:11:36,075] [common.py:63] [common:get_action_handler] [INFO]- 当前正在操作action：query_dtu_user
[2020-03-11 12:11:49,672] [common.py:63] [common:get_action_handler] [INFO]- 当前正在操作action：query_manufacturer
[2020-03-11 12:11:49,674] [common.py:63] [common:get_action_handler] [INFO]- 当前正在操作action：query_dtu_user
[2020-03-11 12:11:59,599] [common.py:63] [common:get_action_handler] [INFO]- 当前正在操作action：query_manufacturer
[2020-03-11 12:11:59,601] [common.py:63] [common:get_action_handler] [INFO]- 当前正在操作action：query_dtu_user
[2020-03-11 12:22:17,150] [common.py:63] [common:get_action_handler] [INFO]- 当前正在操作action：query_manufacturer
[2020-03-11 12:22:17,172] [common.py:63] [common:get_action_handler] [INFO]- 当前正在操作action：query_dtu_user
[2020-03-11 12:22:32,260] [common.py:63] [common:get_action_handler] [INFO]- 当前正在操作action：query_manufacturer
[2020-03-11 12:22:32,283] [common.py:63] [common:get_action_handler] [INFO]- 当前正在操作action：query_dtu_user
[2020-03-11 12:26:48,307] [common.py:63] [common:get_action_handler] [INFO]- 当前正在操作action：query_manufacturer
[2020-03-11 12:26:48,327] [common.py:63] [common:get_action_handler] [INFO]- 当前正在操作action：query_dtu_user
[2020-03-11 12:27:51,057] [common.py:63] [common:get_action_handler] [INFO]- 当前正在操作action：query_manufacturer
[2020-03-11 12:27:51,078] [common.py:63] [common:get_action_handler] [INFO]- 当前正在操作action：query_dtu_user
[2020-03-11 12:28:40,961] [common.py:63] [common:get_action_handler] [INFO]- 当前正在操作action：query_manufacturer
[2020-03-11 12:28:40,984] [common.py:63] [common:get_action_handler] [INFO]- 当前正在操作action：query_dtu_user
[2020-03-11 12:28:42,577] [common.py:63] [common:get_action_handler] [INFO]- 当前正在操作action：query_manufacturer
[2020-03-11 12:28:42,580] [common.py:63] [common:get_action_handler] [INFO]- 当前正在操作action：query_dtu_user
[2020-03-11 12:29:42,615] [common.py:63] [common:get_action_handler] [INFO]- 当前正在操作action：query_manufacturer
[2020-03-11 12:29:42,617] [common.py:63] [common:get_action_handler] [INFO]- 当前正在操作action：query_dtu_user
[2020-03-11 12:29:49,167] [common.py:63] [common:get_action_handler] [INFO]- 当前正在操作action：query_manufacturer
[2020-03-11 12:29:49,169] [common.py:63] [common:get_action_handler] [INFO]- 当前正在操作action：query_dtu_user
[2020-03-11 12:29:58,603] [common.py:63] [common:get_action_handler] [INFO]- 当前正在操作action：query_manufacturer
[2020-03-11 12:29:58,605] [common.py:63] [common:get_action_handler] [INFO]- 当前正在操作action：query_dtu_user
[2020-03-11 12:30:12,850] [common.py:63] [common:get_action_handler] [INFO]- 当前正在操作action：query_dtu
[2020-03-11 12:30:12,852] [common.py:63] [common:get_action_handler] [INFO]- 当前正在操作action：query_manufacturer
[2020-03-11 12:30:12,869] [common.py:63] [common:get_action_handler] [INFO]- 当前正在操作action：query_dtu_user
[2020-03-11 12:30:13,583] [common.py:63] [common:get_action_handler] [INFO]- 当前正在操作action：query_manufacturer
[2020-03-11 12:30:13,585] [common.py:63] [common:get_action_handler] [INFO]- 当前正在操作action：query_dtu_user
[2020-03-11 12:30:15,564] [common.py:63] [common:get_action_handler] [INFO]- 当前正在操作action：query_manufacturer
[2020-03-11 12:30:15,566] [common.py:63] [common:get_action_handler] [INFO]- 当前正在操作action：query_dtu_user
[2020-03-11 12:30:21,190] [common.py:63] [common:get_action_handler] [INFO]- 当前正在操作action：query_manufacturer
[2020-03-11 12:30:21,192] [common.py:63] [common:get_action_handler] [INFO]- 当前正在操作action：query_dtu_user
[2020-03-11 12:35:13,144] [common.py:63] [common:get_action_handler] [INFO]- 当前正在操作action：query_manufacturer
[2020-03-11 12:35:13,145] [common.py:63] [common:get_action_handler] [INFO]- 当前正在操作action：query_dtu_user
[2020-03-11 12:36:11,340] [common.py:63] [common:get_action_handler] [INFO]- 当前正在操作action：query_manufacturer
[2020-03-11 12:36:11,342] [common.py:63] [common:get_action_handler] [INFO]- 当前正在操作action：query_dtu_region
[2020-03-11 12:36:11,371] [common.py:63] [common:get_action_handler] [INFO]- 当前正在操作action：query_dtu_user
[2020-03-11 12:36:14,927] [common.py:63] [common:get_action_handler] [INFO]- 当前正在操作action：query_man_region
[2020-03-11 12:36:16,869] [common.py:63] [common:get_action_handler] [INFO]- 当前正在操作action：query_man_region
[2020-03-11 12:36:31,583] [common.py:63] [common:get_action_handler] [INFO]- 当前正在操作action：query_manufacturer
[2020-03-11 12:36:31,585] [common.py:63] [common:get_action_handler] [INFO]- 当前正在操作action：query_dtu_user
[2020-03-11 12:36:31,603] [common.py:63] [common:get_action_handler] [INFO]- 当前正在操作action：query_dtu_region
[2020-03-11 12:41:43,491] [common.py:63] [common:get_action_handler] [INFO]- 当前正在操作action：query_man_region
[2020-03-11 12:42:04,475] [common.py:63] [common:get_action_handler] [INFO]- 当前正在操作action：query_manufacturer
[2020-03-11 12:42:04,498] [common.py:63] [common:get_action_handler] [INFO]- 当前正在操作action：query_dtu_user
[2020-03-11 12:42:04,509] [common.py:63] [common:get_action_handler] [INFO]- 当前正在操作action：query_dtu
[2020-03-11 12:42:04,517] [common.py:63] [common:get_action_handler] [INFO]- 当前正在操作action：query_dtu_region
[2020-03-11 12:42:06,269] [common.py:63] [common:get_action_handler] [INFO]- 当前正在操作action：query_man_region
[2020-03-11 12:48:27,858] [common.py:63] [common:get_action_handler] [INFO]- 当前正在操作action：query_manufacturer
[2020-03-11 12:48:27,880] [common.py:63] [common:get_action_handler] [INFO]- 当前正在操作action：query_dtu_user
[2020-03-11 12:48:27,889] [common.py:63] [common:get_action_handler] [INFO]- 当前正在操作action：query_dtu_region
[2020-03-11 12:48:27,913] [common.py:63] [common:get_action_handler] [INFO]- 当前正在操作action：query_dtu
[2020-03-11 12:48:29,109] [common.py:63] [common:get_action_handler] [INFO]- 当前正在操作action：query_man_region
[2020-03-11 12:48:31,683] [common.py:63] [common:get_action_handler] [INFO]- 当前正在操作action：add_dtu
[2020-03-11 14:00:44,899] [common.py:63] [common:get_action_handler] [INFO]- 当前正在操作action：query_manufacturer
[2020-03-11 14:00:44,921] [common.py:63] [common:get_action_handler] [INFO]- 当前正在操作action：query_dtu_user
[2020-03-11 14:00:44,929] [common.py:63] [common:get_action_handler] [INFO]- 当前正在操作action：query_dtu_region
[2020-03-11 14:00:44,954] [common.py:63] [common:get_action_handler] [INFO]- 当前正在操作action：query_dtu
[2020-03-11 14:00:46,182] [common.py:63] [common:get_action_handler] [INFO]- 当前正在操作action：query_man_region
[2020-03-11 14:00:49,403] [common.py:63] [common:get_action_handler] [INFO]- 当前正在操作action：add_dtu
[2020-03-11 14:00:56,758] [common.py:63] [common:get_action_handler] [INFO]- 当前正在操作action：add_dtu
[2020-03-11 14:16:37,293] [common.py:63] [common:get_action_handler] [INFO]- 当前正在操作action：add_dtu
[2020-03-11 14:17:43,795] [common.py:63] [common:get_action_handler] [INFO]- 当前正在操作action：add_dtu
[2020-03-11 14:18:26,271] [common.py:63] [common:get_action_handler] [INFO]- 当前正在操作action：add_dtu
[2020-03-11 14:18:56,939] [common.py:63] [common:get_action_handler] [INFO]- 当前正在操作action：add_dtu
[2020-03-11 14:20:47,603] [common.py:63] [common:get_action_handler] [INFO]- 当前正在操作action：add_dtu
[2020-03-11 14:21:35,914] [common.py:63] [common:get_action_handler] [INFO]- 当前正在操作action：add_dtu
[2020-03-11 14:21:49,755] [common.py:63] [common:get_action_handler] [INFO]- 当前正在操作action：add_dtu
[2020-03-11 14:21:56,851] [common.py:63] [common:get_action_handler] [INFO]- 当前正在操作action：add_dtu
[2020-03-11 14:21:58,075] [common.py:63] [common:get_action_handler] [INFO]- 当前正在操作action：query_dtu
[2020-03-11 14:21:58,079] [common.py:63] [common:get_action_handler] [INFO]- 当前正在操作action：query_manufacturer
[2020-03-11 14:21:58,090] [common.py:63] [common:get_action_handler] [INFO]- 当前正在操作action：query_dtu_user
[2020-03-11 14:24:05,945] [common.py:63] [common:get_action_handler] [INFO]- 当前正在操作action：query_manufacturer
[2020-03-11 14:24:05,972] [common.py:63] [common:get_action_handler] [INFO]- 当前正在操作action：query_dtu_user
[2020-03-11 14:24:05,982] [common.py:63] [common:get_action_handler] [INFO]- 当前正在操作action：query_dtu_region
[2020-03-11 14:24:06,010] [common.py:63] [common:get_action_handler] [INFO]- 当前正在操作action：query_dtu
[2020-03-11 14:26:04,036] [common.py:63] [common:get_action_handler] [INFO]- 当前正在操作action：query_data_field
[2020-03-11 14:26:04,048] [common.py:63] [common:get_action_handler] [INFO]- 当前正在操作action：query_control_register
[2020-03-11 14:26:04,055] [common.py:63] [common:get_action_handler] [INFO]- 当前正在操作action：query_admin
[2020-03-11 14:26:04,082] [common.py:63] [common:get_action_handler] [INFO]- 当前正在操作action：query_manufacturer
[2020-03-11 14:26:04,104] [common.py:63] [common:get_action_handler] [INFO]- 当前正在操作action：query_dtu_user
[2020-03-11 14:26:04,111] [common.py:63] [common:get_action_handler] [INFO]- 当前正在操作action：query_dtu_region
[2020-03-11 14:26:04,127] [common.py:63] [common:get_action_handler] [INFO]- 当前正在操作action：query_dtu
[2020-03-11 14:26:04,142] [common.py:63] [common:get_action_handler] [INFO]- 当前正在操作action：query_dtu_user
[2020-03-11 14:26:04,144] [common.py:63] [common:get_action_handler] [INFO]- 当前正在操作action：query_manufacturer
[2020-03-11 14:26:12,574] [common.py:63] [common:get_action_handler] [INFO]- 当前正在操作action：edit_dtu
[2020-03-11 14:27:01,469] [common.py:63] [common:get_action_handler] [INFO]- 当前正在操作action：edit_dtu
[2020-03-11 14:31:01,412] [common.py:63] [common:get_action_handler] [INFO]- 当前正在操作action：query_dtu
[2020-03-11 14:31:01,422] [common.py:63] [common:get_action_handler] [INFO]- 当前正在操作action：query_dtu_user
[2020-03-11 14:31:01,423] [common.py:63] [common:get_action_handler] [INFO]- 当前正在操作action：query_manufacturer
[2020-03-11 14:31:43,906] [common.py:63] [common:get_action_handler] [INFO]- 当前正在操作action：login
[2020-03-11 14:31:45,482] [common.py:63] [common:get_action_handler] [INFO]- 当前正在操作action：query_control_register
[2020-03-11 14:31:45,489] [common.py:63] [common:get_action_handler] [INFO]- 当前正在操作action：query_data_field
[2020-03-11 14:31:45,499] [common.py:63] [common:get_action_handler] [INFO]- 当前正在操作action：query_admin
[2020-03-11 14:31:45,515] [common.py:63] [common:get_action_handler] [INFO]- 当前正在操作action：query_dtu_user
[2020-03-11 14:31:45,522] [common.py:63] [common:get_action_handler] [INFO]- 当前正在操作action：query_manufacturer
[2020-03-11 14:31:45,548] [common.py:63] [common:get_action_handler] [INFO]- 当前正在操作action：query_dtu_region
[2020-03-11 14:31:45,572] [common.py:63] [common:get_action_handler] [INFO]- 当前正在操作action：query_dtu_user
[2020-03-11 14:31:45,573] [common.py:63] [common:get_action_handler] [INFO]- 当前正在操作action：query_dtu
[2020-03-11 14:31:45,573] [common.py:63] [common:get_action_handler] [INFO]- 当前正在操作action：query_manufacturer
[2020-03-11 14:31:47,207] [common.py:63] [common:get_action_handler] [INFO]- 当前正在操作action：query_dtu
[2020-03-11 14:31:47,207] [common.py:63] [common:get_action_handler] [INFO]- 当前正在操作action：query_manufacturer
[2020-03-11 14:31:47,209] [common.py:63] [common:get_action_handler] [INFO]- 当前正在操作action：query_dtu_user
[2020-03-11 14:31:49,275] [common.py:63] [common:get_action_handler] [INFO]- 当前正在操作action：update_dtu
[2020-03-11 14:32:42,466] [common.py:63] [common:get_action_handler] [INFO]- 当前正在操作action：query_manufacturer
[2020-03-11 14:32:42,489] [common.py:63] [common:get_action_handler] [INFO]- 当前正在操作action：query_dtu_user
[2020-03-11 14:32:42,497] [common.py:63] [common:get_action_handler] [INFO]- 当前正在操作action：query_dtu_region
[2020-03-11 14:32:42,521] [common.py:63] [common:get_action_handler] [INFO]- 当前正在操作action：query_dtu
[2020-03-11 14:32:45,699] [common.py:63] [common:get_action_handler] [INFO]- 当前正在操作action：update_dtu
[2020-03-11 14:32:48,278] [common.py:63] [common:get_action_handler] [INFO]- 当前正在操作action：query_dtu
[2020-03-11 14:32:48,280] [common.py:63] [common:get_action_handler] [INFO]- 当前正在操作action：query_manufacturer
[2020-03-11 14:32:48,285] [common.py:63] [common:get_action_handler] [INFO]- 当前正在操作action：query_dtu_user
[2020-03-11 14:32:50,445] [common.py:63] [common:get_action_handler] [INFO]- 当前正在操作action：update_dtu
[2020-03-11 14:33:00,280] [common.py:63] [common:get_action_handler] [INFO]- 当前正在操作action：update_dtu
[2020-03-11 14:33:51,889] [common.py:63] [common:get_action_handler] [INFO]- 当前正在操作action：query_dtu
[2020-03-11 14:33:51,898] [common.py:63] [common:get_action_handler] [INFO]- 当前正在操作action：query_dtu_user
[2020-03-11 14:33:51,899] [common.py:63] [common:get_action_handler] [INFO]- 当前正在操作action：query_manufacturer
[2020-03-11 14:33:52,685] [common.py:63] [common:get_action_handler] [INFO]- 当前正在操作action：query_dtu
[2020-03-11 14:33:52,687] [common.py:63] [common:get_action_handler] [INFO]- 当前正在操作action：query_manufacturer
[2020-03-11 14:33:52,692] [common.py:63] [common:get_action_handler] [INFO]- 当前正在操作action：query_dtu_user
[2020-03-11 14:33:53,300] [common.py:63] [common:get_action_handler] [INFO]- 当前正在操作action：query_dtu
[2020-03-11 14:33:53,307] [common.py:63] [common:get_action_handler] [INFO]- 当前正在操作action：query_dtu_user
[2020-03-11 14:33:53,307] [common.py:63] [common:get_action_handler] [INFO]- 当前正在操作action：query_manufacturer
[2020-03-11 14:33:54,056] [common.py:63] [common:get_action_handler] [INFO]- 当前正在操作action：query_dtu
[2020-03-11 14:33:54,060] [common.py:63] [common:get_action_handler] [INFO]- 当前正在操作action：query_manufacturer
[2020-03-11 14:33:54,062] [common.py:63] [common:get_action_handler] [INFO]- 当前正在操作action：query_dtu_user
[2020-03-11 14:33:54,561] [common.py:63] [common:get_action_handler] [INFO]- 当前正在操作action：query_dtu
[2020-03-11 14:33:54,564] [common.py:63] [common:get_action_handler] [INFO]- 当前正在操作action：query_manufacturer
[2020-03-11 14:33:54,566] [common.py:63] [common:get_action_handler] [INFO]- 当前正在操作action：query_dtu_user
[2020-03-11 14:33:55,086] [common.py:63] [common:get_action_handler] [INFO]- 当前正在操作action：query_dtu
[2020-03-11 14:33:55,088] [common.py:63] [common:get_action_handler] [INFO]- 当前正在操作action：query_manufacturer
[2020-03-11 14:33:55,091] [common.py:63] [common:get_action_handler] [INFO]- 当前正在操作action：query_dtu_user
[2020-03-11 14:33:58,634] [common.py:63] [common:get_action_handler] [INFO]- 当前正在操作action：update_dtu
[2020-03-11 14:35:00,852] [common.py:63] [common:get_action_handler] [INFO]- 当前正在操作action：update_dtu
[2020-03-11 14:35:04,032] [common.py:63] [common:get_action_handler] [INFO]- 当前正在操作action：query_dtu
[2020-03-11 14:35:04,037] [common.py:63] [common:get_action_handler] [INFO]- 当前正在操作action：query_manufacturer
[2020-03-11 14:35:04,050] [common.py:63] [common:get_action_handler] [INFO]- 当前正在操作action：query_dtu_user
[2020-03-11 14:35:07,833] [common.py:63] [common:get_action_handler] [INFO]- 当前正在操作action：query_dtu
[2020-03-11 14:35:07,835] [common.py:63] [common:get_action_handler] [INFO]- 当前正在操作action：query_manufacturer
[2020-03-11 14:35:07,838] [common.py:63] [common:get_action_handler] [INFO]- 当前正在操作action：query_dtu_user
[2020-03-11 14:35:09,043] [common.py:63] [common:get_action_handler] [INFO]- 当前正在操作action：query_dtu
[2020-03-11 14:35:09,044] [common.py:63] [common:get_action_handler] [INFO]- 当前正在操作action：query_manufacturer
[2020-03-11 14:35:09,049] [common.py:63] [common:get_action_handler] [INFO]- 当前正在操作action：query_dtu_user
[2020-03-11 14:35:10,445] [common.py:63] [common:get_action_handler] [INFO]- 当前正在操作action：query_dtu_user
[2020-03-11 14:35:10,445] [common.py:63] [common:get_action_handler] [INFO]- 当前正在操作action：query_manufacturer
[2020-03-11 14:35:10,448] [common.py:63] [common:get_action_handler] [INFO]- 当前正在操作action：query_dtu_region
[2020-03-11 14:35:10,473] [common.py:63] [common:get_action_handler] [INFO]- 当前正在操作action：query_dtu
[2020-03-11 14:35:52,045] [common.py:63] [common:get_action_handler] [INFO]- 当前正在操作action：query_manufacturer
[2020-03-11 14:35:52,069] [common.py:63] [common:get_action_handler] [INFO]- 当前正在操作action：query_dtu_user
[2020-03-11 14:35:52,078] [common.py:63] [common:get_action_handler] [INFO]- 当前正在操作action：query_dtu_region
[2020-03-11 14:35:52,105] [common.py:63] [common:get_action_handler] [INFO]- 当前正在操作action：query_dtu
[2020-03-11 14:35:54,987] [common.py:63] [common:get_action_handler] [INFO]- 当前正在操作action：query_man_region
[2020-03-11 14:36:13,094] [common.py:63] [common:get_action_handler] [INFO]- 当前正在操作action：add_dtu
[2020-03-11 14:37:36,142] [common.py:63] [common:get_action_handler] [INFO]- 当前正在操作action：add_dtu
[2020-03-11 14:37:37,350] [common.py:63] [common:get_action_handler] [INFO]- 当前正在操作action：query_dtu
[2020-03-11 14:37:37,355] [common.py:63] [common:get_action_handler] [INFO]- 当前正在操作action：query_manufacturer
[2020-03-11 14:37:37,373] [common.py:63] [common:get_action_handler] [INFO]- 当前正在操作action：query_dtu_user
[2020-03-11 14:37:43,856] [common.py:63] [common:get_action_handler] [INFO]- 当前正在操作action：update_dtu
[2020-03-11 14:37:44,891] [common.py:63] [common:get_action_handler] [INFO]- 当前正在操作action：query_manufacturer
[2020-03-11 14:37:44,891] [common.py:63] [common:get_action_handler] [INFO]- 当前正在操作action：query_dtu_user
[2020-03-11 14:37:44,896] [common.py:63] [common:get_action_handler] [INFO]- 当前正在操作action：query_dtu_region
[2020-03-11 14:37:44,917] [common.py:63] [common:get_action_handler] [INFO]- 当前正在操作action：query_dtu
[2020-03-11 14:37:54,104] [common.py:63] [common:get_action_handler] [INFO]- 当前正在操作action：query_man_region
[2020-03-11 14:37:57,250] [common.py:63] [common:get_action_handler] [INFO]- 当前正在操作action：add_dtu
[2020-03-11 14:38:32,651] [common.py:63] [common:get_action_handler] [INFO]- 当前正在操作action：add_dtu
[2020-03-11 14:38:46,194] [common.py:63] [common:get_action_handler] [INFO]- 当前正在操作action：add_dtu
[2020-03-11 14:39:47,969] [common.py:63] [common:get_action_handler] [INFO]- 当前正在操作action：add_dtu
[2020-03-11 14:40:37,580] [common.py:63] [common:get_action_handler] [INFO]- 当前正在操作action：add_dtu
[2020-03-11 14:40:39,296] [common.py:63] [common:get_action_handler] [INFO]- 当前正在操作action：query_dtu
[2020-03-11 14:40:39,304] [common.py:63] [common:get_action_handler] [INFO]- 当前正在操作action：query_manufacturer
[2020-03-11 14:40:39,328] [common.py:63] [common:get_action_handler] [INFO]- 当前正在操作action：query_dtu_user
[2020-03-11 14:43:44,934] [common.py:63] [common:get_action_handler] [INFO]- 当前正在操作action：query_dtu
[2020-03-11 14:43:44,947] [common.py:63] [common:get_action_handler] [INFO]- 当前正在操作action：query_manufacturer
[2020-03-11 14:43:44,967] [common.py:63] [common:get_action_handler] [INFO]- 当前正在操作action：query_dtu_user
[2020-03-11 14:45:36,460] [common.py:63] [common:get_action_handler] [INFO]- 当前正在操作action：query_dtu
[2020-03-11 14:45:36,478] [common.py:63] [common:get_action_handler] [INFO]- 当前正在操作action：query_manufacturer
[2020-03-11 14:45:36,500] [common.py:63] [common:get_action_handler] [INFO]- 当前正在操作action：query_dtu_user
[2020-03-11 14:46:42,335] [common.py:63] [common:get_action_handler] [INFO]- 当前正在操作action：query_dtu
[2020-03-11 14:46:42,353] [common.py:63] [common:get_action_handler] [INFO]- 当前正在操作action：query_manufacturer
[2020-03-11 14:46:42,373] [common.py:63] [common:get_action_handler] [INFO]- 当前正在操作action：query_dtu_user
[2020-03-11 14:53:27,212] [common.py:63] [common:get_action_handler] [INFO]- 当前正在操作action：query_dtu
[2020-03-11 14:53:27,228] [common.py:63] [common:get_action_handler] [INFO]- 当前正在操作action：query_manufacturer
[2020-03-11 14:53:27,248] [common.py:63] [common:get_action_handler] [INFO]- 当前正在操作action：query_dtu_user
[2020-03-11 14:53:28,049] [common.py:63] [common:get_action_handler] [INFO]- 当前正在操作action：query_dtu
[2020-03-11 14:56:12,145] [common.py:63] [common:get_action_handler] [INFO]- 当前正在操作action：query_dtu
[2020-03-11 14:56:12,163] [common.py:63] [common:get_action_handler] [INFO]- 当前正在操作action：query_manufacturer
[2020-03-11 14:56:12,181] [common.py:63] [common:get_action_handler] [INFO]- 当前正在操作action：query_dtu_user
[2020-03-11 14:56:13,418] [common.py:63] [common:get_action_handler] [INFO]- 当前正在操作action：query_dtu
[2020-03-11 14:56:14,065] [common.py:63] [common:get_action_handler] [INFO]- 当前正在操作action：query_dtu
[2020-03-11 14:56:14,475] [common.py:63] [common:get_action_handler] [INFO]- 当前正在操作action：query_dtu
[2020-03-11 14:56:17,058] [common.py:63] [common:get_action_handler] [INFO]- 当前正在操作action：query_dtu
[2020-03-11 14:56:19,446] [common.py:63] [common:get_action_handler] [INFO]- 当前正在操作action：query_dtu
[2020-03-11 14:56:22,842] [common.py:63] [common:get_action_handler] [INFO]- 当前正在操作action：query_dtu
[2020-03-11 14:56:24,555] [common.py:63] [common:get_action_handler] [INFO]- 当前正在操作action：query_dtu
[2020-03-11 14:56:26,469] [common.py:63] [common:get_action_handler] [INFO]- 当前正在操作action：query_dtu
[2020-03-11 14:56:29,476] [common.py:63] [common:get_action_handler] [INFO]- 当前正在操作action：query_dtu
[2020-03-11 14:56:32,097] [common.py:63] [common:get_action_handler] [INFO]- 当前正在操作action：query_dtu
[2020-03-11 14:56:34,115] [common.py:63] [common:get_action_handler] [INFO]- 当前正在操作action：query_dtu
[2020-03-11 14:56:34,131] [common.py:63] [common:get_action_handler] [INFO]- 当前正在操作action：query_manufacturer
[2020-03-11 14:56:34,152] [common.py:63] [common:get_action_handler] [INFO]- 当前正在操作action：query_dtu_user
[2020-03-11 14:57:27,442] [common.py:63] [common:get_action_handler] [INFO]- 当前正在操作action：query_dtu
[2020-03-11 14:57:27,459] [common.py:63] [common:get_action_handler] [INFO]- 当前正在操作action：query_manufacturer
[2020-03-11 14:57:27,478] [common.py:63] [common:get_action_handler] [INFO]- 当前正在操作action：query_dtu_user
[2020-03-11 14:58:10,675] [common.py:63] [common:get_action_handler] [INFO]- 当前正在操作action：query_dtu
[2020-03-11 14:58:10,695] [common.py:63] [common:get_action_handler] [INFO]- 当前正在操作action：query_manufacturer
[2020-03-11 14:58:10,716] [common.py:63] [common:get_action_handler] [INFO]- 当前正在操作action：query_dtu_user
[2020-03-11 14:58:13,053] [common.py:63] [common:get_action_handler] [INFO]- 当前正在操作action：query_dtu
[2020-03-11 14:58:13,057] [common.py:63] [common:get_action_handler] [INFO]- 当前正在操作action：query_manufacturer
[2020-03-11 14:58:13,059] [common.py:63] [common:get_action_handler] [INFO]- 当前正在操作action：query_dtu_user
[2020-03-11 14:58:14,041] [common.py:63] [common:get_action_handler] [INFO]- 当前正在操作action：query_manufacturer
[2020-03-11 14:58:14,042] [common.py:63] [common:get_action_handler] [INFO]- 当前正在操作action：query_dtu
[2020-03-11 14:58:14,043] [common.py:63] [common:get_action_handler] [INFO]- 当前正在操作action：query_dtu_user
[2020-03-11 14:58:14,438] [common.py:63] [common:get_action_handler] [INFO]- 当前正在操作action：query_dtu
[2020-03-11 14:58:14,439] [common.py:63] [common:get_action_handler] [INFO]- 当前正在操作action：query_manufacturer
[2020-03-11 14:58:14,443] [common.py:63] [common:get_action_handler] [INFO]- 当前正在操作action：query_dtu_user
[2020-03-11 14:58:14,617] [common.py:63] [common:get_action_handler] [INFO]- 当前正在操作action：query_dtu
[2020-03-11 14:58:14,618] [common.py:63] [common:get_action_handler] [INFO]- 当前正在操作action：query_manufacturer
[2020-03-11 14:58:14,620] [common.py:63] [common:get_action_handler] [INFO]- 当前正在操作action：query_dtu_user
[2020-03-11 14:58:14,798] [common.py:63] [common:get_action_handler] [INFO]- 当前正在操作action：query_dtu
[2020-03-11 14:58:14,799] [common.py:63] [common:get_action_handler] [INFO]- 当前正在操作action：query_manufacturer
[2020-03-11 14:58:14,801] [common.py:63] [common:get_action_handler] [INFO]- 当前正在操作action：query_dtu_user
[2020-03-11 14:58:14,931] [common.py:63] [common:get_action_handler] [INFO]- 当前正在操作action：query_dtu
[2020-03-11 14:58:14,932] [common.py:63] [common:get_action_handler] [INFO]- 当前正在操作action：query_manufacturer
[2020-03-11 14:58:14,932] [common.py:63] [common:get_action_handler] [INFO]- 当前正在操作action：query_dtu_user
[2020-03-11 14:58:15,085] [common.py:63] [common:get_action_handler] [INFO]- 当前正在操作action：query_dtu
[2020-03-11 14:58:15,085] [common.py:63] [common:get_action_handler] [INFO]- 当前正在操作action：query_manufacturer
[2020-03-11 14:58:15,088] [common.py:63] [common:get_action_handler] [INFO]- 当前正在操作action：query_dtu_user
[2020-03-11 14:58:15,257] [common.py:63] [common:get_action_handler] [INFO]- 当前正在操作action：query_dtu
[2020-03-11 14:58:15,260] [common.py:63] [common:get_action_handler] [INFO]- 当前正在操作action：query_manufacturer
[2020-03-11 14:58:15,263] [common.py:63] [common:get_action_handler] [INFO]- 当前正在操作action：query_dtu_user
[2020-03-11 14:58:15,451] [common.py:63] [common:get_action_handler] [INFO]- 当前正在操作action：query_dtu
[2020-03-11 14:58:15,452] [common.py:63] [common:get_action_handler] [INFO]- 当前正在操作action：query_manufacturer
[2020-03-11 14:58:15,454] [common.py:63] [common:get_action_handler] [INFO]- 当前正在操作action：query_dtu_user
[2020-03-11 14:58:15,596] [common.py:63] [common:get_action_handler] [INFO]- 当前正在操作action：query_dtu
[2020-03-11 14:58:15,597] [common.py:63] [common:get_action_handler] [INFO]- 当前正在操作action：query_manufacturer
[2020-03-11 14:58:15,601] [common.py:63] [common:get_action_handler] [INFO]- 当前正在操作action：query_dtu_user
[2020-03-11 14:58:15,748] [common.py:63] [common:get_action_handler] [INFO]- 当前正在操作action：query_dtu
[2020-03-11 14:58:15,749] [common.py:63] [common:get_action_handler] [INFO]- 当前正在操作action：query_manufacturer
[2020-03-11 14:58:15,753] [common.py:63] [common:get_action_handler] [INFO]- 当前正在操作action：query_dtu_user
[2020-03-11 14:58:15,904] [common.py:63] [common:get_action_handler] [INFO]- 当前正在操作action：query_dtu
[2020-03-11 14:58:15,904] [common.py:63] [common:get_action_handler] [INFO]- 当前正在操作action：query_manufacturer
[2020-03-11 14:58:15,906] [common.py:63] [common:get_action_handler] [INFO]- 当前正在操作action：query_dtu_user
[2020-03-11 14:58:16,071] [common.py:63] [common:get_action_handler] [INFO]- 当前正在操作action：query_dtu
[2020-03-11 14:58:16,072] [common.py:63] [common:get_action_handler] [INFO]- 当前正在操作action：query_manufacturer
[2020-03-11 14:58:16,074] [common.py:63] [common:get_action_handler] [INFO]- 当前正在操作action：query_dtu_user
[2020-03-11 14:58:16,229] [common.py:63] [common:get_action_handler] [INFO]- 当前正在操作action：query_dtu
[2020-03-11 14:58:16,230] [common.py:63] [common:get_action_handler] [INFO]- 当前正在操作action：query_manufacturer
[2020-03-11 14:58:16,234] [common.py:63] [common:get_action_handler] [INFO]- 当前正在操作action：query_dtu_user
[2020-03-11 14:58:16,440] [common.py:63] [common:get_action_handler] [INFO]- 当前正在操作action：query_dtu
[2020-03-11 14:58:16,441] [common.py:63] [common:get_action_handler] [INFO]- 当前正在操作action：query_manufacturer
[2020-03-11 14:58:16,445] [common.py:63] [common:get_action_handler] [INFO]- 当前正在操作action：query_dtu_user
[2020-03-11 14:58:16,546] [common.py:63] [common:get_action_handler] [INFO]- 当前正在操作action：query_dtu
[2020-03-11 14:58:16,546] [common.py:63] [common:get_action_handler] [INFO]- 当前正在操作action：query_manufacturer
[2020-03-11 14:58:16,549] [common.py:63] [common:get_action_handler] [INFO]- 当前正在操作action：query_dtu_user
[2020-03-11 14:58:16,682] [common.py:63] [common:get_action_handler] [INFO]- 当前正在操作action：query_dtu
[2020-03-11 14:58:16,683] [common.py:63] [common:get_action_handler] [INFO]- 当前正在操作action：query_manufacturer
[2020-03-11 14:58:16,685] [common.py:63] [common:get_action_handler] [INFO]- 当前正在操作action：query_dtu_user
[2020-03-11 14:58:16,835] [common.py:63] [common:get_action_handler] [INFO]- 当前正在操作action：query_dtu
[2020-03-11 14:58:16,836] [common.py:63] [common:get_action_handler] [INFO]- 当前正在操作action：query_manufacturer
[2020-03-11 14:58:16,838] [common.py:63] [common:get_action_handler] [INFO]- 当前正在操作action：query_dtu_user
[2020-03-11 14:58:19,947] [common.py:63] [common:get_action_handler] [INFO]- 当前正在操作action：query_dtu
[2020-03-11 14:58:19,947] [common.py:63] [common:get_action_handler] [INFO]- 当前正在操作action：query_manufacturer
[2020-03-11 14:58:19,948] [common.py:63] [common:get_action_handler] [INFO]- 当前正在操作action：query_dtu_user
[2020-03-11 14:58:20,415] [common.py:63] [common:get_action_handler] [INFO]- 当前正在操作action：query_manufacturer
[2020-03-11 14:58:20,416] [common.py:63] [common:get_action_handler] [INFO]- 当前正在操作action：query_dtu
[2020-03-11 14:58:20,416] [common.py:63] [common:get_action_handler] [INFO]- 当前正在操作action：query_dtu_user
[2020-03-11 14:58:20,578] [common.py:63] [common:get_action_handler] [INFO]- 当前正在操作action：query_manufacturer
[2020-03-11 14:58:20,580] [common.py:63] [common:get_action_handler] [INFO]- 当前正在操作action：query_dtu_user
[2020-03-11 14:58:20,580] [common.py:63] [common:get_action_handler] [INFO]- 当前正在操作action：query_dtu
[2020-03-11 14:58:20,744] [common.py:63] [common:get_action_handler] [INFO]- 当前正在操作action：query_dtu
[2020-03-11 14:58:20,745] [common.py:63] [common:get_action_handler] [INFO]- 当前正在操作action：query_manufacturer
[2020-03-11 14:58:20,748] [common.py:63] [common:get_action_handler] [INFO]- 当前正在操作action：query_dtu_user
[2020-03-11 14:58:22,859] [common.py:63] [common:get_action_handler] [INFO]- 当前正在操作action：query_dtu
[2020-03-11 14:58:22,860] [common.py:63] [common:get_action_handler] [INFO]- 当前正在操作action：query_manufacturer
[2020-03-11 14:58:22,861] [common.py:63] [common:get_action_handler] [INFO]- 当前正在操作action：query_dtu_user
[2020-03-11 14:58:23,023] [common.py:63] [common:get_action_handler] [INFO]- 当前正在操作action：query_dtu
[2020-03-11 14:58:23,023] [common.py:63] [common:get_action_handler] [INFO]- 当前正在操作action：query_manufacturer
[2020-03-11 14:58:23,026] [common.py:63] [common:get_action_handler] [INFO]- 当前正在操作action：query_dtu_user
[2020-03-11 14:58:23,184] [common.py:63] [common:get_action_handler] [INFO]- 当前正在操作action：query_dtu
[2020-03-11 14:58:23,184] [common.py:63] [common:get_action_handler] [INFO]- 当前正在操作action：query_manufacturer
[2020-03-11 14:58:23,188] [common.py:63] [common:get_action_handler] [INFO]- 当前正在操作action：query_dtu_user
[2020-03-11 14:58:23,347] [common.py:63] [common:get_action_handler] [INFO]- 当前正在操作action：query_dtu
[2020-03-11 14:58:23,347] [common.py:63] [common:get_action_handler] [INFO]- 当前正在操作action：query_manufacturer
[2020-03-11 14:58:23,351] [common.py:63] [common:get_action_handler] [INFO]- 当前正在操作action：query_dtu_user
[2020-03-11 14:58:25,361] [common.py:63] [common:get_action_handler] [INFO]- 当前正在操作action：query_dtu
[2020-03-11 14:58:25,362] [common.py:63] [common:get_action_handler] [INFO]- 当前正在操作action：query_manufacturer
[2020-03-11 14:58:25,364] [common.py:63] [common:get_action_handler] [INFO]- 当前正在操作action：query_dtu_user
[2020-03-11 14:58:25,484] [common.py:63] [common:get_action_handler] [INFO]- 当前正在操作action：query_dtu
[2020-03-11 14:58:25,484] [common.py:63] [common:get_action_handler] [INFO]- 当前正在操作action：query_manufacturer
[2020-03-11 14:58:25,486] [common.py:63] [common:get_action_handler] [INFO]- 当前正在操作action：query_dtu_user
[2020-03-11 14:58:25,651] [common.py:63] [common:get_action_handler] [INFO]- 当前正在操作action：query_dtu
[2020-03-11 14:58:25,652] [common.py:63] [common:get_action_handler] [INFO]- 当前正在操作action：query_manufacturer
[2020-03-11 14:58:25,654] [common.py:63] [common:get_action_handler] [INFO]- 当前正在操作action：query_dtu_user
[2020-03-11 14:58:25,835] [common.py:63] [common:get_action_handler] [INFO]- 当前正在操作action：query_dtu
[2020-03-11 14:58:25,839] [common.py:63] [common:get_action_handler] [INFO]- 当前正在操作action：query_manufacturer
[2020-03-11 14:58:25,839] [common.py:63] [common:get_action_handler] [INFO]- 当前正在操作action：query_dtu_user
[2020-03-11 14:58:27,983] [common.py:63] [common:get_action_handler] [INFO]- 当前正在操作action：query_dtu
[2020-03-11 14:58:27,985] [common.py:63] [common:get_action_handler] [INFO]- 当前正在操作action：query_manufacturer
[2020-03-11 14:58:27,987] [common.py:63] [common:get_action_handler] [INFO]- 当前正在操作action：query_dtu_user
[2020-03-11 14:58:28,135] [common.py:63] [common:get_action_handler] [INFO]- 当前正在操作action：query_dtu
[2020-03-11 14:58:28,135] [common.py:63] [common:get_action_handler] [INFO]- 当前正在操作action：query_manufacturer
[2020-03-11 14:58:28,137] [common.py:63] [common:get_action_handler] [INFO]- 当前正在操作action：query_dtu_user
[2020-03-11 14:58:28,996] [common.py:63] [common:get_action_handler] [INFO]- 当前正在操作action：query_dtu
[2020-03-11 14:58:30,134] [common.py:63] [common:get_action_handler] [INFO]- 当前正在操作action：query_manufacturer
[2020-03-11 14:58:30,135] [common.py:63] [common:get_action_handler] [INFO]- 当前正在操作action：query_dtu
[2020-03-11 14:58:30,135] [common.py:63] [common:get_action_handler] [INFO]- 当前正在操作action：query_dtu_user
[2020-03-11 14:58:30,505] [common.py:63] [common:get_action_handler] [INFO]- 当前正在操作action：query_dtu
[2020-03-11 14:58:30,506] [common.py:63] [common:get_action_handler] [INFO]- 当前正在操作action：query_manufacturer
[2020-03-11 14:58:30,507] [common.py:63] [common:get_action_handler] [INFO]- 当前正在操作action：query_dtu_user
[2020-03-11 14:58:32,758] [common.py:63] [common:get_action_handler] [INFO]- 当前正在操作action：query_dtu
[2020-03-11 14:58:34,935] [common.py:63] [common:get_action_handler] [INFO]- 当前正在操作action：query_dtu
[2020-03-11 14:58:34,937] [common.py:63] [common:get_action_handler] [INFO]- 当前正在操作action：query_manufacturer
[2020-03-11 14:58:34,938] [common.py:63] [common:get_action_handler] [INFO]- 当前正在操作action：query_dtu_user
[2020-03-11 14:58:46,455] [common.py:63] [common:get_action_handler] [INFO]- 当前正在操作action：login
[2020-03-11 14:58:47,993] [common.py:63] [common:get_action_handler] [INFO]- 当前正在操作action：query_data_field
[2020-03-11 14:58:48,002] [common.py:63] [common:get_action_handler] [INFO]- 当前正在操作action：query_control_register
[2020-03-11 14:58:48,010] [common.py:63] [common:get_action_handler] [INFO]- 当前正在操作action：query_admin
[2020-03-11 14:58:48,024] [common.py:63] [common:get_action_handler] [INFO]- 当前正在操作action：query_dtu_user
[2020-03-11 14:58:48,032] [common.py:63] [common:get_action_handler] [INFO]- 当前正在操作action：query_manufacturer
[2020-03-11 14:58:48,070] [common.py:63] [common:get_action_handler] [INFO]- 当前正在操作action：query_dtu_region
[2020-03-11 14:58:48,077] [common.py:63] [common:get_action_handler] [INFO]- 当前正在操作action：query_dtu
[2020-03-11 14:58:48,079] [common.py:63] [common:get_action_handler] [INFO]- 当前正在操作action：query_manufacturer
[2020-03-11 14:58:48,093] [common.py:63] [common:get_action_handler] [INFO]- 当前正在操作action：query_dtu_user
[2020-03-11 14:58:56,548] [common.py:63] [common:get_action_handler] [INFO]- 当前正在操作action：del_batch_dtu
[2020-03-11 14:59:44,217] [common.py:63] [common:get_action_handler] [INFO]- 当前正在操作action：query_dtu
[2020-03-11 14:59:44,238] [common.py:63] [common:get_action_handler] [INFO]- 当前正在操作action：query_manufacturer
[2020-03-11 14:59:44,258] [common.py:63] [common:get_action_handler] [INFO]- 当前正在操作action：query_dtu_user
[2020-03-11 14:59:46,854] [common.py:63] [common:get_action_handler] [INFO]- 当前正在操作action：query_dtu
[2020-03-11 14:59:46,856] [common.py:63] [common:get_action_handler] [INFO]- 当前正在操作action：query_manufacturer
[2020-03-11 14:59:46,859] [common.py:63] [common:get_action_handler] [INFO]- 当前正在操作action：query_dtu_user
[2020-03-11 14:59:49,776] [common.py:63] [common:get_action_handler] [INFO]- 当前正在操作action：del_batch_dtu
[2020-03-11 14:59:49,808] [common.py:63] [common:get_action_handler] [INFO]- 当前正在操作action：query_dtu
[2020-03-11 14:59:52,948] [common.py:63] [common:get_action_handler] [INFO]- 当前正在操作action：query_dtu
[2020-03-11 14:59:52,950] [common.py:63] [common:get_action_handler] [INFO]- 当前正在操作action：query_manufacturer
[2020-03-11 14:59:52,952] [common.py:63] [common:get_action_handler] [INFO]- 当前正在操作action：query_dtu_user
[2020-03-11 15:09:08,063] [common.py:63] [common:get_action_handler] [INFO]- 当前正在操作action：query_dtu
[2020-03-11 15:09:08,079] [common.py:63] [common:get_action_handler] [INFO]- 当前正在操作action：query_manufacturer
[2020-03-11 15:09:08,099] [common.py:63] [common:get_action_handler] [INFO]- 当前正在操作action：query_dtu_user
[2020-03-11 15:09:11,497] [common.py:63] [common:get_action_handler] [INFO]- 当前正在操作action：query_dtu
[2020-03-11 15:09:11,499] [common.py:63] [common:get_action_handler] [INFO]- 当前正在操作action：query_manufacturer
[2020-03-11 15:09:11,501] [common.py:63] [common:get_action_handler] [INFO]- 当前正在操作action：query_dtu_user
[2020-03-11 15:09:12,028] [common.py:63] [common:get_action_handler] [INFO]- 当前正在操作action：query_dtu_region
[2020-03-11 15:09:12,536] [common.py:63] [common:get_action_handler] [INFO]- 当前正在操作action：query_dtu_user
[2020-03-11 15:09:12,952] [common.py:63] [common:get_action_handler] [INFO]- 当前正在操作action：query_manufacturer
[2020-03-11 15:09:13,302] [common.py:63] [common:get_action_handler] [INFO]- 当前正在操作action：query_dtu_user
[2020-03-11 15:09:13,624] [common.py:63] [common:get_action_handler] [INFO]- 当前正在操作action：query_dtu_region
[2020-03-11 15:09:13,898] [common.py:63] [common:get_action_handler] [INFO]- 当前正在操作action：query_dtu
[2020-03-11 15:09:13,899] [common.py:63] [common:get_action_handler] [INFO]- 当前正在操作action：query_manufacturer
[2020-03-11 15:09:13,900] [common.py:63] [common:get_action_handler] [INFO]- 当前正在操作action：query_dtu_user
[2020-03-11 15:09:14,382] [common.py:63] [common:get_action_handler] [INFO]- 当前正在操作action：query_dtu_region
[2020-03-11 15:09:14,631] [common.py:63] [common:get_action_handler] [INFO]- 当前正在操作action：query_dtu_user
[2020-03-11 15:09:14,957] [common.py:63] [common:get_action_handler] [INFO]- 当前正在操作action：query_manufacturer
[2020-03-11 15:09:15,229] [common.py:63] [common:get_action_handler] [INFO]- 当前正在操作action：query_admin
[2020-03-11 15:09:15,446] [common.py:63] [common:get_action_handler] [INFO]- 当前正在操作action：query_manufacturer
[2020-03-11 15:09:15,715] [common.py:63] [common:get_action_handler] [INFO]- 当前正在操作action：query_dtu_user
[2020-03-11 15:09:15,955] [common.py:63] [common:get_action_handler] [INFO]- 当前正在操作action：query_manufacturer
[2020-03-11 15:09:15,956] [common.py:63] [common:get_action_handler] [INFO]- 当前正在操作action：query_dtu
[2020-03-11 15:09:15,957] [common.py:63] [common:get_action_handler] [INFO]- 当前正在操作action：query_dtu_user
[2020-03-11 15:09:16,129] [common.py:63] [common:get_action_handler] [INFO]- 当前正在操作action：query_dtu
[2020-03-11 15:09:16,130] [common.py:63] [common:get_action_handler] [INFO]- 当前正在操作action：query_manufacturer
[2020-03-11 15:09:16,133] [common.py:63] [common:get_action_handler] [INFO]- 当前正在操作action：query_dtu_user
[2020-03-11 15:09:16,499] [common.py:63] [common:get_action_handler] [INFO]- 当前正在操作action：query_manufacturer
[2020-03-11 15:09:16,499] [common.py:63] [common:get_action_handler] [INFO]- 当前正在操作action：query_dtu
[2020-03-11 15:09:16,502] [common.py:63] [common:get_action_handler] [INFO]- 当前正在操作action：query_dtu_user
[2020-03-11 15:09:16,802] [common.py:63] [common:get_action_handler] [INFO]- 当前正在操作action：query_dtu_region
[2020-03-11 15:09:17,021] [common.py:63] [common:get_action_handler] [INFO]- 当前正在操作action：query_dtu_user
[2020-03-11 15:09:17,246] [common.py:63] [common:get_action_handler] [INFO]- 当前正在操作action：query_manufacturer
[2020-03-11 15:09:17,528] [common.py:63] [common:get_action_handler] [INFO]- 当前正在操作action：query_admin
[2020-03-11 15:09:17,801] [common.py:63] [common:get_action_handler] [INFO]- 当前正在操作action：query_manufacturer
[2020-03-11 15:09:18,025] [common.py:63] [common:get_action_handler] [INFO]- 当前正在操作action：query_dtu_user
[2020-03-11 15:09:18,221] [common.py:63] [common:get_action_handler] [INFO]- 当前正在操作action：query_dtu_region
[2020-03-11 15:09:18,444] [common.py:63] [common:get_action_handler] [INFO]- 当前正在操作action：query_dtu
[2020-03-11 15:09:18,448] [common.py:63] [common:get_action_handler] [INFO]- 当前正在操作action：query_manufacturer
[2020-03-11 15:09:18,449] [common.py:63] [common:get_action_handler] [INFO]- 当前正在操作action：query_dtu_user
[2020-03-11 15:09:19,001] [common.py:63] [common:get_action_handler] [INFO]- 当前正在操作action：query_dtu
[2020-03-11 15:09:19,001] [common.py:63] [common:get_action_handler] [INFO]- 当前正在操作action：query_manufacturer
[2020-03-11 15:09:19,005] [common.py:63] [common:get_action_handler] [INFO]- 当前正在操作action：query_dtu_user
[2020-03-11 15:09:19,184] [common.py:63] [common:get_action_handler] [INFO]- 当前正在操作action：query_dtu_user
[2020-03-11 15:09:19,393] [common.py:63] [common:get_action_handler] [INFO]- 当前正在操作action：query_admin
[2020-03-11 15:09:19,776] [common.py:63] [common:get_action_handler] [INFO]- 当前正在操作action：query_dtu_region
[2020-03-11 15:09:20,038] [common.py:63] [common:get_action_handler] [INFO]- 当前正在操作action：query_dtu
[2020-03-11 15:09:20,042] [common.py:63] [common:get_action_handler] [INFO]- 当前正在操作action：query_dtu_user
[2020-03-11 15:09:20,042] [common.py:63] [common:get_action_handler] [INFO]- 当前正在操作action：query_manufacturer
[2020-03-11 15:09:20,196] [common.py:63] [common:get_action_handler] [INFO]- 当前正在操作action：query_dtu
[2020-03-11 15:09:20,199] [common.py:63] [common:get_action_handler] [INFO]- 当前正在操作action：query_manufacturer
[2020-03-11 15:09:20,200] [common.py:63] [common:get_action_handler] [INFO]- 当前正在操作action：query_dtu_user
[2020-03-11 15:09:20,430] [common.py:63] [common:get_action_handler] [INFO]- 当前正在操作action：query_dtu
[2020-03-11 15:09:20,431] [common.py:63] [common:get_action_handler] [INFO]- 当前正在操作action：query_manufacturer
[2020-03-11 15:09:20,434] [common.py:63] [common:get_action_handler] [INFO]- 当前正在操作action：query_dtu_user
[2020-03-11 15:09:20,643] [common.py:63] [common:get_action_handler] [INFO]- 当前正在操作action：query_dtu_region
[2020-03-11 15:09:21,189] [common.py:63] [common:get_action_handler] [INFO]- 当前正在操作action：query_admin
[2020-03-11 15:09:21,396] [common.py:63] [common:get_action_handler] [INFO]- 当前正在操作action：query_admin
[2020-03-11 15:09:21,654] [common.py:63] [common:get_action_handler] [INFO]- 当前正在操作action：query_dtu_user
[2020-03-11 15:09:21,858] [common.py:63] [common:get_action_handler] [INFO]- 当前正在操作action：query_dtu_user
[2020-03-11 15:09:22,083] [common.py:63] [common:get_action_handler] [INFO]- 当前正在操作action：query_dtu_region
[2020-03-11 15:09:22,665] [common.py:63] [common:get_action_handler] [INFO]- 当前正在操作action：query_dtu
[2020-03-11 15:09:22,666] [common.py:63] [common:get_action_handler] [INFO]- 当前正在操作action：query_manufacturer
[2020-03-11 15:09:22,669] [common.py:63] [common:get_action_handler] [INFO]- 当前正在操作action：query_dtu_user
[2020-03-11 15:09:22,949] [common.py:63] [common:get_action_handler] [INFO]- 当前正在操作action：query_manufacturer
[2020-03-11 15:09:23,117] [common.py:63] [common:get_action_handler] [INFO]- 当前正在操作action：query_manufacturer
[2020-03-11 15:09:23,359] [common.py:63] [common:get_action_handler] [INFO]- 当前正在操作action：query_admin
[2020-03-11 15:09:23,590] [common.py:63] [common:get_action_handler] [INFO]- 当前正在操作action：query_admin
[2020-03-11 15:09:23,830] [common.py:63] [common:get_action_handler] [INFO]- 当前正在操作action：query_manufacturer
[2020-03-11 15:09:24,068] [common.py:63] [common:get_action_handler] [INFO]- 当前正在操作action：query_dtu_user
[2020-03-11 15:09:24,216] [common.py:63] [common:get_action_handler] [INFO]- 当前正在操作action：query_dtu_region
[2020-03-11 15:09:24,411] [common.py:63] [common:get_action_handler] [INFO]- 当前正在操作action：query_dtu_region
[2020-03-11 15:09:24,630] [common.py:63] [common:get_action_handler] [INFO]- 当前正在操作action：query_dtu
[2020-03-11 15:09:24,630] [common.py:63] [common:get_action_handler] [INFO]- 当前正在操作action：query_manufacturer
[2020-03-11 15:09:24,633] [common.py:63] [common:get_action_handler] [INFO]- 当前正在操作action：query_dtu_user
[2020-03-11 15:09:25,024] [common.py:63] [common:get_action_handler] [INFO]- 当前正在操作action：query_dtu
[2020-03-11 15:09:25,024] [common.py:63] [common:get_action_handler] [INFO]- 当前正在操作action：query_manufacturer
[2020-03-11 15:09:25,026] [common.py:63] [common:get_action_handler] [INFO]- 当前正在操作action：query_dtu_user
[2020-03-11 15:09:25,246] [common.py:63] [common:get_action_handler] [INFO]- 当前正在操作action：query_dtu_region
[2020-03-11 15:09:25,478] [common.py:63] [common:get_action_handler] [INFO]- 当前正在操作action：query_dtu_user
[2020-03-11 15:09:30,155] [common.py:63] [common:get_action_handler] [INFO]- 当前正在操作action：query_dtu_region
[2020-03-11 15:09:30,441] [common.py:63] [common:get_action_handler] [INFO]- 当前正在操作action：query_manufacturer
[2020-03-11 15:09:30,441] [common.py:63] [common:get_action_handler] [INFO]- 当前正在操作action：query_dtu
[2020-03-11 15:09:30,444] [common.py:63] [common:get_action_handler] [INFO]- 当前正在操作action：query_dtu_user
[2020-03-11 15:09:30,686] [common.py:63] [common:get_action_handler] [INFO]- 当前正在操作action：query_dtu_region
[2020-03-11 15:09:30,939] [common.py:63] [common:get_action_handler] [INFO]- 当前正在操作action：query_dtu_user
[2020-03-11 15:09:31,126] [common.py:63] [common:get_action_handler] [INFO]- 当前正在操作action：query_dtu_user
[2020-03-11 15:09:31,338] [common.py:63] [common:get_action_handler] [INFO]- 当前正在操作action：query_dtu_region
[2020-03-11 15:09:31,533] [common.py:63] [common:get_action_handler] [INFO]- 当前正在操作action：query_manufacturer
[2020-03-11 15:09:31,534] [common.py:63] [common:get_action_handler] [INFO]- 当前正在操作action：query_dtu
[2020-03-11 15:09:31,538] [common.py:63] [common:get_action_handler] [INFO]- 当前正在操作action：query_dtu_user
[2020-03-11 15:09:31,801] [common.py:63] [common:get_action_handler] [INFO]- 当前正在操作action：query_dtu_region
[2020-03-11 15:09:31,987] [common.py:63] [common:get_action_handler] [INFO]- 当前正在操作action：query_dtu_user
[2020-03-11 15:09:32,177] [common.py:63] [common:get_action_handler] [INFO]- 当前正在操作action：query_dtu_region
[2020-03-11 15:23:37,708] [common.py:63] [common:get_action_handler] [INFO]- 当前正在操作action：query_dtu_region
[2020-03-11 15:23:38,408] [common.py:63] [common:get_action_handler] [INFO]- 当前正在操作action：query_dtu_region
[2020-03-11 15:23:40,187] [common.py:63] [common:get_action_handler] [INFO]- 当前正在操作action：query_dtu_region
[2020-03-11 15:23:41,866] [common.py:63] [common:get_action_handler] [INFO]- 当前正在操作action：query_dtu_region
[2020-03-11 15:23:42,774] [common.py:63] [common:get_action_handler] [INFO]- 当前正在操作action：query_dtu_region
[2020-03-11 15:23:44,058] [common.py:63] [common:get_action_handler] [INFO]- 当前正在操作action：query_dtu
[2020-03-11 15:23:44,060] [common.py:63] [common:get_action_handler] [INFO]- 当前正在操作action：query_manufacturer
[2020-03-11 15:23:44,081] [common.py:63] [common:get_action_handler] [INFO]- 当前正在操作action：query_dtu_user
[2020-03-11 15:23:45,310] [common.py:63] [common:get_action_handler] [INFO]- 当前正在操作action：query_dtu_region
[2020-03-11 15:23:48,466] [common.py:63] [common:get_action_handler] [INFO]- 当前正在操作action：query_dtu_region
[2020-03-11 15:23:50,592] [common.py:63] [common:get_action_handler] [INFO]- 当前正在操作action：query_dtu_region
[2020-03-11 15:23:51,191] [common.py:63] [common:get_action_handler] [INFO]- 当前正在操作action：query_dtu_user
[2020-03-11 15:23:52,660] [common.py:63] [common:get_action_handler] [INFO]- 当前正在操作action：query_dtu
[2020-03-11 15:23:52,661] [common.py:63] [common:get_action_handler] [INFO]- 当前正在操作action：query_manufacturer
[2020-03-11 15:23:52,668] [common.py:63] [common:get_action_handler] [INFO]- 当前正在操作action：query_dtu_user
[2020-03-11 15:23:55,152] [common.py:63] [common:get_action_handler] [INFO]- 当前正在操作action：del_batch_dtu
[2020-03-11 15:23:55,184] [common.py:63] [common:get_action_handler] [INFO]- 当前正在操作action：query_dtu
[2020-03-11 15:23:56,622] [common.py:63] [common:get_action_handler] [INFO]- 当前正在操作action：query_dtu_region
[2020-03-11 15:23:57,290] [common.py:63] [common:get_action_handler] [INFO]- 当前正在操作action：query_dtu_user
[2020-03-11 15:23:57,609] [common.py:63] [common:get_action_handler] [INFO]- 当前正在操作action：query_dtu
[2020-03-11 15:23:57,609] [common.py:63] [common:get_action_handler] [INFO]- 当前正在操作action：query_manufacturer
[2020-03-11 15:23:57,612] [common.py:63] [common:get_action_handler] [INFO]- 当前正在操作action：query_dtu_user
[2020-03-11 15:23:57,900] [common.py:63] [common:get_action_handler] [INFO]- 当前正在操作action：query_dtu_user
[2020-03-11 15:23:59,115] [common.py:63] [common:get_action_handler] [INFO]- 当前正在操作action：query_dtu_user
[2020-03-11 15:23:59,539] [common.py:63] [common:get_action_handler] [INFO]- 当前正在操作action：query_manufacturer
[2020-03-11 15:23:59,769] [common.py:63] [common:get_action_handler] [INFO]- 当前正在操作action：query_dtu_user
[2020-03-11 15:24:00,023] [common.py:63] [common:get_action_handler] [INFO]- 当前正在操作action：query_dtu_region
[2020-03-11 15:24:01,379] [common.py:63] [common:get_action_handler] [INFO]- 当前正在操作action：query_dtu_region
[2020-03-11 15:24:02,097] [common.py:63] [common:get_action_handler] [INFO]- 当前正在操作action：query_dtu_region
[2020-03-11 15:24:02,599] [common.py:63] [common:get_action_handler] [INFO]- 当前正在操作action：query_dtu_region
[2020-03-11 15:24:02,980] [common.py:63] [common:get_action_handler] [INFO]- 当前正在操作action：query_dtu_region
[2020-03-11 15:24:03,364] [common.py:63] [common:get_action_handler] [INFO]- 当前正在操作action：query_dtu_region
[2020-03-11 15:24:03,552] [common.py:63] [common:get_action_handler] [INFO]- 当前正在操作action：query_dtu_region
[2020-03-11 15:24:03,740] [common.py:63] [common:get_action_handler] [INFO]- 当前正在操作action：query_dtu_region
[2020-03-11 15:24:03,912] [common.py:63] [common:get_action_handler] [INFO]- 当前正在操作action：query_dtu_region
[2020-03-11 15:24:04,076] [common.py:63] [common:get_action_handler] [INFO]- 当前正在操作action：query_dtu_region
[2020-03-11 15:24:04,295] [common.py:63] [common:get_action_handler] [INFO]- 当前正在操作action：query_dtu_region
[2020-03-11 15:24:04,433] [common.py:63] [common:get_action_handler] [INFO]- 当前正在操作action：query_dtu_region
[2020-03-11 15:24:04,611] [common.py:63] [common:get_action_handler] [INFO]- 当前正在操作action：query_dtu_region
[2020-03-11 15:24:04,800] [common.py:63] [common:get_action_handler] [INFO]- 当前正在操作action：query_dtu_region
[2020-03-11 15:24:04,978] [common.py:63] [common:get_action_handler] [INFO]- 当前正在操作action：query_dtu_region
[2020-03-11 15:24:05,208] [common.py:63] [common:get_action_handler] [INFO]- 当前正在操作action：query_dtu_region
[2020-03-11 15:24:05,340] [common.py:63] [common:get_action_handler] [INFO]- 当前正在操作action：query_dtu_region
[2020-03-11 15:24:05,523] [common.py:63] [common:get_action_handler] [INFO]- 当前正在操作action：query_dtu_region
[2020-03-11 15:24:05,707] [common.py:63] [common:get_action_handler] [INFO]- 当前正在操作action：query_dtu_region
[2020-03-11 15:24:05,901] [common.py:63] [common:get_action_handler] [INFO]- 当前正在操作action：query_dtu_region
[2020-03-11 15:24:06,083] [common.py:63] [common:get_action_handler] [INFO]- 当前正在操作action：query_dtu_region
[2020-03-11 15:24:06,306] [common.py:63] [common:get_action_handler] [INFO]- 当前正在操作action：query_dtu_region
[2020-03-11 15:24:06,465] [common.py:63] [common:get_action_handler] [INFO]- 当前正在操作action：query_dtu_region
[2020-03-11 15:24:06,650] [common.py:63] [common:get_action_handler] [INFO]- 当前正在操作action：query_dtu_region
[2020-03-11 15:24:06,817] [common.py:63] [common:get_action_handler] [INFO]- 当前正在操作action：query_dtu_region
[2020-03-11 15:24:07,746] [common.py:63] [common:get_action_handler] [INFO]- 当前正在操作action：query_manufacturer
[2020-03-11 15:24:07,746] [common.py:63] [common:get_action_handler] [INFO]- 当前正在操作action：query_dtu
[2020-03-11 15:24:07,748] [common.py:63] [common:get_action_handler] [INFO]- 当前正在操作action：query_dtu_user
[2020-03-11 15:24:08,388] [common.py:63] [common:get_action_handler] [INFO]- 当前正在操作action：query_dtu_region
[2020-03-11 15:24:08,957] [common.py:63] [common:get_action_handler] [INFO]- 当前正在操作action：query_dtu
[2020-03-11 15:24:08,958] [common.py:63] [common:get_action_handler] [INFO]- 当前正在操作action：query_manufacturer
[2020-03-11 15:24:08,959] [common.py:63] [common:get_action_handler] [INFO]- 当前正在操作action：query_dtu_user
[2020-03-11 15:24:09,260] [common.py:63] [common:get_action_handler] [INFO]- 当前正在操作action：query_dtu_region
[2020-03-11 15:24:10,328] [common.py:63] [common:get_action_handler] [INFO]- 当前正在操作action：query_dtu_user
[2020-03-11 15:24:10,955] [common.py:63] [common:get_action_handler] [INFO]- 当前正在操作action：query_dtu_region
[2020-03-11 15:24:11,549] [common.py:63] [common:get_action_handler] [INFO]- 当前正在操作action：query_dtu
[2020-03-11 15:24:11,549] [common.py:63] [common:get_action_handler] [INFO]- 当前正在操作action：query_manufacturer
[2020-03-11 15:24:11,554] [common.py:63] [common:get_action_handler] [INFO]- 当前正在操作action：query_dtu_user
[2020-03-11 15:24:12,249] [common.py:63] [common:get_action_handler] [INFO]- 当前正在操作action：query_dtu_region
[2020-03-11 15:24:12,498] [common.py:63] [common:get_action_handler] [INFO]- 当前正在操作action：query_dtu
[2020-03-11 15:24:12,498] [common.py:63] [common:get_action_handler] [INFO]- 当前正在操作action：query_manufacturer
[2020-03-11 15:24:12,500] [common.py:63] [common:get_action_handler] [INFO]- 当前正在操作action：query_dtu_user
[2020-03-11 15:24:12,750] [common.py:63] [common:get_action_handler] [INFO]- 当前正在操作action：query_dtu_region
[2020-03-11 15:24:13,017] [common.py:63] [common:get_action_handler] [INFO]- 当前正在操作action：query_dtu
[2020-03-11 15:24:13,040] [common.py:63] [common:get_action_handler] [INFO]- 当前正在操作action：query_manufacturer
[2020-03-11 15:24:13,041] [common.py:63] [common:get_action_handler] [INFO]- 当前正在操作action：query_dtu_user
[2020-03-11 15:24:13,253] [common.py:63] [common:get_action_handler] [INFO]- 当前正在操作action：query_dtu_region
[2020-03-11 15:24:13,745] [common.py:63] [common:get_action_handler] [INFO]- 当前正在操作action：query_manufacturer
[2020-03-11 15:24:13,745] [common.py:63] [common:get_action_handler] [INFO]- 当前正在操作action：query_dtu
[2020-03-11 15:24:13,747] [common.py:63] [common:get_action_handler] [INFO]- 当前正在操作action：query_dtu_user
[2020-03-11 15:24:14,378] [common.py:63] [common:get_action_handler] [INFO]- 当前正在操作action：query_dtu_region
[2020-03-11 15:24:15,016] [common.py:63] [common:get_action_handler] [INFO]- 当前正在操作action：query_dtu_user
[2020-03-11 15:24:15,474] [common.py:63] [common:get_action_handler] [INFO]- 当前正在操作action：query_dtu_region
[2020-03-11 15:24:15,717] [common.py:63] [common:get_action_handler] [INFO]- 当前正在操作action：query_dtu
[2020-03-11 15:24:15,717] [common.py:63] [common:get_action_handler] [INFO]- 当前正在操作action：query_manufacturer
[2020-03-11 15:24:15,721] [common.py:63] [common:get_action_handler] [INFO]- 当前正在操作action：query_dtu_user
[2020-03-11 15:27:16,594] [common.py:63] [common:get_action_handler] [INFO]- 当前正在操作action：del_batch_dtu
[2020-03-11 15:27:16,633] [common.py:63] [common:get_action_handler] [INFO]- 当前正在操作action：query_dtu
[2020-03-11 15:27:17,863] [common.py:63] [common:get_action_handler] [INFO]- 当前正在操作action：query_dtu_region
[2020-03-11 15:27:19,452] [common.py:63] [common:get_action_handler] [INFO]- 当前正在操作action：query_dtu_region
[2020-03-11 15:27:20,120] [common.py:63] [common:get_action_handler] [INFO]- 当前正在操作action：query_dtu_region
[2020-03-11 15:27:20,291] [common.py:63] [common:get_action_handler] [INFO]- 当前正在操作action：query_dtu_region
[2020-03-11 15:27:20,453] [common.py:63] [common:get_action_handler] [INFO]- 当前正在操作action：query_dtu_region
[2020-03-11 15:27:20,679] [common.py:63] [common:get_action_handler] [INFO]- 当前正在操作action：query_dtu_region
