[2020-03-19 13:53:28,139] [common.py:63] [common:get_action_handler] [INFO]- 当前正在操作action：query_meter
[2020-03-19 13:53:28,159] [common.py:63] [common:get_action_handler] [INFO]- 当前正在操作action：query_manufacturer
[2020-03-19 13:53:33,718] [common.py:63] [common:get_action_handler] [INFO]- 当前正在操作action：recharge_meter
[2020-03-19 13:53:39,624] [server.py:130] [server:dataReceived] [INFO]- ip: 127.0.0.1，发送了b'\x00'数据帧
[2020-03-19 13:53:52,680] [server.py:120] [server:connectionLost] [INFO]- 断开连接！
[2020-03-19 16:37:36,287] [common.py:63] [common:get_action_handler] [INFO]- 当前正在操作action：query_control_register
[2020-03-19 16:37:36,307] [common.py:63] [common:get_action_handler] [INFO]- 当前正在操作action：query_data_field
[2020-03-19 16:37:36,346] [common.py:63] [common:get_action_handler] [INFO]- 当前正在操作action：query_meter
[2020-03-19 16:37:36,370] [common.py:63] [common:get_action_handler] [INFO]- 当前正在操作action：query_manufacturer
[2020-03-19 16:37:36,375] [common.py:63] [common:get_action_handler] [INFO]- 当前正在操作action：query_admin
[2020-03-19 16:37:36,384] [common.py:63] [common:get_action_handler] [INFO]- 当前正在操作action：query_opr_log
[2020-03-19 16:37:36,406] [common.py:63] [common:get_action_handler] [INFO]- 当前正在操作action：query_role
[2020-03-19 16:37:36,414] [common.py:63] [common:get_action_handler] [INFO]- 当前正在操作action：query_dtu_region
[2020-03-19 16:37:36,471] [common.py:63] [common:get_action_handler] [INFO]- 当前正在操作action：query_dtu
[2020-03-19 16:37:36,477] [common.py:63] [common:get_action_handler] [INFO]- 当前正在操作action：query_dtu_user
[2020-03-19 16:37:36,478] [common.py:63] [common:get_action_handler] [INFO]- 当前正在操作action：query_manufacturer
[2020-03-19 16:37:48,342] [common.py:63] [common:get_action_handler] [INFO]- 当前正在操作action：del_opr_log
[2020-03-19 16:37:48,363] [common.py:63] [common:get_action_handler] [INFO]- 当前正在操作action：query_opr_log
[2020-03-19 16:37:51,133] [common.py:63] [common:get_action_handler] [INFO]- 当前正在操作action：query_opr_log
[2020-03-19 16:37:55,644] [common.py:63] [common:get_action_handler] [INFO]- 当前正在操作action：query_opr_log
[2020-03-19 16:37:58,575] [common.py:63] [common:get_action_handler] [INFO]- 当前正在操作action：query_meter
[2020-03-19 16:37:58,578] [common.py:63] [common:get_action_handler] [INFO]- 当前正在操作action：query_manufacturer
[2020-03-19 16:38:04,394] [common.py:63] [common:get_action_handler] [INFO]- 当前正在操作action：del_opr_log
[2020-03-19 16:38:04,413] [common.py:63] [common:get_action_handler] [INFO]- 当前正在操作action：query_opr_log
[2020-03-19 16:38:23,068] [common.py:63] [common:get_action_handler] [INFO]- 当前正在操作action：del_opr_log
[2020-03-19 16:38:23,085] [common.py:63] [common:get_action_handler] [INFO]- 当前正在操作action：query_opr_log
[2020-03-19 16:38:27,780] [common.py:63] [common:get_action_handler] [INFO]- 当前正在操作action：query_meter
[2020-03-19 16:38:27,783] [common.py:63] [common:get_action_handler] [INFO]- 当前正在操作action：query_manufacturer
[2020-03-19 16:38:30,047] [common.py:63] [common:get_action_handler] [INFO]- 当前正在操作action：query_state
[2020-03-19 16:38:30,063] [common.py:63] [common:get_action_handler] [INFO]- 当前正在操作action：query_dtu
[2020-03-19 16:38:32,896] [common.py:63] [common:get_action_handler] [INFO]- 当前正在操作action：query_state
[2020-03-19 16:38:32,909] [common.py:63] [common:get_action_handler] [INFO]- 当前正在操作action：query_dtu
[2020-03-19 16:38:42,359] [server.py:130] [server:dataReceived] [INFO]- ip: 127.0.0.1，发送了b'\x00'数据帧
[2020-03-19 16:38:44,527] [common.py:63] [common:get_action_handler] [INFO]- 当前正在操作action：query_state
[2020-03-19 16:38:44,545] [common.py:63] [common:get_action_handler] [INFO]- 当前正在操作action：query_dtu
[2020-03-19 16:38:46,329] [common.py:63] [common:get_action_handler] [INFO]- 当前正在操作action：query_state
[2020-03-19 16:38:46,343] [common.py:63] [common:get_action_handler] [INFO]- 当前正在操作action：query_dtu
[2020-03-19 16:38:47,826] [common.py:63] [common:get_action_handler] [INFO]- 当前正在操作action：query_state
[2020-03-19 16:38:47,845] [common.py:63] [common:get_action_handler] [INFO]- 当前正在操作action：query_dtu
[2020-03-19 16:38:49,276] [common.py:63] [common:get_action_handler] [INFO]- 当前正在操作action：query_state
[2020-03-19 16:38:49,294] [common.py:63] [common:get_action_handler] [INFO]- 当前正在操作action：query_dtu
[2020-03-19 16:38:50,759] [common.py:63] [common:get_action_handler] [INFO]- 当前正在操作action：query_state
[2020-03-19 16:38:50,777] [common.py:63] [common:get_action_handler] [INFO]- 当前正在操作action：query_dtu
[2020-03-19 16:38:52,063] [common.py:63] [common:get_action_handler] [INFO]- 当前正在操作action：query_state
[2020-03-19 16:38:52,082] [common.py:63] [common:get_action_handler] [INFO]- 当前正在操作action：query_dtu
[2020-03-19 16:39:09,109] [common.py:63] [common:get_action_handler] [INFO]- 当前正在操作action：query_meter
[2020-03-19 16:39:09,114] [common.py:63] [common:get_action_handler] [INFO]- 当前正在操作action：query_manufacturer
[2020-03-19 16:39:10,360] [common.py:63] [common:get_action_handler] [INFO]- 当前正在操作action：query_meter
[2020-03-19 16:39:10,363] [common.py:63] [common:get_action_handler] [INFO]- 当前正在操作action：query_manufacturer
[2020-03-19 16:39:12,147] [common.py:63] [common:get_action_handler] [INFO]- 当前正在操作action：query_state
[2020-03-19 16:39:12,166] [common.py:63] [common:get_action_handler] [INFO]- 当前正在操作action：query_dtu
[2020-03-19 16:39:14,503] [common.py:63] [common:get_action_handler] [INFO]- 当前正在操作action：query_state
[2020-03-19 16:39:14,520] [common.py:63] [common:get_action_handler] [INFO]- 当前正在操作action：query_dtu
[2020-03-19 16:39:16,252] [common.py:63] [common:get_action_handler] [INFO]- 当前正在操作action：update_valve_state
[2020-03-19 16:39:17,415] [common.py:63] [common:get_action_handler] [INFO]- 当前正在操作action：update_recharge_state
[2020-03-19 16:39:28,723] [server.py:130] [server:dataReceived] [INFO]- ip: 127.0.0.1，发送了b'\x03\x06\x96\x03t\x10sl'数据帧
[2020-03-19 16:39:33,603] [server.py:130] [server:dataReceived] [INFO]- ip: 127.0.0.1，发送了b'\x02\x06\x96\x05t\x10\x92\xbc'数据帧
[2020-03-19 16:39:36,631] [common.py:63] [common:get_action_handler] [INFO]- 当前正在操作action：query_state
[2020-03-19 16:39:36,648] [common.py:63] [common:get_action_handler] [INFO]- 当前正在操作action：query_dtu
[2020-03-19 16:39:39,902] [common.py:63] [common:get_action_handler] [INFO]- 当前正在操作action：query_state
[2020-03-19 16:39:39,918] [common.py:63] [common:get_action_handler] [INFO]- 当前正在操作action：query_dtu
[2020-03-19 16:43:05,670] [server.py:130] [server:dataReceived] [INFO]- ip: 127.0.0.1，发送了b'\x00'数据帧
[2020-03-19 16:43:14,008] [common.py:63] [common:get_action_handler] [INFO]- 当前正在操作action：query_state
[2020-03-19 16:43:14,027] [common.py:63] [common:get_action_handler] [INFO]- 当前正在操作action：query_dtu
[2020-03-19 16:43:16,122] [common.py:63] [common:get_action_handler] [INFO]- 当前正在操作action：update_valve_state
[2020-03-19 16:43:23,142] [common.py:63] [common:get_action_handler] [INFO]- 当前正在操作action：query_state
[2020-03-19 16:43:23,159] [common.py:63] [common:get_action_handler] [INFO]- 当前正在操作action：query_dtu
[2020-03-19 16:43:31,801] [common.py:63] [common:get_action_handler] [INFO]- 当前正在操作action：query_state
[2020-03-19 16:43:31,816] [common.py:63] [common:get_action_handler] [INFO]- 当前正在操作action：query_dtu
[2020-03-19 16:43:37,974] [server.py:120] [server:connectionLost] [INFO]- 断开连接！
[2020-03-19 17:09:50,318] [common.py:63] [common:get_action_handler] [INFO]- 当前正在操作action：query_meter
[2020-03-19 17:09:50,334] [common.py:63] [common:get_action_handler] [INFO]- 当前正在操作action：query_manufacturer
[2020-03-19 17:09:51,264] [common.py:63] [common:get_action_handler] [INFO]- 当前正在操作action：query_meter
[2020-03-19 17:09:51,269] [common.py:63] [common:get_action_handler] [INFO]- 当前正在操作action：query_manufacturer
[2020-03-19 17:09:51,723] [common.py:63] [common:get_action_handler] [INFO]- 当前正在操作action：query_meter
[2020-03-19 17:09:51,727] [common.py:63] [common:get_action_handler] [INFO]- 当前正在操作action：query_manufacturer
[2020-03-19 17:09:52,163] [common.py:63] [common:get_action_handler] [INFO]- 当前正在操作action：query_meter
[2020-03-19 17:09:52,166] [common.py:63] [common:get_action_handler] [INFO]- 当前正在操作action：query_manufacturer
[2020-03-19 17:09:52,570] [common.py:63] [common:get_action_handler] [INFO]- 当前正在操作action：query_meter
[2020-03-19 17:09:52,574] [common.py:63] [common:get_action_handler] [INFO]- 当前正在操作action：query_manufacturer
[2020-03-19 17:09:52,860] [common.py:63] [common:get_action_handler] [INFO]- 当前正在操作action：query_meter
[2020-03-19 17:09:52,863] [common.py:63] [common:get_action_handler] [INFO]- 当前正在操作action：query_manufacturer
[2020-03-19 17:09:53,129] [common.py:63] [common:get_action_handler] [INFO]- 当前正在操作action：query_meter
[2020-03-19 17:09:53,131] [common.py:63] [common:get_action_handler] [INFO]- 当前正在操作action：query_manufacturer
[2020-03-19 17:09:53,269] [common.py:63] [common:get_action_handler] [INFO]- 当前正在操作action：query_meter
[2020-03-19 17:09:53,272] [common.py:63] [common:get_action_handler] [INFO]- 当前正在操作action：query_manufacturer
[2020-03-19 17:09:53,425] [common.py:63] [common:get_action_handler] [INFO]- 当前正在操作action：query_meter
[2020-03-19 17:09:53,427] [common.py:63] [common:get_action_handler] [INFO]- 当前正在操作action：query_manufacturer
[2020-03-19 17:09:53,599] [common.py:63] [common:get_action_handler] [INFO]- 当前正在操作action：query_meter
[2020-03-19 17:09:53,603] [common.py:63] [common:get_action_handler] [INFO]- 当前正在操作action：query_manufacturer
[2020-03-19 17:09:53,785] [common.py:63] [common:get_action_handler] [INFO]- 当前正在操作action：query_meter
[2020-03-19 17:09:53,789] [common.py:63] [common:get_action_handler] [INFO]- 当前正在操作action：query_manufacturer
[2020-03-19 17:09:53,922] [common.py:63] [common:get_action_handler] [INFO]- 当前正在操作action：query_meter
[2020-03-19 17:09:53,925] [common.py:63] [common:get_action_handler] [INFO]- 当前正在操作action：query_manufacturer
[2020-03-19 17:09:54,278] [common.py:63] [common:get_action_handler] [INFO]- 当前正在操作action：query_meter
[2020-03-19 17:09:54,281] [common.py:63] [common:get_action_handler] [INFO]- 当前正在操作action：query_manufacturer
[2020-03-19 17:09:56,495] [common.py:63] [common:get_action_handler] [INFO]- 当前正在操作action：query_state
[2020-03-19 17:09:56,509] [common.py:63] [common:get_action_handler] [INFO]- 当前正在操作action：query_dtu
[2020-03-19 17:09:59,880] [common.py:63] [common:get_action_handler] [INFO]- 当前正在操作action：query_state
[2020-03-19 17:09:59,893] [common.py:63] [common:get_action_handler] [INFO]- 当前正在操作action：query_dtu
[2020-03-19 17:10:01,276] [common.py:63] [common:get_action_handler] [INFO]- 当前正在操作action：update_valve_state
[2020-03-19 17:11:34,201] [common.py:63] [common:get_action_handler] [INFO]- 当前正在操作action：query_meter
[2020-03-19 17:11:34,216] [common.py:63] [common:get_action_handler] [INFO]- 当前正在操作action：query_manufacturer
[2020-03-19 17:11:39,336] [server.py:130] [server:dataReceived] [INFO]- ip: 127.0.0.1，发送了b'\x00'数据帧
[2020-03-19 17:11:44,126] [server.py:130] [server:dataReceived] [INFO]- ip: 127.0.0.1，发送了b'\x03\x06\x96\x03t\x10sl'数据帧
[2020-03-19 17:17:51,809] [server.py:130] [server:dataReceived] [INFO]- ip: 127.0.0.1，发送了b'\x03\x06\x96\x03t\x10sl'数据帧
[2020-03-19 17:17:58,204] [common.py:63] [common:get_action_handler] [INFO]- 当前正在操作action：query_state
[2020-03-19 17:17:58,219] [common.py:63] [common:get_action_handler] [INFO]- 当前正在操作action：query_dtu
[2020-03-19 17:18:01,658] [common.py:63] [common:get_action_handler] [INFO]- 当前正在操作action：query_state
[2020-03-19 17:18:01,670] [common.py:63] [common:get_action_handler] [INFO]- 当前正在操作action：query_dtu
[2020-03-19 17:18:03,518] [common.py:63] [common:get_action_handler] [INFO]- 当前正在操作action：query_state
[2020-03-19 17:18:03,531] [common.py:63] [common:get_action_handler] [INFO]- 当前正在操作action：query_dtu
[2020-03-19 17:18:19,002] [common.py:63] [common:get_action_handler] [INFO]- 当前正在操作action：query_opr_log
[2020-03-19 17:18:35,730] [common.py:63] [common:get_action_handler] [INFO]- 当前正在操作action：query_meter
[2020-03-19 17:18:35,744] [common.py:63] [common:get_action_handler] [INFO]- 当前正在操作action：query_manufacturer
[2020-03-19 17:18:37,507] [common.py:63] [common:get_action_handler] [INFO]- 当前正在操作action：query_state
[2020-03-19 17:18:37,520] [common.py:63] [common:get_action_handler] [INFO]- 当前正在操作action：query_dtu
[2020-03-19 17:18:39,199] [common.py:63] [common:get_action_handler] [INFO]- 当前正在操作action：query_state
[2020-03-19 17:18:39,214] [common.py:63] [common:get_action_handler] [INFO]- 当前正在操作action：query_dtu
[2020-03-19 17:18:40,767] [common.py:63] [common:get_action_handler] [INFO]- 当前正在操作action：query_state
[2020-03-19 17:18:40,781] [common.py:63] [common:get_action_handler] [INFO]- 当前正在操作action：query_dtu
[2020-03-19 17:18:42,800] [common.py:63] [common:get_action_handler] [INFO]- 当前正在操作action：query_state
[2020-03-19 17:18:42,815] [common.py:63] [common:get_action_handler] [INFO]- 当前正在操作action：query_dtu
[2020-03-19 17:18:46,274] [common.py:63] [common:get_action_handler] [INFO]- 当前正在操作action：update_valve_state
[2020-03-19 17:19:00,714] [server.py:130] [server:dataReceived] [INFO]- ip: 127.0.0.1，发送了b'\x00'数据帧
[2020-03-19 17:19:06,687] [server.py:130] [server:dataReceived] [INFO]- ip: 127.0.0.1，发送了b'\x03\x06\x96\x03t\x10sl'数据帧
[2020-03-19 17:19:11,632] [common.py:63] [common:get_action_handler] [INFO]- 当前正在操作action：query_state
[2020-03-19 17:19:11,646] [common.py:63] [common:get_action_handler] [INFO]- 当前正在操作action：query_dtu
[2020-03-19 17:19:14,042] [common.py:63] [common:get_action_handler] [INFO]- 当前正在操作action：query_state
[2020-03-19 17:19:14,060] [common.py:63] [common:get_action_handler] [INFO]- 当前正在操作action：query_dtu
[2020-03-19 17:19:17,529] [common.py:63] [common:get_action_handler] [INFO]- 当前正在操作action：query_opr_log
[2020-03-19 17:20:46,000] [common.py:63] [common:get_action_handler] [INFO]- 当前正在操作action：query_opr_log
[2020-03-19 17:22:58,744] [common.py:63] [common:get_action_handler] [INFO]- 当前正在操作action：query_opr_log
[2020-03-19 17:23:37,932] [common.py:63] [common:get_action_handler] [INFO]- 当前正在操作action：query_dtu_region
[2020-03-19 17:23:38,560] [common.py:63] [common:get_action_handler] [INFO]- 当前正在操作action：query_role
[2020-03-19 17:23:39,077] [common.py:63] [common:get_action_handler] [INFO]- 当前正在操作action：query_dtu
[2020-03-19 17:23:39,079] [common.py:63] [common:get_action_handler] [INFO]- 当前正在操作action：query_manufacturer
[2020-03-19 17:23:39,103] [common.py:63] [common:get_action_handler] [INFO]- 当前正在操作action：query_dtu_user
[2020-03-19 17:23:39,586] [common.py:63] [common:get_action_handler] [INFO]- 当前正在操作action：query_meter
[2020-03-19 17:23:39,589] [common.py:63] [common:get_action_handler] [INFO]- 当前正在操作action：query_manufacturer
[2020-03-19 17:23:40,509] [common.py:63] [common:get_action_handler] [INFO]- 当前正在操作action：query_meter
[2020-03-19 17:23:40,511] [common.py:63] [common:get_action_handler] [INFO]- 当前正在操作action：query_manufacturer
[2020-03-19 17:23:41,811] [common.py:63] [common:get_action_handler] [INFO]- 当前正在操作action：query_meter
[2020-03-19 17:23:41,814] [common.py:63] [common:get_action_handler] [INFO]- 当前正在操作action：query_manufacturer
[2020-03-19 17:23:42,634] [common.py:63] [common:get_action_handler] [INFO]- 当前正在操作action：query_meter
[2020-03-19 17:23:42,637] [common.py:63] [common:get_action_handler] [INFO]- 当前正在操作action：query_manufacturer
[2020-03-19 17:23:43,140] [common.py:63] [common:get_action_handler] [INFO]- 当前正在操作action：query_meter
[2020-03-19 17:23:43,144] [common.py:63] [common:get_action_handler] [INFO]- 当前正在操作action：query_manufacturer
[2020-03-19 17:23:43,696] [common.py:63] [common:get_action_handler] [INFO]- 当前正在操作action：query_meter
[2020-03-19 17:23:43,699] [common.py:63] [common:get_action_handler] [INFO]- 当前正在操作action：query_manufacturer
[2020-03-19 17:23:49,375] [common.py:63] [common:get_action_handler] [INFO]- 当前正在操作action：query_meter
[2020-03-19 17:23:49,378] [common.py:63] [common:get_action_handler] [INFO]- 当前正在操作action：query_manufacturer
[2020-03-19 17:23:51,404] [common.py:63] [common:get_action_handler] [INFO]- 当前正在操作action：query_meter
[2020-03-19 17:23:51,406] [common.py:63] [common:get_action_handler] [INFO]- 当前正在操作action：query_manufacturer
[2020-03-19 17:23:56,599] [common.py:63] [common:get_action_handler] [INFO]- 当前正在操作action：query_meter
[2020-03-19 17:23:56,602] [common.py:63] [common:get_action_handler] [INFO]- 当前正在操作action：query_manufacturer
[2020-03-19 17:23:57,223] [common.py:63] [common:get_action_handler] [INFO]- 当前正在操作action：query_dtu
[2020-03-19 17:23:57,227] [common.py:63] [common:get_action_handler] [INFO]- 当前正在操作action：query_manufacturer
[2020-03-19 17:23:57,247] [common.py:63] [common:get_action_handler] [INFO]- 当前正在操作action：query_dtu_user
[2020-03-19 17:23:57,699] [common.py:63] [common:get_action_handler] [INFO]- 当前正在操作action：query_role
[2020-03-19 17:23:58,199] [common.py:63] [common:get_action_handler] [INFO]- 当前正在操作action：query_dtu_region
[2020-03-19 17:23:58,558] [common.py:63] [common:get_action_handler] [INFO]- 当前正在操作action：query_role
[2020-03-19 17:23:58,810] [common.py:63] [common:get_action_handler] [INFO]- 当前正在操作action：query_dtu
[2020-03-19 17:23:58,816] [common.py:63] [common:get_action_handler] [INFO]- 当前正在操作action：query_manufacturer
[2020-03-19 17:23:58,816] [common.py:63] [common:get_action_handler] [INFO]- 当前正在操作action：query_dtu_user
[2020-03-19 17:24:32,449] [common.py:63] [common:get_action_handler] [INFO]- 当前正在操作action：query_meter
[2020-03-19 17:24:32,452] [common.py:63] [common:get_action_handler] [INFO]- 当前正在操作action：query_manufacturer
[2020-03-19 17:24:37,832] [common.py:63] [common:get_action_handler] [INFO]- 当前正在操作action：query_meter
[2020-03-19 17:24:37,836] [common.py:63] [common:get_action_handler] [INFO]- 当前正在操作action：query_manufacturer
[2020-03-19 17:24:38,202] [common.py:63] [common:get_action_handler] [INFO]- 当前正在操作action：query_dtu
[2020-03-19 17:24:38,208] [common.py:63] [common:get_action_handler] [INFO]- 当前正在操作action：query_manufacturer
[2020-03-19 17:24:38,210] [common.py:63] [common:get_action_handler] [INFO]- 当前正在操作action：query_dtu_user
[2020-03-19 17:24:38,513] [common.py:63] [common:get_action_handler] [INFO]- 当前正在操作action：query_role
[2020-03-19 17:24:38,846] [common.py:63] [common:get_action_handler] [INFO]- 当前正在操作action：query_dtu_region
[2020-03-19 17:24:39,384] [common.py:63] [common:get_action_handler] [INFO]- 当前正在操作action：query_dtu_user
[2020-03-19 17:24:39,677] [common.py:63] [common:get_action_handler] [INFO]- 当前正在操作action：query_manufacturer
[2020-03-19 17:24:40,000] [common.py:63] [common:get_action_handler] [INFO]- 当前正在操作action：query_dtu_user
[2020-03-19 17:24:40,284] [common.py:63] [common:get_action_handler] [INFO]- 当前正在操作action：query_dtu_region
[2020-03-19 17:24:40,574] [common.py:63] [common:get_action_handler] [INFO]- 当前正在操作action：query_role
[2020-03-19 17:25:05,297] [common.py:63] [common:get_action_handler] [INFO]- 当前正在操作action：query_meter
[2020-03-19 17:25:05,300] [common.py:63] [common:get_action_handler] [INFO]- 当前正在操作action：query_manufacturer
[2020-03-19 21:53:07,054] [common.py:63] [common:get_action_handler] [INFO]- 当前正在操作action：query_control_register
[2020-03-19 21:53:07,081] [common.py:63] [common:get_action_handler] [INFO]- 当前正在操作action：query_data_field
[2020-03-19 21:53:07,096] [common.py:63] [common:get_action_handler] [INFO]- 当前正在操作action：query_manufacturer
[2020-03-19 21:53:07,101] [common.py:63] [common:get_action_handler] [INFO]- 当前正在操作action：query_admin
[2020-03-19 21:53:07,123] [common.py:63] [common:get_action_handler] [INFO]- 当前正在操作action：query_dtu_user
[2020-03-19 21:53:07,134] [common.py:63] [common:get_action_handler] [INFO]- 当前正在操作action：query_opr_log
[2020-03-19 21:53:07,155] [common.py:63] [common:get_action_handler] [INFO]- 当前正在操作action：query_dtu_region
[2020-03-19 21:53:07,220] [common.py:63] [common:get_action_handler] [INFO]- 当前正在操作action：query_meter
[2020-03-19 21:53:07,230] [common.py:63] [common:get_action_handler] [INFO]- 当前正在操作action：query_manufacturer
[2020-03-19 21:53:07,238] [common.py:63] [common:get_action_handler] [INFO]- 当前正在操作action：query_dtu
[2020-03-19 21:53:07,240] [common.py:63] [common:get_action_handler] [INFO]- 当前正在操作action：query_dtu_user
[2020-03-19 21:53:07,249] [common.py:63] [common:get_action_handler] [INFO]- 当前正在操作action：query_role
[2020-03-19 21:53:07,281] [common.py:63] [common:get_action_handler] [INFO]- 当前正在操作action：query_manufacturer
[2020-03-19 21:56:21,849] [common.py:63] [common:get_action_handler] [INFO]- 当前正在操作action：query_manufacturer
[2020-03-19 21:56:25,157] [common.py:63] [common:get_action_handler] [INFO]- 当前正在操作action：query_system_log
[2020-03-19 21:56:48,002] [common.py:63] [common:get_action_handler] [INFO]- 当前正在操作action：query_alarm_log
[2020-03-19 21:59:14,384] [common.py:63] [common:get_action_handler] [INFO]- 当前正在操作action：query_alarm_log
[2020-03-19 22:01:38,942] [common.py:63] [common:get_action_handler] [INFO]- 当前正在操作action：query_meter
[2020-03-19 22:01:38,957] [common.py:63] [common:get_action_handler] [INFO]- 当前正在操作action：query_manufacturer
[2020-03-19 22:01:41,661] [common.py:63] [common:get_action_handler] [INFO]- 当前正在操作action：query_dtu
[2020-03-19 22:01:41,664] [common.py:63] [common:get_action_handler] [INFO]- 当前正在操作action：query_manufacturer
[2020-03-19 22:01:41,687] [common.py:63] [common:get_action_handler] [INFO]- 当前正在操作action：query_dtu_user
[2020-03-19 22:01:42,030] [common.py:63] [common:get_action_handler] [INFO]- 当前正在操作action：query_meter
[2020-03-19 22:01:42,033] [common.py:63] [common:get_action_handler] [INFO]- 当前正在操作action：query_manufacturer
[2020-03-19 22:01:49,249] [common.py:63] [common:get_action_handler] [INFO]- 当前正在操作action：query_meter
[2020-03-19 22:01:49,252] [common.py:63] [common:get_action_handler] [INFO]- 当前正在操作action：query_manufacturer
[2020-03-19 22:01:50,010] [common.py:63] [common:get_action_handler] [INFO]- 当前正在操作action：query_dtu
[2020-03-19 22:01:50,014] [common.py:63] [common:get_action_handler] [INFO]- 当前正在操作action：query_manufacturer
[2020-03-19 22:01:50,017] [common.py:63] [common:get_action_handler] [INFO]- 当前正在操作action：query_dtu_user
[2020-03-19 22:01:50,601] [common.py:63] [common:get_action_handler] [INFO]- 当前正在操作action：query_role
[2020-03-19 22:01:50,949] [common.py:63] [common:get_action_handler] [INFO]- 当前正在操作action：query_dtu_region
[2020-03-19 22:01:51,355] [common.py:63] [common:get_action_handler] [INFO]- 当前正在操作action：query_dtu_user
[2020-03-19 22:01:51,671] [common.py:63] [common:get_action_handler] [INFO]- 当前正在操作action：query_manufacturer
[2020-03-19 22:01:52,082] [common.py:63] [common:get_action_handler] [INFO]- 当前正在操作action：query_dtu_user
[2020-03-19 22:01:52,371] [common.py:63] [common:get_action_handler] [INFO]- 当前正在操作action：query_dtu
[2020-03-19 22:01:52,374] [common.py:63] [common:get_action_handler] [INFO]- 当前正在操作action：query_manufacturer
[2020-03-19 22:01:52,377] [common.py:63] [common:get_action_handler] [INFO]- 当前正在操作action：query_dtu_user
[2020-03-19 22:01:52,534] [common.py:63] [common:get_action_handler] [INFO]- 当前正在操作action：query_meter
[2020-03-19 22:01:52,537] [common.py:63] [common:get_action_handler] [INFO]- 当前正在操作action：query_manufacturer
[2020-03-19 22:01:53,882] [common.py:63] [common:get_action_handler] [INFO]- 当前正在操作action：query_meter
[2020-03-19 22:01:53,885] [common.py:63] [common:get_action_handler] [INFO]- 当前正在操作action：query_manufacturer
[2020-03-19 22:01:57,365] [common.py:63] [common:get_action_handler] [INFO]- 当前正在操作action：query_meter
[2020-03-19 22:01:57,368] [common.py:63] [common:get_action_handler] [INFO]- 当前正在操作action：query_manufacturer
[2020-03-19 22:01:58,142] [common.py:63] [common:get_action_handler] [INFO]- 当前正在操作action：query_meter
[2020-03-19 22:01:58,145] [common.py:63] [common:get_action_handler] [INFO]- 当前正在操作action：query_manufacturer
[2020-03-19 22:01:59,580] [common.py:63] [common:get_action_handler] [INFO]- 当前正在操作action：query_meter
[2020-03-19 22:01:59,581] [common.py:63] [common:get_action_handler] [INFO]- 当前正在操作action：query_manufacturer
[2020-03-19 22:02:00,801] [common.py:63] [common:get_action_handler] [INFO]- 当前正在操作action：query_meter
[2020-03-19 22:02:00,803] [common.py:63] [common:get_action_handler] [INFO]- 当前正在操作action：query_manufacturer
[2020-03-19 22:02:01,002] [common.py:63] [common:get_action_handler] [INFO]- 当前正在操作action：query_meter
[2020-03-19 22:02:01,004] [common.py:63] [common:get_action_handler] [INFO]- 当前正在操作action：query_manufacturer
[2020-03-19 22:02:02,202] [common.py:63] [common:get_action_handler] [INFO]- 当前正在操作action：query_meter
[2020-03-19 22:02:02,203] [common.py:63] [common:get_action_handler] [INFO]- 当前正在操作action：query_manufacturer
[2020-03-19 22:02:02,413] [common.py:63] [common:get_action_handler] [INFO]- 当前正在操作action：query_meter
[2020-03-19 22:02:02,415] [common.py:63] [common:get_action_handler] [INFO]- 当前正在操作action：query_manufacturer
[2020-03-19 22:02:04,053] [common.py:63] [common:get_action_handler] [INFO]- 当前正在操作action：query_meter
[2020-03-19 22:02:04,056] [common.py:63] [common:get_action_handler] [INFO]- 当前正在操作action：query_manufacturer
[2020-03-19 22:02:34,750] [common.py:63] [common:get_action_handler] [INFO]- 当前正在操作action：query_meter
[2020-03-19 22:02:34,751] [common.py:63] [common:get_action_handler] [INFO]- 当前正在操作action：query_manufacturer
[2020-03-19 22:02:35,748] [common.py:63] [common:get_action_handler] [INFO]- 当前正在操作action：query_meter
[2020-03-19 22:02:35,753] [common.py:63] [common:get_action_handler] [INFO]- 当前正在操作action：query_manufacturer
[2020-03-19 22:02:36,078] [common.py:63] [common:get_action_handler] [INFO]- 当前正在操作action：query_dtu
[2020-03-19 22:02:36,082] [common.py:63] [common:get_action_handler] [INFO]- 当前正在操作action：query_manufacturer
[2020-03-19 22:02:36,082] [common.py:63] [common:get_action_handler] [INFO]- 当前正在操作action：query_dtu_user
[2020-03-19 22:02:36,868] [common.py:63] [common:get_action_handler] [INFO]- 当前正在操作action：query_meter
[2020-03-19 22:02:36,870] [common.py:63] [common:get_action_handler] [INFO]- 当前正在操作action：query_manufacturer
[2020-03-19 22:03:36,293] [common.py:63] [common:get_action_handler] [INFO]- 当前正在操作action：query_control_register
[2020-03-19 22:03:36,299] [common.py:63] [common:get_action_handler] [INFO]- 当前正在操作action：query_admin
[2020-03-19 22:03:36,309] [common.py:63] [common:get_action_handler] [INFO]- 当前正在操作action：query_data_field
[2020-03-19 22:03:36,326] [common.py:63] [common:get_action_handler] [INFO]- 当前正在操作action：query_opr_log
[2020-03-19 22:03:36,334] [common.py:63] [common:get_action_handler] [INFO]- 当前正在操作action：query_dtu_user
[2020-03-19 22:03:36,356] [common.py:63] [common:get_action_handler] [INFO]- 当前正在操作action：query_alarm_log
[2020-03-19 22:03:36,363] [common.py:63] [common:get_action_handler] [INFO]- 当前正在操作action：query_manufacturer
[2020-03-19 22:03:36,371] [common.py:63] [common:get_action_handler] [INFO]- 当前正在操作action：query_system_log
[2020-03-19 22:03:36,388] [common.py:63] [common:get_action_handler] [INFO]- 当前正在操作action：query_dtu_region
[2020-03-19 22:03:36,422] [common.py:63] [common:get_action_handler] [INFO]- 当前正在操作action：query_meter
[2020-03-19 22:03:36,425] [common.py:63] [common:get_action_handler] [INFO]- 当前正在操作action：query_manufacturer
[2020-03-19 22:03:36,450] [common.py:63] [common:get_action_handler] [INFO]- 当前正在操作action：query_role
[2020-03-19 22:03:36,455] [common.py:63] [common:get_action_handler] [INFO]- 当前正在操作action：query_dtu_user
[2020-03-19 22:03:36,456] [common.py:63] [common:get_action_handler] [INFO]- 当前正在操作action：query_dtu
[2020-03-19 22:03:36,466] [common.py:63] [common:get_action_handler] [INFO]- 当前正在操作action：query_manufacturer
[2020-03-19 23:28:30,958] [common.py:63] [common:get_action_handler] [INFO]- 当前正在操作action：query_control_register
[2020-03-19 23:28:30,973] [common.py:63] [common:get_action_handler] [INFO]- 当前正在操作action：query_admin
[2020-03-19 23:28:30,987] [common.py:63] [common:get_action_handler] [INFO]- 当前正在操作action：query_data_field
[2020-03-19 23:28:31,045] [common.py:63] [common:get_action_handler] [INFO]- 当前正在操作action：query_role
[2020-03-19 23:28:31,053] [common.py:63] [common:get_action_handler] [INFO]- 当前正在操作action：query_system_log
[2020-03-19 23:28:31,061] [common.py:63] [common:get_action_handler] [INFO]- 当前正在操作action：query_alarm_log
[2020-03-19 23:28:31,064] [common.py:63] [common:get_action_handler] [INFO]- 当前正在操作action：query_opr_log
[2020-03-19 23:28:31,080] [common.py:63] [common:get_action_handler] [INFO]- 当前正在操作action：query_dtu_user
[2020-03-19 23:28:31,098] [common.py:63] [common:get_action_handler] [INFO]- 当前正在操作action：query_manufacturer
[2020-03-19 23:28:31,104] [common.py:63] [common:get_action_handler] [INFO]- 当前正在操作action：query_dtu_region
[2020-03-19 23:28:31,126] [common.py:63] [common:get_action_handler] [INFO]- 当前正在操作action：query_manufacturer
[2020-03-19 23:28:31,129] [common.py:63] [common:get_action_handler] [INFO]- 当前正在操作action：query_meter
[2020-03-19 23:28:31,135] [common.py:63] [common:get_action_handler] [INFO]- 当前正在操作action：query_dtu
[2020-03-19 23:28:31,144] [common.py:63] [common:get_action_handler] [INFO]- 当前正在操作action：query_dtu_user
[2020-03-19 23:28:31,212] [common.py:63] [common:get_action_handler] [INFO]- 当前正在操作action：query_manufacturer
[2020-03-19 23:28:38,800] [common.py:63] [common:get_action_handler] [INFO]- 当前正在操作action：query_role
[2020-03-19 23:28:39,313] [common.py:63] [common:get_action_handler] [INFO]- 当前正在操作action：query_dtu_user
[2020-03-19 23:28:39,644] [common.py:63] [common:get_action_handler] [INFO]- 当前正在操作action：query_manufacturer
[2020-03-19 23:28:39,950] [common.py:63] [common:get_action_handler] [INFO]- 当前正在操作action：query_admin
[2020-03-19 23:28:40,139] [common.py:63] [common:get_action_handler] [INFO]- 当前正在操作action：query_manufacturer
[2020-03-19 23:28:40,445] [common.py:63] [common:get_action_handler] [INFO]- 当前正在操作action：query_dtu_region
[2020-03-19 23:28:40,724] [common.py:63] [common:get_action_handler] [INFO]- 当前正在操作action：query_dtu
[2020-03-19 23:28:40,728] [common.py:63] [common:get_action_handler] [INFO]- 当前正在操作action：query_manufacturer
[2020-03-19 23:28:40,729] [common.py:63] [common:get_action_handler] [INFO]- 当前正在操作action：query_dtu_user
[2020-03-19 23:28:41,035] [common.py:63] [common:get_action_handler] [INFO]- 当前正在操作action：query_role
[2020-03-19 23:28:41,269] [common.py:63] [common:get_action_handler] [INFO]- 当前正在操作action：query_dtu
[2020-03-19 23:28:41,274] [common.py:63] [common:get_action_handler] [INFO]- 当前正在操作action：query_manufacturer
[2020-03-19 23:28:41,274] [common.py:63] [common:get_action_handler] [INFO]- 当前正在操作action：query_dtu_user
[2020-03-19 23:28:41,552] [common.py:63] [common:get_action_handler] [INFO]- 当前正在操作action：query_role
[2020-03-19 23:28:45,175] [common.py:63] [common:get_action_handler] [INFO]- 当前正在操作action：edit_role_auth
[2020-03-19 23:28:45,367] [common.py:63] [common:get_action_handler] [INFO]- 当前正在操作action：query_role
[2020-03-19 23:28:48,590] [common.py:63] [common:get_action_handler] [INFO]- 当前正在操作action：query_configure
[2020-03-19 23:28:50,423] [common.py:63] [common:get_action_handler] [INFO]- 当前正在操作action：query_configure
[2020-03-19 23:28:50,845] [common.py:63] [common:get_action_handler] [INFO]- 当前正在操作action：query_configure
[2020-03-19 23:28:50,992] [common.py:63] [common:get_action_handler] [INFO]- 当前正在操作action：query_configure
[2020-03-19 23:28:51,156] [common.py:63] [common:get_action_handler] [INFO]- 当前正在操作action：query_configure
[2020-03-19 23:28:51,319] [common.py:63] [common:get_action_handler] [INFO]- 当前正在操作action：query_configure
[2020-03-19 23:28:51,457] [common.py:63] [common:get_action_handler] [INFO]- 当前正在操作action：query_configure
[2020-03-19 23:30:20,198] [common.py:63] [common:get_action_handler] [INFO]- 当前正在操作action：query_role
[2020-03-19 23:30:24,764] [common.py:63] [common:get_action_handler] [INFO]- 当前正在操作action：edit_role_auth
[2020-03-19 23:30:24,932] [common.py:63] [common:get_action_handler] [INFO]- 当前正在操作action：query_role
[2020-03-19 23:30:29,426] [common.py:63] [common:get_action_handler] [INFO]- 当前正在操作action：query_configure
[2020-03-19 23:31:05,323] [common.py:63] [common:get_action_handler] [INFO]- 当前正在操作action：query_configure
[2020-03-19 23:35:16,319] [common.py:63] [common:get_action_handler] [INFO]- 当前正在操作action：query_configure
[2020-03-19 23:35:18,181] [common.py:63] [common:get_action_handler] [INFO]- 当前正在操作action：query_control_register
[2020-03-19 23:35:18,191] [common.py:63] [common:get_action_handler] [INFO]- 当前正在操作action：query_data_field
[2020-03-19 23:35:18,206] [common.py:63] [common:get_action_handler] [INFO]- 当前正在操作action：query_admin
[2020-03-19 23:35:18,232] [common.py:63] [common:get_action_handler] [INFO]- 当前正在操作action：query_opr_log
[2020-03-19 23:35:18,254] [common.py:63] [common:get_action_handler] [INFO]- 当前正在操作action：query_dtu_user
[2020-03-19 23:35:18,261] [common.py:63] [common:get_action_handler] [INFO]- 当前正在操作action：query_manufacturer
[2020-03-19 23:35:18,264] [common.py:63] [common:get_action_handler] [INFO]- 当前正在操作action：query_configure
[2020-03-19 23:35:18,281] [common.py:63] [common:get_action_handler] [INFO]- 当前正在操作action：query_system_log
[2020-03-19 23:35:18,285] [common.py:63] [common:get_action_handler] [INFO]- 当前正在操作action：query_alarm_log
[2020-03-19 23:35:18,308] [common.py:63] [common:get_action_handler] [INFO]- 当前正在操作action：query_dtu
[2020-03-19 23:35:18,311] [common.py:63] [common:get_action_handler] [INFO]- 当前正在操作action：query_manufacturer
[2020-03-19 23:35:18,316] [common.py:63] [common:get_action_handler] [INFO]- 当前正在操作action：query_dtu_user
[2020-03-19 23:35:18,339] [common.py:63] [common:get_action_handler] [INFO]- 当前正在操作action：query_dtu_region
[2020-03-19 23:35:18,347] [common.py:63] [common:get_action_handler] [INFO]- 当前正在操作action：query_meter
[2020-03-19 23:35:18,347] [common.py:63] [common:get_action_handler] [INFO]- 当前正在操作action：query_role
[2020-03-19 23:35:18,377] [common.py:63] [common:get_action_handler] [INFO]- 当前正在操作action：query_manufacturer
[2020-03-19 23:35:23,100] [common.py:63] [common:get_action_handler] [INFO]- 当前正在操作action：query_admin
[2020-03-19 23:35:23,109] [common.py:63] [common:get_action_handler] [INFO]- 当前正在操作action：query_control_register
[2020-03-19 23:35:23,118] [common.py:63] [common:get_action_handler] [INFO]- 当前正在操作action：query_data_field
[2020-03-19 23:35:23,168] [common.py:63] [common:get_action_handler] [INFO]- 当前正在操作action：query_opr_log
[2020-03-19 23:35:23,183] [common.py:63] [common:get_action_handler] [INFO]- 当前正在操作action：query_system_log
[2020-03-19 23:35:23,190] [common.py:63] [common:get_action_handler] [INFO]- 当前正在操作action：query_dtu_user
[2020-03-19 23:35:23,199] [common.py:63] [common:get_action_handler] [INFO]- 当前正在操作action：query_manufacturer
[2020-03-19 23:35:23,206] [common.py:63] [common:get_action_handler] [INFO]- 当前正在操作action：query_meter
[2020-03-19 23:35:23,214] [common.py:63] [common:get_action_handler] [INFO]- 当前正在操作action：query_manufacturer
[2020-03-19 23:35:23,220] [common.py:63] [common:get_action_handler] [INFO]- 当前正在操作action：query_configure
[2020-03-19 23:35:23,228] [common.py:63] [common:get_action_handler] [INFO]- 当前正在操作action：query_alarm_log
[2020-03-19 23:35:23,233] [common.py:63] [common:get_action_handler] [INFO]- 当前正在操作action：query_role
[2020-03-19 23:35:23,259] [common.py:63] [common:get_action_handler] [INFO]- 当前正在操作action：query_dtu_region
[2020-03-19 23:35:23,277] [common.py:63] [common:get_action_handler] [INFO]- 当前正在操作action：query_dtu
[2020-03-19 23:35:23,278] [common.py:63] [common:get_action_handler] [INFO]- 当前正在操作action：query_dtu_user
[2020-03-19 23:35:23,310] [common.py:63] [common:get_action_handler] [INFO]- 当前正在操作action：query_manufacturer
[2020-03-19 23:35:48,517] [common.py:63] [common:get_action_handler] [INFO]- 当前正在操作action：query_data_field
[2020-03-19 23:35:48,524] [common.py:63] [common:get_action_handler] [INFO]- 当前正在操作action：query_admin
[2020-03-19 23:35:48,536] [common.py:63] [common:get_action_handler] [INFO]- 当前正在操作action：query_control_register
[2020-03-19 23:35:48,557] [common.py:63] [common:get_action_handler] [INFO]- 当前正在操作action：query_configure
[2020-03-19 23:35:48,578] [common.py:63] [common:get_action_handler] [INFO]- 当前正在操作action：query_system_log
[2020-03-19 23:35:48,584] [common.py:63] [common:get_action_handler] [INFO]- 当前正在操作action：query_opr_log
[2020-03-19 23:35:48,601] [common.py:63] [common:get_action_handler] [INFO]- 当前正在操作action：query_manufacturer
[2020-03-19 23:35:48,633] [common.py:63] [common:get_action_handler] [INFO]- 当前正在操作action：query_meter
[2020-03-19 23:35:48,636] [common.py:63] [common:get_action_handler] [INFO]- 当前正在操作action：query_dtu_region
[2020-03-19 23:35:48,638] [common.py:63] [common:get_action_handler] [INFO]- 当前正在操作action：query_manufacturer
[2020-03-19 23:35:48,638] [common.py:63] [common:get_action_handler] [INFO]- 当前正在操作action：query_role
[2020-03-19 23:35:48,639] [common.py:63] [common:get_action_handler] [INFO]- 当前正在操作action：query_dtu_user
[2020-03-19 23:35:48,673] [common.py:63] [common:get_action_handler] [INFO]- 当前正在操作action：query_alarm_log
[2020-03-19 23:35:48,680] [common.py:63] [common:get_action_handler] [INFO]- 当前正在操作action：query_dtu
[2020-03-19 23:35:48,688] [common.py:63] [common:get_action_handler] [INFO]- 当前正在操作action：query_dtu_user
[2020-03-19 23:35:48,722] [common.py:63] [common:get_action_handler] [INFO]- 当前正在操作action：query_manufacturer
