[2020-03-21 09:51:54,419] [common.py:63] [common:get_action_handler] [INFO]- 当前正在操作action：query_dtu_user
[2020-03-21 09:51:54,433] [common.py:63] [common:get_action_handler] [INFO]- 当前正在操作action：query_opr_log
[2020-03-21 09:51:54,457] [common.py:63] [common:get_action_handler] [INFO]- 当前正在操作action：query_manufacturer
[2020-03-21 09:51:54,466] [common.py:63] [common:get_action_handler] [INFO]- 当前正在操作action：query_alarm_log
[2020-03-21 09:51:54,474] [common.py:63] [common:get_action_handler] [INFO]- 当前正在操作action：query_role
[2020-03-21 09:51:54,488] [common.py:63] [common:get_action_handler] [INFO]- 当前正在操作action：query_admin
[2020-03-21 09:51:54,494] [common.py:63] [common:get_action_handler] [INFO]- 当前正在操作action：query_system_log
[2020-03-21 09:51:54,512] [common.py:63] [common:get_action_handler] [INFO]- 当前正在操作action：query_dtu_region
[2020-03-21 09:51:54,527] [common.py:63] [common:get_action_handler] [INFO]- 当前正在操作action：query_meter
[2020-03-21 09:51:54,527] [common.py:63] [common:get_action_handler] [INFO]- 当前正在操作action：query_manufacturer
[2020-03-21 09:51:54,563] [common.py:63] [common:get_action_handler] [INFO]- 当前正在操作action：query_dtu
[2020-03-21 09:51:54,572] [common.py:63] [common:get_action_handler] [INFO]- 当前正在操作action：query_dtu_user
[2020-03-21 09:51:54,596] [common.py:63] [common:get_action_handler] [INFO]- 当前正在操作action：query_manufacturer
[2020-03-21 09:53:00,579] [common.py:63] [common:get_action_handler] [INFO]- 当前正在操作action：query_dtu_user
[2020-03-21 09:53:00,600] [common.py:63] [common:get_action_handler] [INFO]- 当前正在操作action：query_opr_log
[2020-03-21 09:53:00,621] [common.py:63] [common:get_action_handler] [INFO]- 当前正在操作action：query_role
[2020-03-21 09:53:00,630] [common.py:63] [common:get_action_handler] [INFO]- 当前正在操作action：query_manufacturer
[2020-03-21 09:53:00,640] [common.py:63] [common:get_action_handler] [INFO]- 当前正在操作action：query_admin
[2020-03-21 09:53:00,651] [common.py:63] [common:get_action_handler] [INFO]- 当前正在操作action：query_alarm_log
[2020-03-21 09:53:00,659] [common.py:63] [common:get_action_handler] [INFO]- 当前正在操作action：query_dtu_region
[2020-03-21 09:53:00,668] [common.py:63] [common:get_action_handler] [INFO]- 当前正在操作action：query_meter
[2020-03-21 09:53:00,671] [common.py:63] [common:get_action_handler] [INFO]- 当前正在操作action：query_manufacturer
[2020-03-21 09:53:00,694] [common.py:63] [common:get_action_handler] [INFO]- 当前正在操作action：query_system_log
[2020-03-21 09:53:00,702] [common.py:63] [common:get_action_handler] [INFO]- 当前正在操作action：query_dtu
[2020-03-21 09:53:00,726] [common.py:63] [common:get_action_handler] [INFO]- 当前正在操作action：query_dtu_user
[2020-03-21 09:53:00,764] [common.py:63] [common:get_action_handler] [INFO]- 当前正在操作action：query_manufacturer
[2020-03-21 09:54:01,420] [common.py:63] [common:get_action_handler] [INFO]- 当前正在操作action：query_dtu_user
[2020-03-21 09:54:01,433] [common.py:63] [common:get_action_handler] [INFO]- 当前正在操作action：query_system_log
[2020-03-21 09:54:01,448] [common.py:63] [common:get_action_handler] [INFO]- 当前正在操作action：query_opr_log
[2020-03-21 09:54:01,507] [common.py:63] [common:get_action_handler] [INFO]- 当前正在操作action：query_admin
[2020-03-21 09:54:01,532] [common.py:63] [common:get_action_handler] [INFO]- 当前正在操作action：query_alarm_log
[2020-03-21 09:54:01,548] [common.py:63] [common:get_action_handler] [INFO]- 当前正在操作action：query_dtu_region
[2020-03-21 09:54:01,568] [common.py:63] [common:get_action_handler] [INFO]- 当前正在操作action：query_dtu
[2020-03-21 09:54:01,574] [common.py:63] [common:get_action_handler] [INFO]- 当前正在操作action：query_dtu_user
[2020-03-21 09:54:01,582] [common.py:63] [common:get_action_handler] [INFO]- 当前正在操作action：query_manufacturer
[2020-03-21 09:54:01,596] [common.py:63] [common:get_action_handler] [INFO]- 当前正在操作action：query_manufacturer
[2020-03-21 09:54:01,625] [common.py:63] [common:get_action_handler] [INFO]- 当前正在操作action：query_role
[2020-03-21 09:54:01,653] [common.py:63] [common:get_action_handler] [INFO]- 当前正在操作action：query_meter
[2020-03-21 09:54:01,654] [common.py:63] [common:get_action_handler] [INFO]- 当前正在操作action：query_manufacturer
[2020-03-21 09:54:24,820] [common.py:63] [common:get_action_handler] [INFO]- 当前正在操作action：query_alarm_log
[2020-03-21 09:54:27,421] [common.py:63] [common:get_action_handler] [INFO]- 当前正在操作action：query_role
[2020-03-21 09:54:27,440] [common.py:63] [common:get_action_handler] [INFO]- 当前正在操作action：query_system_log
[2020-03-21 09:54:27,450] [common.py:63] [common:get_action_handler] [INFO]- 当前正在操作action：query_dtu_user
[2020-03-21 09:54:27,491] [common.py:63] [common:get_action_handler] [INFO]- 当前正在操作action：query_alarm_log
[2020-03-21 09:54:27,504] [common.py:63] [common:get_action_handler] [INFO]- 当前正在操作action：query_manufacturer
[2020-03-21 09:54:27,521] [common.py:63] [common:get_action_handler] [INFO]- 当前正在操作action：query_admin
[2020-03-21 09:54:27,543] [common.py:63] [common:get_action_handler] [INFO]- 当前正在操作action：query_dtu_region
[2020-03-21 09:54:27,579] [common.py:63] [common:get_action_handler] [INFO]- 当前正在操作action：query_opr_log
[2020-03-21 09:54:27,664] [common.py:63] [common:get_action_handler] [INFO]- 当前正在操作action：query_meter
[2020-03-21 09:54:27,669] [common.py:63] [common:get_action_handler] [INFO]- 当前正在操作action：query_manufacturer
[2020-03-21 09:54:27,697] [common.py:63] [common:get_action_handler] [INFO]- 当前正在操作action：query_dtu
[2020-03-21 09:54:27,698] [common.py:63] [common:get_action_handler] [INFO]- 当前正在操作action：query_manufacturer
[2020-03-21 09:54:27,702] [common.py:63] [common:get_action_handler] [INFO]- 当前正在操作action：query_dtu_user
[2020-03-21 14:56:59,667] [common.py:63] [common:get_action_handler] [INFO]- 当前正在操作action：query_dtu_user
[2020-03-21 14:56:59,677] [common.py:63] [common:get_action_handler] [INFO]- 当前正在操作action：query_manufacturer
[2020-03-21 14:56:59,688] [common.py:63] [common:get_action_handler] [INFO]- 当前正在操作action：query_opr_log
[2020-03-21 14:56:59,718] [common.py:63] [common:get_action_handler] [INFO]- 当前正在操作action：query_meter
[2020-03-21 14:56:59,733] [common.py:63] [common:get_action_handler] [INFO]- 当前正在操作action：query_dtu_region
[2020-03-21 14:56:59,735] [common.py:63] [common:get_action_handler] [INFO]- 当前正在操作action：query_role
[2020-03-21 14:56:59,737] [common.py:63] [common:get_action_handler] [INFO]- 当前正在操作action：query_manufacturer
[2020-03-21 14:56:59,740] [common.py:63] [common:get_action_handler] [INFO]- 当前正在操作action：query_system_log
[2020-03-21 14:56:59,761] [common.py:63] [common:get_action_handler] [INFO]- 当前正在操作action：query_alarm_log
[2020-03-21 14:56:59,773] [common.py:63] [common:get_action_handler] [INFO]- 当前正在操作action：query_dtu
[2020-03-21 14:56:59,778] [common.py:63] [common:get_action_handler] [INFO]- 当前正在操作action：query_dtu_user
[2020-03-21 14:56:59,799] [common.py:63] [common:get_action_handler] [INFO]- 当前正在操作action：query_admin
[2020-03-21 14:56:59,820] [common.py:63] [common:get_action_handler] [INFO]- 当前正在操作action：query_manufacturer
[2020-03-21 15:02:19,041] [common.py:63] [common:get_action_handler] [INFO]- 当前正在操作action：query_dtu_user
[2020-03-21 15:02:19,052] [common.py:63] [common:get_action_handler] [INFO]- 当前正在操作action：query_opr_log
[2020-03-21 15:02:19,070] [common.py:63] [common:get_action_handler] [INFO]- 当前正在操作action：query_manufacturer
[2020-03-21 15:02:19,093] [common.py:63] [common:get_action_handler] [INFO]- 当前正在操作action：query_system_log
[2020-03-21 15:02:19,102] [common.py:63] [common:get_action_handler] [INFO]- 当前正在操作action：query_admin
[2020-03-21 15:02:19,114] [common.py:63] [common:get_action_handler] [INFO]- 当前正在操作action：query_alarm_log
[2020-03-21 15:02:19,193] [common.py:63] [common:get_action_handler] [INFO]- 当前正在操作action：query_dtu_region
[2020-03-21 15:02:19,211] [common.py:63] [common:get_action_handler] [INFO]- 当前正在操作action：query_role
[2020-03-21 15:02:19,225] [common.py:63] [common:get_action_handler] [INFO]- 当前正在操作action：query_meter
[2020-03-21 15:02:19,230] [common.py:63] [common:get_action_handler] [INFO]- 当前正在操作action：query_manufacturer
[2020-03-21 15:02:19,246] [common.py:63] [common:get_action_handler] [INFO]- 当前正在操作action：query_dtu
[2020-03-21 15:02:19,257] [common.py:63] [common:get_action_handler] [INFO]- 当前正在操作action：query_manufacturer
[2020-03-21 15:02:19,257] [common.py:63] [common:get_action_handler] [INFO]- 当前正在操作action：query_dtu_user
[2020-03-21 15:02:37,229] [common.py:63] [common:get_action_handler] [INFO]- 当前正在操作action：query_dtu_region
[2020-03-21 15:02:37,250] [common.py:63] [common:get_action_handler] [INFO]- 当前正在操作action：query_dtu_user
[2020-03-21 15:02:37,270] [common.py:63] [common:get_action_handler] [INFO]- 当前正在操作action：query_manufacturer
[2020-03-21 15:02:37,289] [common.py:63] [common:get_action_handler] [INFO]- 当前正在操作action：query_opr_log
[2020-03-21 15:02:37,315] [common.py:63] [common:get_action_handler] [INFO]- 当前正在操作action：query_admin
[2020-03-21 15:02:37,325] [common.py:63] [common:get_action_handler] [INFO]- 当前正在操作action：query_system_log
[2020-03-21 15:02:37,335] [common.py:63] [common:get_action_handler] [INFO]- 当前正在操作action：query_alarm_log
[2020-03-21 15:02:37,409] [common.py:63] [common:get_action_handler] [INFO]- 当前正在操作action：query_meter
[2020-03-21 15:02:37,414] [common.py:63] [common:get_action_handler] [INFO]- 当前正在操作action：query_manufacturer
[2020-03-21 15:02:37,428] [common.py:63] [common:get_action_handler] [INFO]- 当前正在操作action：query_role
[2020-03-21 15:02:37,455] [common.py:63] [common:get_action_handler] [INFO]- 当前正在操作action：query_dtu
[2020-03-21 15:02:37,458] [common.py:63] [common:get_action_handler] [INFO]- 当前正在操作action：query_manufacturer
[2020-03-21 15:02:37,460] [common.py:63] [common:get_action_handler] [INFO]- 当前正在操作action：query_dtu_user
[2020-03-21 15:03:32,489] [common.py:63] [common:get_action_handler] [INFO]- 当前正在操作action：query_system_log
[2020-03-21 15:03:32,514] [common.py:63] [common:get_action_handler] [INFO]- 当前正在操作action：query_opr_log
[2020-03-21 15:03:32,562] [common.py:63] [common:get_action_handler] [INFO]- 当前正在操作action：query_dtu_user
[2020-03-21 15:03:32,592] [common.py:63] [common:get_action_handler] [INFO]- 当前正在操作action：query_manufacturer
[2020-03-21 15:03:32,606] [common.py:63] [common:get_action_handler] [INFO]- 当前正在操作action：query_alarm_log
[2020-03-21 15:03:32,618] [common.py:63] [common:get_action_handler] [INFO]- 当前正在操作action：query_dtu_region
[2020-03-21 15:03:32,644] [common.py:63] [common:get_action_handler] [INFO]- 当前正在操作action：query_admin
[2020-03-21 15:03:32,704] [common.py:63] [common:get_action_handler] [INFO]- 当前正在操作action：query_dtu
[2020-03-21 15:03:32,711] [common.py:63] [common:get_action_handler] [INFO]- 当前正在操作action：query_manufacturer
[2020-03-21 15:03:32,712] [common.py:63] [common:get_action_handler] [INFO]- 当前正在操作action：query_dtu_user
[2020-03-21 15:03:32,729] [common.py:63] [common:get_action_handler] [INFO]- 当前正在操作action：query_role
[2020-03-21 15:03:32,747] [common.py:63] [common:get_action_handler] [INFO]- 当前正在操作action：query_manufacturer
[2020-03-21 15:03:32,748] [common.py:63] [common:get_action_handler] [INFO]- 当前正在操作action：query_meter
[2020-03-21 15:03:48,013] [common.py:63] [common:get_action_handler] [INFO]- 当前正在操作action：query_dtu_user
[2020-03-21 15:03:48,060] [common.py:63] [common:get_action_handler] [INFO]- 当前正在操作action：query_meter
[2020-03-21 15:03:48,067] [common.py:63] [common:get_action_handler] [INFO]- 当前正在操作action：query_manufacturer
[2020-03-21 15:03:48,101] [common.py:63] [common:get_action_handler] [INFO]- 当前正在操作action：query_opr_log
[2020-03-21 15:03:48,134] [common.py:63] [common:get_action_handler] [INFO]- 当前正在操作action：query_manufacturer
[2020-03-21 15:03:48,151] [common.py:63] [common:get_action_handler] [INFO]- 当前正在操作action：query_admin
[2020-03-21 15:03:48,187] [common.py:63] [common:get_action_handler] [INFO]- 当前正在操作action：query_dtu_region
[2020-03-21 15:03:48,241] [common.py:63] [common:get_action_handler] [INFO]- 当前正在操作action：query_alarm_log
[2020-03-21 15:03:48,255] [common.py:63] [common:get_action_handler] [INFO]- 当前正在操作action：query_system_log
[2020-03-21 15:03:48,280] [common.py:63] [common:get_action_handler] [INFO]- 当前正在操作action：query_dtu
[2020-03-21 15:03:48,283] [common.py:63] [common:get_action_handler] [INFO]- 当前正在操作action：query_dtu_user
[2020-03-21 15:03:48,286] [common.py:63] [common:get_action_handler] [INFO]- 当前正在操作action：query_manufacturer
[2020-03-21 15:03:48,305] [common.py:63] [common:get_action_handler] [INFO]- 当前正在操作action：query_role
[2020-03-21 15:04:23,942] [common.py:63] [common:get_action_handler] [INFO]- 当前正在操作action：query_opr_log
[2020-03-21 15:04:23,967] [common.py:63] [common:get_action_handler] [INFO]- 当前正在操作action：query_admin
[2020-03-21 15:04:23,978] [common.py:63] [common:get_action_handler] [INFO]- 当前正在操作action：query_role
[2020-03-21 15:04:23,988] [common.py:63] [common:get_action_handler] [INFO]- 当前正在操作action：query_manufacturer
[2020-03-21 15:04:24,005] [common.py:63] [common:get_action_handler] [INFO]- 当前正在操作action：query_system_log
[2020-03-21 15:04:24,019] [common.py:63] [common:get_action_handler] [INFO]- 当前正在操作action：query_alarm_log
[2020-03-21 15:04:24,024] [common.py:63] [common:get_action_handler] [INFO]- 当前正在操作action：query_dtu_user
[2020-03-21 15:04:24,082] [common.py:63] [common:get_action_handler] [INFO]- 当前正在操作action：query_dtu
[2020-03-21 15:04:24,085] [common.py:63] [common:get_action_handler] [INFO]- 当前正在操作action：query_manufacturer
[2020-03-21 15:04:24,091] [common.py:63] [common:get_action_handler] [INFO]- 当前正在操作action：query_dtu_user
[2020-03-21 15:04:24,112] [common.py:63] [common:get_action_handler] [INFO]- 当前正在操作action：query_manufacturer
[2020-03-21 15:04:24,112] [common.py:63] [common:get_action_handler] [INFO]- 当前正在操作action：query_meter
[2020-03-21 15:04:24,147] [common.py:63] [common:get_action_handler] [INFO]- 当前正在操作action：query_dtu_region
[2020-03-21 15:08:11,381] [common.py:63] [common:get_action_handler] [INFO]- 当前正在操作action：query_dtu_user
[2020-03-21 15:08:11,392] [common.py:63] [common:get_action_handler] [INFO]- 当前正在操作action：query_opr_log
[2020-03-21 15:08:11,434] [common.py:63] [common:get_action_handler] [INFO]- 当前正在操作action：query_admin
[2020-03-21 15:08:11,441] [common.py:63] [common:get_action_handler] [INFO]- 当前正在操作action：query_alarm_log
[2020-03-21 15:08:11,454] [common.py:63] [common:get_action_handler] [INFO]- 当前正在操作action：query_manufacturer
[2020-03-21 15:08:11,469] [common.py:63] [common:get_action_handler] [INFO]- 当前正在操作action：query_dtu_region
[2020-03-21 15:08:11,511] [common.py:63] [common:get_action_handler] [INFO]- 当前正在操作action：query_system_log
[2020-03-21 15:08:11,564] [common.py:63] [common:get_action_handler] [INFO]- 当前正在操作action：query_role
[2020-03-21 15:08:11,605] [common.py:63] [common:get_action_handler] [INFO]- 当前正在操作action：query_dtu
[2020-03-21 15:08:11,611] [common.py:63] [common:get_action_handler] [INFO]- 当前正在操作action：query_manufacturer
[2020-03-21 15:08:11,611] [common.py:63] [common:get_action_handler] [INFO]- 当前正在操作action：query_dtu_user
[2020-03-21 15:08:11,637] [common.py:63] [common:get_action_handler] [INFO]- 当前正在操作action：query_meter
[2020-03-21 15:08:11,637] [common.py:63] [common:get_action_handler] [INFO]- 当前正在操作action：query_manufacturer
[2020-03-21 15:09:00,916] [common.py:63] [common:get_action_handler] [INFO]- 当前正在操作action：query_opr_log
[2020-03-21 15:09:00,932] [common.py:63] [common:get_action_handler] [INFO]- 当前正在操作action：query_dtu_user
[2020-03-21 15:09:00,944] [common.py:63] [common:get_action_handler] [INFO]- 当前正在操作action：query_alarm_log
[2020-03-21 15:09:00,968] [common.py:63] [common:get_action_handler] [INFO]- 当前正在操作action：query_role
[2020-03-21 15:09:00,976] [common.py:63] [common:get_action_handler] [INFO]- 当前正在操作action：query_manufacturer
[2020-03-21 15:09:01,045] [common.py:63] [common:get_action_handler] [INFO]- 当前正在操作action：query_system_log
[2020-03-21 15:09:01,058] [common.py:63] [common:get_action_handler] [INFO]- 当前正在操作action：query_dtu_region
[2020-03-21 15:09:01,098] [common.py:63] [common:get_action_handler] [INFO]- 当前正在操作action：query_admin
[2020-03-21 15:09:01,123] [common.py:63] [common:get_action_handler] [INFO]- 当前正在操作action：query_dtu
[2020-03-21 15:09:01,128] [common.py:63] [common:get_action_handler] [INFO]- 当前正在操作action：query_manufacturer
[2020-03-21 15:09:01,129] [common.py:63] [common:get_action_handler] [INFO]- 当前正在操作action：query_dtu_user
[2020-03-21 15:09:01,157] [common.py:63] [common:get_action_handler] [INFO]- 当前正在操作action：query_meter
[2020-03-21 15:09:01,157] [common.py:63] [common:get_action_handler] [INFO]- 当前正在操作action：query_manufacturer
[2020-03-21 15:10:28,464] [common.py:63] [common:get_action_handler] [INFO]- 当前正在操作action：query_dtu_user
[2020-03-21 15:10:28,486] [common.py:63] [common:get_action_handler] [INFO]- 当前正在操作action：query_opr_log
[2020-03-21 15:10:28,501] [common.py:63] [common:get_action_handler] [INFO]- 当前正在操作action：query_alarm_log
[2020-03-21 15:10:28,521] [common.py:63] [common:get_action_handler] [INFO]- 当前正在操作action：query_meter
[2020-03-21 15:10:28,521] [common.py:63] [common:get_action_handler] [INFO]- 当前正在操作action：query_manufacturer
[2020-03-21 15:10:28,532] [common.py:63] [common:get_action_handler] [INFO]- 当前正在操作action：query_dtu_region
[2020-03-21 15:10:28,567] [common.py:63] [common:get_action_handler] [INFO]- 当前正在操作action：query_manufacturer
[2020-03-21 15:10:28,600] [common.py:63] [common:get_action_handler] [INFO]- 当前正在操作action：query_admin
[2020-03-21 15:10:28,611] [common.py:63] [common:get_action_handler] [INFO]- 当前正在操作action：query_system_log
[2020-03-21 15:10:28,621] [common.py:63] [common:get_action_handler] [INFO]- 当前正在操作action：query_role
[2020-03-21 15:10:28,681] [common.py:63] [common:get_action_handler] [INFO]- 当前正在操作action：query_dtu
[2020-03-21 15:10:28,684] [common.py:63] [common:get_action_handler] [INFO]- 当前正在操作action：query_manufacturer
[2020-03-21 15:10:28,686] [common.py:63] [common:get_action_handler] [INFO]- 当前正在操作action：query_dtu_user
[2020-03-21 15:10:58,650] [common.py:63] [common:get_action_handler] [INFO]- 当前正在操作action：query_system_log
[2020-03-21 15:10:58,669] [common.py:63] [common:get_action_handler] [INFO]- 当前正在操作action：query_alarm_log
[2020-03-21 15:10:58,682] [common.py:63] [common:get_action_handler] [INFO]- 当前正在操作action：query_dtu_user
[2020-03-21 15:10:58,693] [common.py:63] [common:get_action_handler] [INFO]- 当前正在操作action：query_dtu_region
[2020-03-21 15:10:58,732] [common.py:63] [common:get_action_handler] [INFO]- 当前正在操作action：query_admin
[2020-03-21 15:10:58,743] [common.py:63] [common:get_action_handler] [INFO]- 当前正在操作action：query_manufacturer
[2020-03-21 15:10:58,778] [common.py:63] [common:get_action_handler] [INFO]- 当前正在操作action：query_opr_log
[2020-03-21 15:10:58,853] [common.py:63] [common:get_action_handler] [INFO]- 当前正在操作action：query_role
[2020-03-21 15:10:58,870] [common.py:63] [common:get_action_handler] [INFO]- 当前正在操作action：query_meter
[2020-03-21 15:10:58,873] [common.py:63] [common:get_action_handler] [INFO]- 当前正在操作action：query_manufacturer
[2020-03-21 15:10:58,905] [common.py:63] [common:get_action_handler] [INFO]- 当前正在操作action：query_dtu
[2020-03-21 15:10:58,909] [common.py:63] [common:get_action_handler] [INFO]- 当前正在操作action：query_dtu_user
[2020-03-21 15:10:58,912] [common.py:63] [common:get_action_handler] [INFO]- 当前正在操作action：query_manufacturer
[2020-03-21 15:11:17,481] [common.py:63] [common:get_action_handler] [INFO]- 当前正在操作action：query_opr_log
[2020-03-21 15:11:17,525] [common.py:63] [common:get_action_handler] [INFO]- 当前正在操作action：query_dtu_user
[2020-03-21 15:11:17,578] [common.py:63] [common:get_action_handler] [INFO]- 当前正在操作action：query_admin
[2020-03-21 15:11:17,604] [common.py:63] [common:get_action_handler] [INFO]- 当前正在操作action：query_system_log
[2020-03-21 15:11:17,616] [common.py:63] [common:get_action_handler] [INFO]- 当前正在操作action：query_alarm_log
[2020-03-21 15:11:17,628] [common.py:63] [common:get_action_handler] [INFO]- 当前正在操作action：query_manufacturer
[2020-03-21 15:11:17,651] [common.py:63] [common:get_action_handler] [INFO]- 当前正在操作action：query_dtu
[2020-03-21 15:11:17,655] [common.py:63] [common:get_action_handler] [INFO]- 当前正在操作action：query_manufacturer
[2020-03-21 15:11:17,660] [common.py:63] [common:get_action_handler] [INFO]- 当前正在操作action：query_dtu_user
[2020-03-21 15:11:17,678] [common.py:63] [common:get_action_handler] [INFO]- 当前正在操作action：query_dtu_region
[2020-03-21 15:11:17,691] [common.py:63] [common:get_action_handler] [INFO]- 当前正在操作action：query_role
[2020-03-21 15:11:17,696] [common.py:63] [common:get_action_handler] [INFO]- 当前正在操作action：query_meter
[2020-03-21 15:11:17,701] [common.py:63] [common:get_action_handler] [INFO]- 当前正在操作action：query_manufacturer
[2020-03-21 15:11:23,989] [common.py:63] [common:get_action_handler] [INFO]- 当前正在操作action：query_admin
[2020-03-21 15:11:24,001] [common.py:63] [common:get_action_handler] [INFO]- 当前正在操作action：query_dtu_user
[2020-03-21 15:11:24,019] [common.py:63] [common:get_action_handler] [INFO]- 当前正在操作action：query_manufacturer
[2020-03-21 15:11:24,040] [common.py:63] [common:get_action_handler] [INFO]- 当前正在操作action：query_dtu_region
[2020-03-21 15:11:24,062] [common.py:63] [common:get_action_handler] [INFO]- 当前正在操作action：query_opr_log
[2020-03-21 15:11:24,085] [common.py:63] [common:get_action_handler] [INFO]- 当前正在操作action：query_role
[2020-03-21 15:11:24,098] [common.py:63] [common:get_action_handler] [INFO]- 当前正在操作action：query_meter
[2020-03-21 15:11:24,103] [common.py:63] [common:get_action_handler] [INFO]- 当前正在操作action：query_manufacturer
[2020-03-21 15:11:24,138] [common.py:63] [common:get_action_handler] [INFO]- 当前正在操作action：query_system_log
[2020-03-21 15:11:24,148] [common.py:63] [common:get_action_handler] [INFO]- 当前正在操作action：query_alarm_log
[2020-03-21 15:11:24,201] [common.py:63] [common:get_action_handler] [INFO]- 当前正在操作action：query_dtu
[2020-03-21 15:11:24,204] [common.py:63] [common:get_action_handler] [INFO]- 当前正在操作action：query_manufacturer
[2020-03-21 15:11:24,205] [common.py:63] [common:get_action_handler] [INFO]- 当前正在操作action：query_dtu_user
[2020-03-21 15:12:20,790] [common.py:63] [common:get_action_handler] [INFO]- 当前正在操作action：query_dtu_user
[2020-03-21 15:12:20,804] [common.py:63] [common:get_action_handler] [INFO]- 当前正在操作action：query_opr_log
[2020-03-21 15:12:20,822] [common.py:63] [common:get_action_handler] [INFO]- 当前正在操作action：query_manufacturer
[2020-03-21 15:12:20,835] [common.py:63] [common:get_action_handler] [INFO]- 当前正在操作action：query_dtu_region
[2020-03-21 15:12:20,856] [common.py:63] [common:get_action_handler] [INFO]- 当前正在操作action：query_role
[2020-03-21 15:12:20,888] [common.py:63] [common:get_action_handler] [INFO]- 当前正在操作action：query_admin
[2020-03-21 15:12:20,902] [common.py:63] [common:get_action_handler] [INFO]- 当前正在操作action：query_system_log
[2020-03-21 15:12:20,955] [common.py:63] [common:get_action_handler] [INFO]- 当前正在操作action：query_meter
[2020-03-21 15:12:20,958] [common.py:63] [common:get_action_handler] [INFO]- 当前正在操作action：query_manufacturer
[2020-03-21 15:12:20,980] [common.py:63] [common:get_action_handler] [INFO]- 当前正在操作action：query_dtu
[2020-03-21 15:12:20,983] [common.py:63] [common:get_action_handler] [INFO]- 当前正在操作action：query_manufacturer
[2020-03-21 15:12:20,985] [common.py:63] [common:get_action_handler] [INFO]- 当前正在操作action：query_dtu_user
[2020-03-21 15:12:20,987] [common.py:63] [common:get_action_handler] [INFO]- 当前正在操作action：query_alarm_log
[2020-03-21 15:14:33,088] [common.py:63] [common:get_action_handler] [INFO]- 当前正在操作action：query_alarm_log
[2020-03-21 15:14:33,143] [common.py:63] [common:get_action_handler] [INFO]- 当前正在操作action：query_dtu_region
[2020-03-21 15:14:33,161] [common.py:63] [common:get_action_handler] [INFO]- 当前正在操作action：query_dtu_user
[2020-03-21 15:14:33,188] [common.py:63] [common:get_action_handler] [INFO]- 当前正在操作action：query_opr_log
[2020-03-21 15:14:33,207] [common.py:63] [common:get_action_handler] [INFO]- 当前正在操作action：query_role
[2020-03-21 15:14:33,228] [common.py:63] [common:get_action_handler] [INFO]- 当前正在操作action：query_manufacturer
[2020-03-21 15:14:33,238] [common.py:63] [common:get_action_handler] [INFO]- 当前正在操作action：query_admin
[2020-03-21 15:14:33,252] [common.py:63] [common:get_action_handler] [INFO]- 当前正在操作action：query_system_log
[2020-03-21 15:14:33,287] [common.py:63] [common:get_action_handler] [INFO]- 当前正在操作action：query_meter
[2020-03-21 15:14:33,291] [common.py:63] [common:get_action_handler] [INFO]- 当前正在操作action：query_manufacturer
[2020-03-21 15:14:33,328] [common.py:63] [common:get_action_handler] [INFO]- 当前正在操作action：query_dtu
[2020-03-21 15:14:33,331] [common.py:63] [common:get_action_handler] [INFO]- 当前正在操作action：query_dtu_user
[2020-03-21 15:14:33,331] [common.py:63] [common:get_action_handler] [INFO]- 当前正在操作action：query_manufacturer
[2020-03-21 15:26:32,745] [common.py:63] [common:get_action_handler] [INFO]- 当前正在操作action：query_admin
[2020-03-21 15:26:32,768] [common.py:63] [common:get_action_handler] [INFO]- 当前正在操作action：query_meter
[2020-03-21 15:26:32,774] [common.py:63] [common:get_action_handler] [INFO]- 当前正在操作action：query_manufacturer
[2020-03-21 15:26:32,784] [common.py:63] [common:get_action_handler] [INFO]- 当前正在操作action：query_role
[2020-03-21 15:26:32,788] [common.py:63] [common:get_action_handler] [INFO]- 当前正在操作action：query_dtu_user
[2020-03-21 15:26:32,810] [common.py:63] [common:get_action_handler] [INFO]- 当前正在操作action：query_manufacturer
[2020-03-21 15:26:32,829] [common.py:63] [common:get_action_handler] [INFO]- 当前正在操作action：query_opr_log
[2020-03-21 15:26:32,830] [common.py:63] [common:get_action_handler] [INFO]- 当前正在操作action：query_alarm_log
[2020-03-21 15:26:32,839] [common.py:63] [common:get_action_handler] [INFO]- 当前正在操作action：query_system_log
[2020-03-21 15:26:32,850] [common.py:63] [common:get_action_handler] [INFO]- 当前正在操作action：query_dtu_region
[2020-03-21 15:26:32,872] [common.py:63] [common:get_action_handler] [INFO]- 当前正在操作action：query_dtu
[2020-03-21 15:26:32,878] [common.py:63] [common:get_action_handler] [INFO]- 当前正在操作action：query_dtu_user
[2020-03-21 15:26:32,915] [common.py:63] [common:get_action_handler] [INFO]- 当前正在操作action：query_manufacturer
[2020-03-21 15:27:07,760] [common.py:63] [common:get_action_handler] [INFO]- 当前正在操作action：query_admin
[2020-03-21 15:27:07,774] [common.py:63] [common:get_action_handler] [INFO]- 当前正在操作action：query_dtu_user
[2020-03-21 15:27:07,787] [common.py:63] [common:get_action_handler] [INFO]- 当前正在操作action：query_alarm_log
[2020-03-21 15:27:07,822] [common.py:63] [common:get_action_handler] [INFO]- 当前正在操作action：query_opr_log
[2020-03-21 15:27:07,857] [common.py:63] [common:get_action_handler] [INFO]- 当前正在操作action：query_manufacturer
[2020-03-21 15:27:07,878] [common.py:63] [common:get_action_handler] [INFO]- 当前正在操作action：query_role
[2020-03-21 15:27:07,888] [common.py:63] [common:get_action_handler] [INFO]- 当前正在操作action：query_meter
[2020-03-21 15:27:07,890] [common.py:63] [common:get_action_handler] [INFO]- 当前正在操作action：query_manufacturer
[2020-03-21 15:27:07,920] [common.py:63] [common:get_action_handler] [INFO]- 当前正在操作action：query_system_log
[2020-03-21 15:27:07,926] [common.py:63] [common:get_action_handler] [INFO]- 当前正在操作action：query_dtu_region
[2020-03-21 15:27:08,010] [common.py:63] [common:get_action_handler] [INFO]- 当前正在操作action：query_dtu
[2020-03-21 15:27:08,015] [common.py:63] [common:get_action_handler] [INFO]- 当前正在操作action：query_manufacturer
[2020-03-21 15:27:08,016] [common.py:63] [common:get_action_handler] [INFO]- 当前正在操作action：query_dtu_user
[2020-03-21 15:27:36,062] [common.py:63] [common:get_action_handler] [INFO]- 当前正在操作action：query_alarm_log
[2020-03-21 15:27:36,072] [common.py:63] [common:get_action_handler] [INFO]- 当前正在操作action：query_dtu_user
[2020-03-21 15:27:36,084] [common.py:63] [common:get_action_handler] [INFO]- 当前正在操作action：query_manufacturer
[2020-03-21 15:27:36,097] [common.py:63] [common:get_action_handler] [INFO]- 当前正在操作action：query_system_log
[2020-03-21 15:27:36,106] [common.py:63] [common:get_action_handler] [INFO]- 当前正在操作action：query_role
[2020-03-21 15:27:36,123] [common.py:63] [common:get_action_handler] [INFO]- 当前正在操作action：query_admin
[2020-03-21 15:27:36,135] [common.py:63] [common:get_action_handler] [INFO]- 当前正在操作action：query_opr_log
[2020-03-21 15:27:36,172] [common.py:63] [common:get_action_handler] [INFO]- 当前正在操作action：query_dtu_region
[2020-03-21 15:27:36,181] [common.py:63] [common:get_action_handler] [INFO]- 当前正在操作action：query_meter
[2020-03-21 15:27:36,187] [common.py:63] [common:get_action_handler] [INFO]- 当前正在操作action：query_manufacturer
[2020-03-21 15:27:36,210] [common.py:63] [common:get_action_handler] [INFO]- 当前正在操作action：query_dtu_user
[2020-03-21 15:27:36,212] [common.py:63] [common:get_action_handler] [INFO]- 当前正在操作action：query_dtu
[2020-03-21 15:27:36,248] [common.py:63] [common:get_action_handler] [INFO]- 当前正在操作action：query_manufacturer
[2020-03-21 15:28:20,320] [common.py:63] [common:get_action_handler] [INFO]- 当前正在操作action：query_opr_log
[2020-03-21 15:28:20,345] [common.py:63] [common:get_action_handler] [INFO]- 当前正在操作action：query_dtu_user
[2020-03-21 15:28:20,365] [common.py:63] [common:get_action_handler] [INFO]- 当前正在操作action：query_system_log
[2020-03-21 15:28:20,377] [common.py:63] [common:get_action_handler] [INFO]- 当前正在操作action：query_alarm_log
[2020-03-21 15:28:20,383] [common.py:63] [common:get_action_handler] [INFO]- 当前正在操作action：query_manufacturer
[2020-03-21 15:28:20,395] [common.py:63] [common:get_action_handler] [INFO]- 当前正在操作action：query_admin
[2020-03-21 15:28:20,405] [common.py:63] [common:get_action_handler] [INFO]- 当前正在操作action：query_manufacturer
[2020-03-21 15:28:20,407] [common.py:63] [common:get_action_handler] [INFO]- 当前正在操作action：query_meter
[2020-03-21 15:28:20,441] [common.py:63] [common:get_action_handler] [INFO]- 当前正在操作action：query_dtu_region
[2020-03-21 15:28:20,467] [common.py:63] [common:get_action_handler] [INFO]- 当前正在操作action：query_dtu
[2020-03-21 15:28:20,468] [common.py:63] [common:get_action_handler] [INFO]- 当前正在操作action：query_manufacturer
[2020-03-21 15:28:20,472] [common.py:63] [common:get_action_handler] [INFO]- 当前正在操作action：query_dtu_user
[2020-03-21 15:28:20,473] [common.py:63] [common:get_action_handler] [INFO]- 当前正在操作action：query_role
[2020-03-21 15:28:27,826] [common.py:63] [common:get_action_handler] [INFO]- 当前正在操作action：query_dtu
[2020-03-21 15:28:27,829] [common.py:63] [common:get_action_handler] [INFO]- 当前正在操作action：query_manufacturer
[2020-03-21 15:28:27,832] [common.py:63] [common:get_action_handler] [INFO]- 当前正在操作action：query_dtu_user
[2020-03-21 15:29:24,067] [common.py:63] [common:get_action_handler] [INFO]- 当前正在操作action：query_dtu_user
[2020-03-21 15:29:24,102] [common.py:63] [common:get_action_handler] [INFO]- 当前正在操作action：query_alarm_log
[2020-03-21 15:29:24,120] [common.py:63] [common:get_action_handler] [INFO]- 当前正在操作action：query_opr_log
[2020-03-21 15:29:24,142] [common.py:63] [common:get_action_handler] [INFO]- 当前正在操作action：query_manufacturer
[2020-03-21 15:29:24,144] [common.py:63] [common:get_action_handler] [INFO]- 当前正在操作action：query_meter
[2020-03-21 15:29:24,154] [common.py:63] [common:get_action_handler] [INFO]- 当前正在操作action：query_manufacturer
[2020-03-21 15:29:24,162] [common.py:63] [common:get_action_handler] [INFO]- 当前正在操作action：query_admin
[2020-03-21 15:29:24,173] [common.py:63] [common:get_action_handler] [INFO]- 当前正在操作action：query_role
[2020-03-21 15:29:24,192] [common.py:63] [common:get_action_handler] [INFO]- 当前正在操作action：query_dtu
[2020-03-21 15:29:24,209] [common.py:63] [common:get_action_handler] [INFO]- 当前正在操作action：query_dtu_region
[2020-03-21 15:29:24,213] [common.py:63] [common:get_action_handler] [INFO]- 当前正在操作action：query_system_log
[2020-03-21 15:29:24,214] [common.py:63] [common:get_action_handler] [INFO]- 当前正在操作action：query_dtu_user
[2020-03-21 15:29:24,239] [common.py:63] [common:get_action_handler] [INFO]- 当前正在操作action：query_manufacturer
[2020-03-21 15:33:13,585] [common.py:63] [common:get_action_handler] [INFO]- 当前正在操作action：query_opr_log
[2020-03-21 15:33:13,598] [common.py:63] [common:get_action_handler] [INFO]- 当前正在操作action：query_manufacturer
[2020-03-21 15:33:13,608] [common.py:63] [common:get_action_handler] [INFO]- 当前正在操作action：query_admin
[2020-03-21 15:33:13,623] [common.py:63] [common:get_action_handler] [INFO]- 当前正在操作action：query_role
[2020-03-21 15:33:13,625] [common.py:63] [common:get_action_handler] [INFO]- 当前正在操作action：query_system_log
[2020-03-21 15:33:13,631] [common.py:63] [common:get_action_handler] [INFO]- 当前正在操作action：query_dtu_user
[2020-03-21 15:33:13,640] [common.py:63] [common:get_action_handler] [INFO]- 当前正在操作action：query_alarm_log
[2020-03-21 15:33:13,651] [common.py:63] [common:get_action_handler] [INFO]- 当前正在操作action：query_dtu_region
[2020-03-21 15:33:13,694] [common.py:63] [common:get_action_handler] [INFO]- 当前正在操作action：query_meter
[2020-03-21 15:33:13,700] [common.py:63] [common:get_action_handler] [INFO]- 当前正在操作action：query_manufacturer
[2020-03-21 15:33:13,710] [common.py:63] [common:get_action_handler] [INFO]- 当前正在操作action：query_dtu
[2020-03-21 15:33:13,711] [common.py:63] [common:get_action_handler] [INFO]- 当前正在操作action：query_dtu_user
[2020-03-21 15:33:13,742] [common.py:63] [common:get_action_handler] [INFO]- 当前正在操作action：query_manufacturer
[2020-03-21 15:34:02,125] [common.py:63] [common:get_action_handler] [INFO]- 当前正在操作action：query_opr_log
[2020-03-21 15:34:02,144] [common.py:63] [common:get_action_handler] [INFO]- 当前正在操作action：query_admin
[2020-03-21 15:34:02,153] [common.py:63] [common:get_action_handler] [INFO]- 当前正在操作action：query_alarm_log
[2020-03-21 15:34:02,161] [common.py:63] [common:get_action_handler] [INFO]- 当前正在操作action：query_manufacturer
[2020-03-21 15:34:02,182] [common.py:63] [common:get_action_handler] [INFO]- 当前正在操作action：query_system_log
[2020-03-21 15:34:02,193] [common.py:63] [common:get_action_handler] [INFO]- 当前正在操作action：query_dtu_user
[2020-03-21 15:34:02,198] [common.py:63] [common:get_action_handler] [INFO]- 当前正在操作action：query_meter
[2020-03-21 15:34:02,200] [common.py:63] [common:get_action_handler] [INFO]- 当前正在操作action：query_manufacturer
[2020-03-21 15:34:02,207] [common.py:63] [common:get_action_handler] [INFO]- 当前正在操作action：query_role
[2020-03-21 15:34:02,236] [common.py:63] [common:get_action_handler] [INFO]- 当前正在操作action：query_dtu
[2020-03-21 15:34:02,241] [common.py:63] [common:get_action_handler] [INFO]- 当前正在操作action：query_dtu_user
[2020-03-21 15:34:02,262] [common.py:63] [common:get_action_handler] [INFO]- 当前正在操作action：query_dtu_region
[2020-03-21 15:34:02,282] [common.py:63] [common:get_action_handler] [INFO]- 当前正在操作action：query_manufacturer
[2020-03-21 15:35:47,107] [common.py:63] [common:get_action_handler] [INFO]- 当前正在操作action：query_dtu_user
[2020-03-21 15:35:47,128] [common.py:63] [common:get_action_handler] [INFO]- 当前正在操作action：query_opr_log
[2020-03-21 15:35:47,149] [common.py:63] [common:get_action_handler] [INFO]- 当前正在操作action：query_manufacturer
[2020-03-21 15:35:47,165] [common.py:63] [common:get_action_handler] [INFO]- 当前正在操作action：query_system_log
[2020-03-21 15:35:47,172] [common.py:63] [common:get_action_handler] [INFO]- 当前正在操作action：query_alarm_log
[2020-03-21 15:35:47,181] [common.py:63] [common:get_action_handler] [INFO]- 当前正在操作action：query_dtu_region
[2020-03-21 15:35:47,197] [common.py:63] [common:get_action_handler] [INFO]- 当前正在操作action：query_admin
[2020-03-21 15:35:47,253] [common.py:63] [common:get_action_handler] [INFO]- 当前正在操作action：query_dtu
[2020-03-21 15:35:47,256] [common.py:63] [common:get_action_handler] [INFO]- 当前正在操作action：query_manufacturer
[2020-03-21 15:35:47,257] [common.py:63] [common:get_action_handler] [INFO]- 当前正在操作action：query_dtu_user
[2020-03-21 15:35:47,265] [common.py:63] [common:get_action_handler] [INFO]- 当前正在操作action：query_role
[2020-03-21 15:35:47,277] [common.py:63] [common:get_action_handler] [INFO]- 当前正在操作action：query_meter
[2020-03-21 15:35:47,312] [common.py:63] [common:get_action_handler] [INFO]- 当前正在操作action：query_manufacturer
[2020-03-21 15:58:38,291] [common.py:63] [common:get_action_handler] [INFO]- 当前正在操作action：query_dtu_user
[2020-03-21 15:58:38,306] [common.py:63] [common:get_action_handler] [INFO]- 当前正在操作action：query_manufacturer
[2020-03-21 15:58:38,325] [common.py:63] [common:get_action_handler] [INFO]- 当前正在操作action：query_admin
[2020-03-21 15:58:38,336] [common.py:63] [common:get_action_handler] [INFO]- 当前正在操作action：query_role
[2020-03-21 15:58:38,342] [common.py:63] [common:get_action_handler] [INFO]- 当前正在操作action：query_system_log
[2020-03-21 15:58:38,353] [common.py:63] [common:get_action_handler] [INFO]- 当前正在操作action：query_alarm_log
[2020-03-21 15:58:38,357] [common.py:63] [common:get_action_handler] [INFO]- 当前正在操作action：query_opr_log
[2020-03-21 15:58:38,361] [common.py:63] [common:get_action_handler] [INFO]- 当前正在操作action：query_dtu_region
[2020-03-21 15:58:38,407] [common.py:63] [common:get_action_handler] [INFO]- 当前正在操作action：query_meter
[2020-03-21 15:58:38,411] [common.py:63] [common:get_action_handler] [INFO]- 当前正在操作action：query_manufacturer
[2020-03-21 15:58:38,423] [common.py:63] [common:get_action_handler] [INFO]- 当前正在操作action：query_dtu
[2020-03-21 15:58:38,431] [common.py:63] [common:get_action_handler] [INFO]- 当前正在操作action：query_dtu_user
[2020-03-21 15:58:38,459] [common.py:63] [common:get_action_handler] [INFO]- 当前正在操作action：query_manufacturer
[2020-03-21 16:04:36,575] [common.py:63] [common:get_action_handler] [INFO]- 当前正在操作action：query_dtu_user
[2020-03-21 16:04:36,591] [common.py:63] [common:get_action_handler] [INFO]- 当前正在操作action：query_role
[2020-03-21 16:04:36,599] [common.py:63] [common:get_action_handler] [INFO]- 当前正在操作action：query_dtu_region
[2020-03-21 16:04:36,608] [common.py:63] [common:get_action_handler] [INFO]- 当前正在操作action：query_manufacturer
[2020-03-21 16:04:36,609] [common.py:63] [common:get_action_handler] [INFO]- 当前正在操作action：query_meter
[2020-03-21 16:04:36,642] [common.py:63] [common:get_action_handler] [INFO]- 当前正在操作action：query_manufacturer
[2020-03-21 16:04:36,646] [common.py:63] [common:get_action_handler] [INFO]- 当前正在操作action：query_opr_log
[2020-03-21 16:04:36,649] [common.py:63] [common:get_action_handler] [INFO]- 当前正在操作action：query_admin
[2020-03-21 16:04:36,710] [common.py:63] [common:get_action_handler] [INFO]- 当前正在操作action：query_alarm_log
[2020-03-21 16:04:36,715] [common.py:63] [common:get_action_handler] [INFO]- 当前正在操作action：query_dtu
[2020-03-21 16:04:36,721] [common.py:63] [common:get_action_handler] [INFO]- 当前正在操作action：query_dtu_user
[2020-03-21 16:04:36,725] [common.py:63] [common:get_action_handler] [INFO]- 当前正在操作action：query_system_log
[2020-03-21 16:04:36,744] [common.py:63] [common:get_action_handler] [INFO]- 当前正在操作action：query_manufacturer
[2020-03-21 16:08:39,465] [common.py:63] [common:get_action_handler] [INFO]- 当前正在操作action：query_alarm_log
[2020-03-21 16:08:39,471] [common.py:63] [common:get_action_handler] [INFO]- 当前正在操作action：query_dtu_user
[2020-03-21 16:08:39,478] [common.py:63] [common:get_action_handler] [INFO]- 当前正在操作action：query_opr_log
[2020-03-21 16:08:39,491] [common.py:63] [common:get_action_handler] [INFO]- 当前正在操作action：query_manufacturer
[2020-03-21 16:08:39,504] [common.py:63] [common:get_action_handler] [INFO]- 当前正在操作action：query_admin
[2020-03-21 16:08:39,519] [common.py:63] [common:get_action_handler] [INFO]- 当前正在操作action：query_system_log
[2020-03-21 16:08:39,527] [common.py:63] [common:get_action_handler] [INFO]- 当前正在操作action：query_dtu_region
[2020-03-21 16:08:39,528] [common.py:63] [common:get_action_handler] [INFO]- 当前正在操作action：query_role
[2020-03-21 16:08:39,557] [common.py:63] [common:get_action_handler] [INFO]- 当前正在操作action：query_dtu
[2020-03-21 16:08:39,561] [common.py:63] [common:get_action_handler] [INFO]- 当前正在操作action：query_manufacturer
[2020-03-21 16:08:39,572] [common.py:63] [common:get_action_handler] [INFO]- 当前正在操作action：query_dtu_user
[2020-03-21 16:08:39,579] [common.py:63] [common:get_action_handler] [INFO]- 当前正在操作action：query_meter
[2020-03-21 16:08:39,626] [common.py:63] [common:get_action_handler] [INFO]- 当前正在操作action：query_manufacturer
[2020-03-21 16:09:16,946] [common.py:63] [common:get_action_handler] [INFO]- 当前正在操作action：query_alarm_log
[2020-03-21 16:09:18,403] [common.py:63] [common:get_action_handler] [INFO]- 当前正在操作action：query_dtu_user
[2020-03-21 16:09:18,414] [common.py:63] [common:get_action_handler] [INFO]- 当前正在操作action：query_alarm_log
[2020-03-21 16:09:18,429] [common.py:63] [common:get_action_handler] [INFO]- 当前正在操作action：query_opr_log
[2020-03-21 16:09:18,442] [common.py:63] [common:get_action_handler] [INFO]- 当前正在操作action：query_manufacturer
[2020-03-21 16:09:18,456] [common.py:63] [common:get_action_handler] [INFO]- 当前正在操作action：query_admin
[2020-03-21 16:09:18,457] [common.py:63] [common:get_action_handler] [INFO]- 当前正在操作action：query_system_log
[2020-03-21 16:09:18,482] [common.py:63] [common:get_action_handler] [INFO]- 当前正在操作action：query_dtu_region
[2020-03-21 16:09:18,495] [common.py:63] [common:get_action_handler] [INFO]- 当前正在操作action：query_meter
[2020-03-21 16:09:18,497] [common.py:63] [common:get_action_handler] [INFO]- 当前正在操作action：query_manufacturer
[2020-03-21 16:09:18,498] [common.py:63] [common:get_action_handler] [INFO]- 当前正在操作action：query_role
[2020-03-21 16:09:18,535] [common.py:63] [common:get_action_handler] [INFO]- 当前正在操作action：query_dtu
[2020-03-21 16:09:18,542] [common.py:63] [common:get_action_handler] [INFO]- 当前正在操作action：query_dtu_user
[2020-03-21 16:09:18,559] [common.py:63] [common:get_action_handler] [INFO]- 当前正在操作action：query_manufacturer
[2020-03-21 16:10:00,526] [common.py:63] [common:get_action_handler] [INFO]- 当前正在操作action：query_opr_log
[2020-03-21 16:10:00,542] [common.py:63] [common:get_action_handler] [INFO]- 当前正在操作action：query_dtu_user
[2020-03-21 16:10:00,553] [common.py:63] [common:get_action_handler] [INFO]- 当前正在操作action：query_role
[2020-03-21 16:10:00,562] [common.py:63] [common:get_action_handler] [INFO]- 当前正在操作action：query_manufacturer
[2020-03-21 16:10:00,569] [common.py:63] [common:get_action_handler] [INFO]- 当前正在操作action：query_admin
[2020-03-21 16:10:00,581] [common.py:63] [common:get_action_handler] [INFO]- 当前正在操作action：query_system_log
[2020-03-21 16:10:00,591] [common.py:63] [common:get_action_handler] [INFO]- 当前正在操作action：query_alarm_log
[2020-03-21 16:10:00,602] [common.py:63] [common:get_action_handler] [INFO]- 当前正在操作action：query_dtu_region
[2020-03-21 16:10:00,617] [common.py:63] [common:get_action_handler] [INFO]- 当前正在操作action：query_meter
[2020-03-21 16:10:00,621] [common.py:63] [common:get_action_handler] [INFO]- 当前正在操作action：query_dtu
[2020-03-21 16:10:00,624] [common.py:63] [common:get_action_handler] [INFO]- 当前正在操作action：query_manufacturer
[2020-03-21 16:10:00,632] [common.py:63] [common:get_action_handler] [INFO]- 当前正在操作action：query_dtu_user
[2020-03-21 16:10:00,684] [common.py:63] [common:get_action_handler] [INFO]- 当前正在操作action：query_manufacturer
[2020-03-21 16:12:42,471] [common.py:63] [common:get_action_handler] [INFO]- 当前正在操作action：query_alarm_log
[2020-03-21 16:12:42,485] [common.py:63] [common:get_action_handler] [INFO]- 当前正在操作action：query_dtu_user
[2020-03-21 16:12:42,510] [common.py:63] [common:get_action_handler] [INFO]- 当前正在操作action：query_opr_log
[2020-03-21 16:12:42,545] [common.py:63] [common:get_action_handler] [INFO]- 当前正在操作action：query_manufacturer
[2020-03-21 16:12:42,572] [common.py:63] [common:get_action_handler] [INFO]- 当前正在操作action：query_role
[2020-03-21 16:12:42,591] [common.py:63] [common:get_action_handler] [INFO]- 当前正在操作action：query_dtu_region
[2020-03-21 16:12:42,644] [common.py:63] [common:get_action_handler] [INFO]- 当前正在操作action：query_system_log
[2020-03-21 16:12:42,655] [common.py:63] [common:get_action_handler] [INFO]- 当前正在操作action：query_admin
[2020-03-21 16:12:42,678] [common.py:63] [common:get_action_handler] [INFO]- 当前正在操作action：query_dtu
[2020-03-21 16:12:42,682] [common.py:63] [common:get_action_handler] [INFO]- 当前正在操作action：query_dtu_user
[2020-03-21 16:12:42,685] [common.py:63] [common:get_action_handler] [INFO]- 当前正在操作action：query_manufacturer
[2020-03-21 16:12:42,716] [common.py:63] [common:get_action_handler] [INFO]- 当前正在操作action：query_meter
[2020-03-21 16:12:42,716] [common.py:63] [common:get_action_handler] [INFO]- 当前正在操作action：query_manufacturer
[2020-03-21 16:13:04,008] [common.py:63] [common:get_action_handler] [INFO]- 当前正在操作action：query_opr_log
[2020-03-21 16:13:04,028] [common.py:63] [common:get_action_handler] [INFO]- 当前正在操作action：query_dtu_user
[2020-03-21 16:13:04,036] [common.py:63] [common:get_action_handler] [INFO]- 当前正在操作action：query_manufacturer
[2020-03-21 16:13:04,046] [common.py:63] [common:get_action_handler] [INFO]- 当前正在操作action：query_admin
[2020-03-21 16:13:04,063] [common.py:63] [common:get_action_handler] [INFO]- 当前正在操作action：query_system_log
[2020-03-21 16:13:04,074] [common.py:63] [common:get_action_handler] [INFO]- 当前正在操作action：query_alarm_log
[2020-03-21 16:13:04,103] [common.py:63] [common:get_action_handler] [INFO]- 当前正在操作action：query_role
[2020-03-21 16:13:04,147] [common.py:63] [common:get_action_handler] [INFO]- 当前正在操作action：query_dtu_region
[2020-03-21 16:13:04,170] [common.py:63] [common:get_action_handler] [INFO]- 当前正在操作action：query_dtu
[2020-03-21 16:13:04,172] [common.py:63] [common:get_action_handler] [INFO]- 当前正在操作action：query_manufacturer
[2020-03-21 16:13:04,178] [common.py:63] [common:get_action_handler] [INFO]- 当前正在操作action：query_dtu_user
[2020-03-21 16:13:04,188] [common.py:63] [common:get_action_handler] [INFO]- 当前正在操作action：query_manufacturer
[2020-03-21 16:13:04,189] [common.py:63] [common:get_action_handler] [INFO]- 当前正在操作action：query_meter
[2020-03-21 16:13:58,995] [common.py:63] [common:get_action_handler] [INFO]- 当前正在操作action：query_dtu_user
[2020-03-21 16:13:59,036] [common.py:63] [common:get_action_handler] [INFO]- 当前正在操作action：query_admin
[2020-03-21 16:13:59,051] [common.py:63] [common:get_action_handler] [INFO]- 当前正在操作action：query_manufacturer
[2020-03-21 16:13:59,070] [common.py:63] [common:get_action_handler] [INFO]- 当前正在操作action：query_opr_log
[2020-03-21 16:13:59,095] [common.py:63] [common:get_action_handler] [INFO]- 当前正在操作action：query_role
[2020-03-21 16:13:59,119] [common.py:63] [common:get_action_handler] [INFO]- 当前正在操作action：query_system_log
[2020-03-21 16:13:59,139] [common.py:63] [common:get_action_handler] [INFO]- 当前正在操作action：query_dtu_region
[2020-03-21 16:13:59,172] [common.py:63] [common:get_action_handler] [INFO]- 当前正在操作action：query_meter
[2020-03-21 16:13:59,176] [common.py:63] [common:get_action_handler] [INFO]- 当前正在操作action：query_manufacturer
[2020-03-21 16:13:59,188] [common.py:63] [common:get_action_handler] [INFO]- 当前正在操作action：query_alarm_log
[2020-03-21 16:13:59,213] [common.py:63] [common:get_action_handler] [INFO]- 当前正在操作action：query_dtu
[2020-03-21 16:13:59,218] [common.py:63] [common:get_action_handler] [INFO]- 当前正在操作action：query_manufacturer
[2020-03-21 16:13:59,219] [common.py:63] [common:get_action_handler] [INFO]- 当前正在操作action：query_dtu_user
[2020-03-21 16:14:22,248] [common.py:63] [common:get_action_handler] [INFO]- 当前正在操作action：query_dtu_user
[2020-03-21 16:14:22,260] [common.py:63] [common:get_action_handler] [INFO]- 当前正在操作action：query_opr_log
[2020-03-21 16:14:22,273] [common.py:63] [common:get_action_handler] [INFO]- 当前正在操作action：query_admin
[2020-03-21 16:14:22,290] [common.py:63] [common:get_action_handler] [INFO]- 当前正在操作action：query_role
[2020-03-21 16:14:22,306] [common.py:63] [common:get_action_handler] [INFO]- 当前正在操作action：query_system_log
[2020-03-21 16:14:22,318] [common.py:63] [common:get_action_handler] [INFO]- 当前正在操作action：query_alarm_log
[2020-03-21 16:14:22,327] [common.py:63] [common:get_action_handler] [INFO]- 当前正在操作action：query_meter
[2020-03-21 16:14:22,333] [common.py:63] [common:get_action_handler] [INFO]- 当前正在操作action：query_manufacturer
[2020-03-21 16:14:22,372] [common.py:63] [common:get_action_handler] [INFO]- 当前正在操作action：query_manufacturer
[2020-03-21 16:14:22,420] [common.py:63] [common:get_action_handler] [INFO]- 当前正在操作action：query_dtu_region
[2020-03-21 16:14:22,444] [common.py:63] [common:get_action_handler] [INFO]- 当前正在操作action：query_dtu
[2020-03-21 16:14:22,448] [common.py:63] [common:get_action_handler] [INFO]- 当前正在操作action：query_manufacturer
[2020-03-21 16:14:22,450] [common.py:63] [common:get_action_handler] [INFO]- 当前正在操作action：query_dtu_user
[2020-03-21 16:15:11,767] [common.py:63] [common:get_action_handler] [INFO]- 当前正在操作action：query_dtu_user
[2020-03-21 16:15:11,783] [common.py:63] [common:get_action_handler] [INFO]- 当前正在操作action：query_opr_log
[2020-03-21 16:15:11,802] [common.py:63] [common:get_action_handler] [INFO]- 当前正在操作action：query_manufacturer
[2020-03-21 16:15:11,814] [common.py:63] [common:get_action_handler] [INFO]- 当前正在操作action：query_role
[2020-03-21 16:15:11,830] [common.py:63] [common:get_action_handler] [INFO]- 当前正在操作action：query_admin
[2020-03-21 16:15:11,842] [common.py:63] [common:get_action_handler] [INFO]- 当前正在操作action：query_alarm_log
[2020-03-21 16:15:11,854] [common.py:63] [common:get_action_handler] [INFO]- 当前正在操作action：query_dtu
[2020-03-21 16:15:11,858] [common.py:63] [common:get_action_handler] [INFO]- 当前正在操作action：query_manufacturer
[2020-03-21 16:15:11,860] [common.py:63] [common:get_action_handler] [INFO]- 当前正在操作action：query_dtu_user
[2020-03-21 16:15:11,902] [common.py:63] [common:get_action_handler] [INFO]- 当前正在操作action：query_system_log
[2020-03-21 16:15:11,930] [common.py:63] [common:get_action_handler] [INFO]- 当前正在操作action：query_dtu_region
[2020-03-21 16:15:11,976] [common.py:63] [common:get_action_handler] [INFO]- 当前正在操作action：query_meter
[2020-03-21 16:15:11,979] [common.py:63] [common:get_action_handler] [INFO]- 当前正在操作action：query_manufacturer
[2020-03-21 16:16:16,698] [common.py:63] [common:get_action_handler] [INFO]- 当前正在操作action：query_dtu_user
[2020-03-21 16:16:16,717] [common.py:63] [common:get_action_handler] [INFO]- 当前正在操作action：query_alarm_log
[2020-03-21 16:16:16,727] [common.py:63] [common:get_action_handler] [INFO]- 当前正在操作action：query_opr_log
[2020-03-21 16:16:16,741] [common.py:63] [common:get_action_handler] [INFO]- 当前正在操作action：query_manufacturer
[2020-03-21 16:16:16,754] [common.py:63] [common:get_action_handler] [INFO]- 当前正在操作action：query_admin
[2020-03-21 16:16:16,772] [common.py:63] [common:get_action_handler] [INFO]- 当前正在操作action：query_dtu_region
[2020-03-21 16:16:16,787] [common.py:63] [common:get_action_handler] [INFO]- 当前正在操作action：query_system_log
[2020-03-21 16:16:16,808] [common.py:63] [common:get_action_handler] [INFO]- 当前正在操作action：query_role
[2020-03-21 16:16:16,850] [common.py:63] [common:get_action_handler] [INFO]- 当前正在操作action：query_meter
[2020-03-21 16:16:16,852] [common.py:63] [common:get_action_handler] [INFO]- 当前正在操作action：query_manufacturer
[2020-03-21 16:16:16,903] [common.py:63] [common:get_action_handler] [INFO]- 当前正在操作action：query_dtu
[2020-03-21 16:16:16,910] [common.py:63] [common:get_action_handler] [INFO]- 当前正在操作action：query_manufacturer
[2020-03-21 16:16:16,911] [common.py:63] [common:get_action_handler] [INFO]- 当前正在操作action：query_dtu_user
[2020-03-21 16:16:19,029] [common.py:63] [common:get_action_handler] [INFO]- 当前正在操作action：query_alarm_log
[2020-03-21 16:16:20,868] [common.py:63] [common:get_action_handler] [INFO]- 当前正在操作action：query_system_log
[2020-03-21 16:16:20,884] [common.py:63] [common:get_action_handler] [INFO]- 当前正在操作action：query_admin
[2020-03-21 16:16:20,913] [common.py:63] [common:get_action_handler] [INFO]- 当前正在操作action：query_manufacturer
[2020-03-21 16:16:20,944] [common.py:63] [common:get_action_handler] [INFO]- 当前正在操作action：query_dtu_region
[2020-03-21 16:16:20,958] [common.py:63] [common:get_action_handler] [INFO]- 当前正在操作action：query_alarm_log
[2020-03-21 16:16:20,974] [common.py:63] [common:get_action_handler] [INFO]- 当前正在操作action：query_dtu_user
[2020-03-21 16:16:20,984] [common.py:63] [common:get_action_handler] [INFO]- 当前正在操作action：query_opr_log
[2020-03-21 16:16:21,010] [common.py:63] [common:get_action_handler] [INFO]- 当前正在操作action：query_role
[2020-03-21 16:16:21,065] [common.py:63] [common:get_action_handler] [INFO]- 当前正在操作action：query_meter
[2020-03-21 16:16:21,070] [common.py:63] [common:get_action_handler] [INFO]- 当前正在操作action：query_manufacturer
[2020-03-21 16:16:21,092] [common.py:63] [common:get_action_handler] [INFO]- 当前正在操作action：query_manufacturer
[2020-03-21 16:16:21,093] [common.py:63] [common:get_action_handler] [INFO]- 当前正在操作action：query_dtu_user
[2020-03-21 16:16:21,093] [common.py:63] [common:get_action_handler] [INFO]- 当前正在操作action：query_dtu
[2020-03-21 16:17:25,883] [common.py:63] [common:get_action_handler] [INFO]- 当前正在操作action：query_system_log
[2020-03-21 16:17:25,902] [common.py:63] [common:get_action_handler] [INFO]- 当前正在操作action：query_manufacturer
[2020-03-21 16:17:25,935] [common.py:63] [common:get_action_handler] [INFO]- 当前正在操作action：query_opr_log
[2020-03-21 16:17:25,958] [common.py:63] [common:get_action_handler] [INFO]- 当前正在操作action：query_dtu_user
[2020-03-21 16:17:25,967] [common.py:63] [common:get_action_handler] [INFO]- 当前正在操作action：query_dtu_region
[2020-03-21 16:17:25,992] [common.py:63] [common:get_action_handler] [INFO]- 当前正在操作action：query_admin
[2020-03-21 16:17:26,005] [common.py:63] [common:get_action_handler] [INFO]- 当前正在操作action：query_meter
[2020-03-21 16:17:26,008] [common.py:63] [common:get_action_handler] [INFO]- 当前正在操作action：query_manufacturer
[2020-03-21 16:17:26,088] [common.py:63] [common:get_action_handler] [INFO]- 当前正在操作action：query_alarm_log
[2020-03-21 16:17:26,138] [common.py:63] [common:get_action_handler] [INFO]- 当前正在操作action：query_dtu
[2020-03-21 16:17:26,144] [common.py:63] [common:get_action_handler] [INFO]- 当前正在操作action：query_manufacturer
[2020-03-21 16:17:26,146] [common.py:63] [common:get_action_handler] [INFO]- 当前正在操作action：query_dtu_user
[2020-03-21 16:17:26,160] [common.py:63] [common:get_action_handler] [INFO]- 当前正在操作action：query_role
[2020-03-21 16:24:29,129] [common.py:63] [common:get_action_handler] [INFO]- 当前正在操作action：query_opr_log
[2020-03-21 16:24:29,146] [common.py:63] [common:get_action_handler] [INFO]- 当前正在操作action：query_dtu_region
[2020-03-21 16:24:29,161] [common.py:63] [common:get_action_handler] [INFO]- 当前正在操作action：query_role
[2020-03-21 16:24:29,175] [common.py:63] [common:get_action_handler] [INFO]- 当前正在操作action：query_admin
[2020-03-21 16:24:29,186] [common.py:63] [common:get_action_handler] [INFO]- 当前正在操作action：query_system_log
[2020-03-21 16:24:29,198] [common.py:63] [common:get_action_handler] [INFO]- 当前正在操作action：query_dtu_user
[2020-03-21 16:24:29,216] [common.py:63] [common:get_action_handler] [INFO]- 当前正在操作action：query_manufacturer
[2020-03-21 16:24:29,242] [common.py:63] [common:get_action_handler] [INFO]- 当前正在操作action：query_alarm_log
[2020-03-21 16:24:29,309] [common.py:63] [common:get_action_handler] [INFO]- 当前正在操作action：query_meter
[2020-03-21 16:24:29,313] [common.py:63] [common:get_action_handler] [INFO]- 当前正在操作action：query_manufacturer
[2020-03-21 16:24:29,336] [common.py:63] [common:get_action_handler] [INFO]- 当前正在操作action：query_dtu
[2020-03-21 16:24:29,341] [common.py:63] [common:get_action_handler] [INFO]- 当前正在操作action：query_dtu_user
[2020-03-21 16:24:29,342] [common.py:63] [common:get_action_handler] [INFO]- 当前正在操作action：query_manufacturer
[2020-03-21 16:24:33,584] [common.py:63] [common:get_action_handler] [INFO]- 当前正在操作action：query_dtu_user
[2020-03-21 16:24:33,595] [common.py:63] [common:get_action_handler] [INFO]- 当前正在操作action：query_admin
[2020-03-21 16:24:33,607] [common.py:63] [common:get_action_handler] [INFO]- 当前正在操作action：query_dtu_region
[2020-03-21 16:24:33,622] [common.py:63] [common:get_action_handler] [INFO]- 当前正在操作action：query_opr_log
[2020-03-21 16:24:33,652] [common.py:63] [common:get_action_handler] [INFO]- 当前正在操作action：query_system_log
[2020-03-21 16:24:33,671] [common.py:63] [common:get_action_handler] [INFO]- 当前正在操作action：query_manufacturer
[2020-03-21 16:24:33,673] [common.py:63] [common:get_action_handler] [INFO]- 当前正在操作action：query_alarm_log
[2020-03-21 16:24:33,696] [common.py:63] [common:get_action_handler] [INFO]- 当前正在操作action：query_role
[2020-03-21 16:24:33,776] [common.py:63] [common:get_action_handler] [INFO]- 当前正在操作action：query_dtu
[2020-03-21 16:24:33,779] [common.py:63] [common:get_action_handler] [INFO]- 当前正在操作action：query_manufacturer
[2020-03-21 16:24:33,784] [common.py:63] [common:get_action_handler] [INFO]- 当前正在操作action：query_dtu_user
[2020-03-21 16:24:33,810] [common.py:63] [common:get_action_handler] [INFO]- 当前正在操作action：query_manufacturer
[2020-03-21 16:24:33,810] [common.py:63] [common:get_action_handler] [INFO]- 当前正在操作action：query_meter
[2020-03-21 16:24:46,342] [common.py:63] [common:get_action_handler] [INFO]- 当前正在操作action：query_dtu_region
[2020-03-21 16:24:46,362] [common.py:63] [common:get_action_handler] [INFO]- 当前正在操作action：query_manufacturer
[2020-03-21 16:24:46,363] [common.py:63] [common:get_action_handler] [INFO]- 当前正在操作action：query_meter
[2020-03-21 16:24:46,383] [common.py:63] [common:get_action_handler] [INFO]- 当前正在操作action：query_dtu_user
[2020-03-21 16:24:46,392] [common.py:63] [common:get_action_handler] [INFO]- 当前正在操作action：query_admin
[2020-03-21 16:24:46,403] [common.py:63] [common:get_action_handler] [INFO]- 当前正在操作action：query_opr_log
[2020-03-21 16:24:46,415] [common.py:63] [common:get_action_handler] [INFO]- 当前正在操作action：query_alarm_log
[2020-03-21 16:24:46,431] [common.py:63] [common:get_action_handler] [INFO]- 当前正在操作action：query_manufacturer
[2020-03-21 16:24:46,438] [common.py:63] [common:get_action_handler] [INFO]- 当前正在操作action：query_system_log
[2020-03-21 16:24:46,465] [common.py:63] [common:get_action_handler] [INFO]- 当前正在操作action：query_role
[2020-03-21 16:24:46,482] [common.py:63] [common:get_action_handler] [INFO]- 当前正在操作action：query_dtu
[2020-03-21 16:24:46,490] [common.py:63] [common:get_action_handler] [INFO]- 当前正在操作action：query_dtu_user
[2020-03-21 16:24:46,493] [common.py:63] [common:get_action_handler] [INFO]- 当前正在操作action：query_manufacturer
[2020-03-21 16:28:01,210] [common.py:63] [common:get_action_handler] [INFO]- 当前正在操作action：query_dtu_user
[2020-03-21 16:28:01,226] [common.py:63] [common:get_action_handler] [INFO]- 当前正在操作action：query_admin
[2020-03-21 16:28:01,262] [common.py:63] [common:get_action_handler] [INFO]- 当前正在操作action：query_system_log
[2020-03-21 16:28:01,264] [common.py:63] [common:get_action_handler] [INFO]- 当前正在操作action：query_opr_log
[2020-03-21 16:28:01,288] [common.py:63] [common:get_action_handler] [INFO]- 当前正在操作action：query_meter
[2020-03-21 16:28:01,291] [common.py:63] [common:get_action_handler] [INFO]- 当前正在操作action：query_manufacturer
[2020-03-21 16:28:01,336] [common.py:63] [common:get_action_handler] [INFO]- 当前正在操作action：query_alarm_log
[2020-03-21 16:28:01,357] [common.py:63] [common:get_action_handler] [INFO]- 当前正在操作action：query_manufacturer
[2020-03-21 16:28:01,442] [common.py:63] [common:get_action_handler] [INFO]- 当前正在操作action：query_dtu
[2020-03-21 16:28:01,447] [common.py:63] [common:get_action_handler] [INFO]- 当前正在操作action：query_manufacturer
[2020-03-21 16:28:01,447] [common.py:63] [common:get_action_handler] [INFO]- 当前正在操作action：query_dtu_user
[2020-03-21 16:28:01,465] [common.py:63] [common:get_action_handler] [INFO]- 当前正在操作action：query_dtu_region
[2020-03-21 16:28:01,471] [common.py:63] [common:get_action_handler] [INFO]- 当前正在操作action：query_role
[2020-03-21 16:28:07,597] [common.py:63] [common:get_action_handler] [INFO]- 当前正在操作action：query_dtu_user
[2020-03-21 16:28:07,620] [common.py:63] [common:get_action_handler] [INFO]- 当前正在操作action：query_opr_log
[2020-03-21 16:28:07,650] [common.py:63] [common:get_action_handler] [INFO]- 当前正在操作action：query_manufacturer
[2020-03-21 16:28:07,676] [common.py:63] [common:get_action_handler] [INFO]- 当前正在操作action：query_meter
[2020-03-21 16:28:07,682] [common.py:63] [common:get_action_handler] [INFO]- 当前正在操作action：query_manufacturer
[2020-03-21 16:28:07,700] [common.py:63] [common:get_action_handler] [INFO]- 当前正在操作action：query_dtu_region
[2020-03-21 16:28:07,719] [common.py:63] [common:get_action_handler] [INFO]- 当前正在操作action：query_admin
[2020-03-21 16:28:07,731] [common.py:63] [common:get_action_handler] [INFO]- 当前正在操作action：query_system_log
[2020-03-21 16:28:07,738] [common.py:63] [common:get_action_handler] [INFO]- 当前正在操作action：query_alarm_log
[2020-03-21 16:28:07,768] [common.py:63] [common:get_action_handler] [INFO]- 当前正在操作action：query_role
[2020-03-21 16:28:07,834] [common.py:63] [common:get_action_handler] [INFO]- 当前正在操作action：query_dtu
[2020-03-21 16:28:07,838] [common.py:63] [common:get_action_handler] [INFO]- 当前正在操作action：query_dtu_user
[2020-03-21 16:28:07,838] [common.py:63] [common:get_action_handler] [INFO]- 当前正在操作action：query_manufacturer
[2020-03-21 16:30:04,730] [common.py:63] [common:get_action_handler] [INFO]- 当前正在操作action：query_alarm_log
[2020-03-21 16:30:04,740] [common.py:63] [common:get_action_handler] [INFO]- 当前正在操作action：query_dtu_user
[2020-03-21 16:30:04,769] [common.py:63] [common:get_action_handler] [INFO]- 当前正在操作action：query_manufacturer
[2020-03-21 16:30:04,788] [common.py:63] [common:get_action_handler] [INFO]- 当前正在操作action：query_admin
[2020-03-21 16:30:04,799] [common.py:63] [common:get_action_handler] [INFO]- 当前正在操作action：query_system_log
[2020-03-21 16:30:04,815] [common.py:63] [common:get_action_handler] [INFO]- 当前正在操作action：query_opr_log
[2020-03-21 16:30:04,838] [common.py:63] [common:get_action_handler] [INFO]- 当前正在操作action：query_role
[2020-03-21 16:30:04,868] [common.py:63] [common:get_action_handler] [INFO]- 当前正在操作action：query_dtu_region
[2020-03-21 16:30:04,898] [common.py:63] [common:get_action_handler] [INFO]- 当前正在操作action：query_meter
[2020-03-21 16:30:04,902] [common.py:63] [common:get_action_handler] [INFO]- 当前正在操作action：query_manufacturer
[2020-03-21 16:30:04,928] [common.py:63] [common:get_action_handler] [INFO]- 当前正在操作action：query_dtu
[2020-03-21 16:30:04,929] [common.py:63] [common:get_action_handler] [INFO]- 当前正在操作action：query_manufacturer
[2020-03-21 16:30:04,930] [common.py:63] [common:get_action_handler] [INFO]- 当前正在操作action：query_dtu_user
[2020-03-21 16:30:52,869] [common.py:63] [common:get_action_handler] [INFO]- 当前正在操作action：query_dtu_user
[2020-03-21 16:30:52,914] [common.py:63] [common:get_action_handler] [INFO]- 当前正在操作action：query_manufacturer
[2020-03-21 16:30:52,926] [common.py:63] [common:get_action_handler] [INFO]- 当前正在操作action：query_system_log
[2020-03-21 16:30:52,943] [common.py:63] [common:get_action_handler] [INFO]- 当前正在操作action：query_dtu_region
[2020-03-21 16:30:52,958] [common.py:63] [common:get_action_handler] [INFO]- 当前正在操作action：query_opr_log
[2020-03-21 16:30:52,974] [common.py:63] [common:get_action_handler] [INFO]- 当前正在操作action：query_admin
[2020-03-21 16:30:52,988] [common.py:63] [common:get_action_handler] [INFO]- 当前正在操作action：query_role
[2020-03-21 16:30:53,001] [common.py:63] [common:get_action_handler] [INFO]- 当前正在操作action：query_alarm_log
[2020-03-21 16:30:53,022] [common.py:63] [common:get_action_handler] [INFO]- 当前正在操作action：query_dtu
[2020-03-21 16:30:53,027] [common.py:63] [common:get_action_handler] [INFO]- 当前正在操作action：query_dtu_user
[2020-03-21 16:30:53,027] [common.py:63] [common:get_action_handler] [INFO]- 当前正在操作action：query_manufacturer
[2020-03-21 16:30:53,112] [common.py:63] [common:get_action_handler] [INFO]- 当前正在操作action：query_meter
[2020-03-21 16:30:53,116] [common.py:63] [common:get_action_handler] [INFO]- 当前正在操作action：query_manufacturer
[2020-03-21 16:31:04,270] [common.py:63] [common:get_action_handler] [INFO]- 当前正在操作action：query_dtu_user
[2020-03-21 16:31:04,288] [common.py:63] [common:get_action_handler] [INFO]- 当前正在操作action：query_meter
[2020-03-21 16:31:04,292] [common.py:63] [common:get_action_handler] [INFO]- 当前正在操作action：query_manufacturer
[2020-03-21 16:31:04,312] [common.py:63] [common:get_action_handler] [INFO]- 当前正在操作action：query_admin
[2020-03-21 16:31:04,340] [common.py:63] [common:get_action_handler] [INFO]- 当前正在操作action：query_system_log
[2020-03-21 16:31:04,361] [common.py:63] [common:get_action_handler] [INFO]- 当前正在操作action：query_opr_log
[2020-03-21 16:31:04,418] [common.py:63] [common:get_action_handler] [INFO]- 当前正在操作action：query_dtu_region
[2020-03-21 16:31:04,433] [common.py:63] [common:get_action_handler] [INFO]- 当前正在操作action：query_alarm_log
[2020-03-21 16:31:04,445] [common.py:63] [common:get_action_handler] [INFO]- 当前正在操作action：query_manufacturer
[2020-03-21 16:31:04,458] [common.py:63] [common:get_action_handler] [INFO]- 当前正在操作action：query_role
[2020-03-21 16:31:04,490] [common.py:63] [common:get_action_handler] [INFO]- 当前正在操作action：query_dtu
[2020-03-21 16:31:04,496] [common.py:63] [common:get_action_handler] [INFO]- 当前正在操作action：query_manufacturer
[2020-03-21 16:31:04,497] [common.py:63] [common:get_action_handler] [INFO]- 当前正在操作action：query_dtu_user
[2020-03-21 16:31:59,531] [common.py:63] [common:get_action_handler] [INFO]- 当前正在操作action：query_dtu_user
[2020-03-21 16:31:59,565] [common.py:63] [common:get_action_handler] [INFO]- 当前正在操作action：query_opr_log
[2020-03-21 16:31:59,579] [common.py:63] [common:get_action_handler] [INFO]- 当前正在操作action：query_alarm_log
[2020-03-21 16:31:59,599] [common.py:63] [common:get_action_handler] [INFO]- 当前正在操作action：query_role
[2020-03-21 16:31:59,608] [common.py:63] [common:get_action_handler] [INFO]- 当前正在操作action：query_admin
[2020-03-21 16:31:59,619] [common.py:63] [common:get_action_handler] [INFO]- 当前正在操作action：query_system_log
[2020-03-21 16:31:59,630] [common.py:63] [common:get_action_handler] [INFO]- 当前正在操作action：query_manufacturer
[2020-03-21 16:31:59,655] [common.py:63] [common:get_action_handler] [INFO]- 当前正在操作action：query_dtu_region
[2020-03-21 16:31:59,689] [common.py:63] [common:get_action_handler] [INFO]- 当前正在操作action：query_meter
[2020-03-21 16:31:59,692] [common.py:63] [common:get_action_handler] [INFO]- 当前正在操作action：query_manufacturer
[2020-03-21 16:31:59,716] [common.py:63] [common:get_action_handler] [INFO]- 当前正在操作action：query_dtu
[2020-03-21 16:31:59,716] [common.py:63] [common:get_action_handler] [INFO]- 当前正在操作action：query_manufacturer
[2020-03-21 16:31:59,716] [common.py:63] [common:get_action_handler] [INFO]- 当前正在操作action：query_dtu_user
[2020-03-21 16:32:22,200] [common.py:63] [common:get_action_handler] [INFO]- 当前正在操作action：query_dtu_user
[2020-03-21 16:32:22,218] [common.py:63] [common:get_action_handler] [INFO]- 当前正在操作action：query_manufacturer
[2020-03-21 16:32:22,248] [common.py:63] [common:get_action_handler] [INFO]- 当前正在操作action：query_admin
[2020-03-21 16:32:22,259] [common.py:63] [common:get_action_handler] [INFO]- 当前正在操作action：query_system_log
[2020-03-21 16:32:22,269] [common.py:63] [common:get_action_handler] [INFO]- 当前正在操作action：query_alarm_log
[2020-03-21 16:32:22,276] [common.py:63] [common:get_action_handler] [INFO]- 当前正在操作action：query_opr_log
[2020-03-21 16:32:22,296] [common.py:63] [common:get_action_handler] [INFO]- 当前正在操作action：query_dtu_region
[2020-03-21 16:32:22,331] [common.py:63] [common:get_action_handler] [INFO]- 当前正在操作action：query_role
[2020-03-21 16:32:22,386] [common.py:63] [common:get_action_handler] [INFO]- 当前正在操作action：query_meter
[2020-03-21 16:32:22,390] [common.py:63] [common:get_action_handler] [INFO]- 当前正在操作action：query_manufacturer
[2020-03-21 16:32:22,411] [common.py:63] [common:get_action_handler] [INFO]- 当前正在操作action：query_dtu
[2020-03-21 16:32:22,418] [common.py:63] [common:get_action_handler] [INFO]- 当前正在操作action：query_dtu_user
[2020-03-21 16:32:22,420] [common.py:63] [common:get_action_handler] [INFO]- 当前正在操作action：query_manufacturer
[2020-03-21 17:12:54,220] [common.py:63] [common:get_action_handler] [INFO]- 当前正在操作action：query_dtu_user
[2020-03-21 17:12:54,232] [common.py:63] [common:get_action_handler] [INFO]- 当前正在操作action：query_manufacturer
[2020-03-21 17:12:54,242] [common.py:63] [common:get_action_handler] [INFO]- 当前正在操作action：query_admin
[2020-03-21 17:12:54,260] [common.py:63] [common:get_action_handler] [INFO]- 当前正在操作action：query_opr_log
[2020-03-21 17:12:54,275] [common.py:63] [common:get_action_handler] [INFO]- 当前正在操作action：query_system_log
[2020-03-21 17:12:54,280] [common.py:63] [common:get_action_handler] [INFO]- 当前正在操作action：query_alarm_log
[2020-03-21 17:12:54,305] [common.py:63] [common:get_action_handler] [INFO]- 当前正在操作action：query_role
[2020-03-21 17:12:54,322] [common.py:63] [common:get_action_handler] [INFO]- 当前正在操作action：query_dtu_region
[2020-03-21 17:12:54,333] [common.py:63] [common:get_action_handler] [INFO]- 当前正在操作action：query_meter
[2020-03-21 17:12:54,334] [common.py:63] [common:get_action_handler] [INFO]- 当前正在操作action：query_manufacturer
[2020-03-21 17:12:54,358] [common.py:63] [common:get_action_handler] [INFO]- 当前正在操作action：query_dtu
[2020-03-21 17:12:54,365] [common.py:63] [common:get_action_handler] [INFO]- 当前正在操作action：query_dtu_user
[2020-03-21 17:12:54,390] [common.py:63] [common:get_action_handler] [INFO]- 当前正在操作action：query_manufacturer
[2020-03-21 17:12:55,562] [common.py:63] [common:get_action_handler] [INFO]- 当前正在操作action：query_meter
[2020-03-21 17:12:55,566] [common.py:63] [common:get_action_handler] [INFO]- 当前正在操作action：query_manufacturer
[2020-03-21 17:12:56,094] [common.py:63] [common:get_action_handler] [INFO]- 当前正在操作action：query_role
[2020-03-21 17:12:56,413] [common.py:63] [common:get_action_handler] [INFO]- 当前正在操作action：query_meter
[2020-03-21 17:12:56,418] [common.py:63] [common:get_action_handler] [INFO]- 当前正在操作action：query_manufacturer
[2020-03-21 17:12:56,622] [common.py:63] [common:get_action_handler] [INFO]- 当前正在操作action：query_meter
[2020-03-21 17:12:56,626] [common.py:63] [common:get_action_handler] [INFO]- 当前正在操作action：query_manufacturer
[2020-03-21 17:12:57,581] [common.py:63] [common:get_action_handler] [INFO]- 当前正在操作action：query_role
[2020-03-21 17:12:57,880] [common.py:63] [common:get_action_handler] [INFO]- 当前正在操作action：query_dtu
[2020-03-21 17:12:57,885] [common.py:63] [common:get_action_handler] [INFO]- 当前正在操作action：query_manufacturer
[2020-03-21 17:12:57,885] [common.py:63] [common:get_action_handler] [INFO]- 当前正在操作action：query_dtu_user
[2020-03-21 17:12:58,110] [common.py:63] [common:get_action_handler] [INFO]- 当前正在操作action：query_meter
[2020-03-21 17:12:58,113] [common.py:63] [common:get_action_handler] [INFO]- 当前正在操作action：query_manufacturer
[2020-03-21 17:12:58,923] [common.py:63] [common:get_action_handler] [INFO]- 当前正在操作action：query_meter
[2020-03-21 17:12:58,926] [common.py:63] [common:get_action_handler] [INFO]- 当前正在操作action：query_manufacturer
[2020-03-21 17:13:00,275] [common.py:63] [common:get_action_handler] [INFO]- 当前正在操作action：query_role
[2020-03-21 17:13:00,865] [common.py:63] [common:get_action_handler] [INFO]- 当前正在操作action：query_dtu_user
[2020-03-21 17:13:01,075] [common.py:63] [common:get_action_handler] [INFO]- 当前正在操作action：query_role
[2020-03-21 17:13:02,387] [common.py:63] [common:get_action_handler] [INFO]- 当前正在操作action：query_meter
[2020-03-21 17:13:02,390] [common.py:63] [common:get_action_handler] [INFO]- 当前正在操作action：query_manufacturer
[2020-03-21 17:13:03,562] [common.py:63] [common:get_action_handler] [INFO]- 当前正在操作action：query_meter
[2020-03-21 17:13:03,564] [common.py:63] [common:get_action_handler] [INFO]- 当前正在操作action：query_manufacturer
[2020-03-21 17:13:03,901] [common.py:63] [common:get_action_handler] [INFO]- 当前正在操作action：query_role
[2020-03-21 17:13:04,124] [common.py:63] [common:get_action_handler] [INFO]- 当前正在操作action：query_meter
[2020-03-21 17:13:04,126] [common.py:63] [common:get_action_handler] [INFO]- 当前正在操作action：query_manufacturer
[2020-03-21 17:13:04,360] [common.py:63] [common:get_action_handler] [INFO]- 当前正在操作action：query_meter
[2020-03-21 17:13:04,361] [common.py:63] [common:get_action_handler] [INFO]- 当前正在操作action：query_manufacturer
[2020-03-21 17:13:05,185] [common.py:63] [common:get_action_handler] [INFO]- 当前正在操作action：query_meter
[2020-03-21 17:13:05,188] [common.py:63] [common:get_action_handler] [INFO]- 当前正在操作action：query_manufacturer
[2020-03-21 17:13:05,403] [common.py:63] [common:get_action_handler] [INFO]- 当前正在操作action：query_dtu
[2020-03-21 17:13:05,410] [common.py:63] [common:get_action_handler] [INFO]- 当前正在操作action：query_manufacturer
[2020-03-21 17:13:05,410] [common.py:63] [common:get_action_handler] [INFO]- 当前正在操作action：query_dtu_user
[2020-03-21 17:13:05,717] [common.py:63] [common:get_action_handler] [INFO]- 当前正在操作action：query_manufacturer
[2020-03-21 17:13:06,311] [common.py:63] [common:get_action_handler] [INFO]- 当前正在操作action：query_admin
[2020-03-21 17:13:06,525] [common.py:63] [common:get_action_handler] [INFO]- 当前正在操作action：query_dtu_user
[2020-03-21 17:13:06,766] [common.py:63] [common:get_action_handler] [INFO]- 当前正在操作action：query_role
[2020-03-21 17:13:06,989] [common.py:63] [common:get_action_handler] [INFO]- 当前正在操作action：query_dtu
[2020-03-21 17:13:06,994] [common.py:63] [common:get_action_handler] [INFO]- 当前正在操作action：query_manufacturer
[2020-03-21 17:13:06,994] [common.py:63] [common:get_action_handler] [INFO]- 当前正在操作action：query_dtu_user
[2020-03-21 17:13:07,229] [common.py:63] [common:get_action_handler] [INFO]- 当前正在操作action：query_meter
[2020-03-21 17:13:07,232] [common.py:63] [common:get_action_handler] [INFO]- 当前正在操作action：query_manufacturer
[2020-03-21 17:13:07,421] [common.py:63] [common:get_action_handler] [INFO]- 当前正在操作action：query_meter
[2020-03-21 17:13:07,424] [common.py:63] [common:get_action_handler] [INFO]- 当前正在操作action：query_manufacturer
[2020-03-21 17:13:08,338] [common.py:63] [common:get_action_handler] [INFO]- 当前正在操作action：query_dtu_user
[2020-03-21 17:13:08,637] [common.py:63] [common:get_action_handler] [INFO]- 当前正在操作action：query_admin
[2020-03-21 17:13:09,006] [common.py:63] [common:get_action_handler] [INFO]- 当前正在操作action：query_manufacturer
[2020-03-21 17:13:09,224] [common.py:63] [common:get_action_handler] [INFO]- 当前正在操作action：query_dtu_user
[2020-03-21 17:13:09,469] [common.py:63] [common:get_action_handler] [INFO]- 当前正在操作action：query_dtu_region
[2020-03-21 17:13:09,744] [common.py:63] [common:get_action_handler] [INFO]- 当前正在操作action：query_dtu
[2020-03-21 17:13:09,749] [common.py:63] [common:get_action_handler] [INFO]- 当前正在操作action：query_manufacturer
[2020-03-21 17:13:09,749] [common.py:63] [common:get_action_handler] [INFO]- 当前正在操作action：query_dtu_user
[2020-03-21 17:13:09,925] [common.py:63] [common:get_action_handler] [INFO]- 当前正在操作action：query_dtu
[2020-03-21 17:13:09,926] [common.py:63] [common:get_action_handler] [INFO]- 当前正在操作action：query_manufacturer
[2020-03-21 17:13:09,927] [common.py:63] [common:get_action_handler] [INFO]- 当前正在操作action：query_dtu_user
[2020-03-21 17:13:10,146] [common.py:63] [common:get_action_handler] [INFO]- 当前正在操作action：query_meter
[2020-03-21 17:13:10,148] [common.py:63] [common:get_action_handler] [INFO]- 当前正在操作action：query_manufacturer
[2020-03-21 17:13:12,326] [common.py:63] [common:get_action_handler] [INFO]- 当前正在操作action：query_dtu_region
[2020-03-21 17:13:12,697] [common.py:63] [common:get_action_handler] [INFO]- 当前正在操作action：query_manufacturer
[2020-03-21 17:13:12,935] [common.py:63] [common:get_action_handler] [INFO]- 当前正在操作action：query_admin
[2020-03-21 17:13:13,182] [common.py:63] [common:get_action_handler] [INFO]- 当前正在操作action：query_dtu_user
[2020-03-21 17:13:13,400] [common.py:63] [common:get_action_handler] [INFO]- 当前正在操作action：query_role
[2020-03-21 17:13:15,775] [common.py:63] [common:get_action_handler] [INFO]- 当前正在操作action：query_dtu
[2020-03-21 17:13:15,779] [common.py:63] [common:get_action_handler] [INFO]- 当前正在操作action：query_manufacturer
[2020-03-21 17:13:15,781] [common.py:63] [common:get_action_handler] [INFO]- 当前正在操作action：query_dtu_user
[2020-03-21 17:13:16,091] [common.py:63] [common:get_action_handler] [INFO]- 当前正在操作action：query_dtu_user
[2020-03-21 17:13:16,312] [common.py:63] [common:get_action_handler] [INFO]- 当前正在操作action：query_dtu
[2020-03-21 17:13:16,317] [common.py:63] [common:get_action_handler] [INFO]- 当前正在操作action：query_manufacturer
[2020-03-21 17:13:16,319] [common.py:63] [common:get_action_handler] [INFO]- 当前正在操作action：query_dtu_user
[2020-03-21 17:13:16,560] [common.py:63] [common:get_action_handler] [INFO]- 当前正在操作action：query_meter
[2020-03-21 17:13:16,563] [common.py:63] [common:get_action_handler] [INFO]- 当前正在操作action：query_manufacturer
[2020-03-21 17:13:16,913] [common.py:63] [common:get_action_handler] [INFO]- 当前正在操作action：query_dtu_user
[2020-03-21 17:13:17,197] [common.py:63] [common:get_action_handler] [INFO]- 当前正在操作action：query_admin
[2020-03-21 17:13:17,455] [common.py:63] [common:get_action_handler] [INFO]- 当前正在操作action：query_manufacturer
[2020-03-21 17:13:17,691] [common.py:63] [common:get_action_handler] [INFO]- 当前正在操作action：query_dtu_region
[2020-03-21 17:13:17,871] [common.py:63] [common:get_action_handler] [INFO]- 当前正在操作action：query_role
[2020-03-21 17:13:18,077] [common.py:63] [common:get_action_handler] [INFO]- 当前正在操作action：query_meter
[2020-03-21 17:13:18,080] [common.py:63] [common:get_action_handler] [INFO]- 当前正在操作action：query_manufacturer
[2020-03-21 17:13:44,986] [common.py:63] [common:get_action_handler] [INFO]- 当前正在操作action：query_role
[2020-03-21 17:13:45,699] [common.py:63] [common:get_action_handler] [INFO]- 当前正在操作action：query_admin
[2020-03-21 17:13:45,999] [common.py:63] [common:get_action_handler] [INFO]- 当前正在操作action：query_manufacturer
[2020-03-21 17:13:46,268] [common.py:63] [common:get_action_handler] [INFO]- 当前正在操作action：query_dtu_user
[2020-03-21 17:13:46,550] [common.py:63] [common:get_action_handler] [INFO]- 当前正在操作action：query_role
[2020-03-21 17:13:46,854] [common.py:63] [common:get_action_handler] [INFO]- 当前正在操作action：query_dtu_region
[2020-03-21 17:13:47,047] [common.py:63] [common:get_action_handler] [INFO]- 当前正在操作action：query_dtu_region
[2020-03-21 17:13:47,322] [common.py:63] [common:get_action_handler] [INFO]- 当前正在操作action：query_role
[2020-03-21 17:13:50,751] [common.py:63] [common:get_action_handler] [INFO]- 当前正在操作action：edit_role_auth
[2020-03-21 17:13:50,923] [common.py:63] [common:get_action_handler] [INFO]- 当前正在操作action：query_role
[2020-03-21 17:13:55,398] [common.py:63] [common:get_action_handler] [INFO]- 当前正在操作action：edit_role_auth
[2020-03-21 17:13:55,477] [common.py:63] [common:get_action_handler] [INFO]- 当前正在操作action：query_role
[2020-03-21 17:13:57,205] [common.py:63] [common:get_action_handler] [INFO]- 当前正在操作action：edit_role_auth
[2020-03-21 17:13:57,297] [common.py:63] [common:get_action_handler] [INFO]- 当前正在操作action：query_role
[2020-03-21 17:13:59,074] [common.py:63] [common:get_action_handler] [INFO]- 当前正在操作action：edit_role_auth
[2020-03-21 17:13:59,136] [common.py:63] [common:get_action_handler] [INFO]- 当前正在操作action：query_role
[2020-03-21 17:14:00,669] [common.py:63] [common:get_action_handler] [INFO]- 当前正在操作action：edit_role_auth
[2020-03-21 17:14:00,744] [common.py:63] [common:get_action_handler] [INFO]- 当前正在操作action：query_role
[2020-03-21 17:17:58,283] [common.py:63] [common:get_action_handler] [INFO]- 当前正在操作action：query_dtu_user
[2020-03-21 17:17:58,314] [common.py:63] [common:get_action_handler] [INFO]- 当前正在操作action：query_opr_log
[2020-03-21 17:17:58,329] [common.py:63] [common:get_action_handler] [INFO]- 当前正在操作action：query_role
[2020-03-21 17:17:58,333] [common.py:63] [common:get_action_handler] [INFO]- 当前正在操作action：query_dtu_region
[2020-03-21 17:17:58,351] [common.py:63] [common:get_action_handler] [INFO]- 当前正在操作action：query_manufacturer
[2020-03-21 17:17:58,355] [common.py:63] [common:get_action_handler] [INFO]- 当前正在操作action：query_alarm_log
[2020-03-21 17:17:58,359] [common.py:63] [common:get_action_handler] [INFO]- 当前正在操作action：query_admin
[2020-03-21 17:17:58,363] [common.py:63] [common:get_action_handler] [INFO]- 当前正在操作action：query_system_log
[2020-03-21 17:17:58,394] [common.py:63] [common:get_action_handler] [INFO]- 当前正在操作action：query_meter
[2020-03-21 17:17:58,417] [common.py:63] [common:get_action_handler] [INFO]- 当前正在操作action：query_manufacturer
[2020-03-21 17:17:58,427] [common.py:63] [common:get_action_handler] [INFO]- 当前正在操作action：query_dtu
[2020-03-21 17:17:58,436] [common.py:63] [common:get_action_handler] [INFO]- 当前正在操作action：query_dtu_user
[2020-03-21 17:17:58,464] [common.py:63] [common:get_action_handler] [INFO]- 当前正在操作action：query_manufacturer
[2020-03-21 17:18:04,234] [common.py:63] [common:get_action_handler] [INFO]- 当前正在操作action：query_meter
[2020-03-21 17:18:04,237] [common.py:63] [common:get_action_handler] [INFO]- 当前正在操作action：query_manufacturer
[2020-03-21 17:18:04,995] [common.py:63] [common:get_action_handler] [INFO]- 当前正在操作action：query_role
[2020-03-21 17:18:05,735] [common.py:63] [common:get_action_handler] [INFO]- 当前正在操作action：query_dtu_user
[2020-03-21 17:18:06,296] [common.py:63] [common:get_action_handler] [INFO]- 当前正在操作action：query_dtu_region
[2020-03-21 17:18:06,670] [common.py:63] [common:get_action_handler] [INFO]- 当前正在操作action：query_dtu_user
[2020-03-21 17:18:07,047] [common.py:63] [common:get_action_handler] [INFO]- 当前正在操作action：query_manufacturer
[2020-03-21 17:18:07,381] [common.py:63] [common:get_action_handler] [INFO]- 当前正在操作action：query_dtu_user
[2020-03-21 17:18:07,678] [common.py:63] [common:get_action_handler] [INFO]- 当前正在操作action：query_dtu_region
[2020-03-21 17:18:07,890] [common.py:63] [common:get_action_handler] [INFO]- 当前正在操作action：query_role
[2020-03-21 17:18:08,151] [common.py:63] [common:get_action_handler] [INFO]- 当前正在操作action：query_dtu
[2020-03-21 17:18:08,156] [common.py:63] [common:get_action_handler] [INFO]- 当前正在操作action：query_manufacturer
[2020-03-21 17:18:08,156] [common.py:63] [common:get_action_handler] [INFO]- 当前正在操作action：query_dtu_user
[2020-03-21 17:18:08,378] [common.py:63] [common:get_action_handler] [INFO]- 当前正在操作action：query_dtu
[2020-03-21 17:18:08,383] [common.py:63] [common:get_action_handler] [INFO]- 当前正在操作action：query_dtu_user
[2020-03-21 17:18:08,384] [common.py:63] [common:get_action_handler] [INFO]- 当前正在操作action：query_manufacturer
[2020-03-21 17:18:08,582] [common.py:63] [common:get_action_handler] [INFO]- 当前正在操作action：query_meter
[2020-03-21 17:18:08,583] [common.py:63] [common:get_action_handler] [INFO]- 当前正在操作action：query_manufacturer
[2020-03-21 17:18:09,347] [common.py:63] [common:get_action_handler] [INFO]- 当前正在操作action：query_meter
[2020-03-21 17:18:09,350] [common.py:63] [common:get_action_handler] [INFO]- 当前正在操作action：query_manufacturer
[2020-03-21 17:18:09,708] [common.py:63] [common:get_action_handler] [INFO]- 当前正在操作action：query_meter
[2020-03-21 17:18:09,711] [common.py:63] [common:get_action_handler] [INFO]- 当前正在操作action：query_manufacturer
[2020-03-21 17:18:13,380] [common.py:63] [common:get_action_handler] [INFO]- 当前正在操作action：query_meter
[2020-03-21 17:18:13,382] [common.py:63] [common:get_action_handler] [INFO]- 当前正在操作action：query_manufacturer
[2020-03-21 17:18:14,059] [common.py:63] [common:get_action_handler] [INFO]- 当前正在操作action：query_dtu
[2020-03-21 17:18:14,062] [common.py:63] [common:get_action_handler] [INFO]- 当前正在操作action：query_manufacturer
[2020-03-21 17:18:14,063] [common.py:63] [common:get_action_handler] [INFO]- 当前正在操作action：query_dtu_user
[2020-03-21 17:18:14,412] [common.py:63] [common:get_action_handler] [INFO]- 当前正在操作action：query_role
[2020-03-21 17:18:14,761] [common.py:63] [common:get_action_handler] [INFO]- 当前正在操作action：query_dtu_region
[2020-03-21 17:18:15,151] [common.py:63] [common:get_action_handler] [INFO]- 当前正在操作action：query_dtu_user
[2020-03-21 17:18:15,500] [common.py:63] [common:get_action_handler] [INFO]- 当前正在操作action：query_manufacturer
[2020-03-21 17:18:15,876] [common.py:63] [common:get_action_handler] [INFO]- 当前正在操作action：query_admin
[2020-03-21 17:18:16,161] [common.py:63] [common:get_action_handler] [INFO]- 当前正在操作action：query_manufacturer
[2020-03-21 17:18:16,575] [common.py:63] [common:get_action_handler] [INFO]- 当前正在操作action：query_dtu_user
[2020-03-21 17:18:16,835] [common.py:63] [common:get_action_handler] [INFO]- 当前正在操作action：query_dtu_region
[2020-03-21 17:18:17,088] [common.py:63] [common:get_action_handler] [INFO]- 当前正在操作action：query_role
[2020-03-21 17:18:17,348] [common.py:63] [common:get_action_handler] [INFO]- 当前正在操作action：query_dtu
[2020-03-21 17:18:17,351] [common.py:63] [common:get_action_handler] [INFO]- 当前正在操作action：query_manufacturer
[2020-03-21 17:18:17,352] [common.py:63] [common:get_action_handler] [INFO]- 当前正在操作action：query_dtu_user
[2020-03-21 17:18:17,631] [common.py:63] [common:get_action_handler] [INFO]- 当前正在操作action：query_meter
[2020-03-21 17:18:17,634] [common.py:63] [common:get_action_handler] [INFO]- 当前正在操作action：query_manufacturer
[2020-03-21 17:18:18,854] [common.py:63] [common:get_action_handler] [INFO]- 当前正在操作action：query_meter
[2020-03-21 17:18:18,858] [common.py:63] [common:get_action_handler] [INFO]- 当前正在操作action：query_manufacturer
[2020-03-21 21:05:40,199] [common.py:63] [common:get_action_handler] [INFO]- 当前正在操作action：query_dtu_user
[2020-03-21 21:05:40,224] [common.py:63] [common:get_action_handler] [INFO]- 当前正在操作action：query_opr_log
[2020-03-21 21:05:40,235] [common.py:63] [common:get_action_handler] [INFO]- 当前正在操作action：query_role
[2020-03-21 21:05:40,246] [common.py:63] [common:get_action_handler] [INFO]- 当前正在操作action：query_admin
[2020-03-21 21:05:40,250] [common.py:63] [common:get_action_handler] [INFO]- 当前正在操作action：query_manufacturer
[2020-03-21 21:05:40,279] [common.py:63] [common:get_action_handler] [INFO]- 当前正在操作action：query_dtu_region
[2020-03-21 21:05:40,287] [common.py:63] [common:get_action_handler] [INFO]- 当前正在操作action：query_dtu
[2020-03-21 21:05:40,289] [common.py:63] [common:get_action_handler] [INFO]- 当前正在操作action：query_manufacturer
[2020-03-21 21:05:40,292] [common.py:63] [common:get_action_handler] [INFO]- 当前正在操作action：query_dtu_user
[2020-03-21 21:05:40,307] [common.py:63] [common:get_action_handler] [INFO]- 当前正在操作action：query_alarm_log
[2020-03-21 21:05:40,331] [common.py:63] [common:get_action_handler] [INFO]- 当前正在操作action：query_system_log
[2020-03-21 21:05:40,346] [common.py:63] [common:get_action_handler] [INFO]- 当前正在操作action：query_meter
[2020-03-21 21:05:40,368] [common.py:63] [common:get_action_handler] [INFO]- 当前正在操作action：query_manufacturer
[2020-03-21 21:05:41,736] [common.py:63] [common:get_action_handler] [INFO]- 当前正在操作action：query_dtu
[2020-03-21 21:05:41,740] [common.py:63] [common:get_action_handler] [INFO]- 当前正在操作action：query_manufacturer
[2020-03-21 21:05:41,741] [common.py:63] [common:get_action_handler] [INFO]- 当前正在操作action：query_dtu_user
[2020-03-21 21:05:44,732] [common.py:63] [common:get_action_handler] [INFO]- 当前正在操作action：query_manufacturer
[2020-03-21 21:05:44,734] [common.py:63] [common:get_action_handler] [INFO]- 当前正在操作action：query_dtu_user
[2020-03-21 21:05:44,735] [common.py:63] [common:get_action_handler] [INFO]- 当前正在操作action：query_dtu
[2020-03-21 21:05:44,736] [common.py:63] [common:get_action_handler] [INFO]- 当前正在操作action：query_dtu_region
[2020-03-21 21:05:48,580] [common.py:63] [common:get_action_handler] [INFO]- 当前正在操作action：query_manufacturer
[2020-03-21 21:05:48,581] [common.py:63] [common:get_action_handler] [INFO]- 当前正在操作action：query_dtu_user
[2020-03-21 21:05:48,581] [common.py:63] [common:get_action_handler] [INFO]- 当前正在操作action：query_dtu
[2020-03-21 21:05:48,582] [common.py:63] [common:get_action_handler] [INFO]- 当前正在操作action：query_dtu_region
[2020-03-21 21:31:15,102] [common.py:63] [common:get_action_handler] [INFO]- 当前正在操作action：query_configure
[2020-03-21 21:32:56,119] [common.py:63] [common:get_action_handler] [INFO]- 当前正在操作action：query_configure
[2020-03-21 21:32:57,860] [common.py:63] [common:get_action_handler] [INFO]- 当前正在操作action：query_configure
[2020-03-21 21:32:59,630] [common.py:63] [common:get_action_handler] [INFO]- 当前正在操作action：query_configure
[2020-03-21 21:33:00,998] [common.py:63] [common:get_action_handler] [INFO]- 当前正在操作action：query_configure
[2020-03-21 21:33:02,463] [common.py:63] [common:get_action_handler] [INFO]- 当前正在操作action：query_configure
[2020-03-21 21:33:03,725] [common.py:63] [common:get_action_handler] [INFO]- 当前正在操作action：query_configure
[2020-03-21 21:33:05,302] [common.py:63] [common:get_action_handler] [INFO]- 当前正在操作action：query_configure
[2020-03-21 21:33:07,111] [common.py:63] [common:get_action_handler] [INFO]- 当前正在操作action：query_configure
[2020-03-21 23:12:57,365] [common.py:63] [common:get_action_handler] [INFO]- 当前正在操作action：query_dtu_user
[2020-03-21 23:12:57,373] [common.py:63] [common:get_action_handler] [INFO]- 当前正在操作action：query_opr_log
[2020-03-21 23:12:57,390] [common.py:63] [common:get_action_handler] [INFO]- 当前正在操作action：query_manufacturer
[2020-03-21 23:12:57,410] [common.py:63] [common:get_action_handler] [INFO]- 当前正在操作action：query_alarm_log
[2020-03-21 23:12:57,418] [common.py:63] [common:get_action_handler] [INFO]- 当前正在操作action：query_configure
[2020-03-21 23:12:57,426] [common.py:63] [common:get_action_handler] [INFO]- 当前正在操作action：query_admin
[2020-03-21 23:12:57,430] [common.py:63] [common:get_action_handler] [INFO]- 当前正在操作action：query_system_log
[2020-03-21 23:12:57,448] [common.py:63] [common:get_action_handler] [INFO]- 当前正在操作action：query_dtu_region
[2020-03-21 23:12:57,465] [common.py:63] [common:get_action_handler] [INFO]- 当前正在操作action：query_role
[2020-03-21 23:12:57,470] [common.py:63] [common:get_action_handler] [INFO]- 当前正在操作action：query_dtu
[2020-03-21 23:12:57,473] [common.py:63] [common:get_action_handler] [INFO]- 当前正在操作action：query_dtu_user
[2020-03-21 23:12:57,474] [common.py:63] [common:get_action_handler] [INFO]- 当前正在操作action：query_manufacturer
[2020-03-21 23:12:57,505] [common.py:63] [common:get_action_handler] [INFO]- 当前正在操作action：query_meter
[2020-03-21 23:12:57,531] [common.py:63] [common:get_action_handler] [INFO]- 当前正在操作action：query_manufacturer
[2020-03-21 23:14:11,524] [common.py:63] [common:get_action_handler] [INFO]- 当前正在操作action：query_configure
[2020-03-21 23:14:18,248] [common.py:63] [common:get_action_handler] [INFO]- 当前正在操作action：query_data_field
[2020-03-21 23:14:18,595] [common.py:63] [common:get_action_handler] [INFO]- 当前正在操作action：query_control_register
[2020-03-21 23:14:41,583] [server.py:130] [server:dataReceived] [INFO]- ip: 127.0.0.1，发送了b'\x00'数据帧
[2020-03-21 23:15:30,821] [common.py:63] [common:get_action_handler] [INFO]- 当前正在操作action：query_meter
[2020-03-21 23:15:30,837] [common.py:63] [common:get_action_handler] [INFO]- 当前正在操作action：query_manufacturer
[2020-03-21 23:15:31,860] [common.py:63] [common:get_action_handler] [INFO]- 当前正在操作action：query_state
[2020-03-21 23:15:31,874] [common.py:63] [common:get_action_handler] [INFO]- 当前正在操作action：query_dtu
[2020-03-21 23:15:33,889] [common.py:63] [common:get_action_handler] [INFO]- 当前正在操作action：query_state
[2020-03-21 23:15:33,902] [common.py:63] [common:get_action_handler] [INFO]- 当前正在操作action：query_dtu
[2020-03-21 23:28:50,971] [server.py:130] [server:dataReceived] [INFO]- ip: 127.0.0.1，发送了b'\x00'数据帧
[2020-03-21 23:30:28,178] [server.py:130] [server:dataReceived] [INFO]- ip: 127.0.0.1，发送了b'\x00'数据帧
[2020-03-21 23:37:49,335] [server.py:130] [server:dataReceived] [INFO]- ip: 127.0.0.1，发送了b'\x00'数据帧
