[2020-03-16 01:14:57,134] [common.py:63] [common:get_action_handler] [INFO]- 当前正在操作action：query_meter
[2020-03-16 01:14:57,154] [common.py:63] [common:get_action_handler] [INFO]- 当前正在操作action：query_manufacturer
[2020-03-16 01:14:59,327] [common.py:63] [common:get_action_handler] [INFO]- 当前正在操作action：query_meter
[2020-03-16 01:14:59,332] [common.py:63] [common:get_action_handler] [INFO]- 当前正在操作action：query_manufacturer
[2020-03-16 01:15:01,162] [common.py:63] [common:get_action_handler] [INFO]- 当前正在操作action：query_meter
[2020-03-16 01:15:01,164] [common.py:63] [common:get_action_handler] [INFO]- 当前正在操作action：query_manufacturer
[2020-03-16 01:15:05,819] [common.py:63] [common:get_action_handler] [INFO]- 当前正在操作action：update_meter
[2020-03-16 01:15:07,278] [common.py:63] [common:get_action_handler] [INFO]- 当前正在操作action：query_meter
[2020-03-16 01:15:07,281] [common.py:63] [common:get_action_handler] [INFO]- 当前正在操作action：query_manufacturer
[2020-03-16 11:32:58,127] [common.py:63] [common:get_action_handler] [INFO]- 当前正在操作action：query_meter
[2020-03-16 11:32:58,144] [common.py:63] [common:get_action_handler] [INFO]- 当前正在操作action：query_manufacturer
[2020-03-16 11:32:59,611] [common.py:63] [common:get_action_handler] [INFO]- 当前正在操作action：query_role
[2020-03-16 11:33:03,868] [common.py:63] [common:get_action_handler] [INFO]- 当前正在操作action：edit_role_auth
[2020-03-16 11:33:04,030] [common.py:63] [common:get_action_handler] [INFO]- 当前正在操作action：query_role
[2020-03-16 11:33:06,601] [common.py:63] [common:get_action_handler] [INFO]- 当前正在操作action：edit_role_auth
[2020-03-16 11:33:06,670] [common.py:63] [common:get_action_handler] [INFO]- 当前正在操作action：query_role
[2020-03-16 11:33:08,653] [common.py:63] [common:get_action_handler] [INFO]- 当前正在操作action：edit_role_auth
[2020-03-16 11:33:08,718] [common.py:63] [common:get_action_handler] [INFO]- 当前正在操作action：query_role
[2020-03-16 11:33:31,269] [common.py:63] [common:get_action_handler] [INFO]- 当前正在操作action：query_dtu
[2020-03-16 11:33:31,285] [common.py:63] [common:get_action_handler] [INFO]- 当前正在操作action：query_manufacturer
[2020-03-16 11:33:31,309] [common.py:63] [common:get_action_handler] [INFO]- 当前正在操作action：query_dtu_user
[2020-03-16 11:33:31,756] [common.py:63] [common:get_action_handler] [INFO]- 当前正在操作action：query_meter
[2020-03-16 11:33:31,759] [common.py:63] [common:get_action_handler] [INFO]- 当前正在操作action：query_manufacturer
[2020-03-16 11:33:32,367] [common.py:63] [common:get_action_handler] [INFO]- 当前正在操作action：query_meter
[2020-03-16 11:33:32,368] [common.py:63] [common:get_action_handler] [INFO]- 当前正在操作action：query_manufacturer
[2020-03-16 11:33:32,775] [common.py:63] [common:get_action_handler] [INFO]- 当前正在操作action：query_dtu
[2020-03-16 11:33:32,779] [common.py:63] [common:get_action_handler] [INFO]- 当前正在操作action：query_manufacturer
[2020-03-16 11:33:32,784] [common.py:63] [common:get_action_handler] [INFO]- 当前正在操作action：query_dtu_user
[2020-03-16 11:33:33,209] [common.py:63] [common:get_action_handler] [INFO]- 当前正在操作action：query_role
[2020-03-16 13:09:16,792] [common.py:63] [common:get_action_handler] [INFO]- 当前正在操作action：query_role
[2020-03-16 13:09:18,774] [common.py:63] [common:get_action_handler] [INFO]- 当前正在操作action：query_control_register
[2020-03-16 13:09:18,844] [common.py:63] [common:get_action_handler] [INFO]- 当前正在操作action：query_data_field
[2020-03-16 13:09:18,866] [common.py:63] [common:get_action_handler] [INFO]- 当前正在操作action：query_admin
[2020-03-16 13:09:18,900] [common.py:63] [common:get_action_handler] [INFO]- 当前正在操作action：query_dtu_user
[2020-03-16 13:09:18,910] [common.py:63] [common:get_action_handler] [INFO]- 当前正在操作action：query_dtu_region
[2020-03-16 13:09:18,930] [common.py:63] [common:get_action_handler] [INFO]- 当前正在操作action：query_role
[2020-03-16 13:09:18,943] [common.py:63] [common:get_action_handler] [INFO]- 当前正在操作action：query_dtu
[2020-03-16 13:09:18,947] [common.py:63] [common:get_action_handler] [INFO]- 当前正在操作action：query_manufacturer
[2020-03-16 13:09:18,951] [common.py:63] [common:get_action_handler] [INFO]- 当前正在操作action：query_meter
[2020-03-16 13:09:18,952] [common.py:63] [common:get_action_handler] [INFO]- 当前正在操作action：query_dtu_user
[2020-03-16 13:09:18,958] [common.py:63] [common:get_action_handler] [INFO]- 当前正在操作action：query_manufacturer
[2020-03-16 13:09:19,002] [common.py:63] [common:get_action_handler] [INFO]- 当前正在操作action：query_manufacturer
[2020-03-16 13:11:33,399] [common.py:63] [common:get_action_handler] [INFO]- 当前正在操作action：query_role
[2020-03-16 13:11:40,751] [common.py:63] [common:get_action_handler] [INFO]- 当前正在操作action：query_control_register
[2020-03-16 13:11:40,759] [common.py:63] [common:get_action_handler] [INFO]- 当前正在操作action：query_data_field
[2020-03-16 13:11:40,766] [common.py:63] [common:get_action_handler] [INFO]- 当前正在操作action：query_admin
[2020-03-16 13:11:40,797] [common.py:63] [common:get_action_handler] [INFO]- 当前正在操作action：query_dtu_user
[2020-03-16 13:11:40,807] [common.py:63] [common:get_action_handler] [INFO]- 当前正在操作action：query_manufacturer
[2020-03-16 13:11:40,851] [common.py:63] [common:get_action_handler] [INFO]- 当前正在操作action：query_dtu
[2020-03-16 13:11:40,862] [common.py:63] [common:get_action_handler] [INFO]- 当前正在操作action：query_manufacturer
[2020-03-16 13:11:40,862] [common.py:63] [common:get_action_handler] [INFO]- 当前正在操作action：query_dtu_user
[2020-03-16 13:11:40,881] [common.py:63] [common:get_action_handler] [INFO]- 当前正在操作action：query_dtu_region
[2020-03-16 13:11:40,894] [common.py:63] [common:get_action_handler] [INFO]- 当前正在操作action：query_role
[2020-03-16 13:11:40,907] [common.py:63] [common:get_action_handler] [INFO]- 当前正在操作action：query_meter
[2020-03-16 13:11:40,938] [common.py:63] [common:get_action_handler] [INFO]- 当前正在操作action：query_manufacturer
[2020-03-16 13:12:58,453] [common.py:63] [common:get_action_handler] [INFO]- 当前正在操作action：query_control_register
[2020-03-16 13:12:58,472] [common.py:63] [common:get_action_handler] [INFO]- 当前正在操作action：query_data_field
[2020-03-16 13:12:58,478] [common.py:63] [common:get_action_handler] [INFO]- 当前正在操作action：query_admin
[2020-03-16 13:12:58,509] [common.py:63] [common:get_action_handler] [INFO]- 当前正在操作action：query_dtu_user
[2020-03-16 13:12:58,536] [common.py:63] [common:get_action_handler] [INFO]- 当前正在操作action：query_dtu_region
[2020-03-16 13:12:58,548] [common.py:63] [common:get_action_handler] [INFO]- 当前正在操作action：query_manufacturer
[2020-03-16 13:12:58,579] [common.py:63] [common:get_action_handler] [INFO]- 当前正在操作action：query_role
[2020-03-16 13:12:58,584] [common.py:63] [common:get_action_handler] [INFO]- 当前正在操作action：query_dtu
[2020-03-16 13:12:58,594] [common.py:63] [common:get_action_handler] [INFO]- 当前正在操作action：query_dtu_user
[2020-03-16 13:12:58,595] [common.py:63] [common:get_action_handler] [INFO]- 当前正在操作action：query_manufacturer
[2020-03-16 13:12:58,600] [common.py:63] [common:get_action_handler] [INFO]- 当前正在操作action：query_meter
[2020-03-16 13:12:58,634] [common.py:63] [common:get_action_handler] [INFO]- 当前正在操作action：query_manufacturer
[2020-03-16 13:13:36,738] [common.py:63] [common:get_action_handler] [INFO]- 当前正在操作action：query_data_field
[2020-03-16 13:13:36,749] [common.py:63] [common:get_action_handler] [INFO]- 当前正在操作action：query_control_register
[2020-03-16 13:13:36,758] [common.py:63] [common:get_action_handler] [INFO]- 当前正在操作action：query_admin
[2020-03-16 13:13:36,793] [common.py:63] [common:get_action_handler] [INFO]- 当前正在操作action：query_dtu_user
[2020-03-16 13:13:36,804] [common.py:63] [common:get_action_handler] [INFO]- 当前正在操作action：query_manufacturer
[2020-03-16 13:13:36,810] [common.py:63] [common:get_action_handler] [INFO]- 当前正在操作action：query_role
[2020-03-16 13:13:36,837] [common.py:63] [common:get_action_handler] [INFO]- 当前正在操作action：query_dtu_region
[2020-03-16 13:13:36,844] [common.py:63] [common:get_action_handler] [INFO]- 当前正在操作action：query_dtu
[2020-03-16 13:13:36,848] [common.py:63] [common:get_action_handler] [INFO]- 当前正在操作action：query_manufacturer
[2020-03-16 13:13:36,850] [common.py:63] [common:get_action_handler] [INFO]- 当前正在操作action：query_dtu_user
[2020-03-16 13:13:36,851] [common.py:63] [common:get_action_handler] [INFO]- 当前正在操作action：query_meter
[2020-03-16 13:13:36,907] [common.py:63] [common:get_action_handler] [INFO]- 当前正在操作action：query_manufacturer
[2020-03-16 13:13:54,296] [common.py:63] [common:get_action_handler] [INFO]- 当前正在操作action：query_control_register
[2020-03-16 13:13:54,305] [common.py:63] [common:get_action_handler] [INFO]- 当前正在操作action：query_data_field
[2020-03-16 13:13:54,312] [common.py:63] [common:get_action_handler] [INFO]- 当前正在操作action：query_admin
[2020-03-16 13:13:54,320] [common.py:63] [common:get_action_handler] [INFO]- 当前正在操作action：query_dtu_user
[2020-03-16 13:13:54,339] [common.py:63] [common:get_action_handler] [INFO]- 当前正在操作action：query_manufacturer
[2020-03-16 13:13:54,363] [common.py:63] [common:get_action_handler] [INFO]- 当前正在操作action：query_role
[2020-03-16 13:13:54,369] [common.py:63] [common:get_action_handler] [INFO]- 当前正在操作action：query_dtu_region
[2020-03-16 13:13:54,394] [common.py:63] [common:get_action_handler] [INFO]- 当前正在操作action：query_dtu
[2020-03-16 13:13:54,396] [common.py:63] [common:get_action_handler] [INFO]- 当前正在操作action：query_manufacturer
[2020-03-16 13:13:54,398] [common.py:63] [common:get_action_handler] [INFO]- 当前正在操作action：query_meter
[2020-03-16 13:13:54,403] [common.py:63] [common:get_action_handler] [INFO]- 当前正在操作action：query_dtu_user
[2020-03-16 13:13:54,438] [common.py:63] [common:get_action_handler] [INFO]- 当前正在操作action：query_manufacturer
[2020-03-16 13:14:04,219] [common.py:63] [common:get_action_handler] [INFO]- 当前正在操作action：query_control_register
[2020-03-16 13:14:04,226] [common.py:63] [common:get_action_handler] [INFO]- 当前正在操作action：query_admin
[2020-03-16 13:14:04,238] [common.py:63] [common:get_action_handler] [INFO]- 当前正在操作action：query_data_field
[2020-03-16 13:14:04,264] [common.py:63] [common:get_action_handler] [INFO]- 当前正在操作action：query_dtu_user
[2020-03-16 13:14:04,274] [common.py:63] [common:get_action_handler] [INFO]- 当前正在操作action：query_manufacturer
[2020-03-16 13:14:04,293] [common.py:63] [common:get_action_handler] [INFO]- 当前正在操作action：query_dtu
[2020-03-16 13:14:04,300] [common.py:63] [common:get_action_handler] [INFO]- 当前正在操作action：query_dtu_user
[2020-03-16 13:14:04,302] [common.py:63] [common:get_action_handler] [INFO]- 当前正在操作action：query_manufacturer
[2020-03-16 13:14:04,318] [common.py:63] [common:get_action_handler] [INFO]- 当前正在操作action：query_role
[2020-03-16 13:14:04,325] [common.py:63] [common:get_action_handler] [INFO]- 当前正在操作action：query_meter
[2020-03-16 13:14:04,344] [common.py:63] [common:get_action_handler] [INFO]- 当前正在操作action：query_dtu_region
[2020-03-16 13:14:04,370] [common.py:63] [common:get_action_handler] [INFO]- 当前正在操作action：query_manufacturer
[2020-03-16 13:14:39,678] [common.py:63] [common:get_action_handler] [INFO]- 当前正在操作action：query_control_register
[2020-03-16 13:14:39,684] [common.py:63] [common:get_action_handler] [INFO]- 当前正在操作action：query_data_field
[2020-03-16 13:14:39,691] [common.py:63] [common:get_action_handler] [INFO]- 当前正在操作action：query_admin
[2020-03-16 13:14:39,711] [common.py:63] [common:get_action_handler] [INFO]- 当前正在操作action：query_opr_log
[2020-03-16 13:14:39,734] [common.py:63] [common:get_action_handler] [INFO]- 当前正在操作action：query_dtu_user
[2020-03-16 13:14:39,741] [common.py:63] [common:get_action_handler] [INFO]- 当前正在操作action：query_manufacturer
[2020-03-16 13:14:39,758] [common.py:63] [common:get_action_handler] [INFO]- 当前正在操作action：query_meter
[2020-03-16 13:14:39,772] [common.py:63] [common:get_action_handler] [INFO]- 当前正在操作action：query_manufacturer
[2020-03-16 13:14:39,794] [common.py:63] [common:get_action_handler] [INFO]- 当前正在操作action：query_dtu_region
[2020-03-16 13:14:39,794] [common.py:63] [common:get_action_handler] [INFO]- 当前正在操作action：query_role
[2020-03-16 13:14:39,797] [common.py:63] [common:get_action_handler] [INFO]- 当前正在操作action：query_dtu
[2020-03-16 13:14:39,810] [common.py:63] [common:get_action_handler] [INFO]- 当前正在操作action：query_dtu_user
[2020-03-16 13:14:39,832] [common.py:63] [common:get_action_handler] [INFO]- 当前正在操作action：query_manufacturer
[2020-03-16 13:16:00,020] [common.py:63] [common:get_action_handler] [INFO]- 当前正在操作action：query_opr_log
[2020-03-16 13:17:04,977] [common.py:63] [common:get_action_handler] [INFO]- 当前正在操作action：query_opr_log
[2020-03-16 13:17:05,861] [common.py:63] [common:get_action_handler] [INFO]- 当前正在操作action：query_opr_log
[2020-03-16 13:17:06,407] [common.py:63] [common:get_action_handler] [INFO]- 当前正在操作action：query_opr_log
[2020-03-16 13:17:06,802] [common.py:63] [common:get_action_handler] [INFO]- 当前正在操作action：query_opr_log
[2020-03-16 13:17:06,960] [common.py:63] [common:get_action_handler] [INFO]- 当前正在操作action：query_opr_log
[2020-03-16 13:17:07,337] [common.py:63] [common:get_action_handler] [INFO]- 当前正在操作action：query_opr_log
[2020-03-16 13:18:14,738] [common.py:63] [common:get_action_handler] [INFO]- 当前正在操作action：query_opr_log
[2020-03-16 14:20:34,851] [common.py:63] [common:get_action_handler] [INFO]- 当前正在操作action：query_opr_log
[2020-03-16 14:52:03,704] [common.py:63] [common:get_action_handler] [INFO]- 当前正在操作action：query_meter
[2020-03-16 14:52:03,723] [common.py:63] [common:get_action_handler] [INFO]- 当前正在操作action：query_manufacturer
[2020-03-16 14:52:05,596] [common.py:63] [common:get_action_handler] [INFO]- 当前正在操作action：query_meter
[2020-03-16 14:52:05,600] [common.py:63] [common:get_action_handler] [INFO]- 当前正在操作action：query_manufacturer
[2020-03-16 14:52:06,726] [common.py:63] [common:get_action_handler] [INFO]- 当前正在操作action：query_state
[2020-03-16 14:52:53,194] [common.py:63] [common:get_action_handler] [INFO]- 当前正在操作action：query_state
[2020-03-16 14:54:17,047] [common.py:63] [common:get_action_handler] [INFO]- 当前正在操作action：query_state
[2020-03-16 14:54:43,880] [common.py:63] [common:get_action_handler] [INFO]- 当前正在操作action：query_state
[2020-03-16 14:54:46,527] [common.py:63] [common:get_action_handler] [INFO]- 当前正在操作action：query_state
[2020-03-16 14:54:52,657] [common.py:63] [common:get_action_handler] [INFO]- 当前正在操作action：query_state
[2020-03-16 14:54:56,831] [common.py:63] [common:get_action_handler] [INFO]- 当前正在操作action：query_state
[2020-03-16 14:55:45,078] [common.py:63] [common:get_action_handler] [INFO]- 当前正在操作action：query_state
[2020-03-16 14:55:47,078] [common.py:63] [common:get_action_handler] [INFO]- 当前正在操作action：query_meter
[2020-03-16 14:55:47,091] [common.py:63] [common:get_action_handler] [INFO]- 当前正在操作action：query_manufacturer
[2020-03-16 14:55:47,586] [common.py:63] [common:get_action_handler] [INFO]- 当前正在操作action：query_state
[2020-03-16 14:56:20,099] [common.py:63] [common:get_action_handler] [INFO]- 当前正在操作action：query_state
[2020-03-16 14:56:22,224] [common.py:63] [common:get_action_handler] [INFO]- 当前正在操作action：query_state
[2020-03-16 14:57:07,966] [common.py:63] [common:get_action_handler] [INFO]- 当前正在操作action：query_state
[2020-03-16 14:57:12,053] [common.py:63] [common:get_action_handler] [INFO]- 当前正在操作action：query_state
[2020-03-16 14:57:27,210] [common.py:63] [common:get_action_handler] [INFO]- 当前正在操作action：query_state
[2020-03-16 14:59:05,094] [common.py:63] [common:get_action_handler] [INFO]- 当前正在操作action：update_valve_state
[2020-03-16 14:59:09,385] [common.py:63] [common:get_action_handler] [INFO]- 当前正在操作action：update_valve_state
[2020-03-16 14:59:13,948] [common.py:63] [common:get_action_handler] [INFO]- 当前正在操作action：update_valve_state
[2020-03-16 15:00:30,435] [common.py:63] [common:get_action_handler] [INFO]- 当前正在操作action：query_state
[2020-03-16 15:00:32,020] [common.py:63] [common:get_action_handler] [INFO]- 当前正在操作action：query_state
[2020-03-16 15:00:45,523] [common.py:63] [common:get_action_handler] [INFO]- 当前正在操作action：query_state
[2020-03-16 15:00:48,004] [common.py:63] [common:get_action_handler] [INFO]- 当前正在操作action：query_state
[2020-03-16 15:03:13,984] [common.py:63] [common:get_action_handler] [INFO]- 当前正在操作action：query_state
[2020-03-16 15:12:50,302] [common.py:63] [common:get_action_handler] [INFO]- 当前正在操作action：query_state
[2020-03-16 15:14:30,077] [common.py:63] [common:get_action_handler] [INFO]- 当前正在操作action：query_control_register
[2020-03-16 15:14:30,091] [common.py:63] [common:get_action_handler] [INFO]- 当前正在操作action：query_data_field
[2020-03-16 15:14:30,103] [common.py:63] [common:get_action_handler] [INFO]- 当前正在操作action：query_manufacturer
[2020-03-16 15:14:30,143] [common.py:63] [common:get_action_handler] [INFO]- 当前正在操作action：query_admin
[2020-03-16 15:14:30,164] [common.py:63] [common:get_action_handler] [INFO]- 当前正在操作action：query_dtu_user
[2020-03-16 15:14:30,246] [common.py:63] [common:get_action_handler] [INFO]- 当前正在操作action：query_dtu
[2020-03-16 15:14:30,255] [common.py:63] [common:get_action_handler] [INFO]- 当前正在操作action：query_dtu_user
[2020-03-16 15:14:30,255] [common.py:63] [common:get_action_handler] [INFO]- 当前正在操作action：query_manufacturer
[2020-03-16 15:14:30,319] [common.py:63] [common:get_action_handler] [INFO]- 当前正在操作action：query_dtu_region
[2020-03-16 15:14:30,336] [common.py:63] [common:get_action_handler] [INFO]- 当前正在操作action：query_role
[2020-03-16 15:14:30,348] [common.py:63] [common:get_action_handler] [INFO]- 当前正在操作action：query_opr_log
[2020-03-16 15:14:30,365] [common.py:63] [common:get_action_handler] [INFO]- 当前正在操作action：query_meter
[2020-03-16 15:14:30,370] [common.py:63] [common:get_action_handler] [INFO]- 当前正在操作action：query_manufacturer
[2020-03-16 15:14:32,954] [common.py:63] [common:get_action_handler] [INFO]- 当前正在操作action：query_meter
[2020-03-16 15:14:32,960] [common.py:63] [common:get_action_handler] [INFO]- 当前正在操作action：query_manufacturer
[2020-03-16 15:14:35,134] [common.py:63] [common:get_action_handler] [INFO]- 当前正在操作action：query_state
[2020-03-16 15:15:04,932] [common.py:63] [common:get_action_handler] [INFO]- 当前正在操作action：query_state
[2020-03-16 15:17:04,902] [common.py:63] [common:get_action_handler] [INFO]- 当前正在操作action：query_control_register
[2020-03-16 15:17:04,905] [common.py:63] [common:get_action_handler] [INFO]- 当前正在操作action：query_data_field
[2020-03-16 15:17:04,944] [common.py:63] [common:get_action_handler] [INFO]- 当前正在操作action：query_admin
[2020-03-16 15:17:04,956] [common.py:63] [common:get_action_handler] [INFO]- 当前正在操作action：query_opr_log
[2020-03-16 15:17:04,997] [common.py:63] [common:get_action_handler] [INFO]- 当前正在操作action：query_dtu_region
[2020-03-16 15:17:05,019] [common.py:63] [common:get_action_handler] [INFO]- 当前正在操作action：query_dtu_user
[2020-03-16 15:17:05,029] [common.py:63] [common:get_action_handler] [INFO]- 当前正在操作action：query_manufacturer
[2020-03-16 15:17:05,052] [common.py:63] [common:get_action_handler] [INFO]- 当前正在操作action：query_dtu
[2020-03-16 15:17:05,054] [common.py:63] [common:get_action_handler] [INFO]- 当前正在操作action：query_dtu_user
[2020-03-16 15:17:05,057] [common.py:63] [common:get_action_handler] [INFO]- 当前正在操作action：query_manufacturer
[2020-03-16 15:17:05,082] [common.py:63] [common:get_action_handler] [INFO]- 当前正在操作action：query_meter
[2020-03-16 15:17:05,086] [common.py:63] [common:get_action_handler] [INFO]- 当前正在操作action：query_manufacturer
[2020-03-16 15:17:05,112] [common.py:63] [common:get_action_handler] [INFO]- 当前正在操作action：query_role
[2020-03-16 15:17:09,863] [common.py:63] [common:get_action_handler] [INFO]- 当前正在操作action：query_role
[2020-03-16 15:17:10,861] [common.py:63] [common:get_action_handler] [INFO]- 当前正在操作action：query_dtu_region
[2020-03-16 15:17:11,248] [common.py:63] [common:get_action_handler] [INFO]- 当前正在操作action：query_dtu_user
[2020-03-16 15:17:11,773] [common.py:63] [common:get_action_handler] [INFO]- 当前正在操作action：query_dtu_region
[2020-03-16 15:17:12,100] [common.py:63] [common:get_action_handler] [INFO]- 当前正在操作action：query_dtu
[2020-03-16 15:17:12,106] [common.py:63] [common:get_action_handler] [INFO]- 当前正在操作action：query_manufacturer
[2020-03-16 15:17:12,106] [common.py:63] [common:get_action_handler] [INFO]- 当前正在操作action：query_dtu_user
[2020-03-16 15:17:12,353] [common.py:63] [common:get_action_handler] [INFO]- 当前正在操作action：query_dtu
[2020-03-16 15:17:12,360] [common.py:63] [common:get_action_handler] [INFO]- 当前正在操作action：query_manufacturer
[2020-03-16 15:17:12,364] [common.py:63] [common:get_action_handler] [INFO]- 当前正在操作action：query_dtu_user
[2020-03-16 15:17:12,690] [common.py:63] [common:get_action_handler] [INFO]- 当前正在操作action：query_meter
[2020-03-16 15:17:12,690] [common.py:63] [common:get_action_handler] [INFO]- 当前正在操作action：query_manufacturer
[2020-03-16 15:17:14,641] [common.py:63] [common:get_action_handler] [INFO]- 当前正在操作action：query_state
[2020-03-16 15:18:29,056] [common.py:63] [common:get_action_handler] [INFO]- 当前正在操作action：query_state
[2020-03-16 15:19:02,299] [common.py:63] [common:get_action_handler] [INFO]- 当前正在操作action：query_state
[2020-03-16 15:19:17,303] [common.py:63] [common:get_action_handler] [INFO]- 当前正在操作action：query_data_field
[2020-03-16 15:19:17,355] [common.py:63] [common:get_action_handler] [INFO]- 当前正在操作action：query_control_register
[2020-03-16 15:19:17,370] [common.py:63] [common:get_action_handler] [INFO]- 当前正在操作action：query_admin
[2020-03-16 15:19:17,418] [common.py:63] [common:get_action_handler] [INFO]- 当前正在操作action：query_dtu_region
[2020-03-16 15:19:17,462] [common.py:63] [common:get_action_handler] [INFO]- 当前正在操作action：query_dtu_user
[2020-03-16 15:19:17,484] [common.py:63] [common:get_action_handler] [INFO]- 当前正在操作action：query_manufacturer
[2020-03-16 15:19:17,508] [common.py:63] [common:get_action_handler] [INFO]- 当前正在操作action：query_dtu
[2020-03-16 15:19:17,512] [common.py:63] [common:get_action_handler] [INFO]- 当前正在操作action：query_dtu_user
[2020-03-16 15:19:17,515] [common.py:63] [common:get_action_handler] [INFO]- 当前正在操作action：query_manufacturer
[2020-03-16 15:19:17,543] [common.py:63] [common:get_action_handler] [INFO]- 当前正在操作action：query_opr_log
[2020-03-16 15:19:17,595] [common.py:63] [common:get_action_handler] [INFO]- 当前正在操作action：query_role
[2020-03-16 15:19:17,625] [common.py:63] [common:get_action_handler] [INFO]- 当前正在操作action：query_meter
[2020-03-16 15:19:17,628] [common.py:63] [common:get_action_handler] [INFO]- 当前正在操作action：query_manufacturer
[2020-03-16 15:19:35,523] [common.py:63] [common:get_action_handler] [INFO]- 当前正在操作action：query_meter
[2020-03-16 15:19:35,526] [common.py:63] [common:get_action_handler] [INFO]- 当前正在操作action：query_manufacturer
[2020-03-16 15:19:37,503] [common.py:63] [common:get_action_handler] [INFO]- 当前正在操作action：query_state
[2020-03-16 15:19:48,720] [common.py:63] [common:get_action_handler] [INFO]- 当前正在操作action：query_state
[2020-03-16 15:20:09,686] [common.py:63] [common:get_action_handler] [INFO]- 当前正在操作action：query_control_register
[2020-03-16 15:20:09,721] [common.py:63] [common:get_action_handler] [INFO]- 当前正在操作action：query_dtu_user
[2020-03-16 15:20:09,733] [common.py:63] [common:get_action_handler] [INFO]- 当前正在操作action：query_data_field
[2020-03-16 15:20:09,835] [common.py:63] [common:get_action_handler] [INFO]- 当前正在操作action：query_manufacturer
[2020-03-16 15:20:09,842] [common.py:63] [common:get_action_handler] [INFO]- 当前正在操作action：query_admin
[2020-03-16 15:20:09,878] [common.py:63] [common:get_action_handler] [INFO]- 当前正在操作action：query_dtu_region
[2020-03-16 15:20:09,905] [common.py:63] [common:get_action_handler] [INFO]- 当前正在操作action：query_opr_log
[2020-03-16 15:20:09,948] [common.py:63] [common:get_action_handler] [INFO]- 当前正在操作action：query_role
[2020-03-16 15:20:09,972] [common.py:63] [common:get_action_handler] [INFO]- 当前正在操作action：query_dtu
[2020-03-16 15:20:09,982] [common.py:63] [common:get_action_handler] [INFO]- 当前正在操作action：query_manufacturer
[2020-03-16 15:20:09,984] [common.py:63] [common:get_action_handler] [INFO]- 当前正在操作action：query_dtu_user
[2020-03-16 15:20:10,004] [common.py:63] [common:get_action_handler] [INFO]- 当前正在操作action：query_meter
[2020-03-16 15:20:10,008] [common.py:63] [common:get_action_handler] [INFO]- 当前正在操作action：query_manufacturer
[2020-03-16 15:20:11,751] [common.py:63] [common:get_action_handler] [INFO]- 当前正在操作action：query_meter
[2020-03-16 15:20:11,756] [common.py:63] [common:get_action_handler] [INFO]- 当前正在操作action：query_manufacturer
[2020-03-16 15:20:13,426] [common.py:63] [common:get_action_handler] [INFO]- 当前正在操作action：query_state
[2020-03-16 15:21:41,500] [common.py:63] [common:get_action_handler] [INFO]- 当前正在操作action：query_state
[2020-03-16 15:24:17,814] [common.py:63] [common:get_action_handler] [INFO]- 当前正在操作action：query_state
[2020-03-16 15:24:20,091] [common.py:63] [common:get_action_handler] [INFO]- 当前正在操作action：query_state
[2020-03-16 15:24:33,096] [common.py:63] [common:get_action_handler] [INFO]- 当前正在操作action：query_state
[2020-03-16 15:24:35,252] [common.py:63] [common:get_action_handler] [INFO]- 当前正在操作action：query_state
[2020-03-16 15:24:36,923] [common.py:63] [common:get_action_handler] [INFO]- 当前正在操作action：query_state
[2020-03-16 15:25:04,664] [common.py:63] [common:get_action_handler] [INFO]- 当前正在操作action：query_state
[2020-03-16 15:26:30,225] [common.py:63] [common:get_action_handler] [INFO]- 当前正在操作action：query_state
[2020-03-16 15:27:08,454] [common.py:63] [common:get_action_handler] [INFO]- 当前正在操作action：query_state
[2020-03-16 15:27:43,582] [common.py:63] [common:get_action_handler] [INFO]- 当前正在操作action：query_state
[2020-03-16 15:27:59,541] [common.py:63] [common:get_action_handler] [INFO]- 当前正在操作action：query_state
[2020-03-16 15:28:02,038] [common.py:63] [common:get_action_handler] [INFO]- 当前正在操作action：query_state
[2020-03-16 15:28:38,022] [common.py:63] [common:get_action_handler] [INFO]- 当前正在操作action：query_state
[2020-03-16 15:29:50,664] [common.py:63] [common:get_action_handler] [INFO]- 当前正在操作action：query_state
[2020-03-16 15:30:00,833] [common.py:63] [common:get_action_handler] [INFO]- 当前正在操作action：query_state
[2020-03-16 15:30:40,413] [common.py:63] [common:get_action_handler] [INFO]- 当前正在操作action：query_state
[2020-03-16 15:53:08,781] [common.py:63] [common:get_action_handler] [INFO]- 当前正在操作action：query_state
[2020-03-16 15:53:26,761] [common.py:63] [common:get_action_handler] [INFO]- 当前正在操作action：query_state
[2020-03-16 15:53:43,099] [common.py:63] [common:get_action_handler] [INFO]- 当前正在操作action：query_state
[2020-03-16 15:53:47,307] [common.py:63] [common:get_action_handler] [INFO]- 当前正在操作action：query_state
[2020-03-16 15:54:33,847] [common.py:63] [common:get_action_handler] [INFO]- 当前正在操作action：query_state
[2020-03-16 15:54:37,346] [common.py:63] [common:get_action_handler] [INFO]- 当前正在操作action：query_state
[2020-03-16 16:10:14,797] [common.py:63] [common:get_action_handler] [INFO]- 当前正在操作action：query_state
[2020-03-16 16:10:16,443] [common.py:63] [common:get_action_handler] [INFO]- 当前正在操作action：query_state
[2020-03-16 16:10:36,974] [common.py:63] [common:get_action_handler] [INFO]- 当前正在操作action：query_state
[2020-03-16 16:10:38,857] [common.py:63] [common:get_action_handler] [INFO]- 当前正在操作action：query_state
[2020-03-16 16:10:40,596] [common.py:63] [common:get_action_handler] [INFO]- 当前正在操作action：query_state
[2020-03-16 16:10:42,263] [common.py:63] [common:get_action_handler] [INFO]- 当前正在操作action：query_state
[2020-03-16 16:11:11,057] [common.py:63] [common:get_action_handler] [INFO]- 当前正在操作action：query_state
[2020-03-16 16:11:21,777] [common.py:63] [common:get_action_handler] [INFO]- 当前正在操作action：query_state
[2020-03-16 16:11:43,343] [common.py:63] [common:get_action_handler] [INFO]- 当前正在操作action：query_state
[2020-03-16 16:11:53,124] [common.py:63] [common:get_action_handler] [INFO]- 当前正在操作action：query_state
[2020-03-16 16:11:57,224] [common.py:63] [common:get_action_handler] [INFO]- 当前正在操作action：update_valve_state
[2020-03-16 16:11:59,282] [common.py:63] [common:get_action_handler] [INFO]- 当前正在操作action：update_valve_state
[2020-03-16 16:12:00,775] [common.py:63] [common:get_action_handler] [INFO]- 当前正在操作action：update_valve_state
[2020-03-16 16:12:02,199] [common.py:63] [common:get_action_handler] [INFO]- 当前正在操作action：update_valve_state
[2020-03-16 16:12:03,749] [common.py:63] [common:get_action_handler] [INFO]- 当前正在操作action：update_valve_state
[2020-03-16 16:12:05,029] [common.py:63] [common:get_action_handler] [INFO]- 当前正在操作action：update_valve_state
[2020-03-16 16:12:06,191] [common.py:63] [common:get_action_handler] [INFO]- 当前正在操作action：update_valve_state
[2020-03-16 16:12:07,804] [common.py:63] [common:get_action_handler] [INFO]- 当前正在操作action：update_valve_state
[2020-03-16 16:12:12,468] [common.py:63] [common:get_action_handler] [INFO]- 当前正在操作action：update_valve_state
[2020-03-16 16:12:16,870] [common.py:63] [common:get_action_handler] [INFO]- 当前正在操作action：update_valve_state
[2020-03-16 16:14:57,801] [common.py:63] [common:get_action_handler] [INFO]- 当前正在操作action：query_state
[2020-03-16 16:15:22,798] [common.py:63] [common:get_action_handler] [INFO]- 当前正在操作action：query_state
[2020-03-16 16:15:50,503] [common.py:63] [common:get_action_handler] [INFO]- 当前正在操作action：query_state
[2020-03-16 16:17:23,520] [common.py:63] [common:get_action_handler] [INFO]- 当前正在操作action：query_state
[2020-03-16 16:17:57,850] [common.py:63] [common:get_action_handler] [INFO]- 当前正在操作action：query_state
[2020-03-16 16:18:15,687] [common.py:63] [common:get_action_handler] [INFO]- 当前正在操作action：query_state
[2020-03-16 16:19:32,027] [common.py:63] [common:get_action_handler] [INFO]- 当前正在操作action：query_state
[2020-03-16 16:19:58,807] [common.py:63] [common:get_action_handler] [INFO]- 当前正在操作action：query_state
[2020-03-16 16:20:10,137] [common.py:63] [common:get_action_handler] [INFO]- 当前正在操作action：query_state
[2020-03-16 16:22:46,966] [common.py:63] [common:get_action_handler] [INFO]- 当前正在操作action：query_state
[2020-03-16 16:23:27,333] [common.py:63] [common:get_action_handler] [INFO]- 当前正在操作action：query_state
[2020-03-16 16:23:31,535] [common.py:63] [common:get_action_handler] [INFO]- 当前正在操作action：query_state
[2020-03-16 16:32:54,983] [common.py:63] [common:get_action_handler] [INFO]- 当前正在操作action：query_state
[2020-03-16 16:32:58,259] [common.py:63] [common:get_action_handler] [INFO]- 当前正在操作action：query_state
[2020-03-16 16:33:04,135] [common.py:63] [common:get_action_handler] [INFO]- 当前正在操作action：query_state
[2020-03-16 16:34:18,598] [common.py:63] [common:get_action_handler] [INFO]- 当前正在操作action：query_state
[2020-03-16 16:36:10,546] [common.py:63] [common:get_action_handler] [INFO]- 当前正在操作action：query_state
[2020-03-16 16:36:13,442] [common.py:63] [common:get_action_handler] [INFO]- 当前正在操作action：query_state
[2020-03-16 16:36:15,207] [common.py:63] [common:get_action_handler] [INFO]- 当前正在操作action：query_state
[2020-03-16 16:36:51,772] [common.py:63] [common:get_action_handler] [INFO]- 当前正在操作action：query_state
[2020-03-16 16:36:55,404] [common.py:63] [common:get_action_handler] [INFO]- 当前正在操作action：query_state
[2020-03-16 16:36:58,715] [common.py:63] [common:get_action_handler] [INFO]- 当前正在操作action：query_state
[2020-03-16 16:37:00,310] [common.py:63] [common:get_action_handler] [INFO]- 当前正在操作action：query_state
[2020-03-16 16:38:48,022] [common.py:63] [common:get_action_handler] [INFO]- 当前正在操作action：query_state
[2020-03-16 16:38:51,154] [common.py:63] [common:get_action_handler] [INFO]- 当前正在操作action：query_state
[2020-03-16 16:38:52,789] [common.py:63] [common:get_action_handler] [INFO]- 当前正在操作action：query_state
[2020-03-16 16:38:55,097] [common.py:63] [common:get_action_handler] [INFO]- 当前正在操作action：query_state
[2020-03-16 16:38:57,769] [common.py:63] [common:get_action_handler] [INFO]- 当前正在操作action：query_state
[2020-03-16 16:39:45,237] [common.py:63] [common:get_action_handler] [INFO]- 当前正在操作action：query_state
[2020-03-16 16:46:42,095] [common.py:63] [common:get_action_handler] [INFO]- 当前正在操作action：query_state
[2020-03-16 16:48:07,599] [common.py:63] [common:get_action_handler] [INFO]- 当前正在操作action：query_state
[2020-03-16 16:49:54,215] [common.py:63] [common:get_action_handler] [INFO]- 当前正在操作action：query_state
[2020-03-16 16:49:55,686] [common.py:63] [common:get_action_handler] [INFO]- 当前正在操作action：query_state
[2020-03-16 16:50:02,741] [common.py:63] [common:get_action_handler] [INFO]- 当前正在操作action：query_state
[2020-03-16 16:50:05,676] [common.py:63] [common:get_action_handler] [INFO]- 当前正在操作action：query_state
[2020-03-16 17:03:14,249] [common.py:63] [common:get_action_handler] [INFO]- 当前正在操作action：query_state
[2020-03-16 17:03:17,442] [common.py:63] [common:get_action_handler] [INFO]- 当前正在操作action：query_state
[2020-03-16 17:10:27,831] [common.py:63] [common:get_action_handler] [INFO]- 当前正在操作action：query_state
[2020-03-16 17:10:29,452] [common.py:63] [common:get_action_handler] [INFO]- 当前正在操作action：query_state
[2020-03-16 17:10:31,709] [common.py:63] [common:get_action_handler] [INFO]- 当前正在操作action：query_state
[2020-03-16 17:10:33,410] [common.py:63] [common:get_action_handler] [INFO]- 当前正在操作action：query_state
[2020-03-16 17:37:49,445] [common.py:63] [common:get_action_handler] [INFO]- 当前正在操作action：query_state
[2020-03-16 17:37:51,230] [common.py:63] [common:get_action_handler] [INFO]- 当前正在操作action：query_state
[2020-03-16 17:37:55,588] [common.py:63] [common:get_action_handler] [INFO]- 当前正在操作action：query_state
[2020-03-16 17:37:57,795] [common.py:63] [common:get_action_handler] [INFO]- 当前正在操作action：query_state
