[2020-03-12 00:02:56,112] [common.py:63] [common:get_action_handler] [INFO]- 当前正在操作action：query_state
[2020-03-12 00:11:02,642] [common.py:63] [common:get_action_handler] [INFO]- 当前正在操作action：query_state
[2020-03-12 00:11:12,550] [common.py:63] [common:get_action_handler] [INFO]- 当前正在操作action：query_state
[2020-03-12 00:11:24,650] [common.py:63] [common:get_action_handler] [INFO]- 当前正在操作action：query_state
[2020-03-12 00:11:26,523] [common.py:63] [common:get_action_handler] [INFO]- 当前正在操作action：query_state
[2020-03-12 00:11:28,701] [common.py:63] [common:get_action_handler] [INFO]- 当前正在操作action：query_state
[2020-03-12 00:18:55,135] [common.py:63] [common:get_action_handler] [INFO]- 当前正在操作action：query_state
[2020-03-12 00:18:57,004] [common.py:63] [common:get_action_handler] [INFO]- 当前正在操作action：query_state
[2020-03-12 00:18:59,170] [common.py:63] [common:get_action_handler] [INFO]- 当前正在操作action：query_state
[2020-03-12 00:19:03,536] [common.py:63] [common:get_action_handler] [INFO]- 当前正在操作action：add_meter
[2020-03-12 00:19:06,064] [common.py:63] [common:get_action_handler] [INFO]- 当前正在操作action：query_state
[2020-03-12 00:20:57,805] [common.py:63] [common:get_action_handler] [INFO]- 当前正在操作action：query_state
[2020-03-12 00:21:00,554] [common.py:63] [common:get_action_handler] [INFO]- 当前正在操作action：query_manufacturer
[2020-03-12 00:21:00,576] [common.py:63] [common:get_action_handler] [INFO]- 当前正在操作action：query_dtu_user
[2020-03-12 00:21:00,584] [common.py:63] [common:get_action_handler] [INFO]- 当前正在操作action：query_dtu_region
[2020-03-12 00:21:00,606] [common.py:63] [common:get_action_handler] [INFO]- 当前正在操作action：query_dtu
[2020-03-12 00:21:03,037] [common.py:63] [common:get_action_handler] [INFO]- 当前正在操作action：query_state
[2020-03-12 00:23:17,576] [common.py:63] [common:get_action_handler] [INFO]- 当前正在操作action：query_state
[2020-03-12 00:23:19,951] [common.py:63] [common:get_action_handler] [INFO]- 当前正在操作action：query_meter
[2020-03-12 00:23:19,963] [common.py:63] [common:get_action_handler] [INFO]- 当前正在操作action：query_manufacturer
[2020-03-12 00:23:19,982] [common.py:63] [common:get_action_handler] [INFO]- 当前正在操作action：query_dtu_user
[2020-03-12 00:23:52,259] [common.py:63] [common:get_action_handler] [INFO]- 当前正在操作action：query_meter
[2020-03-12 00:23:52,270] [common.py:63] [common:get_action_handler] [INFO]- 当前正在操作action：query_manufacturer
[2020-03-12 00:23:52,291] [common.py:63] [common:get_action_handler] [INFO]- 当前正在操作action：query_dtu_user
[2020-03-12 00:24:23,423] [common.py:63] [common:get_action_handler] [INFO]- 当前正在操作action：query_meter
[2020-03-12 00:24:23,433] [common.py:63] [common:get_action_handler] [INFO]- 当前正在操作action：query_manufacturer
[2020-03-12 00:24:23,451] [common.py:63] [common:get_action_handler] [INFO]- 当前正在操作action：query_dtu_user
[2020-03-12 00:24:24,449] [common.py:63] [common:get_action_handler] [INFO]- 当前正在操作action：query_meter
[2020-03-12 00:24:24,451] [common.py:63] [common:get_action_handler] [INFO]- 当前正在操作action：query_manufacturer
[2020-03-12 00:24:24,452] [common.py:63] [common:get_action_handler] [INFO]- 当前正在操作action：query_dtu_user
[2020-03-12 00:24:24,785] [common.py:63] [common:get_action_handler] [INFO]- 当前正在操作action：query_meter
[2020-03-12 00:24:24,785] [common.py:63] [common:get_action_handler] [INFO]- 当前正在操作action：query_manufacturer
[2020-03-12 00:24:24,788] [common.py:63] [common:get_action_handler] [INFO]- 当前正在操作action：query_dtu_user
[2020-03-12 00:24:24,949] [common.py:63] [common:get_action_handler] [INFO]- 当前正在操作action：query_meter
[2020-03-12 00:24:24,950] [common.py:63] [common:get_action_handler] [INFO]- 当前正在操作action：query_manufacturer
[2020-03-12 00:24:24,954] [common.py:63] [common:get_action_handler] [INFO]- 当前正在操作action：query_dtu_user
[2020-03-12 00:24:25,117] [common.py:63] [common:get_action_handler] [INFO]- 当前正在操作action：query_meter
[2020-03-12 00:24:25,119] [common.py:63] [common:get_action_handler] [INFO]- 当前正在操作action：query_manufacturer
[2020-03-12 00:24:25,122] [common.py:63] [common:get_action_handler] [INFO]- 当前正在操作action：query_dtu_user
[2020-03-12 00:24:25,254] [common.py:63] [common:get_action_handler] [INFO]- 当前正在操作action：query_meter
[2020-03-12 00:24:25,255] [common.py:63] [common:get_action_handler] [INFO]- 当前正在操作action：query_manufacturer
[2020-03-12 00:24:25,259] [common.py:63] [common:get_action_handler] [INFO]- 当前正在操作action：query_dtu_user
[2020-03-12 00:24:31,908] [common.py:63] [common:get_action_handler] [INFO]- 当前正在操作action：query_meter
[2020-03-12 00:24:31,909] [common.py:63] [common:get_action_handler] [INFO]- 当前正在操作action：query_manufacturer
[2020-03-12 00:24:31,911] [common.py:63] [common:get_action_handler] [INFO]- 当前正在操作action：query_dtu_user
[2020-03-12 00:24:38,041] [common.py:63] [common:get_action_handler] [INFO]- 当前正在操作action：query_dtu_user
[2020-03-12 00:24:38,042] [common.py:63] [common:get_action_handler] [INFO]- 当前正在操作action：query_manufacturer
[2020-03-12 00:24:38,043] [common.py:63] [common:get_action_handler] [INFO]- 当前正在操作action：query_dtu_region
[2020-03-12 00:24:38,070] [common.py:63] [common:get_action_handler] [INFO]- 当前正在操作action：query_dtu
[2020-03-12 00:24:48,956] [common.py:63] [common:get_action_handler] [INFO]- 当前正在操作action：query_meter
[2020-03-12 00:24:48,957] [common.py:63] [common:get_action_handler] [INFO]- 当前正在操作action：query_manufacturer
[2020-03-12 00:24:48,959] [common.py:63] [common:get_action_handler] [INFO]- 当前正在操作action：query_dtu_user
[2020-03-12 00:25:04,515] [common.py:63] [common:get_action_handler] [INFO]- 当前正在操作action：query_meter
[2020-03-12 00:25:04,519] [common.py:63] [common:get_action_handler] [INFO]- 当前正在操作action：query_dtu_user
[2020-03-12 00:25:04,520] [common.py:63] [common:get_action_handler] [INFO]- 当前正在操作action：query_manufacturer
[2020-03-12 00:25:12,849] [common.py:63] [common:get_action_handler] [INFO]- 当前正在操作action：query_meter
[2020-03-12 00:25:12,852] [common.py:63] [common:get_action_handler] [INFO]- 当前正在操作action：query_manufacturer
[2020-03-12 00:25:12,853] [common.py:63] [common:get_action_handler] [INFO]- 当前正在操作action：query_dtu_user
[2020-03-12 00:25:13,419] [common.py:63] [common:get_action_handler] [INFO]- 当前正在操作action：query_meter
[2020-03-12 00:25:13,421] [common.py:63] [common:get_action_handler] [INFO]- 当前正在操作action：query_manufacturer
[2020-03-12 00:25:13,423] [common.py:63] [common:get_action_handler] [INFO]- 当前正在操作action：query_dtu_user
[2020-03-12 00:25:13,796] [common.py:63] [common:get_action_handler] [INFO]- 当前正在操作action：query_meter
[2020-03-12 00:25:13,797] [common.py:63] [common:get_action_handler] [INFO]- 当前正在操作action：query_manufacturer
[2020-03-12 00:25:13,800] [common.py:63] [common:get_action_handler] [INFO]- 当前正在操作action：query_dtu_user
[2020-03-12 00:25:38,384] [common.py:63] [common:get_action_handler] [INFO]- 当前正在操作action：query_meter
[2020-03-12 00:25:38,388] [common.py:63] [common:get_action_handler] [INFO]- 当前正在操作action：query_manufacturer
[2020-03-12 00:25:38,390] [common.py:63] [common:get_action_handler] [INFO]- 当前正在操作action：query_dtu_user
[2020-03-12 00:25:39,113] [common.py:63] [common:get_action_handler] [INFO]- 当前正在操作action：query_meter
[2020-03-12 00:25:39,114] [common.py:63] [common:get_action_handler] [INFO]- 当前正在操作action：query_manufacturer
[2020-03-12 00:25:39,117] [common.py:63] [common:get_action_handler] [INFO]- 当前正在操作action：query_dtu_user
[2020-03-12 00:25:39,628] [common.py:63] [common:get_action_handler] [INFO]- 当前正在操作action：query_meter
[2020-03-12 00:25:39,629] [common.py:63] [common:get_action_handler] [INFO]- 当前正在操作action：query_manufacturer
[2020-03-12 00:25:39,631] [common.py:63] [common:get_action_handler] [INFO]- 当前正在操作action：query_dtu_user
[2020-03-12 00:25:39,845] [common.py:63] [common:get_action_handler] [INFO]- 当前正在操作action：query_meter
[2020-03-12 00:25:39,846] [common.py:63] [common:get_action_handler] [INFO]- 当前正在操作action：query_manufacturer
[2020-03-12 00:25:39,850] [common.py:63] [common:get_action_handler] [INFO]- 当前正在操作action：query_dtu_user
[2020-03-12 00:25:40,018] [common.py:63] [common:get_action_handler] [INFO]- 当前正在操作action：query_meter
[2020-03-12 00:25:40,019] [common.py:63] [common:get_action_handler] [INFO]- 当前正在操作action：query_manufacturer
[2020-03-12 00:25:40,021] [common.py:63] [common:get_action_handler] [INFO]- 当前正在操作action：query_dtu_user
[2020-03-12 00:25:40,231] [common.py:63] [common:get_action_handler] [INFO]- 当前正在操作action：query_meter
[2020-03-12 00:25:40,231] [common.py:63] [common:get_action_handler] [INFO]- 当前正在操作action：query_manufacturer
[2020-03-12 00:25:40,234] [common.py:63] [common:get_action_handler] [INFO]- 当前正在操作action：query_dtu_user
[2020-03-12 00:25:46,733] [common.py:63] [common:get_action_handler] [INFO]- 当前正在操作action：query_meter
[2020-03-12 00:25:46,733] [common.py:63] [common:get_action_handler] [INFO]- 当前正在操作action：query_manufacturer
[2020-03-12 00:25:46,736] [common.py:63] [common:get_action_handler] [INFO]- 当前正在操作action：query_dtu_user
[2020-03-12 00:25:47,249] [common.py:63] [common:get_action_handler] [INFO]- 当前正在操作action：query_meter
[2020-03-12 00:25:47,250] [common.py:63] [common:get_action_handler] [INFO]- 当前正在操作action：query_manufacturer
[2020-03-12 00:25:47,251] [common.py:63] [common:get_action_handler] [INFO]- 当前正在操作action：query_dtu_user
[2020-03-12 00:25:47,416] [common.py:63] [common:get_action_handler] [INFO]- 当前正在操作action：query_meter
[2020-03-12 00:25:47,419] [common.py:63] [common:get_action_handler] [INFO]- 当前正在操作action：query_manufacturer
[2020-03-12 00:25:47,420] [common.py:63] [common:get_action_handler] [INFO]- 当前正在操作action：query_dtu_user
[2020-03-12 00:26:19,647] [common.py:63] [common:get_action_handler] [INFO]- 当前正在操作action：query_meter
[2020-03-12 00:26:19,650] [common.py:63] [common:get_action_handler] [INFO]- 当前正在操作action：query_dtu_user
[2020-03-12 00:26:19,650] [common.py:63] [common:get_action_handler] [INFO]- 当前正在操作action：query_manufacturer
[2020-03-12 00:26:27,207] [common.py:63] [common:get_action_handler] [INFO]- 当前正在操作action：query_manufacturer
[2020-03-12 00:26:27,207] [common.py:63] [common:get_action_handler] [INFO]- 当前正在操作action：query_dtu_user
[2020-03-12 00:26:27,209] [common.py:63] [common:get_action_handler] [INFO]- 当前正在操作action：query_dtu_region
[2020-03-12 00:26:27,234] [common.py:63] [common:get_action_handler] [INFO]- 当前正在操作action：query_dtu
[2020-03-12 00:26:58,863] [common.py:63] [common:get_action_handler] [INFO]- 当前正在操作action：query_meter
[2020-03-12 00:26:58,864] [common.py:63] [common:get_action_handler] [INFO]- 当前正在操作action：query_manufacturer
[2020-03-12 00:26:58,866] [common.py:63] [common:get_action_handler] [INFO]- 当前正在操作action：query_dtu_user
[2020-03-12 00:27:09,444] [common.py:63] [common:get_action_handler] [INFO]- 当前正在操作action：query_state
[2020-03-12 00:27:11,859] [common.py:63] [common:get_action_handler] [INFO]- 当前正在操作action：query_state
[2020-03-12 10:28:50,863] [common.py:63] [common:get_action_handler] [INFO]- 当前正在操作action：query_meter
[2020-03-12 10:28:50,876] [common.py:63] [common:get_action_handler] [INFO]- 当前正在操作action：query_manufacturer
[2020-03-12 10:28:50,898] [common.py:63] [common:get_action_handler] [INFO]- 当前正在操作action：query_dtu_user
[2020-03-12 10:28:52,121] [common.py:63] [common:get_action_handler] [INFO]- 当前正在操作action：query_state
[2020-03-12 10:29:20,026] [common.py:63] [common:get_action_handler] [INFO]- 当前正在操作action：query_state
[2020-03-12 10:29:21,973] [common.py:63] [common:get_action_handler] [INFO]- 当前正在操作action：query_state
[2020-03-12 10:29:23,556] [common.py:63] [common:get_action_handler] [INFO]- 当前正在操作action：query_state
[2020-03-12 10:29:25,391] [common.py:63] [common:get_action_handler] [INFO]- 当前正在操作action：query_state
[2020-03-12 10:29:27,755] [common.py:63] [common:get_action_handler] [INFO]- 当前正在操作action：query_state
[2020-03-12 10:29:30,085] [common.py:63] [common:get_action_handler] [INFO]- 当前正在操作action：query_state
[2020-03-12 10:29:32,424] [common.py:63] [common:get_action_handler] [INFO]- 当前正在操作action：query_state
[2020-03-12 10:29:34,464] [common.py:63] [common:get_action_handler] [INFO]- 当前正在操作action：query_state
[2020-03-12 10:29:36,366] [common.py:63] [common:get_action_handler] [INFO]- 当前正在操作action：query_state
[2020-03-12 10:29:38,004] [common.py:63] [common:get_action_handler] [INFO]- 当前正在操作action：query_state
[2020-03-12 10:29:54,040] [common.py:63] [common:get_action_handler] [INFO]- 当前正在操作action：query_state
[2020-03-12 10:29:55,759] [common.py:63] [common:get_action_handler] [INFO]- 当前正在操作action：query_state
[2020-03-12 10:53:29,523] [common.py:63] [common:get_action_handler] [INFO]- 当前正在操作action：query_meter
[2020-03-12 10:53:29,538] [common.py:63] [common:get_action_handler] [INFO]- 当前正在操作action：query_manufacturer
[2020-03-12 10:53:29,558] [common.py:63] [common:get_action_handler] [INFO]- 当前正在操作action：query_dtu_user
[2020-03-12 10:53:30,248] [common.py:63] [common:get_action_handler] [INFO]- 当前正在操作action：query_state
[2020-03-12 10:53:32,448] [common.py:63] [common:get_action_handler] [INFO]- 当前正在操作action：query_state
[2020-03-12 10:53:34,139] [common.py:63] [common:get_action_handler] [INFO]- 当前正在操作action：query_state
[2020-03-12 10:53:36,734] [common.py:63] [common:get_action_handler] [INFO]- 当前正在操作action：query_state
[2020-03-12 10:53:43,109] [common.py:63] [common:get_action_handler] [INFO]- 当前正在操作action：query_admin
[2020-03-12 10:53:44,294] [common.py:63] [common:get_action_handler] [INFO]- 当前正在操作action：query_dtu_user
[2020-03-12 10:53:45,032] [common.py:63] [common:get_action_handler] [INFO]- 当前正在操作action：query_dtu_region
[2020-03-12 10:53:45,696] [common.py:63] [common:get_action_handler] [INFO]- 当前正在操作action：query_dtu
[2020-03-12 10:53:45,710] [common.py:63] [common:get_action_handler] [INFO]- 当前正在操作action：query_manufacturer
[2020-03-12 10:53:45,730] [common.py:63] [common:get_action_handler] [INFO]- 当前正在操作action：query_dtu_user
[2020-03-12 10:53:46,440] [common.py:63] [common:get_action_handler] [INFO]- 当前正在操作action：query_meter
[2020-03-12 10:53:46,442] [common.py:63] [common:get_action_handler] [INFO]- 当前正在操作action：query_manufacturer
[2020-03-12 10:53:46,445] [common.py:63] [common:get_action_handler] [INFO]- 当前正在操作action：query_dtu_user
[2020-03-12 10:53:47,037] [common.py:63] [common:get_action_handler] [INFO]- 当前正在操作action：query_dtu_region
[2020-03-12 10:53:47,522] [common.py:63] [common:get_action_handler] [INFO]- 当前正在操作action：query_dtu
[2020-03-12 10:53:47,524] [common.py:63] [common:get_action_handler] [INFO]- 当前正在操作action：query_manufacturer
[2020-03-12 10:53:47,525] [common.py:63] [common:get_action_handler] [INFO]- 当前正在操作action：query_dtu_user
[2020-03-12 10:53:47,990] [common.py:63] [common:get_action_handler] [INFO]- 当前正在操作action：query_meter
[2020-03-12 10:53:47,992] [common.py:63] [common:get_action_handler] [INFO]- 当前正在操作action：query_manufacturer
[2020-03-12 10:53:47,994] [common.py:63] [common:get_action_handler] [INFO]- 当前正在操作action：query_dtu_user
[2020-03-12 10:53:55,354] [common.py:63] [common:get_action_handler] [INFO]- 当前正在操作action：query_meter
[2020-03-12 10:53:55,355] [common.py:63] [common:get_action_handler] [INFO]- 当前正在操作action：query_manufacturer
[2020-03-12 10:53:55,356] [common.py:63] [common:get_action_handler] [INFO]- 当前正在操作action：query_dtu_user
[2020-03-12 10:53:56,092] [common.py:63] [common:get_action_handler] [INFO]- 当前正在操作action：query_meter
[2020-03-12 10:53:56,093] [common.py:63] [common:get_action_handler] [INFO]- 当前正在操作action：query_manufacturer
[2020-03-12 10:53:56,097] [common.py:63] [common:get_action_handler] [INFO]- 当前正在操作action：query_dtu_user
[2020-03-12 10:53:56,568] [common.py:63] [common:get_action_handler] [INFO]- 当前正在操作action：query_dtu
[2020-03-12 10:53:56,568] [common.py:63] [common:get_action_handler] [INFO]- 当前正在操作action：query_manufacturer
[2020-03-12 10:53:56,570] [common.py:63] [common:get_action_handler] [INFO]- 当前正在操作action：query_dtu_user
[2020-03-12 10:53:57,039] [common.py:63] [common:get_action_handler] [INFO]- 当前正在操作action：query_meter
[2020-03-12 10:53:57,043] [common.py:63] [common:get_action_handler] [INFO]- 当前正在操作action：query_dtu_user
[2020-03-12 10:53:57,043] [common.py:63] [common:get_action_handler] [INFO]- 当前正在操作action：query_manufacturer
[2020-03-12 10:53:57,588] [common.py:63] [common:get_action_handler] [INFO]- 当前正在操作action：query_meter
[2020-03-12 10:53:57,589] [common.py:63] [common:get_action_handler] [INFO]- 当前正在操作action：query_manufacturer
[2020-03-12 10:53:57,595] [common.py:63] [common:get_action_handler] [INFO]- 当前正在操作action：query_dtu_user
[2020-03-12 10:54:03,321] [common.py:63] [common:get_action_handler] [INFO]- 当前正在操作action：query_meter
[2020-03-12 10:54:03,323] [common.py:63] [common:get_action_handler] [INFO]- 当前正在操作action：query_manufacturer
[2020-03-12 10:54:03,325] [common.py:63] [common:get_action_handler] [INFO]- 当前正在操作action：query_dtu_user
[2020-03-12 10:54:18,508] [common.py:63] [common:get_action_handler] [INFO]- 当前正在操作action：query_dtu_region
[2020-03-12 10:54:18,508] [common.py:63] [common:get_action_handler] [INFO]- 当前正在操作action：query_manufacturer
[2020-03-12 10:54:18,508] [common.py:63] [common:get_action_handler] [INFO]- 当前正在操作action：query_dtu
[2020-03-12 10:58:41,264] [common.py:63] [common:get_action_handler] [INFO]- 当前正在操作action：query_dtu_region
[2020-03-12 10:58:41,264] [common.py:63] [common:get_action_handler] [INFO]- 当前正在操作action：query_manufacturer
[2020-03-12 10:58:41,268] [common.py:63] [common:get_action_handler] [INFO]- 当前正在操作action：query_dtu
[2020-03-12 10:58:43,001] [common.py:63] [common:get_action_handler] [INFO]- 当前正在操作action：query_dtu
[2020-03-12 10:58:43,003] [common.py:63] [common:get_action_handler] [INFO]- 当前正在操作action：query_dtu_user
[2020-03-12 10:59:01,899] [common.py:63] [common:get_action_handler] [INFO]- 当前正在操作action：add_meter
[2020-03-12 11:02:11,970] [common.py:63] [common:get_action_handler] [INFO]- 当前正在操作action：add_meter
[2020-03-12 11:18:07,968] [common.py:63] [common:get_action_handler] [INFO]- 当前正在操作action：query_manufacturer
[2020-03-12 11:18:07,991] [common.py:63] [common:get_action_handler] [INFO]- 当前正在操作action：query_dtu_user
[2020-03-12 11:18:21,228] [common.py:63] [common:get_action_handler] [INFO]- 当前正在操作action：query_control_register
[2020-03-12 11:18:21,234] [common.py:63] [common:get_action_handler] [INFO]- 当前正在操作action：query_data_field
[2020-03-12 11:18:21,254] [common.py:63] [common:get_action_handler] [INFO]- 当前正在操作action：query_admin
[2020-03-12 11:18:21,285] [common.py:63] [common:get_action_handler] [INFO]- 当前正在操作action：query_dtu_user
[2020-03-12 11:18:21,297] [common.py:63] [common:get_action_handler] [INFO]- 当前正在操作action：query_manufacturer
[2020-03-12 11:18:21,305] [common.py:63] [common:get_action_handler] [INFO]- 当前正在操作action：query_dtu_region
[2020-03-12 11:18:21,329] [common.py:63] [common:get_action_handler] [INFO]- 当前正在操作action：query_manufacturer
[2020-03-12 11:18:21,329] [common.py:63] [common:get_action_handler] [INFO]- 当前正在操作action：query_dtu
[2020-03-12 11:18:21,331] [common.py:63] [common:get_action_handler] [INFO]- 当前正在操作action：query_dtu_user
[2020-03-12 11:18:21,364] [common.py:63] [common:get_action_handler] [INFO]- 当前正在操作action：query_dtu_user
[2020-03-12 11:18:21,376] [common.py:63] [common:get_action_handler] [INFO]- 当前正在操作action：query_manufacturer
[2020-03-12 11:18:29,220] [common.py:63] [common:get_action_handler] [INFO]- 当前正在操作action：query_manufacturer
[2020-03-12 11:18:29,221] [common.py:63] [common:get_action_handler] [INFO]- 当前正在操作action：query_dtu_user
[2020-03-12 11:18:48,714] [common.py:63] [common:get_action_handler] [INFO]- 当前正在操作action：query_meter
[2020-03-12 11:18:48,715] [common.py:63] [common:get_action_handler] [INFO]- 当前正在操作action：query_manufacturer
[2020-03-12 11:18:48,718] [common.py:63] [common:get_action_handler] [INFO]- 当前正在操作action：query_dtu_user
[2020-03-12 11:18:52,958] [common.py:63] [common:get_action_handler] [INFO]- 当前正在操作action：query_manufacturer
[2020-03-12 11:18:52,958] [common.py:63] [common:get_action_handler] [INFO]- 当前正在操作action：query_dtu_region
[2020-03-12 11:18:52,961] [common.py:63] [common:get_action_handler] [INFO]- 当前正在操作action：query_dtu
[2020-03-12 11:18:55,145] [common.py:63] [common:get_action_handler] [INFO]- 当前正在操作action：query_dtu
[2020-03-12 11:18:55,147] [common.py:63] [common:get_action_handler] [INFO]- 当前正在操作action：query_dtu_user
[2020-03-12 11:18:57,753] [common.py:63] [common:get_action_handler] [INFO]- 当前正在操作action：query_dtu
[2020-03-12 11:18:57,755] [common.py:63] [common:get_action_handler] [INFO]- 当前正在操作action：query_dtu_user
[2020-03-12 11:19:02,135] [common.py:63] [common:get_action_handler] [INFO]- 当前正在操作action：add_meter
[2020-03-12 11:19:03,000] [common.py:63] [common:get_action_handler] [INFO]- 当前正在操作action：query_meter
[2020-03-12 11:19:03,002] [common.py:63] [common:get_action_handler] [INFO]- 当前正在操作action：query_manufacturer
[2020-03-12 11:19:03,005] [common.py:63] [common:get_action_handler] [INFO]- 当前正在操作action：query_dtu_user
[2020-03-12 11:19:07,880] [common.py:63] [common:get_action_handler] [INFO]- 当前正在操作action：query_meter
[2020-03-12 11:19:07,881] [common.py:63] [common:get_action_handler] [INFO]- 当前正在操作action：query_manufacturer
[2020-03-12 11:19:07,883] [common.py:63] [common:get_action_handler] [INFO]- 当前正在操作action：query_dtu_user
[2020-03-12 11:56:53,774] [common.py:63] [common:get_action_handler] [INFO]- 当前正在操作action：query_meter
[2020-03-12 11:56:53,788] [common.py:63] [common:get_action_handler] [INFO]- 当前正在操作action：query_manufacturer
[2020-03-12 11:56:53,807] [common.py:63] [common:get_action_handler] [INFO]- 当前正在操作action：query_dtu_user
[2020-03-12 11:57:36,906] [common.py:63] [common:get_action_handler] [INFO]- 当前正在操作action：query_control_register
[2020-03-12 11:57:36,915] [common.py:63] [common:get_action_handler] [INFO]- 当前正在操作action：query_data_field
[2020-03-12 11:57:36,953] [common.py:63] [common:get_action_handler] [INFO]- 当前正在操作action：query_admin
[2020-03-12 11:57:36,963] [common.py:63] [common:get_action_handler] [INFO]- 当前正在操作action：query_dtu_user
[2020-03-12 11:57:36,971] [common.py:63] [common:get_action_handler] [INFO]- 当前正在操作action：query_dtu_region
[2020-03-12 11:57:36,985] [common.py:63] [common:get_action_handler] [INFO]- 当前正在操作action：query_meter
[2020-03-12 11:57:36,985] [common.py:63] [common:get_action_handler] [INFO]- 当前正在操作action：query_manufacturer
[2020-03-12 11:57:36,991] [common.py:63] [common:get_action_handler] [INFO]- 当前正在操作action：query_dtu_user
[2020-03-12 11:57:37,017] [common.py:63] [common:get_action_handler] [INFO]- 当前正在操作action：query_manufacturer
[2020-03-12 11:57:37,037] [common.py:63] [common:get_action_handler] [INFO]- 当前正在操作action：query_dtu
[2020-03-12 11:57:37,042] [common.py:63] [common:get_action_handler] [INFO]- 当前正在操作action：query_dtu_user
[2020-03-12 11:57:37,067] [common.py:63] [common:get_action_handler] [INFO]- 当前正在操作action：query_manufacturer
[2020-03-12 11:59:04,359] [common.py:63] [common:get_action_handler] [INFO]- 当前正在操作action：query_meter
[2020-03-12 11:59:04,361] [common.py:63] [common:get_action_handler] [INFO]- 当前正在操作action：query_manufacturer
[2020-03-12 11:59:04,364] [common.py:63] [common:get_action_handler] [INFO]- 当前正在操作action：query_dtu_user
[2020-03-12 11:59:27,412] [common.py:63] [common:get_action_handler] [INFO]- 当前正在操作action：query_meter
[2020-03-12 11:59:27,416] [common.py:63] [common:get_action_handler] [INFO]- 当前正在操作action：query_manufacturer
[2020-03-12 11:59:27,417] [common.py:63] [common:get_action_handler] [INFO]- 当前正在操作action：query_dtu_user
[2020-03-12 11:59:30,972] [common.py:63] [common:get_action_handler] [INFO]- 当前正在操作action：del_batch_meter
[2020-03-12 11:59:30,987] [common.py:63] [common:get_action_handler] [INFO]- 当前正在操作action：query_meter
[2020-03-12 11:59:34,958] [common.py:63] [common:get_action_handler] [INFO]- 当前正在操作action：del_batch_meter
[2020-03-12 11:59:34,994] [common.py:63] [common:get_action_handler] [INFO]- 当前正在操作action：query_meter
[2020-03-12 11:59:36,909] [common.py:63] [common:get_action_handler] [INFO]- 当前正在操作action：query_meter
[2020-03-12 11:59:36,909] [common.py:63] [common:get_action_handler] [INFO]- 当前正在操作action：query_manufacturer
[2020-03-12 11:59:36,916] [common.py:63] [common:get_action_handler] [INFO]- 当前正在操作action：query_dtu_user
[2020-03-12 12:02:56,379] [common.py:63] [common:get_action_handler] [INFO]- 当前正在操作action：query_meter
[2020-03-12 12:02:56,380] [common.py:63] [common:get_action_handler] [INFO]- 当前正在操作action：query_manufacturer
[2020-03-12 12:02:56,384] [common.py:63] [common:get_action_handler] [INFO]- 当前正在操作action：query_dtu_user
[2020-03-12 12:02:57,035] [common.py:63] [common:get_action_handler] [INFO]- 当前正在操作action：query_meter
[2020-03-12 12:02:57,036] [common.py:63] [common:get_action_handler] [INFO]- 当前正在操作action：query_manufacturer
[2020-03-12 12:02:57,038] [common.py:63] [common:get_action_handler] [INFO]- 当前正在操作action：query_dtu_user
[2020-03-12 12:02:57,316] [common.py:63] [common:get_action_handler] [INFO]- 当前正在操作action：query_manufacturer
[2020-03-12 12:02:57,316] [common.py:63] [common:get_action_handler] [INFO]- 当前正在操作action：query_meter
[2020-03-12 12:02:57,319] [common.py:63] [common:get_action_handler] [INFO]- 当前正在操作action：query_dtu_user
[2020-03-12 12:02:57,494] [common.py:63] [common:get_action_handler] [INFO]- 当前正在操作action：query_meter
[2020-03-12 12:02:57,495] [common.py:63] [common:get_action_handler] [INFO]- 当前正在操作action：query_manufacturer
[2020-03-12 12:02:57,497] [common.py:63] [common:get_action_handler] [INFO]- 当前正在操作action：query_dtu_user
[2020-03-12 12:02:57,665] [common.py:63] [common:get_action_handler] [INFO]- 当前正在操作action：query_meter
[2020-03-12 12:02:57,666] [common.py:63] [common:get_action_handler] [INFO]- 当前正在操作action：query_manufacturer
[2020-03-12 12:02:57,668] [common.py:63] [common:get_action_handler] [INFO]- 当前正在操作action：query_dtu_user
[2020-03-12 12:02:57,816] [common.py:63] [common:get_action_handler] [INFO]- 当前正在操作action：query_meter
[2020-03-12 12:02:57,817] [common.py:63] [common:get_action_handler] [INFO]- 当前正在操作action：query_manufacturer
[2020-03-12 12:02:57,819] [common.py:63] [common:get_action_handler] [INFO]- 当前正在操作action：query_dtu_user
[2020-03-12 12:02:57,954] [common.py:63] [common:get_action_handler] [INFO]- 当前正在操作action：query_meter
[2020-03-12 12:02:57,955] [common.py:63] [common:get_action_handler] [INFO]- 当前正在操作action：query_manufacturer
[2020-03-12 12:02:57,959] [common.py:63] [common:get_action_handler] [INFO]- 当前正在操作action：query_dtu_user
[2020-03-12 12:03:10,588] [common.py:63] [common:get_action_handler] [INFO]- 当前正在操作action：del_batch_meter
[2020-03-12 12:03:10,629] [common.py:63] [common:get_action_handler] [INFO]- 当前正在操作action：query_meter
[2020-03-12 12:06:28,709] [common.py:63] [common:get_action_handler] [INFO]- 当前正在操作action：query_manufacturer
[2020-03-12 12:06:28,709] [common.py:63] [common:get_action_handler] [INFO]- 当前正在操作action：query_dtu_region
[2020-03-12 12:06:28,710] [common.py:63] [common:get_action_handler] [INFO]- 当前正在操作action：query_dtu
[2020-03-12 12:06:30,563] [common.py:63] [common:get_action_handler] [INFO]- 当前正在操作action：query_dtu
[2020-03-12 12:06:30,566] [common.py:63] [common:get_action_handler] [INFO]- 当前正在操作action：query_dtu_user
[2020-03-12 12:06:34,142] [common.py:63] [common:get_action_handler] [INFO]- 当前正在操作action：add_meter
[2020-03-12 12:06:34,938] [common.py:63] [common:get_action_handler] [INFO]- 当前正在操作action：query_meter
[2020-03-12 12:06:34,940] [common.py:63] [common:get_action_handler] [INFO]- 当前正在操作action：query_manufacturer
[2020-03-12 12:06:34,943] [common.py:63] [common:get_action_handler] [INFO]- 当前正在操作action：query_dtu_user
[2020-03-12 12:06:39,823] [common.py:63] [common:get_action_handler] [INFO]- 当前正在操作action：query_state
[2020-03-12 12:08:04,637] [common.py:63] [common:get_action_handler] [INFO]- 当前正在操作action：query_meter
[2020-03-12 12:08:04,644] [common.py:63] [common:get_action_handler] [INFO]- 当前正在操作action：query_manufacturer
[2020-03-12 12:08:04,647] [common.py:63] [common:get_action_handler] [INFO]- 当前正在操作action：query_dtu_user
[2020-03-12 12:27:48,649] [common.py:63] [common:get_action_handler] [INFO]- 当前正在操作action：query_meter
[2020-03-12 12:27:48,659] [common.py:63] [common:get_action_handler] [INFO]- 当前正在操作action：query_manufacturer
[2020-03-12 14:06:33,339] [common.py:63] [common:get_action_handler] [INFO]- 当前正在操作action：query_data_field
[2020-03-12 14:06:33,355] [common.py:63] [common:get_action_handler] [INFO]- 当前正在操作action：query_control_register
[2020-03-12 14:06:33,379] [common.py:63] [common:get_action_handler] [INFO]- 当前正在操作action：query_manufacturer
[2020-03-12 14:06:33,386] [common.py:63] [common:get_action_handler] [INFO]- 当前正在操作action：query_admin
[2020-03-12 14:06:33,404] [common.py:63] [common:get_action_handler] [INFO]- 当前正在操作action：query_dtu_region
[2020-03-12 14:06:33,420] [common.py:63] [common:get_action_handler] [INFO]- 当前正在操作action：query_dtu_user
[2020-03-12 14:06:33,425] [common.py:63] [common:get_action_handler] [INFO]- 当前正在操作action：query_dtu
[2020-03-12 14:06:33,431] [common.py:63] [common:get_action_handler] [INFO]- 当前正在操作action：query_dtu_user
[2020-03-12 14:06:33,436] [common.py:63] [common:get_action_handler] [INFO]- 当前正在操作action：query_manufacturer
[2020-03-12 14:06:33,448] [common.py:63] [common:get_action_handler] [INFO]- 当前正在操作action：query_meter
[2020-03-12 14:06:33,493] [common.py:63] [common:get_action_handler] [INFO]- 当前正在操作action：query_manufacturer
[2020-03-12 14:06:39,484] [common.py:63] [common:get_action_handler] [INFO]- 当前正在操作action：query_dtu
[2020-03-12 14:06:39,486] [common.py:63] [common:get_action_handler] [INFO]- 当前正在操作action：query_dtu_user
[2020-03-12 14:09:30,654] [common.py:63] [common:get_action_handler] [INFO]- 当前正在操作action：query_meter
[2020-03-12 14:09:30,658] [common.py:63] [common:get_action_handler] [INFO]- 当前正在操作action：query_manufacturer
[2020-03-12 14:09:32,533] [common.py:63] [common:get_action_handler] [INFO]- 当前正在操作action：query_dtu_user
[2020-03-12 14:09:41,339] [common.py:63] [common:get_action_handler] [INFO]- 当前正在操作action：login
[2020-03-12 14:09:42,917] [common.py:63] [common:get_action_handler] [INFO]- 当前正在操作action：query_admin
[2020-03-12 14:09:42,925] [common.py:63] [common:get_action_handler] [INFO]- 当前正在操作action：query_control_register
[2020-03-12 14:09:42,939] [common.py:63] [common:get_action_handler] [INFO]- 当前正在操作action：query_data_field
[2020-03-12 14:09:42,972] [common.py:63] [common:get_action_handler] [INFO]- 当前正在操作action：query_dtu_region
[2020-03-12 14:09:42,984] [common.py:63] [common:get_action_handler] [INFO]- 当前正在操作action：query_dtu_user
[2020-03-12 14:09:42,993] [common.py:63] [common:get_action_handler] [INFO]- 当前正在操作action：query_manufacturer
[2020-03-12 14:09:43,002] [common.py:63] [common:get_action_handler] [INFO]- 当前正在操作action：query_dtu
[2020-03-12 14:09:43,003] [common.py:63] [common:get_action_handler] [INFO]- 当前正在操作action：query_manufacturer
[2020-03-12 14:09:43,004] [common.py:63] [common:get_action_handler] [INFO]- 当前正在操作action：query_dtu_user
[2020-03-12 14:09:43,027] [common.py:63] [common:get_action_handler] [INFO]- 当前正在操作action：query_meter
[2020-03-12 14:09:43,071] [common.py:63] [common:get_action_handler] [INFO]- 当前正在操作action：query_manufacturer
[2020-03-12 14:09:45,807] [common.py:63] [common:get_action_handler] [INFO]- 当前正在操作action：query_dtu_user_by_man_id
[2020-03-12 14:09:45,808] [common.py:63] [common:get_action_handler] [INFO]- 当前正在操作action：query_dtu_user
[2020-03-12 14:09:49,069] [common.py:63] [common:get_action_handler] [INFO]- 当前正在操作action：query_dtu_user_by_man_id
[2020-03-12 14:09:49,070] [common.py:63] [common:get_action_handler] [INFO]- 当前正在操作action：query_dtu_user
[2020-03-12 14:10:04,446] [common.py:63] [common:get_action_handler] [INFO]- 当前正在操作action：query_dtu_user_by_man_id
[2020-03-12 14:10:04,448] [common.py:63] [common:get_action_handler] [INFO]- 当前正在操作action：query_dtu_user
[2020-03-12 14:10:35,968] [common.py:63] [common:get_action_handler] [INFO]- 当前正在操作action：query_meter
[2020-03-12 14:10:35,970] [common.py:63] [common:get_action_handler] [INFO]- 当前正在操作action：query_manufacturer
[2020-03-12 14:10:43,726] [common.py:63] [common:get_action_handler] [INFO]- 当前正在操作action：query_dtu_user_by_man_id
[2020-03-12 14:10:43,727] [common.py:63] [common:get_action_handler] [INFO]- 当前正在操作action：query_dtu_user
[2020-03-12 14:11:31,906] [common.py:63] [common:get_action_handler] [INFO]- 当前正在操作action：query_meter
[2020-03-12 14:11:31,923] [common.py:63] [common:get_action_handler] [INFO]- 当前正在操作action：query_manufacturer
[2020-03-12 14:11:33,012] [common.py:63] [common:get_action_handler] [INFO]- 当前正在操作action：query_dtu_user_by_man_id
[2020-03-12 14:11:33,014] [common.py:63] [common:get_action_handler] [INFO]- 当前正在操作action：query_dtu_user
[2020-03-12 14:12:08,672] [common.py:63] [common:get_action_handler] [INFO]- 当前正在操作action：query_meter
[2020-03-12 14:12:08,687] [common.py:63] [common:get_action_handler] [INFO]- 当前正在操作action：query_manufacturer
[2020-03-12 14:12:10,828] [common.py:63] [common:get_action_handler] [INFO]- 当前正在操作action：query_dtu_user_by_man_id
[2020-03-12 14:12:10,833] [common.py:63] [common:get_action_handler] [INFO]- 当前正在操作action：query_dtu_user
[2020-03-12 14:14:10,629] [common.py:63] [common:get_action_handler] [INFO]- 当前正在操作action：query_meter
[2020-03-12 14:14:10,644] [common.py:63] [common:get_action_handler] [INFO]- 当前正在操作action：query_manufacturer
[2020-03-12 14:14:11,970] [common.py:63] [common:get_action_handler] [INFO]- 当前正在操作action：query_dtu_user_by_man_id
[2020-03-12 14:14:11,975] [common.py:63] [common:get_action_handler] [INFO]- 当前正在操作action：query_dtu_user
[2020-03-12 14:14:16,749] [common.py:63] [common:get_action_handler] [INFO]- 当前正在操作action：query_dtu_user_by_man_id
[2020-03-12 14:14:16,750] [common.py:63] [common:get_action_handler] [INFO]- 当前正在操作action：query_dtu_user
[2020-03-12 14:14:19,488] [common.py:63] [common:get_action_handler] [INFO]- 当前正在操作action：query_dtu_user_by_man_id
[2020-03-12 14:14:19,490] [common.py:63] [common:get_action_handler] [INFO]- 当前正在操作action：query_dtu_user
[2020-03-12 14:14:21,982] [common.py:63] [common:get_action_handler] [INFO]- 当前正在操作action：query_dtu_user_by_man_id
[2020-03-12 14:14:21,984] [common.py:63] [common:get_action_handler] [INFO]- 当前正在操作action：query_dtu_user
[2020-03-12 14:14:24,658] [common.py:63] [common:get_action_handler] [INFO]- 当前正在操作action：query_dtu_user_by_man_id
[2020-03-12 14:14:24,661] [common.py:63] [common:get_action_handler] [INFO]- 当前正在操作action：query_dtu_user
[2020-03-12 14:14:26,426] [common.py:63] [common:get_action_handler] [INFO]- 当前正在操作action：query_dtu_user
[2020-03-12 14:14:31,968] [common.py:63] [common:get_action_handler] [INFO]- 当前正在操作action：query_dtu_region
[2020-03-12 14:14:32,824] [common.py:63] [common:get_action_handler] [INFO]- 当前正在操作action：query_dtu
[2020-03-12 14:14:32,824] [common.py:63] [common:get_action_handler] [INFO]- 当前正在操作action：query_manufacturer
[2020-03-12 14:14:32,829] [common.py:63] [common:get_action_handler] [INFO]- 当前正在操作action：query_dtu_user
[2020-03-12 14:14:38,596] [common.py:63] [common:get_action_handler] [INFO]- 当前正在操作action：query_meter
[2020-03-12 14:14:38,599] [common.py:63] [common:get_action_handler] [INFO]- 当前正在操作action：query_manufacturer
[2020-03-12 14:14:41,243] [common.py:63] [common:get_action_handler] [INFO]- 当前正在操作action：query_dtu_user_by_man_id
[2020-03-12 14:14:41,244] [common.py:63] [common:get_action_handler] [INFO]- 当前正在操作action：query_dtu_user
[2020-03-12 14:14:42,904] [common.py:63] [common:get_action_handler] [INFO]- 当前正在操作action：query_dtu_user_by_man_id
[2020-03-12 14:14:42,906] [common.py:63] [common:get_action_handler] [INFO]- 当前正在操作action：query_dtu_user
[2020-03-12 14:14:45,709] [common.py:63] [common:get_action_handler] [INFO]- 当前正在操作action：query_dtu_user_by_man_id
[2020-03-12 14:14:45,711] [common.py:63] [common:get_action_handler] [INFO]- 当前正在操作action：query_dtu_user
[2020-03-12 14:16:08,151] [common.py:63] [common:get_action_handler] [INFO]- 当前正在操作action：query_dtu_region
[2020-03-12 14:16:13,574] [common.py:63] [common:get_action_handler] [INFO]- 当前正在操作action：query_dtu
[2020-03-12 14:16:13,577] [common.py:63] [common:get_action_handler] [INFO]- 当前正在操作action：query_manufacturer
[2020-03-12 14:16:13,577] [common.py:63] [common:get_action_handler] [INFO]- 当前正在操作action：query_dtu_user
[2020-03-12 14:16:16,000] [common.py:63] [common:get_action_handler] [INFO]- 当前正在操作action：query_meter
[2020-03-12 14:16:16,002] [common.py:63] [common:get_action_handler] [INFO]- 当前正在操作action：query_manufacturer
[2020-03-12 14:16:17,994] [common.py:63] [common:get_action_handler] [INFO]- 当前正在操作action：query_dtu_user_by_man_id
[2020-03-12 14:16:17,995] [common.py:63] [common:get_action_handler] [INFO]- 当前正在操作action：query_dtu_user
[2020-03-12 14:16:19,956] [common.py:63] [common:get_action_handler] [INFO]- 当前正在操作action：query_meter
[2020-03-12 14:16:19,958] [common.py:63] [common:get_action_handler] [INFO]- 当前正在操作action：query_manufacturer
[2020-03-12 14:16:21,580] [common.py:63] [common:get_action_handler] [INFO]- 当前正在操作action：query_dtu_user_by_man_id
[2020-03-12 14:16:21,581] [common.py:63] [common:get_action_handler] [INFO]- 当前正在操作action：query_dtu_user
[2020-03-12 14:16:26,202] [common.py:63] [common:get_action_handler] [INFO]- 当前正在操作action：query_dtu_user_by_man_id
[2020-03-12 14:16:26,202] [common.py:63] [common:get_action_handler] [INFO]- 当前正在操作action：query_dtu_user
[2020-03-12 14:16:28,400] [common.py:63] [common:get_action_handler] [INFO]- 当前正在操作action：query_dtu_user_by_man_id
[2020-03-12 14:16:28,403] [common.py:63] [common:get_action_handler] [INFO]- 当前正在操作action：query_dtu_user
[2020-03-12 14:16:39,445] [common.py:63] [common:get_action_handler] [INFO]- 当前正在操作action：query_dtu_user_by_man_id
[2020-03-12 14:16:39,446] [common.py:63] [common:get_action_handler] [INFO]- 当前正在操作action：query_dtu_user
[2020-03-12 14:16:41,650] [common.py:63] [common:get_action_handler] [INFO]- 当前正在操作action：query_dtu_user_by_man_id
[2020-03-12 14:16:41,651] [common.py:63] [common:get_action_handler] [INFO]- 当前正在操作action：query_dtu_user
[2020-03-12 14:16:47,161] [common.py:63] [common:get_action_handler] [INFO]- 当前正在操作action：query_dtu_user_by_man_id
[2020-03-12 14:16:47,163] [common.py:63] [common:get_action_handler] [INFO]- 当前正在操作action：query_dtu_user
[2020-03-12 14:18:12,673] [common.py:63] [common:get_action_handler] [INFO]- 当前正在操作action：query_dtu_user_by_man_id
[2020-03-12 14:18:12,673] [common.py:63] [common:get_action_handler] [INFO]- 当前正在操作action：query_dtu_user
[2020-03-12 14:18:14,905] [common.py:63] [common:get_action_handler] [INFO]- 当前正在操作action：query_dtu_user_by_man_id
[2020-03-12 14:18:14,906] [common.py:63] [common:get_action_handler] [INFO]- 当前正在操作action：query_dtu_user
[2020-03-12 14:18:20,944] [common.py:63] [common:get_action_handler] [INFO]- 当前正在操作action：query_dtu_user_by_man_id
[2020-03-12 14:18:20,946] [common.py:63] [common:get_action_handler] [INFO]- 当前正在操作action：query_dtu_user
[2020-03-12 14:19:02,556] [common.py:63] [common:get_action_handler] [INFO]- 当前正在操作action：query_meter
[2020-03-12 14:19:02,570] [common.py:63] [common:get_action_handler] [INFO]- 当前正在操作action：query_manufacturer
[2020-03-12 14:19:04,200] [common.py:63] [common:get_action_handler] [INFO]- 当前正在操作action：query_dtu_user_by_man_id
[2020-03-12 14:19:04,202] [common.py:63] [common:get_action_handler] [INFO]- 当前正在操作action：query_dtu_user
[2020-03-12 14:19:10,840] [common.py:63] [common:get_action_handler] [INFO]- 当前正在操作action：query_dtu_user_by_man_id
[2020-03-12 14:19:10,841] [common.py:63] [common:get_action_handler] [INFO]- 当前正在操作action：query_dtu_user
[2020-03-12 14:29:12,615] [common.py:63] [common:get_action_handler] [INFO]- 当前正在操作action：query_meter
[2020-03-12 14:29:12,628] [common.py:63] [common:get_action_handler] [INFO]- 当前正在操作action：query_manufacturer
[2020-03-12 14:29:13,986] [common.py:63] [common:get_action_handler] [INFO]- 当前正在操作action：query_dtu_user_by_man_id
[2020-03-12 14:29:13,989] [common.py:63] [common:get_action_handler] [INFO]- 当前正在操作action：query_dtu_user
[2020-03-12 14:29:55,294] [common.py:63] [common:get_action_handler] [INFO]- 当前正在操作action：query_meter
[2020-03-12 14:29:55,307] [common.py:63] [common:get_action_handler] [INFO]- 当前正在操作action：query_manufacturer
[2020-03-12 14:29:57,031] [common.py:63] [common:get_action_handler] [INFO]- 当前正在操作action：query_dtu_user_by_man_id
[2020-03-12 14:29:57,035] [common.py:63] [common:get_action_handler] [INFO]- 当前正在操作action：query_dtu_user
[2020-03-12 14:30:02,198] [common.py:63] [common:get_action_handler] [INFO]- 当前正在操作action：query_dtu_user_by_man_id
[2020-03-12 14:30:02,200] [common.py:63] [common:get_action_handler] [INFO]- 当前正在操作action：query_dtu_user
[2020-03-12 14:31:07,788] [common.py:63] [common:get_action_handler] [INFO]- 当前正在操作action：query_dtu_user_by_man_id
[2020-03-12 14:31:07,789] [common.py:63] [common:get_action_handler] [INFO]- 当前正在操作action：query_dtu_user
[2020-03-12 14:31:10,040] [common.py:63] [common:get_action_handler] [INFO]- 当前正在操作action：query_dtu_user_by_man_id
[2020-03-12 14:31:10,043] [common.py:63] [common:get_action_handler] [INFO]- 当前正在操作action：query_dtu_user
[2020-03-12 14:31:13,928] [common.py:63] [common:get_action_handler] [INFO]- 当前正在操作action：query_dtu_user_by_man_id
[2020-03-12 14:31:13,930] [common.py:63] [common:get_action_handler] [INFO]- 当前正在操作action：query_dtu_user
[2020-03-12 14:31:16,236] [common.py:63] [common:get_action_handler] [INFO]- 当前正在操作action：query_dtu_user_by_man_id
[2020-03-12 14:31:16,239] [common.py:63] [common:get_action_handler] [INFO]- 当前正在操作action：query_dtu_user
[2020-03-12 14:31:28,059] [common.py:63] [common:get_action_handler] [INFO]- 当前正在操作action：query_dtu_user_by_man_id
[2020-03-12 14:31:28,060] [common.py:63] [common:get_action_handler] [INFO]- 当前正在操作action：query_dtu_user
[2020-03-12 14:31:29,258] [common.py:63] [common:get_action_handler] [INFO]- 当前正在操作action：query_dtu_user_by_man_id
[2020-03-12 14:31:29,261] [common.py:63] [common:get_action_handler] [INFO]- 当前正在操作action：query_dtu_user
[2020-03-12 14:31:30,682] [common.py:63] [common:get_action_handler] [INFO]- 当前正在操作action：query_dtu_user_by_man_id
[2020-03-12 14:31:30,683] [common.py:63] [common:get_action_handler] [INFO]- 当前正在操作action：query_dtu_user
[2020-03-12 14:31:32,082] [common.py:63] [common:get_action_handler] [INFO]- 当前正在操作action：query_meter
[2020-03-12 14:31:32,086] [common.py:63] [common:get_action_handler] [INFO]- 当前正在操作action：query_manufacturer
[2020-03-12 14:31:33,821] [common.py:63] [common:get_action_handler] [INFO]- 当前正在操作action：query_dtu_user_by_man_id
[2020-03-12 14:31:33,824] [common.py:63] [common:get_action_handler] [INFO]- 当前正在操作action：query_dtu_user
[2020-03-12 14:31:55,409] [common.py:63] [common:get_action_handler] [INFO]- 当前正在操作action：query_meter
[2020-03-12 14:31:55,412] [common.py:63] [common:get_action_handler] [INFO]- 当前正在操作action：query_manufacturer
[2020-03-12 14:31:56,829] [common.py:63] [common:get_action_handler] [INFO]- 当前正在操作action：query_dtu_user_by_man_id
[2020-03-12 14:31:59,052] [common.py:63] [common:get_action_handler] [INFO]- 当前正在操作action：query_dtu_user_by_man_id
[2020-03-12 14:32:00,060] [common.py:63] [common:get_action_handler] [INFO]- 当前正在操作action：query_dtu_user_by_man_id
[2020-03-12 14:39:29,009] [common.py:63] [common:get_action_handler] [INFO]- 当前正在操作action：login
[2020-03-12 14:39:30,597] [common.py:63] [common:get_action_handler] [INFO]- 当前正在操作action：query_admin
[2020-03-12 14:39:30,607] [common.py:63] [common:get_action_handler] [INFO]- 当前正在操作action：query_control_register
[2020-03-12 14:39:30,614] [common.py:63] [common:get_action_handler] [INFO]- 当前正在操作action：query_data_field
[2020-03-12 14:39:30,636] [common.py:63] [common:get_action_handler] [INFO]- 当前正在操作action：query_dtu_user
[2020-03-12 14:39:30,649] [common.py:63] [common:get_action_handler] [INFO]- 当前正在操作action：query_manufacturer
[2020-03-12 14:39:30,666] [common.py:63] [common:get_action_handler] [INFO]- 当前正在操作action：query_dtu
[2020-03-12 14:39:30,669] [common.py:63] [common:get_action_handler] [INFO]- 当前正在操作action：query_manufacturer
[2020-03-12 14:39:30,680] [common.py:63] [common:get_action_handler] [INFO]- 当前正在操作action：query_dtu_user
[2020-03-12 14:39:30,688] [common.py:63] [common:get_action_handler] [INFO]- 当前正在操作action：query_dtu_region
[2020-03-12 14:39:30,703] [common.py:63] [common:get_action_handler] [INFO]- 当前正在操作action：query_meter
[2020-03-12 14:39:30,738] [common.py:63] [common:get_action_handler] [INFO]- 当前正在操作action：query_manufacturer
[2020-03-12 14:43:15,788] [common.py:63] [common:get_action_handler] [INFO]- 当前正在操作action：query_meter
[2020-03-12 14:43:15,791] [common.py:63] [common:get_action_handler] [INFO]- 当前正在操作action：query_manufacturer
[2020-03-12 14:43:16,879] [common.py:63] [common:get_action_handler] [INFO]- 当前正在操作action：query_meter
[2020-03-12 14:43:16,883] [common.py:63] [common:get_action_handler] [INFO]- 当前正在操作action：query_manufacturer
[2020-03-12 14:43:17,366] [common.py:63] [common:get_action_handler] [INFO]- 当前正在操作action：query_meter
[2020-03-12 14:43:17,369] [common.py:63] [common:get_action_handler] [INFO]- 当前正在操作action：query_manufacturer
[2020-03-12 14:43:17,496] [common.py:63] [common:get_action_handler] [INFO]- 当前正在操作action：query_meter
[2020-03-12 14:43:17,498] [common.py:63] [common:get_action_handler] [INFO]- 当前正在操作action：query_manufacturer
[2020-03-12 14:43:17,652] [common.py:63] [common:get_action_handler] [INFO]- 当前正在操作action：query_meter
[2020-03-12 14:43:17,655] [common.py:63] [common:get_action_handler] [INFO]- 当前正在操作action：query_manufacturer
[2020-03-12 14:43:17,817] [common.py:63] [common:get_action_handler] [INFO]- 当前正在操作action：query_meter
[2020-03-12 14:43:17,821] [common.py:63] [common:get_action_handler] [INFO]- 当前正在操作action：query_manufacturer
[2020-03-12 14:43:17,928] [common.py:63] [common:get_action_handler] [INFO]- 当前正在操作action：query_meter
[2020-03-12 14:43:17,930] [common.py:63] [common:get_action_handler] [INFO]- 当前正在操作action：query_manufacturer
[2020-03-12 14:43:18,061] [common.py:63] [common:get_action_handler] [INFO]- 当前正在操作action：query_meter
[2020-03-12 14:43:18,064] [common.py:63] [common:get_action_handler] [INFO]- 当前正在操作action：query_manufacturer
[2020-03-12 14:43:20,187] [common.py:63] [common:get_action_handler] [INFO]- 当前正在操作action：query_dtu_user_by_man_id
[2020-03-12 14:43:22,237] [common.py:63] [common:get_action_handler] [INFO]- 当前正在操作action：query_dtu_by_user_id
[2020-03-12 14:43:25,219] [common.py:63] [common:get_action_handler] [INFO]- 当前正在操作action：query_dtu_by_user_id
[2020-03-12 14:45:11,747] [common.py:63] [common:get_action_handler] [INFO]- 当前正在操作action：query_meter
[2020-03-12 14:45:11,763] [common.py:63] [common:get_action_handler] [INFO]- 当前正在操作action：query_manufacturer
[2020-03-12 14:45:13,821] [common.py:63] [common:get_action_handler] [INFO]- 当前正在操作action：query_dtu_user_by_man_id
[2020-03-12 14:45:14,700] [common.py:63] [common:get_action_handler] [INFO]- 当前正在操作action：query_dtu_by_user_id
[2020-03-12 14:47:06,607] [common.py:63] [common:get_action_handler] [INFO]- 当前正在操作action：query_meter
[2020-03-12 14:47:06,621] [common.py:63] [common:get_action_handler] [INFO]- 当前正在操作action：query_manufacturer
[2020-03-12 14:47:07,803] [common.py:63] [common:get_action_handler] [INFO]- 当前正在操作action：query_dtu_user_by_man_id
[2020-03-12 14:47:09,257] [common.py:63] [common:get_action_handler] [INFO]- 当前正在操作action：query_dtu_by_user_id
[2020-03-12 14:47:41,416] [common.py:63] [common:get_action_handler] [INFO]- 当前正在操作action：query_meter
[2020-03-12 14:47:41,428] [common.py:63] [common:get_action_handler] [INFO]- 当前正在操作action：query_manufacturer
[2020-03-12 14:47:42,543] [common.py:63] [common:get_action_handler] [INFO]- 当前正在操作action：query_dtu_user_by_man_id
[2020-03-12 14:47:43,359] [common.py:63] [common:get_action_handler] [INFO]- 当前正在操作action：query_dtu_by_user_id
[2020-03-12 14:47:48,194] [common.py:63] [common:get_action_handler] [INFO]- 当前正在操作action：query_dtu_user_by_man_id
[2020-03-12 14:47:54,264] [common.py:63] [common:get_action_handler] [INFO]- 当前正在操作action：query_dtu_user_by_man_id
[2020-03-12 14:47:55,277] [common.py:63] [common:get_action_handler] [INFO]- 当前正在操作action：query_dtu_by_user_id
[2020-03-12 14:47:57,344] [common.py:63] [common:get_action_handler] [INFO]- 当前正在操作action：query_meter
[2020-03-12 14:47:57,354] [common.py:63] [common:get_action_handler] [INFO]- 当前正在操作action：query_manufacturer
[2020-03-12 14:48:00,661] [common.py:63] [common:get_action_handler] [INFO]- 当前正在操作action：query_meter
[2020-03-12 14:48:00,664] [common.py:63] [common:get_action_handler] [INFO]- 当前正在操作action：query_manufacturer
[2020-03-12 14:48:01,212] [common.py:63] [common:get_action_handler] [INFO]- 当前正在操作action：query_meter
[2020-03-12 14:48:01,215] [common.py:63] [common:get_action_handler] [INFO]- 当前正在操作action：query_manufacturer
[2020-03-12 14:48:01,859] [common.py:63] [common:get_action_handler] [INFO]- 当前正在操作action：query_meter
[2020-03-12 14:48:01,862] [common.py:63] [common:get_action_handler] [INFO]- 当前正在操作action：query_manufacturer
[2020-03-12 14:48:02,419] [common.py:63] [common:get_action_handler] [INFO]- 当前正在操作action：query_meter
[2020-03-12 14:48:02,421] [common.py:63] [common:get_action_handler] [INFO]- 当前正在操作action：query_manufacturer
[2020-03-12 14:48:02,891] [common.py:63] [common:get_action_handler] [INFO]- 当前正在操作action：query_meter
[2020-03-12 14:48:02,894] [common.py:63] [common:get_action_handler] [INFO]- 当前正在操作action：query_manufacturer
[2020-03-12 14:48:03,295] [common.py:63] [common:get_action_handler] [INFO]- 当前正在操作action：query_meter
[2020-03-12 14:48:03,296] [common.py:63] [common:get_action_handler] [INFO]- 当前正在操作action：query_manufacturer
[2020-03-12 14:48:04,304] [common.py:63] [common:get_action_handler] [INFO]- 当前正在操作action：query_meter
[2020-03-12 14:48:04,306] [common.py:63] [common:get_action_handler] [INFO]- 当前正在操作action：query_manufacturer
[2020-03-12 14:48:04,873] [common.py:63] [common:get_action_handler] [INFO]- 当前正在操作action：query_meter
[2020-03-12 14:48:04,875] [common.py:63] [common:get_action_handler] [INFO]- 当前正在操作action：query_manufacturer
[2020-03-12 14:48:05,367] [common.py:63] [common:get_action_handler] [INFO]- 当前正在操作action：query_meter
[2020-03-12 14:48:05,369] [common.py:63] [common:get_action_handler] [INFO]- 当前正在操作action：query_manufacturer
[2020-03-12 14:48:05,858] [common.py:63] [common:get_action_handler] [INFO]- 当前正在操作action：query_meter
[2020-03-12 14:48:05,860] [common.py:63] [common:get_action_handler] [INFO]- 当前正在操作action：query_manufacturer
[2020-03-12 14:48:06,283] [common.py:63] [common:get_action_handler] [INFO]- 当前正在操作action：query_meter
[2020-03-12 14:48:06,286] [common.py:63] [common:get_action_handler] [INFO]- 当前正在操作action：query_manufacturer
[2020-03-12 14:48:06,816] [common.py:63] [common:get_action_handler] [INFO]- 当前正在操作action：query_meter
[2020-03-12 14:48:06,818] [common.py:63] [common:get_action_handler] [INFO]- 当前正在操作action：query_manufacturer
[2020-03-12 14:48:07,141] [common.py:63] [common:get_action_handler] [INFO]- 当前正在操作action：query_meter
[2020-03-12 14:48:07,144] [common.py:63] [common:get_action_handler] [INFO]- 当前正在操作action：query_manufacturer
[2020-03-12 14:48:07,572] [common.py:63] [common:get_action_handler] [INFO]- 当前正在操作action：query_meter
[2020-03-12 14:48:07,574] [common.py:63] [common:get_action_handler] [INFO]- 当前正在操作action：query_manufacturer
[2020-03-12 14:48:07,997] [common.py:63] [common:get_action_handler] [INFO]- 当前正在操作action：query_meter
[2020-03-12 14:48:07,999] [common.py:63] [common:get_action_handler] [INFO]- 当前正在操作action：query_manufacturer
[2020-03-12 14:48:09,078] [common.py:63] [common:get_action_handler] [INFO]- 当前正在操作action：query_dtu
[2020-03-12 14:48:09,079] [common.py:63] [common:get_action_handler] [INFO]- 当前正在操作action：query_manufacturer
[2020-03-12 14:48:09,100] [common.py:63] [common:get_action_handler] [INFO]- 当前正在操作action：query_dtu_user
[2020-03-12 14:48:09,811] [common.py:63] [common:get_action_handler] [INFO]- 当前正在操作action：query_dtu
[2020-03-12 14:48:10,490] [common.py:63] [common:get_action_handler] [INFO]- 当前正在操作action：query_dtu
[2020-03-12 14:48:10,984] [common.py:63] [common:get_action_handler] [INFO]- 当前正在操作action：query_dtu
[2020-03-12 14:48:11,395] [common.py:63] [common:get_action_handler] [INFO]- 当前正在操作action：query_dtu
[2020-03-12 14:48:11,729] [common.py:63] [common:get_action_handler] [INFO]- 当前正在操作action：query_dtu
[2020-03-12 14:48:11,913] [common.py:63] [common:get_action_handler] [INFO]- 当前正在操作action：query_dtu
[2020-03-12 14:48:12,096] [common.py:63] [common:get_action_handler] [INFO]- 当前正在操作action：query_dtu
[2020-03-12 14:48:12,257] [common.py:63] [common:get_action_handler] [INFO]- 当前正在操作action：query_dtu
[2020-03-12 14:48:12,429] [common.py:63] [common:get_action_handler] [INFO]- 当前正在操作action：query_dtu
[2020-03-12 14:48:12,604] [common.py:63] [common:get_action_handler] [INFO]- 当前正在操作action：query_dtu
[2020-03-12 14:48:12,780] [common.py:63] [common:get_action_handler] [INFO]- 当前正在操作action：query_dtu
[2020-03-12 14:48:12,957] [common.py:63] [common:get_action_handler] [INFO]- 当前正在操作action：query_dtu
[2020-03-12 14:48:13,117] [common.py:63] [common:get_action_handler] [INFO]- 当前正在操作action：query_dtu
[2020-03-12 14:48:13,291] [common.py:63] [common:get_action_handler] [INFO]- 当前正在操作action：query_dtu
[2020-03-12 14:48:13,629] [common.py:63] [common:get_action_handler] [INFO]- 当前正在操作action：query_dtu
[2020-03-12 14:48:13,802] [common.py:63] [common:get_action_handler] [INFO]- 当前正在操作action：query_dtu
[2020-03-12 14:48:13,971] [common.py:63] [common:get_action_handler] [INFO]- 当前正在操作action：query_dtu
[2020-03-12 14:48:14,148] [common.py:63] [common:get_action_handler] [INFO]- 当前正在操作action：query_dtu
[2020-03-12 14:48:14,491] [common.py:63] [common:get_action_handler] [INFO]- 当前正在操作action：query_dtu
[2020-03-12 14:48:14,677] [common.py:63] [common:get_action_handler] [INFO]- 当前正在操作action：query_dtu
[2020-03-12 14:48:18,879] [common.py:63] [common:get_action_handler] [INFO]- 当前正在操作action：query_dtu
[2020-03-12 14:48:19,579] [common.py:63] [common:get_action_handler] [INFO]- 当前正在操作action：query_dtu
[2020-03-12 14:48:19,759] [common.py:63] [common:get_action_handler] [INFO]- 当前正在操作action：query_dtu
[2020-03-12 14:48:19,929] [common.py:63] [common:get_action_handler] [INFO]- 当前正在操作action：query_dtu
[2020-03-12 14:48:20,085] [common.py:63] [common:get_action_handler] [INFO]- 当前正在操作action：query_dtu
[2020-03-12 14:48:20,892] [common.py:63] [common:get_action_handler] [INFO]- 当前正在操作action：query_meter
[2020-03-12 14:48:20,896] [common.py:63] [common:get_action_handler] [INFO]- 当前正在操作action：query_manufacturer
[2020-03-12 14:48:21,775] [common.py:63] [common:get_action_handler] [INFO]- 当前正在操作action：query_meter
[2020-03-12 14:48:21,777] [common.py:63] [common:get_action_handler] [INFO]- 当前正在操作action：query_manufacturer
[2020-03-12 14:48:22,790] [common.py:63] [common:get_action_handler] [INFO]- 当前正在操作action：query_meter
[2020-03-12 14:48:22,793] [common.py:63] [common:get_action_handler] [INFO]- 当前正在操作action：query_manufacturer
[2020-03-12 14:48:22,973] [common.py:63] [common:get_action_handler] [INFO]- 当前正在操作action：query_meter
[2020-03-12 14:48:22,975] [common.py:63] [common:get_action_handler] [INFO]- 当前正在操作action：query_manufacturer
[2020-03-12 14:48:23,302] [common.py:63] [common:get_action_handler] [INFO]- 当前正在操作action：query_meter
[2020-03-12 14:48:23,305] [common.py:63] [common:get_action_handler] [INFO]- 当前正在操作action：query_manufacturer
[2020-03-12 14:48:23,437] [common.py:63] [common:get_action_handler] [INFO]- 当前正在操作action：query_meter
[2020-03-12 14:48:23,441] [common.py:63] [common:get_action_handler] [INFO]- 当前正在操作action：query_manufacturer
[2020-03-12 14:48:23,602] [common.py:63] [common:get_action_handler] [INFO]- 当前正在操作action：query_meter
[2020-03-12 14:48:23,604] [common.py:63] [common:get_action_handler] [INFO]- 当前正在操作action：query_manufacturer
[2020-03-12 14:48:23,806] [common.py:63] [common:get_action_handler] [INFO]- 当前正在操作action：query_meter
[2020-03-12 14:48:23,809] [common.py:63] [common:get_action_handler] [INFO]- 当前正在操作action：query_manufacturer
[2020-03-12 14:48:23,953] [common.py:63] [common:get_action_handler] [INFO]- 当前正在操作action：query_meter
[2020-03-12 14:48:23,955] [common.py:63] [common:get_action_handler] [INFO]- 当前正在操作action：query_manufacturer
[2020-03-12 14:48:24,534] [common.py:63] [common:get_action_handler] [INFO]- 当前正在操作action：query_meter
[2020-03-12 14:48:24,537] [common.py:63] [common:get_action_handler] [INFO]- 当前正在操作action：query_manufacturer
[2020-03-12 14:48:24,728] [common.py:63] [common:get_action_handler] [INFO]- 当前正在操作action：query_meter
[2020-03-12 14:48:24,729] [common.py:63] [common:get_action_handler] [INFO]- 当前正在操作action：query_manufacturer
[2020-03-12 14:48:24,854] [common.py:63] [common:get_action_handler] [INFO]- 当前正在操作action：query_meter
[2020-03-12 14:48:24,856] [common.py:63] [common:get_action_handler] [INFO]- 当前正在操作action：query_manufacturer
[2020-03-12 14:49:10,990] [common.py:63] [common:get_action_handler] [INFO]- 当前正在操作action：query_meter
[2020-03-12 14:49:10,992] [common.py:63] [common:get_action_handler] [INFO]- 当前正在操作action：query_manufacturer
[2020-03-12 14:49:17,544] [common.py:63] [common:get_action_handler] [INFO]- 当前正在操作action：query_meter
[2020-03-12 14:49:17,547] [common.py:63] [common:get_action_handler] [INFO]- 当前正在操作action：query_manufacturer
[2020-03-12 14:49:18,957] [common.py:63] [common:get_action_handler] [INFO]- 当前正在操作action：query_meter
[2020-03-12 14:49:18,965] [common.py:63] [common:get_action_handler] [INFO]- 当前正在操作action：query_manufacturer
[2020-03-12 14:49:19,868] [common.py:63] [common:get_action_handler] [INFO]- 当前正在操作action：query_meter
[2020-03-12 14:49:19,875] [common.py:63] [common:get_action_handler] [INFO]- 当前正在操作action：query_manufacturer
[2020-03-12 14:49:20,650] [common.py:63] [common:get_action_handler] [INFO]- 当前正在操作action：query_meter
[2020-03-12 14:49:20,652] [common.py:63] [common:get_action_handler] [INFO]- 当前正在操作action：query_manufacturer
[2020-03-12 14:49:21,491] [common.py:63] [common:get_action_handler] [INFO]- 当前正在操作action：query_meter
[2020-03-12 14:49:21,496] [common.py:63] [common:get_action_handler] [INFO]- 当前正在操作action：query_manufacturer
[2020-03-12 14:49:22,254] [common.py:63] [common:get_action_handler] [INFO]- 当前正在操作action：query_meter
[2020-03-12 14:49:22,259] [common.py:63] [common:get_action_handler] [INFO]- 当前正在操作action：query_manufacturer
[2020-03-12 14:49:24,392] [common.py:63] [common:get_action_handler] [INFO]- 当前正在操作action：query_dtu
[2020-03-12 14:49:24,397] [common.py:63] [common:get_action_handler] [INFO]- 当前正在操作action：query_manufacturer
[2020-03-12 14:49:24,398] [common.py:63] [common:get_action_handler] [INFO]- 当前正在操作action：query_dtu_user
[2020-03-12 14:49:25,313] [common.py:63] [common:get_action_handler] [INFO]- 当前正在操作action：query_dtu
[2020-03-12 14:49:25,973] [common.py:63] [common:get_action_handler] [INFO]- 当前正在操作action：query_dtu
[2020-03-12 14:49:26,509] [common.py:63] [common:get_action_handler] [INFO]- 当前正在操作action：query_dtu
[2020-03-12 14:49:27,027] [common.py:63] [common:get_action_handler] [INFO]- 当前正在操作action：query_dtu
[2020-03-12 14:49:27,500] [common.py:63] [common:get_action_handler] [INFO]- 当前正在操作action：query_dtu
[2020-03-12 14:50:17,726] [common.py:63] [common:get_action_handler] [INFO]- 当前正在操作action：query_meter
[2020-03-12 14:50:17,729] [common.py:63] [common:get_action_handler] [INFO]- 当前正在操作action：query_manufacturer
[2020-03-12 14:50:18,724] [common.py:63] [common:get_action_handler] [INFO]- 当前正在操作action：query_meter
[2020-03-12 14:50:19,201] [common.py:63] [common:get_action_handler] [INFO]- 当前正在操作action：query_meter
[2020-03-12 14:50:19,391] [common.py:63] [common:get_action_handler] [INFO]- 当前正在操作action：query_meter
[2020-03-12 14:50:19,548] [common.py:63] [common:get_action_handler] [INFO]- 当前正在操作action：query_meter
[2020-03-12 14:50:19,706] [common.py:63] [common:get_action_handler] [INFO]- 当前正在操作action：query_meter
[2020-03-12 14:50:19,840] [common.py:63] [common:get_action_handler] [INFO]- 当前正在操作action：query_meter
[2020-03-12 14:50:20,948] [common.py:63] [common:get_action_handler] [INFO]- 当前正在操作action：query_dtu_user_by_man_id
[2020-03-12 14:50:22,092] [common.py:63] [common:get_action_handler] [INFO]- 当前正在操作action：query_dtu_by_user_id
[2020-03-12 14:50:23,653] [common.py:63] [common:get_action_handler] [INFO]- 当前正在操作action：query_meter
[2020-03-12 14:50:29,212] [common.py:63] [common:get_action_handler] [INFO]- 当前正在操作action：query_dtu_by_user_id
[2020-03-12 14:50:29,772] [common.py:63] [common:get_action_handler] [INFO]- 当前正在操作action：query_meter
[2020-03-12 14:56:36,051] [common.py:63] [common:get_action_handler] [INFO]- 当前正在操作action：query_meter
[2020-03-12 14:57:04,070] [common.py:63] [common:get_action_handler] [INFO]- 当前正在操作action：query_meter
[2020-03-12 14:57:05,539] [common.py:63] [common:get_action_handler] [INFO]- 当前正在操作action：query_dtu_by_user_id
[2020-03-12 14:57:07,555] [common.py:63] [common:get_action_handler] [INFO]- 当前正在操作action：query_meter
[2020-03-12 14:57:09,233] [common.py:63] [common:get_action_handler] [INFO]- 当前正在操作action：query_meter
[2020-03-12 14:57:12,489] [common.py:63] [common:get_action_handler] [INFO]- 当前正在操作action：query_dtu
[2020-03-12 14:57:12,503] [common.py:63] [common:get_action_handler] [INFO]- 当前正在操作action：query_manufacturer
[2020-03-12 14:57:12,527] [common.py:63] [common:get_action_handler] [INFO]- 当前正在操作action：query_dtu_user
[2020-03-12 14:57:13,341] [common.py:63] [common:get_action_handler] [INFO]- 当前正在操作action：query_meter
[2020-03-12 14:57:13,344] [common.py:63] [common:get_action_handler] [INFO]- 当前正在操作action：query_manufacturer
[2020-03-12 14:57:19,214] [common.py:63] [common:get_action_handler] [INFO]- 当前正在操作action：query_dtu_user_by_man_id
[2020-03-12 14:57:20,605] [common.py:63] [common:get_action_handler] [INFO]- 当前正在操作action：query_dtu_by_user_id
[2020-03-12 14:57:21,288] [common.py:63] [common:get_action_handler] [INFO]- 当前正在操作action：query_meter
[2020-03-12 14:57:23,840] [common.py:63] [common:get_action_handler] [INFO]- 当前正在操作action：query_dtu_by_user_id
[2020-03-12 14:57:26,559] [common.py:63] [common:get_action_handler] [INFO]- 当前正在操作action：query_meter
[2020-03-12 14:57:26,996] [common.py:63] [common:get_action_handler] [INFO]- 当前正在操作action：query_meter
[2020-03-12 14:57:27,210] [common.py:63] [common:get_action_handler] [INFO]- 当前正在操作action：query_meter
[2020-03-12 14:57:27,570] [common.py:63] [common:get_action_handler] [INFO]- 当前正在操作action：query_meter
[2020-03-12 14:57:27,762] [common.py:63] [common:get_action_handler] [INFO]- 当前正在操作action：query_meter
[2020-03-12 14:57:28,135] [common.py:63] [common:get_action_handler] [INFO]- 当前正在操作action：query_meter
[2020-03-12 14:57:31,966] [common.py:63] [common:get_action_handler] [INFO]- 当前正在操作action：query_meter
[2020-03-12 14:58:01,183] [common.py:63] [common:get_action_handler] [INFO]- 当前正在操作action：query_meter
[2020-03-12 14:58:01,198] [common.py:63] [common:get_action_handler] [INFO]- 当前正在操作action：query_manufacturer
[2020-03-12 14:58:02,693] [common.py:63] [common:get_action_handler] [INFO]- 当前正在操作action：query_dtu_user_by_man_id
[2020-03-12 14:58:03,564] [common.py:63] [common:get_action_handler] [INFO]- 当前正在操作action：query_dtu_by_user_id
[2020-03-12 14:58:04,162] [common.py:63] [common:get_action_handler] [INFO]- 当前正在操作action：query_meter
[2020-03-12 14:59:02,028] [common.py:63] [common:get_action_handler] [INFO]- 当前正在操作action：query_meter
[2020-03-12 15:02:09,883] [common.py:63] [common:get_action_handler] [INFO]- 当前正在操作action：query_meter
[2020-03-12 15:02:09,896] [common.py:63] [common:get_action_handler] [INFO]- 当前正在操作action：query_manufacturer
[2020-03-12 15:02:09,982] [common.py:63] [common:get_action_handler] [INFO]- 当前正在操作action：query_meter
[2020-03-12 15:02:09,994] [common.py:63] [common:get_action_handler] [INFO]- 当前正在操作action：query_manufacturer
[2020-03-12 15:02:11,308] [common.py:63] [common:get_action_handler] [INFO]- 当前正在操作action：query_dtu_user_by_man_id
[2020-03-12 15:02:12,148] [common.py:63] [common:get_action_handler] [INFO]- 当前正在操作action：query_dtu_by_user_id
[2020-03-12 15:02:12,846] [common.py:63] [common:get_action_handler] [INFO]- 当前正在操作action：query_meter
[2020-03-12 15:02:46,953] [common.py:63] [common:get_action_handler] [INFO]- 当前正在操作action：query_meter
[2020-03-12 15:02:46,965] [common.py:63] [common:get_action_handler] [INFO]- 当前正在操作action：query_manufacturer
[2020-03-12 15:02:48,327] [common.py:63] [common:get_action_handler] [INFO]- 当前正在操作action：query_dtu_user_by_man_id
[2020-03-12 15:02:49,116] [common.py:63] [common:get_action_handler] [INFO]- 当前正在操作action：query_dtu_by_user_id
[2020-03-12 15:02:49,628] [common.py:63] [common:get_action_handler] [INFO]- 当前正在操作action：query_meter
[2020-03-12 15:03:14,967] [common.py:63] [common:get_action_handler] [INFO]- 当前正在操作action：query_meter
[2020-03-12 15:03:14,980] [common.py:63] [common:get_action_handler] [INFO]- 当前正在操作action：query_manufacturer
[2020-03-12 15:03:16,979] [common.py:63] [common:get_action_handler] [INFO]- 当前正在操作action：query_dtu_user_by_man_id
[2020-03-12 15:03:17,792] [common.py:63] [common:get_action_handler] [INFO]- 当前正在操作action：query_dtu_by_user_id
[2020-03-12 15:03:18,340] [common.py:63] [common:get_action_handler] [INFO]- 当前正在操作action：query_meter
[2020-03-12 15:03:19,199] [common.py:63] [common:get_action_handler] [INFO]- 当前正在操作action：query_meter
[2020-03-12 15:03:21,614] [common.py:63] [common:get_action_handler] [INFO]- 当前正在操作action：query_meter
[2020-03-12 15:03:22,134] [common.py:63] [common:get_action_handler] [INFO]- 当前正在操作action：query_meter
[2020-03-12 15:03:24,014] [common.py:63] [common:get_action_handler] [INFO]- 当前正在操作action：query_dtu_by_user_id
[2020-03-12 15:03:48,861] [common.py:63] [common:get_action_handler] [INFO]- 当前正在操作action：query_meter
[2020-03-12 15:03:48,874] [common.py:63] [common:get_action_handler] [INFO]- 当前正在操作action：query_manufacturer
[2020-03-12 15:03:50,857] [common.py:63] [common:get_action_handler] [INFO]- 当前正在操作action：query_dtu_user_by_man_id
[2020-03-12 15:03:51,762] [common.py:63] [common:get_action_handler] [INFO]- 当前正在操作action：query_dtu_by_user_id
[2020-03-12 15:03:52,355] [common.py:63] [common:get_action_handler] [INFO]- 当前正在操作action：query_meter
[2020-03-12 15:03:57,664] [common.py:63] [common:get_action_handler] [INFO]- 当前正在操作action：query_meter
[2020-03-12 15:03:59,467] [common.py:63] [common:get_action_handler] [INFO]- 当前正在操作action：query_meter
[2020-03-12 15:03:59,820] [common.py:63] [common:get_action_handler] [INFO]- 当前正在操作action：query_meter
[2020-03-12 15:03:59,977] [common.py:63] [common:get_action_handler] [INFO]- 当前正在操作action：query_meter
[2020-03-12 15:04:00,131] [common.py:63] [common:get_action_handler] [INFO]- 当前正在操作action：query_meter
[2020-03-12 15:04:00,283] [common.py:63] [common:get_action_handler] [INFO]- 当前正在操作action：query_meter
[2020-03-12 15:04:47,771] [common.py:63] [common:get_action_handler] [INFO]- 当前正在操作action：query_meter
[2020-03-12 15:04:47,783] [common.py:63] [common:get_action_handler] [INFO]- 当前正在操作action：query_manufacturer
[2020-03-12 15:04:49,673] [common.py:63] [common:get_action_handler] [INFO]- 当前正在操作action：query_meter
[2020-03-12 15:04:50,179] [common.py:63] [common:get_action_handler] [INFO]- 当前正在操作action：query_meter
[2020-03-12 15:04:50,342] [common.py:63] [common:get_action_handler] [INFO]- 当前正在操作action：query_meter
[2020-03-12 15:04:50,492] [common.py:63] [common:get_action_handler] [INFO]- 当前正在操作action：query_meter
[2020-03-12 15:05:01,222] [common.py:63] [common:get_action_handler] [INFO]- 当前正在操作action：query_meter
[2020-03-12 15:05:01,234] [common.py:63] [common:get_action_handler] [INFO]- 当前正在操作action：query_manufacturer
[2020-03-12 15:06:09,204] [common.py:63] [common:get_action_handler] [INFO]- 当前正在操作action：query_meter
[2020-03-12 15:06:09,218] [common.py:63] [common:get_action_handler] [INFO]- 当前正在操作action：query_manufacturer
[2020-03-12 15:06:11,113] [common.py:63] [common:get_action_handler] [INFO]- 当前正在操作action：query_dtu_user_by_man_id
[2020-03-12 15:06:13,393] [common.py:63] [common:get_action_handler] [INFO]- 当前正在操作action：query_dtu_by_user_id
[2020-03-12 15:06:16,449] [common.py:63] [common:get_action_handler] [INFO]- 当前正在操作action：query_dtu_by_user_id
[2020-03-12 15:07:26,186] [common.py:63] [common:get_action_handler] [INFO]- 当前正在操作action：query_meter
[2020-03-12 15:07:26,199] [common.py:63] [common:get_action_handler] [INFO]- 当前正在操作action：query_manufacturer
[2020-03-12 15:07:27,540] [common.py:63] [common:get_action_handler] [INFO]- 当前正在操作action：query_dtu_user_by_man_id
[2020-03-12 15:07:29,515] [common.py:63] [common:get_action_handler] [INFO]- 当前正在操作action：query_dtu_by_user_id
[2020-03-12 15:07:32,550] [common.py:63] [common:get_action_handler] [INFO]- 当前正在操作action：query_dtu_by_user_id
[2020-03-12 15:07:45,771] [common.py:63] [common:get_action_handler] [INFO]- 当前正在操作action：query_meter
[2020-03-12 15:07:45,781] [common.py:63] [common:get_action_handler] [INFO]- 当前正在操作action：query_manufacturer
[2020-03-12 15:07:46,809] [common.py:63] [common:get_action_handler] [INFO]- 当前正在操作action：query_dtu_user_by_man_id
[2020-03-12 15:07:48,665] [common.py:63] [common:get_action_handler] [INFO]- 当前正在操作action：query_dtu_by_user_id
[2020-03-12 15:08:43,610] [common.py:63] [common:get_action_handler] [INFO]- 当前正在操作action：query_meter
[2020-03-12 15:08:43,621] [common.py:63] [common:get_action_handler] [INFO]- 当前正在操作action：query_manufacturer
[2020-03-12 15:08:45,525] [common.py:63] [common:get_action_handler] [INFO]- 当前正在操作action：query_dtu_user_by_man_id
[2020-03-12 15:08:47,459] [common.py:63] [common:get_action_handler] [INFO]- 当前正在操作action：query_dtu_by_user_id
[2020-03-12 15:08:48,457] [common.py:63] [common:get_action_handler] [INFO]- 当前正在操作action：query_meter
[2020-03-12 15:08:49,242] [common.py:63] [common:get_action_handler] [INFO]- 当前正在操作action：query_meter
[2020-03-12 15:08:49,422] [common.py:63] [common:get_action_handler] [INFO]- 当前正在操作action：query_meter
[2020-03-12 15:08:49,592] [common.py:63] [common:get_action_handler] [INFO]- 当前正在操作action：query_meter
[2020-03-12 15:08:52,701] [common.py:63] [common:get_action_handler] [INFO]- 当前正在操作action：query_meter
[2020-03-12 15:08:55,148] [common.py:63] [common:get_action_handler] [INFO]- 当前正在操作action：query_meter
[2020-03-12 15:08:55,503] [common.py:63] [common:get_action_handler] [INFO]- 当前正在操作action：query_meter
[2020-03-12 15:09:49,494] [common.py:63] [common:get_action_handler] [INFO]- 当前正在操作action：query_dtu_user_by_man_id
[2020-03-12 15:09:54,402] [common.py:63] [common:get_action_handler] [INFO]- 当前正在操作action：query_dtu_user_by_man_id
[2020-03-12 15:09:55,850] [common.py:63] [common:get_action_handler] [INFO]- 当前正在操作action：query_dtu_user_by_man_id
[2020-03-12 15:10:17,155] [common.py:63] [common:get_action_handler] [INFO]- 当前正在操作action：query_control_register
[2020-03-12 15:10:17,162] [common.py:63] [common:get_action_handler] [INFO]- 当前正在操作action：query_data_field
[2020-03-12 15:10:17,199] [common.py:63] [common:get_action_handler] [INFO]- 当前正在操作action：query_admin
[2020-03-12 15:10:17,216] [common.py:63] [common:get_action_handler] [INFO]- 当前正在操作action：query_dtu_user
[2020-03-12 15:10:17,222] [common.py:63] [common:get_action_handler] [INFO]- 当前正在操作action：query_manufacturer
[2020-03-12 15:10:17,240] [common.py:63] [common:get_action_handler] [INFO]- 当前正在操作action：query_dtu_region
[2020-03-12 15:10:17,267] [common.py:63] [common:get_action_handler] [INFO]- 当前正在操作action：query_meter
[2020-03-12 15:10:17,271] [common.py:63] [common:get_action_handler] [INFO]- 当前正在操作action：query_manufacturer
[2020-03-12 15:10:17,298] [common.py:63] [common:get_action_handler] [INFO]- 当前正在操作action：query_dtu
[2020-03-12 15:10:17,300] [common.py:63] [common:get_action_handler] [INFO]- 当前正在操作action：query_dtu_user
[2020-03-12 15:10:17,301] [common.py:63] [common:get_action_handler] [INFO]- 当前正在操作action：query_manufacturer
[2020-03-12 15:10:18,543] [common.py:63] [common:get_action_handler] [INFO]- 当前正在操作action：query_dtu_user_by_man_id
[2020-03-12 15:10:19,795] [common.py:63] [common:get_action_handler] [INFO]- 当前正在操作action：query_dtu_by_user_id
[2020-03-12 15:10:21,375] [common.py:63] [common:get_action_handler] [INFO]- 当前正在操作action：query_meter
[2020-03-12 15:10:23,242] [common.py:63] [common:get_action_handler] [INFO]- 当前正在操作action：query_meter
[2020-03-12 15:10:25,703] [common.py:63] [common:get_action_handler] [INFO]- 当前正在操作action：query_dtu_by_user_id
[2020-03-12 15:10:30,930] [common.py:63] [common:get_action_handler] [INFO]- 当前正在操作action：query_dtu_by_user_id
[2020-03-12 15:10:36,391] [common.py:63] [common:get_action_handler] [INFO]- 当前正在操作action：query_dtu_user_by_man_id
[2020-03-12 15:10:40,466] [common.py:63] [common:get_action_handler] [INFO]- 当前正在操作action：query_dtu_user_by_man_id
[2020-03-12 15:12:28,274] [common.py:63] [common:get_action_handler] [INFO]- 当前正在操作action：query_meter
[2020-03-12 15:12:28,278] [common.py:63] [common:get_action_handler] [INFO]- 当前正在操作action：query_manufacturer
[2020-03-12 15:12:30,441] [common.py:63] [common:get_action_handler] [INFO]- 当前正在操作action：query_dtu_user_by_man_id
[2020-03-12 15:12:32,653] [common.py:63] [common:get_action_handler] [INFO]- 当前正在操作action：query_dtu_by_user_id
[2020-03-12 16:03:20,868] [common.py:63] [common:get_action_handler] [INFO]- 当前正在操作action：query_meter
[2020-03-12 16:03:20,881] [common.py:63] [common:get_action_handler] [INFO]- 当前正在操作action：query_manufacturer
[2020-03-12 16:03:22,577] [common.py:63] [common:get_action_handler] [INFO]- 当前正在操作action：query_control_register
[2020-03-12 16:03:22,583] [common.py:63] [common:get_action_handler] [INFO]- 当前正在操作action：query_data_field
[2020-03-12 16:03:22,605] [common.py:63] [common:get_action_handler] [INFO]- 当前正在操作action：query_admin
[2020-03-12 16:03:22,619] [common.py:63] [common:get_action_handler] [INFO]- 当前正在操作action：query_manufacturer
[2020-03-12 16:03:22,629] [common.py:63] [common:get_action_handler] [INFO]- 当前正在操作action：query_dtu_user
[2020-03-12 16:03:22,646] [common.py:63] [common:get_action_handler] [INFO]- 当前正在操作action：query_dtu
[2020-03-12 16:03:22,652] [common.py:63] [common:get_action_handler] [INFO]- 当前正在操作action：query_manufacturer
[2020-03-12 16:03:22,652] [common.py:63] [common:get_action_handler] [INFO]- 当前正在操作action：query_dtu_user
[2020-03-12 16:03:22,656] [common.py:63] [common:get_action_handler] [INFO]- 当前正在操作action：query_meter
[2020-03-12 16:03:22,674] [common.py:63] [common:get_action_handler] [INFO]- 当前正在操作action：query_dtu_region
[2020-03-12 16:03:22,712] [common.py:63] [common:get_action_handler] [INFO]- 当前正在操作action：query_manufacturer
[2020-03-12 16:03:24,413] [common.py:63] [common:get_action_handler] [INFO]- 当前正在操作action：query_meter
[2020-03-12 16:03:24,414] [common.py:63] [common:get_action_handler] [INFO]- 当前正在操作action：query_manufacturer
[2020-03-12 16:03:27,190] [common.py:63] [common:get_action_handler] [INFO]- 当前正在操作action：query_meter
[2020-03-12 16:03:27,192] [common.py:63] [common:get_action_handler] [INFO]- 当前正在操作action：query_manufacturer
[2020-03-12 16:17:01,840] [common.py:63] [common:get_action_handler] [INFO]- 当前正在操作action：query_manufacturer
[2020-03-12 16:17:01,863] [common.py:63] [common:get_action_handler] [INFO]- 当前正在操作action：query_dtu_user
[2020-03-12 16:17:01,871] [common.py:63] [common:get_action_handler] [INFO]- 当前正在操作action：query_dtu_region
[2020-03-12 16:17:01,892] [common.py:63] [common:get_action_handler] [INFO]- 当前正在操作action：query_dtu
[2020-03-12 16:17:03,397] [common.py:63] [common:get_action_handler] [INFO]- 当前正在操作action：query_state
[2020-03-12 16:17:05,492] [common.py:63] [common:get_action_handler] [INFO]- 当前正在操作action：query_state
[2020-03-12 16:17:08,085] [common.py:63] [common:get_action_handler] [INFO]- 当前正在操作action：query_state
[2020-03-12 16:17:51,457] [common.py:63] [common:get_action_handler] [INFO]- 当前正在操作action：query_meter
[2020-03-12 16:17:51,468] [common.py:63] [common:get_action_handler] [INFO]- 当前正在操作action：query_manufacturer
