[2020-02-22 11:53:32,053] [common.py:63] [common:get_action_handler] [INFO]- 当前正在操作action：login
[2020-02-22 11:53:33,491] [common.py:63] [common:get_action_handler] [INFO]- 当前正在操作action：query_admin
[2020-02-22 11:53:33,501] [common.py:63] [common:get_action_handler] [INFO]- 当前正在操作action：query_control_register
[2020-02-22 11:53:33,503] [common.py:63] [common:get_action_handler] [INFO]- 当前正在操作action：query_data_field
[2020-02-22 14:17:37,355] [common.py:63] [common:get_action_handler] [INFO]- 当前正在操作action：query_admin
[2020-02-22 15:03:22,587] [common.py:63] [common:get_action_handler] [INFO]- 当前正在操作action：query_control_register
[2020-02-22 15:03:22,594] [common.py:63] [common:get_action_handler] [INFO]- 当前正在操作action：query_admin
[2020-02-22 15:03:22,604] [common.py:63] [common:get_action_handler] [INFO]- 当前正在操作action：query_data_field
[2020-02-22 16:00:10,559] [common.py:63] [common:get_action_handler] [INFO]- 当前正在操作action：query_control_register
[2020-02-22 16:00:10,566] [common.py:63] [common:get_action_handler] [INFO]- 当前正在操作action：query_data_field
[2020-02-22 16:00:10,572] [common.py:63] [common:get_action_handler] [INFO]- 当前正在操作action：query_admin
[2020-02-22 16:00:17,908] [common.py:63] [common:get_action_handler] [INFO]- 当前正在操作action：login
[2020-02-22 16:00:19,335] [common.py:63] [common:get_action_handler] [INFO]- 当前正在操作action：query_control_register
[2020-02-22 16:00:19,342] [common.py:63] [common:get_action_handler] [INFO]- 当前正在操作action：query_data_field
[2020-02-22 16:00:19,357] [common.py:63] [common:get_action_handler] [INFO]- 当前正在操作action：query_admin
[2020-02-22 16:00:21,680] [common.py:63] [common:get_action_handler] [INFO]- 当前正在操作action：query_manufacturer
[2020-02-22 16:00:53,079] [common.py:63] [common:get_action_handler] [INFO]- 当前正在操作action：export_manufacturer
[2020-02-22 16:00:53,143] [common.py:63] [common:get_action_handler] [INFO]- 当前正在操作action：download_file
[2020-02-22 16:06:45,502] [common.py:63] [common:get_action_handler] [INFO]- 当前正在操作action：query_control_register
[2020-02-22 16:06:45,515] [common.py:63] [common:get_action_handler] [INFO]- 当前正在操作action：query_data_field
[2020-02-22 16:06:45,523] [common.py:63] [common:get_action_handler] [INFO]- 当前正在操作action：query_admin
[2020-02-22 16:06:45,538] [common.py:63] [common:get_action_handler] [INFO]- 当前正在操作action：query_manufacturer
[2020-02-22 16:06:55,836] [common.py:63] [common:get_action_handler] [INFO]- 当前正在操作action：query_control_register
[2020-02-22 16:06:55,848] [common.py:63] [common:get_action_handler] [INFO]- 当前正在操作action：query_data_field
[2020-02-22 16:06:55,854] [common.py:63] [common:get_action_handler] [INFO]- 当前正在操作action：query_admin
[2020-02-22 16:06:55,863] [common.py:63] [common:get_action_handler] [INFO]- 当前正在操作action：query_manufacturer
[2020-02-22 16:07:29,321] [common.py:63] [common:get_action_handler] [INFO]- 当前正在操作action：query_control_register
[2020-02-22 16:07:29,329] [common.py:63] [common:get_action_handler] [INFO]- 当前正在操作action：query_data_field
[2020-02-22 16:07:29,333] [common.py:63] [common:get_action_handler] [INFO]- 当前正在操作action：query_admin
[2020-02-22 16:07:29,354] [common.py:63] [common:get_action_handler] [INFO]- 当前正在操作action：query_manufacturer
[2020-02-22 16:07:42,591] [common.py:63] [common:get_action_handler] [INFO]- 当前正在操作action：query_control_register
[2020-02-22 16:07:42,602] [common.py:63] [common:get_action_handler] [INFO]- 当前正在操作action：query_data_field
[2020-02-22 16:07:42,612] [common.py:63] [common:get_action_handler] [INFO]- 当前正在操作action：query_admin
[2020-02-22 16:07:42,623] [common.py:63] [common:get_action_handler] [INFO]- 当前正在操作action：query_manufacturer
[2020-02-22 18:27:16,404] [common.py:63] [common:get_action_handler] [INFO]- 当前正在操作action：query_manufacturer
[2020-02-22 18:27:16,411] [common.py:63] [common:get_action_handler] [INFO]- 当前正在操作action：query_admin
[2020-02-22 18:27:16,422] [common.py:63] [common:get_action_handler] [INFO]- 当前正在操作action：query_control_register
[2020-02-22 18:27:16,425] [common.py:63] [common:get_action_handler] [INFO]- 当前正在操作action：query_data_field
[2020-02-22 18:27:18,073] [common.py:63] [common:get_action_handler] [INFO]- 当前正在操作action：query_manufacturer
[2020-02-22 18:27:35,599] [common.py:63] [common:get_action_handler] [INFO]- 当前正在操作action：check_email_unique
[2020-02-22 18:27:36,581] [common.py:63] [common:get_action_handler] [INFO]- 当前正在操作action：check_email_unique
[2020-02-22 18:27:37,003] [common.py:63] [common:get_action_handler] [INFO]- 当前正在操作action：check_email_unique
[2020-02-22 18:27:37,544] [common.py:63] [common:get_action_handler] [INFO]- 当前正在操作action：check_email_unique
[2020-02-22 18:27:37,752] [common.py:63] [common:get_action_handler] [INFO]- 当前正在操作action：check_email_unique
[2020-02-22 18:27:37,911] [common.py:63] [common:get_action_handler] [INFO]- 当前正在操作action：check_email_unique
[2020-02-22 18:27:38,477] [common.py:63] [common:get_action_handler] [INFO]- 当前正在操作action：check_email_unique
[2020-02-22 18:27:38,578] [common.py:63] [common:get_action_handler] [INFO]- 当前正在操作action：check_email_unique
[2020-02-22 18:27:38,704] [common.py:63] [common:get_action_handler] [INFO]- 当前正在操作action：check_email_unique
[2020-02-22 18:27:38,875] [common.py:63] [common:get_action_handler] [INFO]- 当前正在操作action：check_email_unique
[2020-02-22 18:27:40,196] [common.py:63] [common:get_action_handler] [INFO]- 当前正在操作action：check_phone_unique
[2020-02-22 18:27:41,144] [common.py:63] [common:get_action_handler] [INFO]- 当前正在操作action：check_phone_unique
[2020-02-22 18:27:41,508] [common.py:63] [common:get_action_handler] [INFO]- 当前正在操作action：check_phone_unique
[2020-02-22 18:27:41,646] [common.py:63] [common:get_action_handler] [INFO]- 当前正在操作action：check_phone_unique
[2020-02-22 18:27:42,281] [common.py:63] [common:get_action_handler] [INFO]- 当前正在操作action：check_phone_unique
[2020-02-22 18:27:42,687] [common.py:63] [common:get_action_handler] [INFO]- 当前正在操作action：check_phone_unique
[2020-02-22 18:27:43,407] [common.py:63] [common:get_action_handler] [INFO]- 当前正在操作action：check_phone_unique
[2020-02-22 18:27:43,929] [common.py:63] [common:get_action_handler] [INFO]- 当前正在操作action：check_phone_unique
[2020-02-22 18:27:44,133] [common.py:63] [common:get_action_handler] [INFO]- 当前正在操作action：check_phone_unique
[2020-02-22 18:27:44,288] [common.py:63] [common:get_action_handler] [INFO]- 当前正在操作action：check_phone_unique
[2020-02-22 18:27:44,546] [common.py:63] [common:get_action_handler] [INFO]- 当前正在操作action：check_phone_unique
[2020-02-22 18:27:49,828] [common.py:63] [common:get_action_handler] [INFO]- 当前正在操作action：create_manufacturer
[2020-02-22 18:27:49,832] [role.py:23] [role:get_role] [INFO]- 找不到名称为：manufacturer，的角色对象
[2020-02-22 18:29:10,137] [common.py:63] [common:get_action_handler] [INFO]- 当前正在操作action：query_admin
[2020-02-22 18:29:11,202] [common.py:63] [common:get_action_handler] [INFO]- 当前正在操作action：query_manufacturer
[2020-02-22 18:29:22,477] [common.py:63] [common:get_action_handler] [INFO]- 当前正在操作action：check_email_unique
[2020-02-22 18:29:22,646] [common.py:63] [common:get_action_handler] [INFO]- 当前正在操作action：check_email_unique
[2020-02-22 18:29:22,809] [common.py:63] [common:get_action_handler] [INFO]- 当前正在操作action：check_email_unique
[2020-02-22 18:29:23,462] [common.py:63] [common:get_action_handler] [INFO]- 当前正在操作action：check_email_unique
[2020-02-22 18:29:23,678] [common.py:63] [common:get_action_handler] [INFO]- 当前正在操作action：check_email_unique
[2020-02-22 18:29:24,040] [common.py:63] [common:get_action_handler] [INFO]- 当前正在操作action：check_email_unique
[2020-02-22 18:29:24,604] [common.py:63] [common:get_action_handler] [INFO]- 当前正在操作action：check_email_unique
[2020-02-22 18:29:24,766] [common.py:63] [common:get_action_handler] [INFO]- 当前正在操作action：check_email_unique
[2020-02-22 18:29:24,830] [common.py:63] [common:get_action_handler] [INFO]- 当前正在操作action：check_email_unique
[2020-02-22 18:29:24,991] [common.py:63] [common:get_action_handler] [INFO]- 当前正在操作action：check_email_unique
[2020-02-22 18:29:26,315] [common.py:63] [common:get_action_handler] [INFO]- 当前正在操作action：check_phone_unique
[2020-02-22 18:29:26,372] [common.py:63] [common:get_action_handler] [INFO]- 当前正在操作action：check_phone_unique
[2020-02-22 18:29:26,515] [common.py:63] [common:get_action_handler] [INFO]- 当前正在操作action：check_phone_unique
[2020-02-22 18:29:26,650] [common.py:63] [common:get_action_handler] [INFO]- 当前正在操作action：check_phone_unique
[2020-02-22 18:29:27,155] [common.py:63] [common:get_action_handler] [INFO]- 当前正在操作action：check_phone_unique
[2020-02-22 18:29:27,280] [common.py:63] [common:get_action_handler] [INFO]- 当前正在操作action：check_phone_unique
[2020-02-22 18:29:27,425] [common.py:63] [common:get_action_handler] [INFO]- 当前正在操作action：check_phone_unique
[2020-02-22 18:29:27,574] [common.py:63] [common:get_action_handler] [INFO]- 当前正在操作action：check_phone_unique
[2020-02-22 18:29:27,829] [common.py:63] [common:get_action_handler] [INFO]- 当前正在操作action：check_phone_unique
[2020-02-22 18:29:28,037] [common.py:63] [common:get_action_handler] [INFO]- 当前正在操作action：check_phone_unique
[2020-02-22 18:29:28,462] [common.py:63] [common:get_action_handler] [INFO]- 当前正在操作action：check_phone_unique
[2020-02-22 18:29:28,811] [common.py:63] [common:get_action_handler] [INFO]- 当前正在操作action：check_phone_unique
[2020-02-22 18:29:29,005] [common.py:63] [common:get_action_handler] [INFO]- 当前正在操作action：check_phone_unique
[2020-02-22 18:29:29,112] [common.py:63] [common:get_action_handler] [INFO]- 当前正在操作action：check_phone_unique
[2020-02-22 18:29:30,112] [common.py:63] [common:get_action_handler] [INFO]- 当前正在操作action：check_phone_unique
[2020-02-22 18:29:30,339] [common.py:63] [common:get_action_handler] [INFO]- 当前正在操作action：check_phone_unique
[2020-02-22 18:29:30,642] [common.py:63] [common:get_action_handler] [INFO]- 当前正在操作action：check_phone_unique
[2020-02-22 18:29:32,106] [common.py:63] [common:get_action_handler] [INFO]- 当前正在操作action：check_phone_unique
[2020-02-22 18:29:33,267] [common.py:63] [common:get_action_handler] [INFO]- 当前正在操作action：check_phone_unique
[2020-02-22 18:29:39,002] [common.py:63] [common:get_action_handler] [INFO]- 当前正在操作action：create_manufacturer
[2020-02-22 18:29:39,007] [role.py:23] [role:get_role] [INFO]- 找不到名称为：manufacturer，的角色对象
[2020-02-22 18:30:28,409] [common.py:63] [common:get_action_handler] [INFO]- 当前正在操作action：create_manufacturer
[2020-02-22 18:30:51,381] [common.py:63] [common:get_action_handler] [INFO]- 当前正在操作action：create_manufacturer
[2020-02-22 18:32:44,191] [common.py:63] [common:get_action_handler] [INFO]- 当前正在操作action：create_manufacturer
[2020-02-22 18:33:13,178] [common.py:63] [common:get_action_handler] [INFO]- 当前正在操作action：create_manufacturer
[2020-02-22 18:33:14,953] [common.py:63] [common:get_action_handler] [INFO]- 当前正在操作action：query_manufacturer
[2020-02-22 18:33:33,091] [common.py:63] [common:get_action_handler] [INFO]- 当前正在操作action：query_admin
[2020-02-22 18:33:34,947] [common.py:63] [common:get_action_handler] [INFO]- 当前正在操作action：query_manufacturer
[2020-02-22 18:33:57,264] [common.py:63] [common:get_action_handler] [INFO]- 当前正在操作action：query_control_register
[2020-02-22 18:33:57,273] [common.py:63] [common:get_action_handler] [INFO]- 当前正在操作action：query_data_field
[2020-02-22 18:33:57,285] [common.py:63] [common:get_action_handler] [INFO]- 当前正在操作action：query_admin
[2020-02-22 18:33:57,298] [common.py:63] [common:get_action_handler] [INFO]- 当前正在操作action：query_manufacturer
[2020-02-22 18:34:00,907] [common.py:63] [common:get_action_handler] [INFO]- 当前正在操作action：switch_manufacturer_state
[2020-02-22 18:34:01,933] [common.py:63] [common:get_action_handler] [INFO]- 当前正在操作action：switch_manufacturer_state
[2020-02-22 18:34:03,533] [common.py:63] [common:get_action_handler] [INFO]- 当前正在操作action：switch_manufacturer_state
[2020-02-22 18:34:05,424] [common.py:63] [common:get_action_handler] [INFO]- 当前正在操作action：switch_manufacturer_state
[2020-02-22 18:34:06,386] [common.py:63] [common:get_action_handler] [INFO]- 当前正在操作action：switch_manufacturer_state
[2020-02-22 18:34:07,109] [common.py:63] [common:get_action_handler] [INFO]- 当前正在操作action：switch_manufacturer_state
[2020-02-22 18:34:07,767] [common.py:63] [common:get_action_handler] [INFO]- 当前正在操作action：switch_manufacturer_state
[2020-02-22 18:34:08,434] [common.py:63] [common:get_action_handler] [INFO]- 当前正在操作action：switch_manufacturer_state
[2020-02-22 18:34:11,025] [common.py:63] [common:get_action_handler] [INFO]- 当前正在操作action：query_manufacturer
[2020-02-22 18:34:11,743] [common.py:63] [common:get_action_handler] [INFO]- 当前正在操作action：switch_manufacturer_state
[2020-02-22 18:34:12,427] [common.py:63] [common:get_action_handler] [INFO]- 当前正在操作action：query_manufacturer
[2020-02-22 18:34:13,336] [common.py:63] [common:get_action_handler] [INFO]- 当前正在操作action：switch_manufacturer_state
[2020-02-22 18:34:32,496] [common.py:63] [common:get_action_handler] [INFO]- 当前正在操作action：query_manufacturer
[2020-02-22 18:34:43,067] [common.py:63] [common:get_action_handler] [INFO]- 当前正在操作action：edit_manufacturer
[2020-02-22 18:35:31,314] [common.py:63] [common:get_action_handler] [INFO]- 当前正在操作action：query_control_register
[2020-02-22 18:35:31,326] [common.py:63] [common:get_action_handler] [INFO]- 当前正在操作action：query_data_field
[2020-02-22 18:35:31,340] [common.py:63] [common:get_action_handler] [INFO]- 当前正在操作action：query_admin
[2020-02-22 18:35:31,349] [common.py:63] [common:get_action_handler] [INFO]- 当前正在操作action：query_manufacturer
[2020-02-22 18:35:33,657] [common.py:63] [common:get_action_handler] [INFO]- 当前正在操作action：edit_manufacturer
[2020-02-22 18:35:37,397] [common.py:63] [common:get_action_handler] [INFO]- 当前正在操作action：edit_manufacturer
[2020-02-22 18:35:48,614] [common.py:63] [common:get_action_handler] [INFO]- 当前正在操作action：edit_manufacturer
[2020-02-22 18:36:32,769] [common.py:63] [common:get_action_handler] [INFO]- 当前正在操作action：edit_manufacturer
[2020-02-22 18:37:18,493] [common.py:63] [common:get_action_handler] [INFO]- 当前正在操作action：query_control_register
[2020-02-22 18:37:18,516] [common.py:63] [common:get_action_handler] [INFO]- 当前正在操作action：query_data_field
[2020-02-22 18:37:18,528] [common.py:63] [common:get_action_handler] [INFO]- 当前正在操作action：query_admin
[2020-02-22 18:37:18,571] [common.py:63] [common:get_action_handler] [INFO]- 当前正在操作action：query_manufacturer
[2020-02-22 18:37:21,694] [common.py:63] [common:get_action_handler] [INFO]- 当前正在操作action：edit_manufacturer
[2020-02-22 18:39:00,428] [common.py:63] [common:get_action_handler] [INFO]- 当前正在操作action：query_admin
[2020-02-22 18:39:00,453] [common.py:63] [common:get_action_handler] [INFO]- 当前正在操作action：query_control_register
[2020-02-22 18:39:00,485] [common.py:63] [common:get_action_handler] [INFO]- 当前正在操作action：query_manufacturer
[2020-02-22 18:39:00,502] [common.py:63] [common:get_action_handler] [INFO]- 当前正在操作action：query_data_field
[2020-02-22 18:39:03,087] [common.py:63] [common:get_action_handler] [INFO]- 当前正在操作action：query_admin
[2020-02-22 18:39:03,096] [common.py:63] [common:get_action_handler] [INFO]- 当前正在操作action：query_control_register
[2020-02-22 18:39:03,098] [common.py:63] [common:get_action_handler] [INFO]- 当前正在操作action：query_data_field
[2020-02-22 18:39:03,106] [common.py:63] [common:get_action_handler] [INFO]- 当前正在操作action：query_manufacturer
[2020-02-22 18:39:12,694] [common.py:63] [common:get_action_handler] [INFO]- 当前正在操作action：edit_manufacturer
[2020-02-22 18:39:14,480] [common.py:63] [common:get_action_handler] [INFO]- 当前正在操作action：edit_manufacturer
[2020-02-22 18:39:16,246] [common.py:63] [common:get_action_handler] [INFO]- 当前正在操作action：export_manufacturer
[2020-02-22 18:39:16,287] [common.py:63] [common:get_action_handler] [INFO]- 当前正在操作action：download_file
[2020-02-22 18:39:33,289] [common.py:63] [common:get_action_handler] [INFO]- 当前正在操作action：edit_manufacturer
[2020-02-22 18:39:44,219] [common.py:63] [common:get_action_handler] [INFO]- 当前正在操作action：query_manufacturer
[2020-02-22 18:40:44,434] [common.py:63] [common:get_action_handler] [INFO]- 当前正在操作action：query_manufacturer
[2020-02-22 18:40:53,543] [common.py:63] [common:get_action_handler] [INFO]- 当前正在操作action：query_manufacturer
[2020-02-22 18:41:19,552] [common.py:63] [common:get_action_handler] [INFO]- 当前正在操作action：query_manufacturer
[2020-02-22 18:41:37,926] [common.py:63] [common:get_action_handler] [INFO]- 当前正在操作action：query_manufacturer
[2020-02-22 18:42:06,586] [common.py:63] [common:get_action_handler] [INFO]- 当前正在操作action：query_admin
[2020-02-22 18:42:07,428] [common.py:63] [common:get_action_handler] [INFO]- 当前正在操作action：query_admin
[2020-02-22 18:42:08,138] [common.py:63] [common:get_action_handler] [INFO]- 当前正在操作action：query_admin
[2020-02-22 18:42:08,570] [common.py:63] [common:get_action_handler] [INFO]- 当前正在操作action：query_admin
[2020-02-22 18:42:36,431] [common.py:63] [common:get_action_handler] [INFO]- 当前正在操作action：query_manufacturer
[2020-02-22 18:42:37,511] [common.py:63] [common:get_action_handler] [INFO]- 当前正在操作action：query_manufacturer
[2020-02-22 18:42:38,035] [common.py:63] [common:get_action_handler] [INFO]- 当前正在操作action：query_manufacturer
[2020-02-22 18:42:38,216] [common.py:63] [common:get_action_handler] [INFO]- 当前正在操作action：query_manufacturer
[2020-02-22 18:42:38,369] [common.py:63] [common:get_action_handler] [INFO]- 当前正在操作action：query_manufacturer
[2020-02-22 18:42:38,532] [common.py:63] [common:get_action_handler] [INFO]- 当前正在操作action：query_manufacturer
[2020-02-22 18:42:42,898] [common.py:63] [common:get_action_handler] [INFO]- 当前正在操作action：query_manufacturer
[2020-02-22 18:42:45,111] [common.py:63] [common:get_action_handler] [INFO]- 当前正在操作action：query_manufacturer
[2020-02-22 18:42:50,721] [common.py:63] [common:get_action_handler] [INFO]- 当前正在操作action：query_manufacturer
[2020-02-22 18:42:52,618] [common.py:63] [common:get_action_handler] [INFO]- 当前正在操作action：query_manufacturer
[2020-02-22 18:42:52,936] [common.py:63] [common:get_action_handler] [INFO]- 当前正在操作action：query_manufacturer
[2020-02-22 18:42:53,109] [common.py:63] [common:get_action_handler] [INFO]- 当前正在操作action：query_manufacturer
[2020-02-22 18:42:53,278] [common.py:63] [common:get_action_handler] [INFO]- 当前正在操作action：query_manufacturer
[2020-02-22 18:42:53,435] [common.py:63] [common:get_action_handler] [INFO]- 当前正在操作action：query_manufacturer
[2020-02-22 18:42:53,596] [common.py:63] [common:get_action_handler] [INFO]- 当前正在操作action：query_manufacturer
[2020-02-22 18:42:53,752] [common.py:63] [common:get_action_handler] [INFO]- 当前正在操作action：query_manufacturer
[2020-02-22 18:42:53,908] [common.py:63] [common:get_action_handler] [INFO]- 当前正在操作action：query_manufacturer
[2020-02-22 18:42:55,546] [common.py:63] [common:get_action_handler] [INFO]- 当前正在操作action：query_manufacturer
[2020-02-22 18:42:56,241] [common.py:63] [common:get_action_handler] [INFO]- 当前正在操作action：query_manufacturer
[2020-02-22 18:42:56,626] [common.py:63] [common:get_action_handler] [INFO]- 当前正在操作action：query_manufacturer
[2020-02-22 18:42:56,976] [common.py:63] [common:get_action_handler] [INFO]- 当前正在操作action：query_manufacturer
[2020-02-22 18:42:57,754] [common.py:63] [common:get_action_handler] [INFO]- 当前正在操作action：query_manufacturer
[2020-02-22 18:42:58,444] [common.py:63] [common:get_action_handler] [INFO]- 当前正在操作action：query_manufacturer
[2020-02-22 18:42:58,930] [common.py:63] [common:get_action_handler] [INFO]- 当前正在操作action：query_manufacturer
[2020-02-22 18:42:59,431] [common.py:63] [common:get_action_handler] [INFO]- 当前正在操作action：query_manufacturer
[2020-02-22 18:43:01,913] [common.py:63] [common:get_action_handler] [INFO]- 当前正在操作action：query_manufacturer
[2020-02-22 18:43:03,302] [common.py:63] [common:get_action_handler] [INFO]- 当前正在操作action：query_manufacturer
[2020-02-22 18:43:04,679] [common.py:63] [common:get_action_handler] [INFO]- 当前正在操作action：query_manufacturer
[2020-02-22 18:43:07,762] [common.py:63] [common:get_action_handler] [INFO]- 当前正在操作action：query_manufacturer
[2020-02-22 18:43:09,109] [common.py:63] [common:get_action_handler] [INFO]- 当前正在操作action：query_manufacturer
[2020-02-22 18:43:15,548] [common.py:63] [common:get_action_handler] [INFO]- 当前正在操作action：query_manufacturer
