[2020-02-18 16:47:28,700] [common.py:63] [common:get_action_handler] [INFO]- 当前正在操作action：query_control_register
[2020-02-18 16:48:23,965] [common.py:63] [common:get_action_handler] [INFO]- 当前正在操作action：query_control_register
[2020-02-18 17:00:09,636] [common.py:63] [common:get_action_handler] [INFO]- 当前正在操作action：query_control_register
[2020-02-18 18:14:04,110] [common.py:63] [common:get_action_handler] [INFO]- 当前正在操作action：query_control_register
[2020-02-18 18:14:10,957] [common.py:63] [common:get_action_handler] [INFO]- 当前正在操作action：query_control_register
[2020-02-18 18:14:38,480] [common.py:63] [common:get_action_handler] [INFO]- 当前正在操作action：query_control_register
[2020-02-18 18:14:46,035] [common.py:63] [common:get_action_handler] [INFO]- 当前正在操作action：login
[2020-02-18 18:14:47,395] [common.py:63] [common:get_action_handler] [INFO]- 当前正在操作action：query_control_register
[2020-02-18 18:16:53,502] [common.py:63] [common:get_action_handler] [INFO]- 当前正在操作action：query_control_register
[2020-02-18 18:16:56,791] [common.py:63] [common:get_action_handler] [INFO]- 当前正在操作action：query_data_field
[2020-02-18 18:18:04,955] [common.py:63] [common:get_action_handler] [INFO]- 当前正在操作action：query_data_field
[2020-02-18 18:18:30,503] [common.py:63] [common:get_action_handler] [INFO]- 当前正在操作action：query_data_field
[2020-02-18 18:18:30,510] [common.py:63] [common:get_action_handler] [INFO]- 当前正在操作action：query_control_register
[2020-02-18 18:18:35,334] [common.py:63] [common:get_action_handler] [INFO]- 当前正在操作action：update_data_field
[2020-02-18 18:18:43,725] [common.py:63] [common:get_action_handler] [INFO]- 当前正在操作action：query_data_field
[2020-02-18 18:19:25,235] [common.py:63] [common:get_action_handler] [INFO]- 当前正在操作action：query_data_field
[2020-02-18 18:19:34,382] [common.py:63] [common:get_action_handler] [INFO]- 当前正在操作action：query_data_field
[2020-02-18 18:19:46,445] [common.py:63] [common:get_action_handler] [INFO]- 当前正在操作action：update_data_field
[2020-02-18 18:20:32,037] [common.py:63] [common:get_action_handler] [INFO]- 当前正在操作action：query_data_field
[2020-02-18 18:20:33,351] [common.py:63] [common:get_action_handler] [INFO]- 当前正在操作action：update_data_field
[2020-02-18 18:22:20,577] [common.py:63] [common:get_action_handler] [INFO]- 当前正在操作action：query_data_field
[2020-02-18 18:22:20,583] [common.py:63] [common:get_action_handler] [INFO]- 当前正在操作action：query_control_register
[2020-02-18 18:22:22,900] [common.py:63] [common:get_action_handler] [INFO]- 当前正在操作action：update_data_field
[2020-02-18 18:22:24,944] [common.py:63] [common:get_action_handler] [INFO]- 当前正在操作action：query_data_field
[2020-02-18 18:22:25,485] [common.py:63] [common:get_action_handler] [INFO]- 当前正在操作action：query_data_field
[2020-02-18 18:22:25,675] [common.py:63] [common:get_action_handler] [INFO]- 当前正在操作action：query_data_field
[2020-02-18 18:22:29,346] [common.py:63] [common:get_action_handler] [INFO]- 当前正在操作action：update_data_field
[2020-02-18 18:22:30,257] [common.py:63] [common:get_action_handler] [INFO]- 当前正在操作action：query_data_field
[2020-02-18 18:22:40,261] [common.py:63] [common:get_action_handler] [INFO]- 当前正在操作action：query_data_field
[2020-02-18 18:22:41,842] [common.py:63] [common:get_action_handler] [INFO]- 当前正在操作action：update_data_field
[2020-02-18 18:22:43,700] [common.py:63] [common:get_action_handler] [INFO]- 当前正在操作action：query_data_field
[2020-02-18 18:22:43,853] [common.py:63] [common:get_action_handler] [INFO]- 当前正在操作action：query_data_field
[2020-02-18 18:22:46,499] [common.py:63] [common:get_action_handler] [INFO]- 当前正在操作action：update_data_field
[2020-02-18 18:22:47,534] [common.py:63] [common:get_action_handler] [INFO]- 当前正在操作action：query_data_field
[2020-02-18 18:23:08,909] [common.py:63] [common:get_action_handler] [INFO]- 当前正在操作action：query_control_register
[2020-02-18 18:23:13,108] [common.py:63] [common:get_action_handler] [INFO]- 当前正在操作action：update_control_register
[2020-02-18 18:23:14,060] [common.py:63] [common:get_action_handler] [INFO]- 当前正在操作action：query_control_register
[2020-02-18 18:25:57,792] [common.py:63] [common:get_action_handler] [INFO]- 当前正在操作action：query_control_register
[2020-02-18 18:25:57,797] [common.py:63] [common:get_action_handler] [INFO]- 当前正在操作action：query_data_field
[2020-02-19 14:20:50,627] [common.py:63] [common:get_action_handler] [INFO]- 当前正在操作action：query_control_register
[2020-02-19 14:20:50,634] [common.py:63] [common:get_action_handler] [INFO]- 当前正在操作action：query_data_field
