[2020-02-11 13:28:04,824] [common.py:64] [common:get_action_handler] [INFO]- 当前正在操作action：query_admin
[2020-02-11 13:28:47,993] [common.py:64] [common:get_action_handler] [INFO]- 当前正在操作action：query_admin
[2020-02-11 13:29:07,834] [common.py:64] [common:get_action_handler] [INFO]- 当前正在操作action：query_admin
[2020-02-11 13:54:02,003] [common.py:64] [common:get_action_handler] [INFO]- 当前正在操作action：query_admin
[2020-02-11 13:55:04,033] [common.py:64] [common:get_action_handler] [INFO]- 当前正在操作action：query_admin
[2020-02-11 13:55:05,784] [common.py:64] [common:get_action_handler] [INFO]- 当前正在操作action：query_admin
[2020-02-11 13:55:09,425] [common.py:64] [common:get_action_handler] [INFO]- 当前正在操作action：query_admin
[2020-02-11 13:55:49,411] [common.py:64] [common:get_action_handler] [INFO]- 当前正在操作action：query_admin
[2020-02-11 13:55:51,251] [common.py:64] [common:get_action_handler] [INFO]- 当前正在操作action：query_admin
[2020-02-11 13:56:25,584] [common.py:64] [common:get_action_handler] [INFO]- 当前正在操作action：query_admin
[2020-02-11 13:56:28,619] [common.py:64] [common:get_action_handler] [INFO]- 当前正在操作action：query_admin
[2020-02-11 13:57:11,170] [common.py:64] [common:get_action_handler] [INFO]- 当前正在操作action：query_admin
[2020-02-11 13:57:13,636] [common.py:64] [common:get_action_handler] [INFO]- 当前正在操作action：query_admin
[2020-02-11 13:57:21,993] [common.py:64] [common:get_action_handler] [INFO]- 当前正在操作action：query_admin
[2020-02-11 13:58:06,167] [common.py:64] [common:get_action_handler] [INFO]- 当前正在操作action：query_admin
[2020-02-11 13:58:10,868] [common.py:64] [common:get_action_handler] [INFO]- 当前正在操作action：query_admin
[2020-02-11 13:58:12,587] [common.py:64] [common:get_action_handler] [INFO]- 当前正在操作action：query_admin
[2020-02-11 13:58:14,789] [common.py:64] [common:get_action_handler] [INFO]- 当前正在操作action：query_admin
[2020-02-11 13:58:16,458] [common.py:64] [common:get_action_handler] [INFO]- 当前正在操作action：query_admin
[2020-02-11 13:58:17,882] [common.py:64] [common:get_action_handler] [INFO]- 当前正在操作action：query_admin
[2020-02-11 14:07:43,723] [common.py:64] [common:get_action_handler] [INFO]- 当前正在操作action：query_admin
[2020-02-11 14:07:57,328] [common.py:64] [common:get_action_handler] [INFO]- 当前正在操作action：query_admin
[2020-02-11 14:08:52,903] [common.py:64] [common:get_action_handler] [INFO]- 当前正在操作action：query_admin
[2020-02-11 14:08:57,049] [common.py:64] [common:get_action_handler] [INFO]- 当前正在操作action：query_admin
[2020-02-11 14:14:44,124] [common.py:64] [common:get_action_handler] [INFO]- 当前正在操作action：query_admin
[2020-02-11 14:15:43,356] [common.py:64] [common:get_action_handler] [INFO]- 当前正在操作action：query_admin
[2020-02-11 14:15:49,848] [common.py:64] [common:get_action_handler] [INFO]- 当前正在操作action：query_admin
[2020-02-11 14:16:02,371] [common.py:64] [common:get_action_handler] [INFO]- 当前正在操作action：query_admin
[2020-02-11 14:16:55,666] [common.py:64] [common:get_action_handler] [INFO]- 当前正在操作action：query_admin
[2020-02-11 14:18:28,055] [common.py:64] [common:get_action_handler] [INFO]- 当前正在操作action：query_admin
[2020-02-11 14:18:36,630] [common.py:64] [common:get_action_handler] [INFO]- 当前正在操作action：query_admin
[2020-02-11 14:19:04,379] [common.py:64] [common:get_action_handler] [INFO]- 当前正在操作action：query_admin
[2020-02-11 14:19:52,055] [common.py:64] [common:get_action_handler] [INFO]- 当前正在操作action：query_admin
[2020-02-11 14:19:53,370] [common.py:64] [common:get_action_handler] [INFO]- 当前正在操作action：query_admin
[2020-02-11 14:19:54,643] [common.py:64] [common:get_action_handler] [INFO]- 当前正在操作action：query_admin
[2020-02-11 14:19:58,763] [common.py:64] [common:get_action_handler] [INFO]- 当前正在操作action：query_admin
[2020-02-11 14:20:02,513] [common.py:64] [common:get_action_handler] [INFO]- 当前正在操作action：query_admin
[2020-02-11 14:20:04,839] [common.py:64] [common:get_action_handler] [INFO]- 当前正在操作action：query_admin
[2020-02-11 14:20:08,872] [common.py:64] [common:get_action_handler] [INFO]- 当前正在操作action：query_admin
[2020-02-11 14:20:13,520] [common.py:64] [common:get_action_handler] [INFO]- 当前正在操作action：query_admin
[2020-02-11 14:20:20,850] [common.py:64] [common:get_action_handler] [INFO]- 当前正在操作action：query_admin
[2020-02-11 14:22:27,135] [common.py:64] [common:get_action_handler] [INFO]- 当前正在操作action：query_admin
[2020-02-11 14:22:29,651] [common.py:64] [common:get_action_handler] [INFO]- 当前正在操作action：query_admin
[2020-02-11 14:22:33,159] [common.py:64] [common:get_action_handler] [INFO]- 当前正在操作action：query_admin
[2020-02-11 14:22:36,839] [common.py:64] [common:get_action_handler] [INFO]- 当前正在操作action：query_admin
[2020-02-11 14:22:41,180] [common.py:64] [common:get_action_handler] [INFO]- 当前正在操作action：query_admin
[2020-02-11 14:22:54,282] [common.py:64] [common:get_action_handler] [INFO]- 当前正在操作action：query_admin
[2020-02-11 14:22:56,665] [common.py:64] [common:get_action_handler] [INFO]- 当前正在操作action：query_admin
[2020-02-11 14:24:19,483] [common.py:64] [common:get_action_handler] [INFO]- 当前正在操作action：query_admin
[2020-02-11 14:24:23,488] [common.py:64] [common:get_action_handler] [INFO]- 当前正在操作action：query_admin
[2020-02-11 14:24:26,482] [common.py:64] [common:get_action_handler] [INFO]- 当前正在操作action：query_admin
[2020-02-11 14:24:29,798] [common.py:64] [common:get_action_handler] [INFO]- 当前正在操作action：query_admin
[2020-02-11 14:27:43,844] [common.py:64] [common:get_action_handler] [INFO]- 当前正在操作action：query_admin
[2020-02-11 14:36:10,559] [common.py:64] [common:get_action_handler] [INFO]- 当前正在操作action：query_admin
[2020-02-11 14:45:52,240] [common.py:64] [common:get_action_handler] [INFO]- 当前正在操作action：query_admin
[2020-02-11 14:45:57,312] [common.py:64] [common:get_action_handler] [INFO]- 当前正在操作action：query_admin
[2020-02-11 14:46:16,734] [common.py:64] [common:get_action_handler] [INFO]- 当前正在操作action：query_admin
[2020-02-11 14:46:18,496] [common.py:64] [common:get_action_handler] [INFO]- 当前正在操作action：query_admin
[2020-02-11 14:46:20,102] [common.py:64] [common:get_action_handler] [INFO]- 当前正在操作action：query_admin
[2020-02-11 14:46:20,923] [common.py:64] [common:get_action_handler] [INFO]- 当前正在操作action：query_admin
[2020-02-11 14:46:21,731] [common.py:64] [common:get_action_handler] [INFO]- 当前正在操作action：query_admin
[2020-02-11 14:46:22,544] [common.py:64] [common:get_action_handler] [INFO]- 当前正在操作action：query_admin
[2020-02-11 14:54:38,040] [common.py:64] [common:get_action_handler] [INFO]- 当前正在操作action：query_admin
[2020-02-11 14:54:48,013] [common.py:64] [common:get_action_handler] [INFO]- 当前正在操作action：query_admin
[2020-02-11 14:54:59,950] [common.py:64] [common:get_action_handler] [INFO]- 当前正在操作action：query_admin
[2020-02-11 14:56:43,405] [common.py:64] [common:get_action_handler] [INFO]- 当前正在操作action：query_admin
[2020-02-11 14:56:57,103] [common.py:64] [common:get_action_handler] [INFO]- 当前正在操作action：query_admin
[2020-02-11 15:03:15,831] [common.py:64] [common:get_action_handler] [INFO]- 当前正在操作action：query_admin
[2020-02-11 15:04:17,276] [common.py:64] [common:get_action_handler] [INFO]- 当前正在操作action：query_admin
[2020-02-11 15:04:58,689] [common.py:64] [common:get_action_handler] [INFO]- 当前正在操作action：query_admin
[2020-02-11 15:15:43,919] [common.py:64] [common:get_action_handler] [INFO]- 当前正在操作action：query_admin
[2020-02-11 15:16:33,225] [common.py:64] [common:get_action_handler] [INFO]- 当前正在操作action：query_admin
[2020-02-11 15:16:39,859] [common.py:64] [common:get_action_handler] [INFO]- 当前正在操作action：edit_admin
[2020-02-11 15:17:13,700] [common.py:64] [common:get_action_handler] [INFO]- 当前正在操作action：query_admin
[2020-02-11 15:17:16,788] [common.py:64] [common:get_action_handler] [INFO]- 当前正在操作action：query_admin
[2020-02-11 15:17:20,962] [common.py:64] [common:get_action_handler] [INFO]- 当前正在操作action：edit_admin
[2020-02-11 15:18:40,854] [common.py:64] [common:get_action_handler] [INFO]- 当前正在操作action：query_admin
[2020-02-11 15:18:43,701] [common.py:64] [common:get_action_handler] [INFO]- 当前正在操作action：query_admin
[2020-02-11 15:18:49,930] [common.py:64] [common:get_action_handler] [INFO]- 当前正在操作action：query_admin
[2020-02-11 15:36:39,741] [common.py:64] [common:get_action_handler] [INFO]- 当前正在操作action：query_admin
[2020-02-11 15:36:42,893] [common.py:64] [common:get_action_handler] [INFO]- 当前正在操作action：query_admin
[2020-02-11 15:36:51,770] [common.py:64] [common:get_action_handler] [INFO]- 当前正在操作action：edit_admin
[2020-02-11 15:37:09,690] [common.py:64] [common:get_action_handler] [INFO]- 当前正在操作action：query_admin
[2020-02-11 15:37:13,648] [common.py:64] [common:get_action_handler] [INFO]- 当前正在操作action：edit_admin
[2020-02-11 15:38:20,081] [common.py:64] [common:get_action_handler] [INFO]- 当前正在操作action：edit_admin
[2020-02-11 15:42:53,914] [common.py:64] [common:get_action_handler] [INFO]- 当前正在操作action：query_admin
[2020-02-11 15:42:55,916] [common.py:64] [common:get_action_handler] [INFO]- 当前正在操作action：edit_admin
[2020-02-11 15:47:54,317] [common.py:64] [common:get_action_handler] [INFO]- 当前正在操作action：query_admin
[2020-02-11 15:47:55,780] [common.py:64] [common:get_action_handler] [INFO]- 当前正在操作action：edit_admin
[2020-02-11 15:49:48,248] [common.py:64] [common:get_action_handler] [INFO]- 当前正在操作action：query_admin
[2020-02-11 15:49:49,656] [common.py:64] [common:get_action_handler] [INFO]- 当前正在操作action：edit_admin
[2020-02-11 15:49:52,308] [common.py:64] [common:get_action_handler] [INFO]- 当前正在操作action：query_admin
[2020-02-11 15:55:27,933] [common.py:64] [common:get_action_handler] [INFO]- 当前正在操作action：query_admin
[2020-02-11 15:55:34,356] [common.py:64] [common:get_action_handler] [INFO]- 当前正在操作action：edit_admin
[2020-02-11 15:55:41,165] [common.py:64] [common:get_action_handler] [INFO]- 当前正在操作action：query_admin
[2020-02-11 15:56:02,115] [common.py:64] [common:get_action_handler] [INFO]- 当前正在操作action：query_admin
[2020-02-11 15:56:07,214] [common.py:64] [common:get_action_handler] [INFO]- 当前正在操作action：edit_admin
[2020-02-11 15:56:20,086] [common.py:64] [common:get_action_handler] [INFO]- 当前正在操作action：edit_admin
[2020-02-11 15:56:29,500] [common.py:64] [common:get_action_handler] [INFO]- 当前正在操作action：query_admin
[2020-02-11 15:56:42,149] [common.py:64] [common:get_action_handler] [INFO]- 当前正在操作action：query_admin
[2020-02-11 15:56:58,436] [common.py:64] [common:get_action_handler] [INFO]- 当前正在操作action：query_admin
[2020-02-11 15:57:07,258] [common.py:64] [common:get_action_handler] [INFO]- 当前正在操作action：query_admin
[2020-02-11 15:57:09,444] [common.py:64] [common:get_action_handler] [INFO]- 当前正在操作action：query_admin
[2020-02-11 15:58:02,845] [common.py:64] [common:get_action_handler] [INFO]- 当前正在操作action：query_admin
[2020-02-11 15:58:16,004] [common.py:64] [common:get_action_handler] [INFO]- 当前正在操作action：query_admin
[2020-02-11 16:07:32,392] [common.py:64] [common:get_action_handler] [INFO]- 当前正在操作action：query_admin
[2020-02-11 16:08:47,898] [common.py:64] [common:get_action_handler] [INFO]- 当前正在操作action：query_admin
[2020-02-11 16:08:52,038] [common.py:64] [common:get_action_handler] [INFO]- 当前正在操作action：query_admin
[2020-02-11 16:10:38,287] [common.py:64] [common:get_action_handler] [INFO]- 当前正在操作action：query_admin
[2020-02-11 16:11:18,563] [common.py:64] [common:get_action_handler] [INFO]- 当前正在操作action：query_admin
[2020-02-11 16:14:44,904] [common.py:64] [common:get_action_handler] [INFO]- 当前正在操作action：query_admin
[2020-02-11 16:14:52,642] [common.py:64] [common:get_action_handler] [INFO]- 当前正在操作action：query_admin
[2020-02-11 16:16:29,894] [common.py:64] [common:get_action_handler] [INFO]- 当前正在操作action：query_admin
[2020-02-11 16:20:21,456] [common.py:64] [common:get_action_handler] [INFO]- 当前正在操作action：query_admin
[2020-02-11 16:21:41,036] [common.py:64] [common:get_action_handler] [INFO]- 当前正在操作action：query_admin
[2020-02-11 16:21:48,888] [common.py:64] [common:get_action_handler] [INFO]- 当前正在操作action：query_admin
[2020-02-11 16:22:55,106] [common.py:64] [common:get_action_handler] [INFO]- 当前正在操作action：query_admin
[2020-02-11 16:40:47,519] [common.py:64] [common:get_action_handler] [INFO]- 当前正在操作action：query_admin
[2020-02-11 16:40:58,940] [common.py:64] [common:get_action_handler] [INFO]- 当前正在操作action：query_admin
[2020-02-11 16:41:09,387] [common.py:64] [common:get_action_handler] [INFO]- 当前正在操作action：query_admin
[2020-02-11 16:41:15,493] [common.py:64] [common:get_action_handler] [INFO]- 当前正在操作action：query_admin
[2020-02-11 16:41:15,849] [common.py:64] [common:get_action_handler] [INFO]- 当前正在操作action：query_admin
[2020-02-11 16:42:41,925] [common.py:64] [common:get_action_handler] [INFO]- 当前正在操作action：query_admin
[2020-02-11 16:44:41,720] [common.py:64] [common:get_action_handler] [INFO]- 当前正在操作action：query_admin
[2020-02-11 16:45:47,294] [common.py:64] [common:get_action_handler] [INFO]- 当前正在操作action：query_admin
[2020-02-11 16:47:21,497] [common.py:64] [common:get_action_handler] [INFO]- 当前正在操作action：query_admin
[2020-02-11 16:47:28,878] [common.py:64] [common:get_action_handler] [INFO]- 当前正在操作action：query_admin
[2020-02-11 16:48:10,830] [common.py:64] [common:get_action_handler] [INFO]- 当前正在操作action：query_admin
[2020-02-11 16:52:28,878] [common.py:64] [common:get_action_handler] [INFO]- 当前正在操作action：query_admin
[2020-02-11 16:53:11,697] [common.py:64] [common:get_action_handler] [INFO]- 当前正在操作action：query_admin
[2020-02-11 16:54:52,747] [common.py:64] [common:get_action_handler] [INFO]- 当前正在操作action：query_admin
[2020-02-11 16:54:54,882] [common.py:64] [common:get_action_handler] [INFO]- 当前正在操作action：query_admin
[2020-02-11 16:57:17,508] [common.py:64] [common:get_action_handler] [INFO]- 当前正在操作action：query_admin
[2020-02-11 16:58:07,454] [common.py:64] [common:get_action_handler] [INFO]- 当前正在操作action：query_admin
[2020-02-11 17:00:16,358] [common.py:64] [common:get_action_handler] [INFO]- 当前正在操作action：query_admin
[2020-02-11 17:01:11,896] [common.py:64] [common:get_action_handler] [INFO]- 当前正在操作action：query_admin
[2020-02-11 17:02:15,463] [common.py:64] [common:get_action_handler] [INFO]- 当前正在操作action：query_admin
[2020-02-11 17:02:21,826] [common.py:64] [common:get_action_handler] [INFO]- 当前正在操作action：query_admin
[2020-02-11 17:03:10,667] [common.py:64] [common:get_action_handler] [INFO]- 当前正在操作action：query_admin
[2020-02-11 17:03:59,961] [common.py:64] [common:get_action_handler] [INFO]- 当前正在操作action：query_admin
[2020-02-11 17:04:10,623] [common.py:64] [common:get_action_handler] [INFO]- 当前正在操作action：query_admin
[2020-02-11 17:05:08,344] [common.py:64] [common:get_action_handler] [INFO]- 当前正在操作action：query_admin
[2020-02-11 17:05:55,523] [common.py:64] [common:get_action_handler] [INFO]- 当前正在操作action：query_admin
[2020-02-11 19:15:33,915] [common.py:64] [common:get_action_handler] [INFO]- 当前正在操作action：login
[2020-02-11 19:15:35,324] [common.py:64] [common:get_action_handler] [INFO]- 当前正在操作action：query_admin
[2020-02-11 19:17:38,492] [common.py:64] [common:get_action_handler] [INFO]- 当前正在操作action：query_admin
[2020-02-11 19:17:58,253] [common.py:64] [common:get_action_handler] [INFO]- 当前正在操作action：query_admin
[2020-02-11 19:19:49,625] [common.py:64] [common:get_action_handler] [INFO]- 当前正在操作action：login
[2020-02-11 19:19:51,042] [common.py:64] [common:get_action_handler] [INFO]- 当前正在操作action：query_admin
[2020-02-11 19:19:52,869] [common.py:64] [common:get_action_handler] [INFO]- 当前正在操作action：switch_admin_state
[2020-02-11 19:19:55,804] [common.py:64] [common:get_action_handler] [INFO]- 当前正在操作action：query_admin
[2020-02-11 19:20:13,369] [common.py:64] [common:get_action_handler] [INFO]- 当前正在操作action：switch_admin_state
[2020-02-11 19:21:32,870] [common.py:64] [common:get_action_handler] [INFO]- 当前正在操作action：switch_admin_state
[2020-02-11 19:22:06,738] [common.py:64] [common:get_action_handler] [INFO]- 当前正在操作action：query_admin
[2020-02-11 19:26:31,141] [common.py:64] [common:get_action_handler] [INFO]- 当前正在操作action：query_admin
[2020-02-11 19:26:36,113] [common.py:64] [common:get_action_handler] [INFO]- 当前正在操作action：query_admin
[2020-02-11 19:26:36,886] [common.py:64] [common:get_action_handler] [INFO]- 当前正在操作action：switch_admin_state
[2020-02-11 19:26:38,266] [common.py:64] [common:get_action_handler] [INFO]- 当前正在操作action：query_admin
[2020-02-11 19:26:39,208] [common.py:64] [common:get_action_handler] [INFO]- 当前正在操作action：switch_admin_state
[2020-02-11 19:26:40,570] [common.py:64] [common:get_action_handler] [INFO]- 当前正在操作action：query_admin
[2020-02-11 19:26:41,414] [common.py:64] [common:get_action_handler] [INFO]- 当前正在操作action：switch_admin_state
[2020-02-11 19:26:42,721] [common.py:64] [common:get_action_handler] [INFO]- 当前正在操作action：query_admin
[2020-02-11 19:26:43,520] [common.py:64] [common:get_action_handler] [INFO]- 当前正在操作action：switch_admin_state
[2020-02-11 19:26:44,678] [common.py:64] [common:get_action_handler] [INFO]- 当前正在操作action：query_admin
[2020-02-11 19:26:45,477] [common.py:64] [common:get_action_handler] [INFO]- 当前正在操作action：switch_admin_state
[2020-02-11 19:26:46,565] [common.py:64] [common:get_action_handler] [INFO]- 当前正在操作action：query_admin
[2020-02-11 19:27:47,307] [common.py:64] [common:get_action_handler] [INFO]- 当前正在操作action：switch_admin_state
[2020-02-11 19:27:47,730] [common.py:64] [common:get_action_handler] [INFO]- 当前正在操作action：switch_admin_state
[2020-02-11 19:27:48,107] [common.py:64] [common:get_action_handler] [INFO]- 当前正在操作action：switch_admin_state
[2020-02-11 19:27:48,447] [common.py:64] [common:get_action_handler] [INFO]- 当前正在操作action：switch_admin_state
[2020-02-11 19:27:48,837] [common.py:64] [common:get_action_handler] [INFO]- 当前正在操作action：switch_admin_state
[2020-02-11 19:27:49,080] [common.py:64] [common:get_action_handler] [INFO]- 当前正在操作action：switch_admin_state
[2020-02-11 19:27:49,576] [common.py:64] [common:get_action_handler] [INFO]- 当前正在操作action：switch_admin_state
[2020-02-11 19:27:49,785] [common.py:64] [common:get_action_handler] [INFO]- 当前正在操作action：switch_admin_state
[2020-02-11 19:27:56,689] [common.py:64] [common:get_action_handler] [INFO]- 当前正在操作action：edit_admin
[2020-02-11 19:28:00,842] [common.py:64] [common:get_action_handler] [INFO]- 当前正在操作action：query_admin
[2020-02-11 19:34:16,293] [common.py:64] [common:get_action_handler] [INFO]- 当前正在操作action：query_admin
[2020-02-11 19:34:19,832] [common.py:64] [common:get_action_handler] [INFO]- 当前正在操作action：switch_admin_state
[2020-02-11 19:34:39,465] [common.py:64] [common:get_action_handler] [INFO]- 当前正在操作action：login
[2020-02-11 19:36:55,611] [common.py:64] [common:get_action_handler] [INFO]- 当前正在操作action：login
[2020-02-11 23:32:03,978] [common.py:64] [common:get_action_handler] [INFO]- 当前正在操作action：login
[2020-02-11 23:32:07,800] [common.py:64] [common:get_action_handler] [INFO]- 当前正在操作action：login
[2020-02-11 23:32:09,212] [common.py:64] [common:get_action_handler] [INFO]- 当前正在操作action：query_admin
[2020-02-11 23:32:13,624] [common.py:64] [common:get_action_handler] [INFO]- 当前正在操作action：query_admin
[2020-02-11 23:32:16,189] [common.py:64] [common:get_action_handler] [INFO]- 当前正在操作action：switch_admin_state
[2020-02-11 23:32:36,127] [common.py:64] [common:get_action_handler] [INFO]- 当前正在操作action：query_admin
[2020-02-11 23:41:51,780] [common.py:60] [common:get_action_handler] [INFO]- 当前正在操作action：query_admin
[2020-02-11 23:42:39,100] [common.py:60] [common:get_action_handler] [INFO]- 当前正在操作action：query_admin
[2020-02-11 23:43:29,392] [common.py:60] [common:get_action_handler] [INFO]- 当前正在操作action：query_admin
[2020-02-11 23:44:55,813] [common.py:60] [common:get_action_handler] [INFO]- 当前正在操作action：query_admin
[2020-02-11 23:45:13,761] [common.py:60] [common:get_action_handler] [INFO]- 当前正在操作action：query_admin
[2020-02-11 23:45:23,127] [common.py:60] [common:get_action_handler] [INFO]- 当前正在操作action：query_admin
[2020-02-11 23:49:21,623] [common.py:59] [common:get_action_handler] [INFO]- 当前正在操作action：query_admin
[2020-02-11 23:49:47,048] [common.py:59] [common:get_action_handler] [INFO]- 当前正在操作action：query_admin
[2020-02-11 23:50:03,086] [common.py:59] [common:get_action_handler] [INFO]- 当前正在操作action：query_admin
[2020-02-11 23:51:19,104] [common.py:59] [common:get_action_handler] [INFO]- 当前正在操作action：query_admin
[2020-02-11 23:51:32,130] [common.py:59] [common:get_action_handler] [INFO]- 当前正在操作action：check_email_unique
[2020-02-11 23:51:33,390] [common.py:59] [common:get_action_handler] [INFO]- 当前正在操作action：check_email_unique
[2020-02-11 23:51:33,880] [common.py:59] [common:get_action_handler] [INFO]- 当前正在操作action：check_email_unique
[2020-02-11 23:51:34,055] [common.py:59] [common:get_action_handler] [INFO]- 当前正在操作action：check_email_unique
[2020-02-11 23:51:35,333] [common.py:59] [common:get_action_handler] [INFO]- 当前正在操作action：check_email_unique
[2020-02-11 23:51:35,467] [common.py:59] [common:get_action_handler] [INFO]- 当前正在操作action：check_email_unique
[2020-02-11 23:51:35,576] [common.py:59] [common:get_action_handler] [INFO]- 当前正在操作action：check_email_unique
[2020-02-11 23:51:35,759] [common.py:59] [common:get_action_handler] [INFO]- 当前正在操作action：check_email_unique
[2020-02-11 23:51:37,204] [common.py:59] [common:get_action_handler] [INFO]- 当前正在操作action：check_phone_unique
[2020-02-11 23:51:37,859] [common.py:59] [common:get_action_handler] [INFO]- 当前正在操作action：check_phone_unique
[2020-02-11 23:51:38,740] [common.py:59] [common:get_action_handler] [INFO]- 当前正在操作action：check_phone_unique
[2020-02-11 23:51:39,012] [common.py:59] [common:get_action_handler] [INFO]- 当前正在操作action：check_phone_unique
[2020-02-11 23:51:39,530] [common.py:59] [common:get_action_handler] [INFO]- 当前正在操作action：check_phone_unique
[2020-02-11 23:51:39,925] [common.py:59] [common:get_action_handler] [INFO]- 当前正在操作action：check_phone_unique
[2020-02-11 23:51:42,038] [common.py:59] [common:get_action_handler] [INFO]- 当前正在操作action：check_phone_unique
[2020-02-11 23:51:42,293] [common.py:59] [common:get_action_handler] [INFO]- 当前正在操作action：check_phone_unique
[2020-02-11 23:51:42,685] [common.py:59] [common:get_action_handler] [INFO]- 当前正在操作action：check_phone_unique
[2020-02-11 23:51:43,030] [common.py:59] [common:get_action_handler] [INFO]- 当前正在操作action：check_phone_unique
[2020-02-11 23:51:43,187] [common.py:59] [common:get_action_handler] [INFO]- 当前正在操作action：check_phone_unique
[2020-02-11 23:52:34,407] [common.py:59] [common:get_action_handler] [INFO]- 当前正在操作action：query_admin
[2020-02-11 23:52:43,893] [common.py:59] [common:get_action_handler] [INFO]- 当前正在操作action：check_email_unique
[2020-02-11 23:52:44,718] [common.py:59] [common:get_action_handler] [INFO]- 当前正在操作action：check_email_unique
[2020-02-11 23:52:44,948] [common.py:59] [common:get_action_handler] [INFO]- 当前正在操作action：check_email_unique
[2020-02-11 23:52:45,129] [common.py:59] [common:get_action_handler] [INFO]- 当前正在操作action：check_email_unique
[2020-02-11 23:52:45,470] [common.py:59] [common:get_action_handler] [INFO]- 当前正在操作action：check_email_unique
[2020-02-11 23:52:45,953] [common.py:59] [common:get_action_handler] [INFO]- 当前正在操作action：check_email_unique
[2020-02-11 23:52:46,050] [common.py:59] [common:get_action_handler] [INFO]- 当前正在操作action：check_email_unique
[2020-02-11 23:52:46,180] [common.py:59] [common:get_action_handler] [INFO]- 当前正在操作action：check_email_unique
[2020-02-11 23:52:46,346] [common.py:59] [common:get_action_handler] [INFO]- 当前正在操作action：check_email_unique
[2020-02-11 23:52:47,601] [common.py:59] [common:get_action_handler] [INFO]- 当前正在操作action：check_phone_unique
[2020-02-11 23:52:47,892] [common.py:59] [common:get_action_handler] [INFO]- 当前正在操作action：check_phone_unique
[2020-02-11 23:52:48,567] [common.py:59] [common:get_action_handler] [INFO]- 当前正在操作action：check_phone_unique
[2020-02-11 23:52:48,850] [common.py:59] [common:get_action_handler] [INFO]- 当前正在操作action：check_phone_unique
[2020-02-11 23:52:49,041] [common.py:59] [common:get_action_handler] [INFO]- 当前正在操作action：check_phone_unique
[2020-02-11 23:52:49,155] [common.py:59] [common:get_action_handler] [INFO]- 当前正在操作action：check_phone_unique
[2020-02-11 23:52:49,971] [common.py:59] [common:get_action_handler] [INFO]- 当前正在操作action：check_phone_unique
[2020-02-11 23:52:50,161] [common.py:59] [common:get_action_handler] [INFO]- 当前正在操作action：check_phone_unique
[2020-02-11 23:52:50,486] [common.py:59] [common:get_action_handler] [INFO]- 当前正在操作action：check_phone_unique
[2020-02-11 23:52:50,906] [common.py:59] [common:get_action_handler] [INFO]- 当前正在操作action：check_phone_unique
[2020-02-11 23:52:51,164] [common.py:59] [common:get_action_handler] [INFO]- 当前正在操作action：check_phone_unique
[2020-02-11 23:52:52,714] [common.py:59] [common:get_action_handler] [INFO]- 当前正在操作action：check_phone_unique
[2020-02-11 23:52:52,825] [common.py:59] [common:get_action_handler] [INFO]- 当前正在操作action：check_phone_unique
[2020-02-11 23:53:54,909] [common.py:59] [common:get_action_handler] [INFO]- 当前正在操作action：check_email_unique
[2020-02-11 23:53:55,536] [common.py:59] [common:get_action_handler] [INFO]- 当前正在操作action：check_email_unique
[2020-02-11 23:53:55,795] [common.py:59] [common:get_action_handler] [INFO]- 当前正在操作action：check_email_unique
[2020-02-11 23:53:55,982] [common.py:59] [common:get_action_handler] [INFO]- 当前正在操作action：check_email_unique
[2020-02-11 23:53:56,347] [common.py:59] [common:get_action_handler] [INFO]- 当前正在操作action：check_email_unique
[2020-02-11 23:53:56,793] [common.py:59] [common:get_action_handler] [INFO]- 当前正在操作action：check_email_unique
[2020-02-11 23:53:56,901] [common.py:59] [common:get_action_handler] [INFO]- 当前正在操作action：check_email_unique
[2020-02-11 23:53:57,009] [common.py:59] [common:get_action_handler] [INFO]- 当前正在操作action：check_email_unique
[2020-02-11 23:53:57,176] [common.py:59] [common:get_action_handler] [INFO]- 当前正在操作action：check_email_unique
[2020-02-11 23:53:58,413] [common.py:59] [common:get_action_handler] [INFO]- 当前正在操作action：check_phone_unique
[2020-02-11 23:53:58,727] [common.py:59] [common:get_action_handler] [INFO]- 当前正在操作action：check_phone_unique
[2020-02-11 23:53:59,406] [common.py:59] [common:get_action_handler] [INFO]- 当前正在操作action：check_phone_unique
[2020-02-11 23:54:00,687] [common.py:59] [common:get_action_handler] [INFO]- 当前正在操作action：check_phone_unique
[2020-02-11 23:54:01,216] [common.py:59] [common:get_action_handler] [INFO]- 当前正在操作action：check_phone_unique
[2020-02-11 23:54:01,581] [common.py:59] [common:get_action_handler] [INFO]- 当前正在操作action：check_phone_unique
[2020-02-11 23:54:02,534] [common.py:59] [common:get_action_handler] [INFO]- 当前正在操作action：check_phone_unique
[2020-02-11 23:54:03,235] [common.py:59] [common:get_action_handler] [INFO]- 当前正在操作action：check_phone_unique
[2020-02-11 23:54:03,546] [common.py:59] [common:get_action_handler] [INFO]- 当前正在操作action：check_phone_unique
[2020-02-11 23:54:03,984] [common.py:59] [common:get_action_handler] [INFO]- 当前正在操作action：check_phone_unique
[2020-02-11 23:54:04,146] [common.py:59] [common:get_action_handler] [INFO]- 当前正在操作action：check_phone_unique
[2020-02-11 23:54:06,610] [common.py:59] [common:get_action_handler] [INFO]- 当前正在操作action：create_admin
[2020-02-11 23:54:07,935] [common.py:59] [common:get_action_handler] [INFO]- 当前正在操作action：query_admin
[2020-02-11 23:54:15,533] [common.py:59] [common:get_action_handler] [INFO]- 当前正在操作action：check_email_unique
[2020-02-11 23:54:16,355] [common.py:59] [common:get_action_handler] [INFO]- 当前正在操作action：check_email_unique
[2020-02-11 23:54:16,602] [common.py:59] [common:get_action_handler] [INFO]- 当前正在操作action：check_email_unique
[2020-02-11 23:54:16,803] [common.py:59] [common:get_action_handler] [INFO]- 当前正在操作action：check_email_unique
[2020-02-11 23:54:17,371] [common.py:59] [common:get_action_handler] [INFO]- 当前正在操作action：check_email_unique
[2020-02-11 23:54:17,498] [common.py:59] [common:get_action_handler] [INFO]- 当前正在操作action：check_email_unique
[2020-02-11 23:54:17,618] [common.py:59] [common:get_action_handler] [INFO]- 当前正在操作action：check_email_unique
[2020-02-11 23:54:17,780] [common.py:59] [common:get_action_handler] [INFO]- 当前正在操作action：check_email_unique
[2020-02-11 23:54:19,016] [common.py:59] [common:get_action_handler] [INFO]- 当前正在操作action：check_phone_unique
[2020-02-11 23:54:19,161] [common.py:59] [common:get_action_handler] [INFO]- 当前正在操作action：check_phone_unique
[2020-02-11 23:54:19,283] [common.py:59] [common:get_action_handler] [INFO]- 当前正在操作action：check_phone_unique
[2020-02-11 23:54:20,167] [common.py:59] [common:get_action_handler] [INFO]- 当前正在操作action：check_phone_unique
[2020-02-11 23:54:20,286] [common.py:59] [common:get_action_handler] [INFO]- 当前正在操作action：check_phone_unique
[2020-02-11 23:54:20,432] [common.py:59] [common:get_action_handler] [INFO]- 当前正在操作action：check_phone_unique
[2020-02-11 23:54:20,857] [common.py:59] [common:get_action_handler] [INFO]- 当前正在操作action：check_phone_unique
[2020-02-11 23:54:21,660] [common.py:59] [common:get_action_handler] [INFO]- 当前正在操作action：check_phone_unique
[2020-02-11 23:54:22,090] [common.py:59] [common:get_action_handler] [INFO]- 当前正在操作action：check_phone_unique
[2020-02-11 23:54:22,356] [common.py:59] [common:get_action_handler] [INFO]- 当前正在操作action：check_phone_unique
[2020-02-11 23:54:22,863] [common.py:59] [common:get_action_handler] [INFO]- 当前正在操作action：check_phone_unique
[2020-02-11 23:54:23,218] [common.py:59] [common:get_action_handler] [INFO]- 当前正在操作action：check_phone_unique
[2020-02-11 23:54:23,984] [common.py:59] [common:get_action_handler] [INFO]- 当前正在操作action：check_phone_unique
[2020-02-11 23:54:24,232] [common.py:59] [common:get_action_handler] [INFO]- 当前正在操作action：check_phone_unique
[2020-02-11 23:54:24,565] [common.py:59] [common:get_action_handler] [INFO]- 当前正在操作action：check_phone_unique
[2020-02-11 23:54:25,242] [common.py:59] [common:get_action_handler] [INFO]- 当前正在操作action：check_phone_unique
[2020-02-11 23:54:25,378] [common.py:59] [common:get_action_handler] [INFO]- 当前正在操作action：check_phone_unique
[2020-02-11 23:54:29,325] [common.py:59] [common:get_action_handler] [INFO]- 当前正在操作action：create_admin
[2020-02-11 23:54:30,344] [common.py:59] [common:get_action_handler] [INFO]- 当前正在操作action：query_admin
[2020-02-11 23:54:33,644] [common.py:59] [common:get_action_handler] [INFO]- 当前正在操作action：check_phone_unique
[2020-02-11 23:54:34,786] [common.py:59] [common:get_action_handler] [INFO]- 当前正在操作action：check_phone_unique
[2020-02-11 23:54:34,941] [common.py:59] [common:get_action_handler] [INFO]- 当前正在操作action：check_phone_unique
[2020-02-11 23:54:35,470] [common.py:59] [common:get_action_handler] [INFO]- 当前正在操作action：check_phone_unique
[2020-02-11 23:54:36,052] [common.py:59] [common:get_action_handler] [INFO]- 当前正在操作action：check_phone_unique
[2020-02-11 23:54:41,978] [common.py:59] [common:get_action_handler] [INFO]- 当前正在操作action：check_email_unique
[2020-02-11 23:54:43,468] [common.py:59] [common:get_action_handler] [INFO]- 当前正在操作action：check_email_unique
[2020-02-11 23:54:43,612] [common.py:59] [common:get_action_handler] [INFO]- 当前正在操作action：check_email_unique
[2020-02-11 23:54:44,458] [common.py:59] [common:get_action_handler] [INFO]- 当前正在操作action：check_email_unique
[2020-02-11 23:54:44,680] [common.py:59] [common:get_action_handler] [INFO]- 当前正在操作action：check_email_unique
[2020-02-11 23:54:44,832] [common.py:59] [common:get_action_handler] [INFO]- 当前正在操作action：check_email_unique
[2020-02-11 23:54:45,335] [common.py:59] [common:get_action_handler] [INFO]- 当前正在操作action：check_email_unique
[2020-02-11 23:54:45,357] [common.py:59] [common:get_action_handler] [INFO]- 当前正在操作action：check_email_unique
[2020-02-11 23:54:45,905] [common.py:59] [common:get_action_handler] [INFO]- 当前正在操作action：check_email_unique
[2020-02-11 23:54:46,275] [common.py:59] [common:get_action_handler] [INFO]- 当前正在操作action：check_email_unique
[2020-02-11 23:54:46,758] [common.py:59] [common:get_action_handler] [INFO]- 当前正在操作action：check_email_unique
[2020-02-11 23:54:46,864] [common.py:59] [common:get_action_handler] [INFO]- 当前正在操作action：check_email_unique
[2020-02-11 23:54:46,987] [common.py:59] [common:get_action_handler] [INFO]- 当前正在操作action：check_email_unique
[2020-02-11 23:54:47,193] [common.py:59] [common:get_action_handler] [INFO]- 当前正在操作action：check_email_unique
[2020-02-11 23:54:48,521] [common.py:59] [common:get_action_handler] [INFO]- 当前正在操作action：create_admin
[2020-02-11 23:54:49,706] [common.py:59] [common:get_action_handler] [INFO]- 当前正在操作action：query_admin
[2020-02-11 23:54:58,344] [common.py:59] [common:get_action_handler] [INFO]- 当前正在操作action：check_email_unique
[2020-02-11 23:54:58,805] [common.py:59] [common:get_action_handler] [INFO]- 当前正在操作action：check_email_unique
[2020-02-11 23:54:59,017] [common.py:59] [common:get_action_handler] [INFO]- 当前正在操作action：check_email_unique
[2020-02-11 23:54:59,181] [common.py:59] [common:get_action_handler] [INFO]- 当前正在操作action：check_email_unique
[2020-02-11 23:54:59,683] [common.py:59] [common:get_action_handler] [INFO]- 当前正在操作action：check_email_unique
[2020-02-11 23:54:59,836] [common.py:59] [common:get_action_handler] [INFO]- 当前正在操作action：check_email_unique
[2020-02-11 23:54:59,953] [common.py:59] [common:get_action_handler] [INFO]- 当前正在操作action：check_email_unique
[2020-02-11 23:55:00,132] [common.py:59] [common:get_action_handler] [INFO]- 当前正在操作action：check_email_unique
[2020-02-11 23:55:01,490] [common.py:59] [common:get_action_handler] [INFO]- 当前正在操作action：check_phone_unique
[2020-02-11 23:55:02,319] [common.py:59] [common:get_action_handler] [INFO]- 当前正在操作action：check_phone_unique
[2020-02-11 23:55:02,641] [common.py:59] [common:get_action_handler] [INFO]- 当前正在操作action：check_phone_unique
[2020-02-11 23:55:05,043] [common.py:59] [common:get_action_handler] [INFO]- 当前正在操作action：create_admin
[2020-02-11 23:55:05,970] [common.py:59] [common:get_action_handler] [INFO]- 当前正在操作action：query_admin
[2020-02-11 23:55:13,823] [common.py:59] [common:get_action_handler] [INFO]- 当前正在操作action：check_email_unique
[2020-02-11 23:55:14,366] [common.py:59] [common:get_action_handler] [INFO]- 当前正在操作action：check_email_unique
[2020-02-11 23:55:14,577] [common.py:59] [common:get_action_handler] [INFO]- 当前正在操作action：check_email_unique
[2020-02-11 23:55:14,759] [common.py:59] [common:get_action_handler] [INFO]- 当前正在操作action：check_email_unique
[2020-02-11 23:55:15,229] [common.py:59] [common:get_action_handler] [INFO]- 当前正在操作action：check_email_unique
[2020-02-11 23:55:15,354] [common.py:59] [common:get_action_handler] [INFO]- 当前正在操作action：check_email_unique
[2020-02-11 23:55:15,458] [common.py:59] [common:get_action_handler] [INFO]- 当前正在操作action：check_email_unique
[2020-02-11 23:55:15,630] [common.py:59] [common:get_action_handler] [INFO]- 当前正在操作action：check_email_unique
[2020-02-11 23:55:17,113] [common.py:59] [common:get_action_handler] [INFO]- 当前正在操作action：check_phone_unique
[2020-02-11 23:55:18,017] [common.py:59] [common:get_action_handler] [INFO]- 当前正在操作action：check_phone_unique
[2020-02-11 23:55:18,348] [common.py:59] [common:get_action_handler] [INFO]- 当前正在操作action：check_phone_unique
[2020-02-11 23:55:20,239] [common.py:59] [common:get_action_handler] [INFO]- 当前正在操作action：create_admin
[2020-02-11 23:55:21,091] [common.py:59] [common:get_action_handler] [INFO]- 当前正在操作action：query_admin
[2020-02-11 23:55:28,239] [common.py:59] [common:get_action_handler] [INFO]- 当前正在操作action：check_email_unique
[2020-02-11 23:55:28,906] [common.py:59] [common:get_action_handler] [INFO]- 当前正在操作action：check_email_unique
[2020-02-11 23:55:29,104] [common.py:59] [common:get_action_handler] [INFO]- 当前正在操作action：check_email_unique
[2020-02-11 23:55:29,263] [common.py:59] [common:get_action_handler] [INFO]- 当前正在操作action：check_email_unique
[2020-02-11 23:55:29,807] [common.py:59] [common:get_action_handler] [INFO]- 当前正在操作action：check_email_unique
[2020-02-11 23:55:29,971] [common.py:59] [common:get_action_handler] [INFO]- 当前正在操作action：check_email_unique
[2020-02-11 23:55:30,073] [common.py:59] [common:get_action_handler] [INFO]- 当前正在操作action：check_email_unique
[2020-02-11 23:55:30,258] [common.py:59] [common:get_action_handler] [INFO]- 当前正在操作action：check_email_unique
[2020-02-11 23:55:38,089] [common.py:59] [common:get_action_handler] [INFO]- 当前正在操作action：check_phone_unique
[2020-02-11 23:55:39,337] [common.py:59] [common:get_action_handler] [INFO]- 当前正在操作action：check_phone_unique
[2020-02-11 23:55:39,662] [common.py:59] [common:get_action_handler] [INFO]- 当前正在操作action：check_phone_unique
[2020-02-11 23:55:40,216] [common.py:59] [common:get_action_handler] [INFO]- 当前正在操作action：check_phone_unique
[2020-02-11 23:55:40,743] [common.py:59] [common:get_action_handler] [INFO]- 当前正在操作action：check_phone_unique
[2020-02-11 23:55:41,201] [common.py:59] [common:get_action_handler] [INFO]- 当前正在操作action：check_phone_unique
[2020-02-11 23:55:41,923] [common.py:59] [common:get_action_handler] [INFO]- 当前正在操作action：check_phone_unique
[2020-02-11 23:55:45,589] [common.py:59] [common:get_action_handler] [INFO]- 当前正在操作action：create_admin
[2020-02-11 23:55:46,487] [common.py:59] [common:get_action_handler] [INFO]- 当前正在操作action：query_admin
[2020-02-11 23:55:49,439] [common.py:59] [common:get_action_handler] [INFO]- 当前正在操作action：check_phone_unique
[2020-02-11 23:55:50,378] [common.py:59] [common:get_action_handler] [INFO]- 当前正在操作action：check_phone_unique
[2020-02-11 23:55:50,661] [common.py:59] [common:get_action_handler] [INFO]- 当前正在操作action：check_phone_unique
[2020-02-11 23:55:56,792] [common.py:59] [common:get_action_handler] [INFO]- 当前正在操作action：check_email_unique
[2020-02-11 23:55:57,265] [common.py:59] [common:get_action_handler] [INFO]- 当前正在操作action：check_email_unique
[2020-02-11 23:55:57,468] [common.py:59] [common:get_action_handler] [INFO]- 当前正在操作action：check_email_unique
[2020-02-11 23:55:57,623] [common.py:59] [common:get_action_handler] [INFO]- 当前正在操作action：check_email_unique
[2020-02-11 23:55:58,079] [common.py:59] [common:get_action_handler] [INFO]- 当前正在操作action：check_email_unique
[2020-02-11 23:55:58,205] [common.py:59] [common:get_action_handler] [INFO]- 当前正在操作action：check_email_unique
[2020-02-11 23:55:58,356] [common.py:59] [common:get_action_handler] [INFO]- 当前正在操作action：check_email_unique
[2020-02-11 23:55:58,563] [common.py:59] [common:get_action_handler] [INFO]- 当前正在操作action：check_email_unique
[2020-02-11 23:55:59,297] [common.py:59] [common:get_action_handler] [INFO]- 当前正在操作action：create_admin
[2020-02-11 23:56:01,229] [common.py:59] [common:get_action_handler] [INFO]- 当前正在操作action：query_admin
[2020-02-11 23:56:16,579] [common.py:59] [common:get_action_handler] [INFO]- 当前正在操作action：check_email_unique
[2020-02-11 23:56:17,066] [common.py:59] [common:get_action_handler] [INFO]- 当前正在操作action：check_email_unique
[2020-02-11 23:56:17,283] [common.py:59] [common:get_action_handler] [INFO]- 当前正在操作action：check_email_unique
[2020-02-11 23:56:17,446] [common.py:59] [common:get_action_handler] [INFO]- 当前正在操作action：check_email_unique
[2020-02-11 23:56:17,947] [common.py:59] [common:get_action_handler] [INFO]- 当前正在操作action：check_email_unique
[2020-02-11 23:56:18,069] [common.py:59] [common:get_action_handler] [INFO]- 当前正在操作action：check_email_unique
[2020-02-11 23:56:18,187] [common.py:59] [common:get_action_handler] [INFO]- 当前正在操作action：check_email_unique
[2020-02-11 23:56:18,376] [common.py:59] [common:get_action_handler] [INFO]- 当前正在操作action：check_email_unique
[2020-02-11 23:56:19,881] [common.py:59] [common:get_action_handler] [INFO]- 当前正在操作action：check_phone_unique
[2020-02-11 23:56:20,196] [common.py:59] [common:get_action_handler] [INFO]- 当前正在操作action：check_phone_unique
[2020-02-11 23:56:20,674] [common.py:59] [common:get_action_handler] [INFO]- 当前正在操作action：check_phone_unique
[2020-02-11 23:56:20,801] [common.py:59] [common:get_action_handler] [INFO]- 当前正在操作action：check_phone_unique
[2020-02-11 23:56:21,552] [common.py:59] [common:get_action_handler] [INFO]- 当前正在操作action：check_phone_unique
[2020-02-11 23:56:22,087] [common.py:59] [common:get_action_handler] [INFO]- 当前正在操作action：check_phone_unique
[2020-02-11 23:56:22,547] [common.py:59] [common:get_action_handler] [INFO]- 当前正在操作action：check_phone_unique
[2020-02-11 23:56:22,703] [common.py:59] [common:get_action_handler] [INFO]- 当前正在操作action：check_phone_unique
[2020-02-11 23:56:23,110] [common.py:59] [common:get_action_handler] [INFO]- 当前正在操作action：check_phone_unique
[2020-02-11 23:56:23,250] [common.py:59] [common:get_action_handler] [INFO]- 当前正在操作action：check_phone_unique
[2020-02-11 23:56:23,448] [common.py:59] [common:get_action_handler] [INFO]- 当前正在操作action：check_phone_unique
[2020-02-11 23:56:24,713] [common.py:59] [common:get_action_handler] [INFO]- 当前正在操作action：create_admin
[2020-02-11 23:56:26,051] [common.py:59] [common:get_action_handler] [INFO]- 当前正在操作action：query_admin
[2020-02-11 23:56:32,382] [common.py:59] [common:get_action_handler] [INFO]- 当前正在操作action：check_email_unique
[2020-02-11 23:56:32,912] [common.py:59] [common:get_action_handler] [INFO]- 当前正在操作action：check_email_unique
[2020-02-11 23:56:33,102] [common.py:59] [common:get_action_handler] [INFO]- 当前正在操作action：check_email_unique
[2020-02-11 23:56:33,249] [common.py:59] [common:get_action_handler] [INFO]- 当前正在操作action：check_email_unique
[2020-02-11 23:56:33,716] [common.py:59] [common:get_action_handler] [INFO]- 当前正在操作action：check_email_unique
[2020-02-11 23:56:33,827] [common.py:59] [common:get_action_handler] [INFO]- 当前正在操作action：check_email_unique
[2020-02-11 23:56:33,961] [common.py:59] [common:get_action_handler] [INFO]- 当前正在操作action：check_email_unique
[2020-02-11 23:56:34,145] [common.py:59] [common:get_action_handler] [INFO]- 当前正在操作action：check_email_unique
[2020-02-11 23:56:35,964] [common.py:59] [common:get_action_handler] [INFO]- 当前正在操作action：check_phone_unique
[2020-02-11 23:56:36,976] [common.py:59] [common:get_action_handler] [INFO]- 当前正在操作action：check_phone_unique
[2020-02-11 23:56:37,110] [common.py:59] [common:get_action_handler] [INFO]- 当前正在操作action：check_phone_unique
[2020-02-11 23:56:37,264] [common.py:59] [common:get_action_handler] [INFO]- 当前正在操作action：check_phone_unique
[2020-02-11 23:56:37,481] [common.py:59] [common:get_action_handler] [INFO]- 当前正在操作action：check_phone_unique
[2020-02-11 23:56:37,655] [common.py:59] [common:get_action_handler] [INFO]- 当前正在操作action：check_phone_unique
[2020-02-11 23:56:38,584] [common.py:59] [common:get_action_handler] [INFO]- 当前正在操作action：check_phone_unique
[2020-02-11 23:56:39,279] [common.py:59] [common:get_action_handler] [INFO]- 当前正在操作action：check_phone_unique
[2020-02-11 23:56:39,860] [common.py:59] [common:get_action_handler] [INFO]- 当前正在操作action：check_phone_unique
[2020-02-11 23:56:41,001] [common.py:59] [common:get_action_handler] [INFO]- 当前正在操作action：check_phone_unique
[2020-02-11 23:56:41,233] [common.py:59] [common:get_action_handler] [INFO]- 当前正在操作action：check_phone_unique
[2020-02-11 23:56:42,533] [common.py:59] [common:get_action_handler] [INFO]- 当前正在操作action：create_admin
[2020-02-11 23:56:43,452] [common.py:59] [common:get_action_handler] [INFO]- 当前正在操作action：query_admin
[2020-02-11 23:57:07,081] [common.py:59] [common:get_action_handler] [INFO]- 当前正在操作action：switch_admin_state
[2020-02-11 23:57:07,490] [common.py:59] [common:get_action_handler] [INFO]- 当前正在操作action：switch_admin_state
[2020-02-11 23:57:07,761] [common.py:59] [common:get_action_handler] [INFO]- 当前正在操作action：switch_admin_state
[2020-02-11 23:57:08,296] [common.py:59] [common:get_action_handler] [INFO]- 当前正在操作action：switch_admin_state
[2020-02-11 23:57:08,566] [common.py:59] [common:get_action_handler] [INFO]- 当前正在操作action：switch_admin_state
[2020-02-11 23:57:08,836] [common.py:59] [common:get_action_handler] [INFO]- 当前正在操作action：switch_admin_state
[2020-02-11 23:57:09,117] [common.py:59] [common:get_action_handler] [INFO]- 当前正在操作action：switch_admin_state
[2020-02-11 23:57:09,391] [common.py:59] [common:get_action_handler] [INFO]- 当前正在操作action：switch_admin_state
[2020-02-11 23:57:09,668] [common.py:59] [common:get_action_handler] [INFO]- 当前正在操作action：switch_admin_state
[2020-02-11 23:57:10,049] [common.py:59] [common:get_action_handler] [INFO]- 当前正在操作action：switch_admin_state
[2020-02-11 23:57:10,381] [common.py:59] [common:get_action_handler] [INFO]- 当前正在操作action：switch_admin_state
[2020-02-11 23:57:10,816] [common.py:59] [common:get_action_handler] [INFO]- 当前正在操作action：switch_admin_state
[2020-02-11 23:57:11,415] [common.py:59] [common:get_action_handler] [INFO]- 当前正在操作action：switch_admin_state
[2020-02-11 23:57:12,328] [common.py:59] [common:get_action_handler] [INFO]- 当前正在操作action：switch_admin_state
[2020-02-11 23:57:12,725] [common.py:59] [common:get_action_handler] [INFO]- 当前正在操作action：switch_admin_state
[2020-02-11 23:57:13,387] [common.py:59] [common:get_action_handler] [INFO]- 当前正在操作action：switch_admin_state
[2020-02-11 23:57:13,718] [common.py:59] [common:get_action_handler] [INFO]- 当前正在操作action：switch_admin_state
[2020-02-11 23:57:14,628] [common.py:59] [common:get_action_handler] [INFO]- 当前正在操作action：switch_admin_state
[2020-02-11 23:57:14,953] [common.py:59] [common:get_action_handler] [INFO]- 当前正在操作action：switch_admin_state
[2020-02-11 23:57:15,267] [common.py:59] [common:get_action_handler] [INFO]- 当前正在操作action：switch_admin_state
[2020-02-11 23:57:55,754] [common.py:59] [common:get_action_handler] [INFO]- 当前正在操作action：query_admin
[2020-02-11 23:57:57,450] [common.py:59] [common:get_action_handler] [INFO]- 当前正在操作action：query_admin
[2020-02-11 23:57:58,747] [common.py:59] [common:get_action_handler] [INFO]- 当前正在操作action：query_admin
[2020-02-11 23:57:59,803] [common.py:59] [common:get_action_handler] [INFO]- 当前正在操作action：query_admin
[2020-02-11 23:58:00,777] [common.py:59] [common:get_action_handler] [INFO]- 当前正在操作action：query_admin
[2020-02-11 23:58:01,667] [common.py:59] [common:get_action_handler] [INFO]- 当前正在操作action：query_admin
[2020-02-11 23:58:02,518] [common.py:59] [common:get_action_handler] [INFO]- 当前正在操作action：query_admin
[2020-02-11 23:58:03,365] [common.py:59] [common:get_action_handler] [INFO]- 当前正在操作action：query_admin
[2020-02-11 23:58:04,297] [common.py:59] [common:get_action_handler] [INFO]- 当前正在操作action：query_admin
[2020-02-11 23:58:05,276] [common.py:59] [common:get_action_handler] [INFO]- 当前正在操作action：query_admin
[2020-02-11 23:58:06,846] [common.py:59] [common:get_action_handler] [INFO]- 当前正在操作action：query_admin
[2020-02-11 23:58:08,052] [common.py:59] [common:get_action_handler] [INFO]- 当前正在操作action：query_admin
[2020-02-11 23:58:09,581] [common.py:59] [common:get_action_handler] [INFO]- 当前正在操作action：query_admin
[2020-02-11 23:58:10,639] [common.py:59] [common:get_action_handler] [INFO]- 当前正在操作action：query_admin
[2020-02-11 23:59:25,508] [common.py:59] [common:get_action_handler] [INFO]- 当前正在操作action：query_admin
[2020-02-11 23:59:26,977] [common.py:59] [common:get_action_handler] [INFO]- 当前正在操作action：query_admin
[2020-02-11 23:59:28,530] [common.py:59] [common:get_action_handler] [INFO]- 当前正在操作action：query_admin
[2020-02-11 23:59:45,524] [common.py:59] [common:get_action_handler] [INFO]- 当前正在操作action：query_admin
[2020-02-11 23:59:51,238] [common.py:59] [common:get_action_handler] [INFO]- 当前正在操作action：query_admin
[2020-02-12 00:00:10,026] [common.py:59] [common:get_action_handler] [INFO]- 当前正在操作action：query_admin
[2020-02-12 00:01:10,537] [common.py:59] [common:get_action_handler] [INFO]- 当前正在操作action：query_admin
[2020-02-12 00:01:19,407] [common.py:59] [common:get_action_handler] [INFO]- 当前正在操作action：query_admin
[2020-02-12 00:01:26,792] [common.py:59] [common:get_action_handler] [INFO]- 当前正在操作action：query_admin
[2020-02-12 00:01:33,594] [common.py:59] [common:get_action_handler] [INFO]- 当前正在操作action：query_admin
[2020-02-12 00:01:43,256] [common.py:59] [common:get_action_handler] [INFO]- 当前正在操作action：query_admin
[2020-02-12 00:01:51,639] [common.py:59] [common:get_action_handler] [INFO]- 当前正在操作action：query_admin
[2020-02-12 00:02:00,779] [common.py:59] [common:get_action_handler] [INFO]- 当前正在操作action：query_admin
[2020-02-12 00:02:09,615] [common.py:59] [common:get_action_handler] [INFO]- 当前正在操作action：query_admin
[2020-02-12 00:02:20,607] [common.py:59] [common:get_action_handler] [INFO]- 当前正在操作action：query_admin
[2020-02-12 00:02:21,789] [common.py:59] [common:get_action_handler] [INFO]- 当前正在操作action：query_admin
[2020-02-12 00:02:22,427] [common.py:59] [common:get_action_handler] [INFO]- 当前正在操作action：query_admin
[2020-02-12 00:02:22,879] [common.py:59] [common:get_action_handler] [INFO]- 当前正在操作action：query_admin
[2020-02-12 00:02:23,238] [common.py:59] [common:get_action_handler] [INFO]- 当前正在操作action：query_admin
[2020-02-12 00:02:23,572] [common.py:59] [common:get_action_handler] [INFO]- 当前正在操作action：query_admin
[2020-02-12 00:02:25,458] [common.py:59] [common:get_action_handler] [INFO]- 当前正在操作action：query_admin
[2020-02-12 00:02:43,306] [common.py:59] [common:get_action_handler] [INFO]- 当前正在操作action：query_admin
[2020-02-12 00:02:48,416] [common.py:59] [common:get_action_handler] [INFO]- 当前正在操作action：query_admin
[2020-02-12 00:02:48,834] [common.py:59] [common:get_action_handler] [INFO]- 当前正在操作action：query_admin
[2020-02-12 00:02:50,367] [common.py:59] [common:get_action_handler] [INFO]- 当前正在操作action：query_admin
[2020-02-12 00:02:50,607] [common.py:59] [common:get_action_handler] [INFO]- 当前正在操作action：query_admin
[2020-02-12 00:02:54,380] [common.py:59] [common:get_action_handler] [INFO]- 当前正在操作action：query_admin
[2020-02-12 00:03:01,552] [common.py:59] [common:get_action_handler] [INFO]- 当前正在操作action：query_admin
[2020-02-12 00:03:02,586] [common.py:59] [common:get_action_handler] [INFO]- 当前正在操作action：query_admin
[2020-02-12 00:03:03,208] [common.py:59] [common:get_action_handler] [INFO]- 当前正在操作action：query_admin
[2020-02-12 00:03:03,677] [common.py:59] [common:get_action_handler] [INFO]- 当前正在操作action：query_admin
[2020-02-12 00:03:04,196] [common.py:59] [common:get_action_handler] [INFO]- 当前正在操作action：query_admin
[2020-02-12 00:03:05,946] [common.py:59] [common:get_action_handler] [INFO]- 当前正在操作action：query_admin
[2020-02-12 00:03:07,691] [common.py:59] [common:get_action_handler] [INFO]- 当前正在操作action：query_admin
[2020-02-12 00:03:23,614] [common.py:59] [common:get_action_handler] [INFO]- 当前正在操作action：query_admin
[2020-02-12 00:03:24,078] [common.py:59] [common:get_action_handler] [INFO]- 当前正在操作action：query_admin
[2020-02-12 00:03:24,413] [common.py:59] [common:get_action_handler] [INFO]- 当前正在操作action：query_admin
[2020-02-12 00:03:24,710] [common.py:59] [common:get_action_handler] [INFO]- 当前正在操作action：query_admin
[2020-02-12 00:03:25,005] [common.py:59] [common:get_action_handler] [INFO]- 当前正在操作action：query_admin
[2020-02-12 00:03:25,276] [common.py:59] [common:get_action_handler] [INFO]- 当前正在操作action：query_admin
[2020-02-12 00:03:25,630] [common.py:59] [common:get_action_handler] [INFO]- 当前正在操作action：query_admin
[2020-02-12 00:03:25,892] [common.py:59] [common:get_action_handler] [INFO]- 当前正在操作action：query_admin
[2020-02-12 00:03:26,262] [common.py:59] [common:get_action_handler] [INFO]- 当前正在操作action：query_admin
[2020-02-12 00:03:26,508] [common.py:59] [common:get_action_handler] [INFO]- 当前正在操作action：query_admin
[2020-02-12 00:03:26,853] [common.py:59] [common:get_action_handler] [INFO]- 当前正在操作action：query_admin
[2020-02-12 00:03:27,134] [common.py:59] [common:get_action_handler] [INFO]- 当前正在操作action：query_admin
[2020-02-12 00:03:27,427] [common.py:59] [common:get_action_handler] [INFO]- 当前正在操作action：query_admin
[2020-02-12 00:03:27,790] [common.py:59] [common:get_action_handler] [INFO]- 当前正在操作action：query_admin
[2020-02-12 00:03:28,031] [common.py:59] [common:get_action_handler] [INFO]- 当前正在操作action：query_admin
[2020-02-12 00:03:28,277] [common.py:59] [common:get_action_handler] [INFO]- 当前正在操作action：query_admin
[2020-02-12 00:03:28,519] [common.py:59] [common:get_action_handler] [INFO]- 当前正在操作action：query_admin
[2020-02-12 00:03:28,776] [common.py:59] [common:get_action_handler] [INFO]- 当前正在操作action：query_admin
[2020-02-12 00:03:29,029] [common.py:59] [common:get_action_handler] [INFO]- 当前正在操作action：query_admin
[2020-02-12 00:03:29,299] [common.py:59] [common:get_action_handler] [INFO]- 当前正在操作action：query_admin
[2020-02-12 00:03:35,376] [common.py:59] [common:get_action_handler] [INFO]- 当前正在操作action：query_admin
[2020-02-12 00:03:36,373] [common.py:59] [common:get_action_handler] [INFO]- 当前正在操作action：query_admin
[2020-02-12 00:03:56,769] [common.py:59] [common:get_action_handler] [INFO]- 当前正在操作action：query_admin
[2020-02-12 00:03:58,485] [common.py:59] [common:get_action_handler] [INFO]- 当前正在操作action：query_admin
[2020-02-12 00:03:59,564] [common.py:59] [common:get_action_handler] [INFO]- 当前正在操作action：query_admin
[2020-02-12 00:04:00,390] [common.py:59] [common:get_action_handler] [INFO]- 当前正在操作action：query_admin
[2020-02-12 00:04:01,456] [common.py:59] [common:get_action_handler] [INFO]- 当前正在操作action：query_admin
[2020-02-12 00:04:05,202] [common.py:59] [common:get_action_handler] [INFO]- 当前正在操作action：query_admin
[2020-02-12 00:04:06,323] [common.py:59] [common:get_action_handler] [INFO]- 当前正在操作action：query_admin
[2020-02-12 00:04:08,724] [common.py:59] [common:get_action_handler] [INFO]- 当前正在操作action：query_admin
[2020-02-12 00:04:59,203] [common.py:59] [common:get_action_handler] [INFO]- 当前正在操作action：query_admin
[2020-02-12 00:05:00,695] [common.py:59] [common:get_action_handler] [INFO]- 当前正在操作action：query_admin
[2020-02-12 00:05:00,988] [common.py:59] [common:get_action_handler] [INFO]- 当前正在操作action：query_admin
[2020-02-12 00:05:22,768] [common.py:59] [common:get_action_handler] [INFO]- 当前正在操作action：query_admin
[2020-02-12 00:05:43,453] [common.py:59] [common:get_action_handler] [INFO]- 当前正在操作action：query_admin
[2020-02-12 00:05:44,959] [common.py:59] [common:get_action_handler] [INFO]- 当前正在操作action：query_admin
[2020-02-12 00:05:50,488] [common.py:59] [common:get_action_handler] [INFO]- 当前正在操作action：query_admin
[2020-02-12 00:05:51,331] [common.py:59] [common:get_action_handler] [INFO]- 当前正在操作action：query_admin
[2020-02-12 00:05:57,063] [common.py:59] [common:get_action_handler] [INFO]- 当前正在操作action：query_admin
[2020-02-12 00:05:58,126] [common.py:59] [common:get_action_handler] [INFO]- 当前正在操作action：query_admin
[2020-02-12 00:05:58,948] [common.py:59] [common:get_action_handler] [INFO]- 当前正在操作action：query_admin
[2020-02-12 00:05:59,700] [common.py:59] [common:get_action_handler] [INFO]- 当前正在操作action：query_admin
[2020-02-12 00:06:00,810] [common.py:59] [common:get_action_handler] [INFO]- 当前正在操作action：query_admin
[2020-02-12 00:06:01,806] [common.py:59] [common:get_action_handler] [INFO]- 当前正在操作action：query_admin
[2020-02-12 00:07:12,097] [common.py:59] [common:get_action_handler] [INFO]- 当前正在操作action：query_admin
[2020-02-12 00:07:13,122] [common.py:59] [common:get_action_handler] [INFO]- 当前正在操作action：query_admin
[2020-02-12 00:07:31,258] [common.py:59] [common:get_action_handler] [INFO]- 当前正在操作action：switch_admin_state
[2020-02-12 00:07:31,664] [common.py:59] [common:get_action_handler] [INFO]- 当前正在操作action：switch_admin_state
[2020-02-12 00:07:32,061] [common.py:59] [common:get_action_handler] [INFO]- 当前正在操作action：switch_admin_state
[2020-02-12 00:07:32,468] [common.py:59] [common:get_action_handler] [INFO]- 当前正在操作action：switch_admin_state
[2020-02-12 00:07:32,778] [common.py:59] [common:get_action_handler] [INFO]- 当前正在操作action：switch_admin_state
[2020-02-12 00:07:33,053] [common.py:59] [common:get_action_handler] [INFO]- 当前正在操作action：switch_admin_state
[2020-02-12 00:07:38,195] [common.py:59] [common:get_action_handler] [INFO]- 当前正在操作action：switch_admin_state
[2020-02-12 00:07:38,369] [common.py:59] [common:get_action_handler] [INFO]- 当前正在操作action：switch_admin_state
[2020-02-12 00:07:38,535] [common.py:59] [common:get_action_handler] [INFO]- 当前正在操作action：switch_admin_state
[2020-02-12 00:07:38,702] [common.py:59] [common:get_action_handler] [INFO]- 当前正在操作action：switch_admin_state
[2020-02-12 00:07:38,874] [common.py:59] [common:get_action_handler] [INFO]- 当前正在操作action：switch_admin_state
[2020-02-12 00:07:39,016] [common.py:59] [common:get_action_handler] [INFO]- 当前正在操作action：switch_admin_state
[2020-02-12 00:07:39,189] [common.py:59] [common:get_action_handler] [INFO]- 当前正在操作action：switch_admin_state
[2020-02-12 00:07:39,353] [common.py:59] [common:get_action_handler] [INFO]- 当前正在操作action：switch_admin_state
[2020-02-12 00:07:39,584] [common.py:59] [common:get_action_handler] [INFO]- 当前正在操作action：switch_admin_state
[2020-02-12 00:07:39,746] [common.py:59] [common:get_action_handler] [INFO]- 当前正在操作action：switch_admin_state
[2020-02-12 00:07:39,910] [common.py:59] [common:get_action_handler] [INFO]- 当前正在操作action：switch_admin_state
[2020-02-12 00:07:40,077] [common.py:59] [common:get_action_handler] [INFO]- 当前正在操作action：switch_admin_state
[2020-02-12 00:07:40,234] [common.py:59] [common:get_action_handler] [INFO]- 当前正在操作action：switch_admin_state
[2020-02-12 00:07:40,401] [common.py:59] [common:get_action_handler] [INFO]- 当前正在操作action：switch_admin_state
[2020-02-12 00:07:40,579] [common.py:59] [common:get_action_handler] [INFO]- 当前正在操作action：switch_admin_state
[2020-02-12 00:07:40,751] [common.py:59] [common:get_action_handler] [INFO]- 当前正在操作action：switch_admin_state
[2020-02-12 00:07:40,908] [common.py:59] [common:get_action_handler] [INFO]- 当前正在操作action：switch_admin_state
[2020-02-12 00:07:41,094] [common.py:59] [common:get_action_handler] [INFO]- 当前正在操作action：switch_admin_state
[2020-02-12 00:07:41,271] [common.py:59] [common:get_action_handler] [INFO]- 当前正在操作action：switch_admin_state
[2020-02-12 00:07:41,436] [common.py:59] [common:get_action_handler] [INFO]- 当前正在操作action：switch_admin_state
[2020-02-12 00:07:41,591] [common.py:59] [common:get_action_handler] [INFO]- 当前正在操作action：switch_admin_state
[2020-02-12 00:07:41,782] [common.py:59] [common:get_action_handler] [INFO]- 当前正在操作action：switch_admin_state
[2020-02-12 00:07:41,959] [common.py:59] [common:get_action_handler] [INFO]- 当前正在操作action：switch_admin_state
[2020-02-12 00:07:42,146] [common.py:59] [common:get_action_handler] [INFO]- 当前正在操作action：switch_admin_state
[2020-02-12 00:07:42,323] [common.py:59] [common:get_action_handler] [INFO]- 当前正在操作action：switch_admin_state
[2020-02-12 00:07:42,493] [common.py:59] [common:get_action_handler] [INFO]- 当前正在操作action：switch_admin_state
[2020-02-12 00:07:42,679] [common.py:59] [common:get_action_handler] [INFO]- 当前正在操作action：switch_admin_state
[2020-02-12 00:07:42,866] [common.py:59] [common:get_action_handler] [INFO]- 当前正在操作action：switch_admin_state
[2020-02-12 00:07:44,761] [common.py:59] [common:get_action_handler] [INFO]- 当前正在操作action：query_admin
[2020-02-12 00:07:46,316] [common.py:59] [common:get_action_handler] [INFO]- 当前正在操作action：switch_admin_state
[2020-02-12 00:07:46,487] [common.py:59] [common:get_action_handler] [INFO]- 当前正在操作action：switch_admin_state
[2020-02-12 00:07:46,649] [common.py:59] [common:get_action_handler] [INFO]- 当前正在操作action：switch_admin_state
[2020-02-12 00:07:46,816] [common.py:59] [common:get_action_handler] [INFO]- 当前正在操作action：switch_admin_state
[2020-02-12 00:07:46,982] [common.py:59] [common:get_action_handler] [INFO]- 当前正在操作action：switch_admin_state
[2020-02-12 00:07:47,140] [common.py:59] [common:get_action_handler] [INFO]- 当前正在操作action：switch_admin_state
[2020-02-12 00:07:47,303] [common.py:59] [common:get_action_handler] [INFO]- 当前正在操作action：switch_admin_state
[2020-02-12 00:07:47,465] [common.py:59] [common:get_action_handler] [INFO]- 当前正在操作action：switch_admin_state
[2020-02-12 00:07:47,632] [common.py:59] [common:get_action_handler] [INFO]- 当前正在操作action：switch_admin_state
[2020-02-12 00:07:47,807] [common.py:59] [common:get_action_handler] [INFO]- 当前正在操作action：switch_admin_state
[2020-02-12 00:07:47,971] [common.py:59] [common:get_action_handler] [INFO]- 当前正在操作action：switch_admin_state
[2020-02-12 00:07:48,138] [common.py:59] [common:get_action_handler] [INFO]- 当前正在操作action：switch_admin_state
[2020-02-12 00:07:48,317] [common.py:59] [common:get_action_handler] [INFO]- 当前正在操作action：switch_admin_state
[2020-02-12 00:07:48,478] [common.py:59] [common:get_action_handler] [INFO]- 当前正在操作action：switch_admin_state
[2020-02-12 00:07:48,653] [common.py:59] [common:get_action_handler] [INFO]- 当前正在操作action：switch_admin_state
[2020-02-12 00:07:48,821] [common.py:59] [common:get_action_handler] [INFO]- 当前正在操作action：switch_admin_state
[2020-02-12 00:07:48,988] [common.py:59] [common:get_action_handler] [INFO]- 当前正在操作action：switch_admin_state
[2020-02-12 00:07:49,169] [common.py:59] [common:get_action_handler] [INFO]- 当前正在操作action：switch_admin_state
[2020-02-12 00:07:49,330] [common.py:59] [common:get_action_handler] [INFO]- 当前正在操作action：switch_admin_state
[2020-02-12 00:07:49,502] [common.py:59] [common:get_action_handler] [INFO]- 当前正在操作action：switch_admin_state
[2020-02-12 00:07:49,678] [common.py:59] [common:get_action_handler] [INFO]- 当前正在操作action：switch_admin_state
[2020-02-12 00:07:49,849] [common.py:59] [common:get_action_handler] [INFO]- 当前正在操作action：switch_admin_state
[2020-02-12 00:07:50,012] [common.py:59] [common:get_action_handler] [INFO]- 当前正在操作action：switch_admin_state
[2020-02-12 00:07:50,198] [common.py:59] [common:get_action_handler] [INFO]- 当前正在操作action：switch_admin_state
[2020-02-12 00:07:50,375] [common.py:59] [common:get_action_handler] [INFO]- 当前正在操作action：switch_admin_state
[2020-02-12 00:07:50,562] [common.py:59] [common:get_action_handler] [INFO]- 当前正在操作action：switch_admin_state
[2020-02-12 00:07:50,737] [common.py:59] [common:get_action_handler] [INFO]- 当前正在操作action：switch_admin_state
[2020-02-12 00:07:50,936] [common.py:59] [common:get_action_handler] [INFO]- 当前正在操作action：switch_admin_state
[2020-02-12 00:07:51,099] [common.py:59] [common:get_action_handler] [INFO]- 当前正在操作action：switch_admin_state
[2020-02-12 00:07:51,270] [common.py:59] [common:get_action_handler] [INFO]- 当前正在操作action：switch_admin_state
[2020-02-12 00:07:51,430] [common.py:59] [common:get_action_handler] [INFO]- 当前正在操作action：switch_admin_state
[2020-02-12 00:07:51,617] [common.py:59] [common:get_action_handler] [INFO]- 当前正在操作action：switch_admin_state
[2020-02-12 00:07:51,782] [common.py:59] [common:get_action_handler] [INFO]- 当前正在操作action：switch_admin_state
[2020-02-12 00:07:51,951] [common.py:59] [common:get_action_handler] [INFO]- 当前正在操作action：switch_admin_state
[2020-02-12 00:07:52,120] [common.py:59] [common:get_action_handler] [INFO]- 当前正在操作action：switch_admin_state
[2020-02-12 00:07:52,291] [common.py:59] [common:get_action_handler] [INFO]- 当前正在操作action：switch_admin_state
[2020-02-12 00:07:52,456] [common.py:59] [common:get_action_handler] [INFO]- 当前正在操作action：switch_admin_state
[2020-02-12 00:07:52,634] [common.py:59] [common:get_action_handler] [INFO]- 当前正在操作action：switch_admin_state
[2020-02-12 00:07:52,808] [common.py:59] [common:get_action_handler] [INFO]- 当前正在操作action：switch_admin_state
[2020-02-12 00:07:52,981] [common.py:59] [common:get_action_handler] [INFO]- 当前正在操作action：switch_admin_state
[2020-02-12 00:07:53,155] [common.py:59] [common:get_action_handler] [INFO]- 当前正在操作action：switch_admin_state
[2020-02-12 00:07:53,319] [common.py:59] [common:get_action_handler] [INFO]- 当前正在操作action：switch_admin_state
[2020-02-12 00:07:53,493] [common.py:59] [common:get_action_handler] [INFO]- 当前正在操作action：switch_admin_state
[2020-02-12 00:07:53,667] [common.py:59] [common:get_action_handler] [INFO]- 当前正在操作action：switch_admin_state
[2020-02-12 00:07:53,839] [common.py:59] [common:get_action_handler] [INFO]- 当前正在操作action：switch_admin_state
[2020-02-12 00:07:54,009] [common.py:59] [common:get_action_handler] [INFO]- 当前正在操作action：switch_admin_state
[2020-02-12 00:07:54,180] [common.py:59] [common:get_action_handler] [INFO]- 当前正在操作action：switch_admin_state
[2020-02-12 00:07:54,376] [common.py:59] [common:get_action_handler] [INFO]- 当前正在操作action：switch_admin_state
[2020-02-12 00:07:54,562] [common.py:59] [common:get_action_handler] [INFO]- 当前正在操作action：switch_admin_state
[2020-02-12 00:07:54,741] [common.py:59] [common:get_action_handler] [INFO]- 当前正在操作action：switch_admin_state
[2020-02-12 00:07:54,911] [common.py:59] [common:get_action_handler] [INFO]- 当前正在操作action：switch_admin_state
[2020-02-12 00:07:55,092] [common.py:59] [common:get_action_handler] [INFO]- 当前正在操作action：switch_admin_state
[2020-02-12 00:07:55,265] [common.py:59] [common:get_action_handler] [INFO]- 当前正在操作action：switch_admin_state
[2020-02-12 00:07:55,455] [common.py:59] [common:get_action_handler] [INFO]- 当前正在操作action：switch_admin_state
[2020-02-12 00:07:55,621] [common.py:59] [common:get_action_handler] [INFO]- 当前正在操作action：switch_admin_state
[2020-02-12 00:07:55,802] [common.py:59] [common:get_action_handler] [INFO]- 当前正在操作action：switch_admin_state
[2020-02-12 00:07:55,974] [common.py:59] [common:get_action_handler] [INFO]- 当前正在操作action：switch_admin_state
[2020-02-12 00:07:56,158] [common.py:59] [common:get_action_handler] [INFO]- 当前正在操作action：switch_admin_state
[2020-02-12 00:07:56,330] [common.py:59] [common:get_action_handler] [INFO]- 当前正在操作action：switch_admin_state
[2020-02-12 00:07:56,515] [common.py:59] [common:get_action_handler] [INFO]- 当前正在操作action：switch_admin_state
[2020-02-12 00:07:56,683] [common.py:59] [common:get_action_handler] [INFO]- 当前正在操作action：switch_admin_state
[2020-02-12 00:07:56,862] [common.py:59] [common:get_action_handler] [INFO]- 当前正在操作action：switch_admin_state
[2020-02-12 00:07:57,036] [common.py:59] [common:get_action_handler] [INFO]- 当前正在操作action：switch_admin_state
[2020-02-12 00:07:57,214] [common.py:59] [common:get_action_handler] [INFO]- 当前正在操作action：switch_admin_state
[2020-02-12 00:07:57,378] [common.py:59] [common:get_action_handler] [INFO]- 当前正在操作action：switch_admin_state
[2020-02-12 00:07:57,562] [common.py:59] [common:get_action_handler] [INFO]- 当前正在操作action：switch_admin_state
[2020-02-12 00:07:57,739] [common.py:59] [common:get_action_handler] [INFO]- 当前正在操作action：switch_admin_state
[2020-02-12 00:07:57,894] [common.py:59] [common:get_action_handler] [INFO]- 当前正在操作action：switch_admin_state
[2020-02-12 00:07:58,073] [common.py:59] [common:get_action_handler] [INFO]- 当前正在操作action：switch_admin_state
[2020-02-12 00:07:58,247] [common.py:59] [common:get_action_handler] [INFO]- 当前正在操作action：switch_admin_state
[2020-02-12 00:07:58,411] [common.py:59] [common:get_action_handler] [INFO]- 当前正在操作action：switch_admin_state
[2020-02-12 00:07:58,584] [common.py:59] [common:get_action_handler] [INFO]- 当前正在操作action：switch_admin_state
[2020-02-12 00:08:56,685] [common.py:59] [common:get_action_handler] [INFO]- 当前正在操作action：query_admin
[2020-02-12 00:08:57,311] [common.py:59] [common:get_action_handler] [INFO]- 当前正在操作action：query_admin
[2020-02-12 00:08:57,823] [common.py:59] [common:get_action_handler] [INFO]- 当前正在操作action：query_admin
[2020-02-12 00:08:58,299] [common.py:59] [common:get_action_handler] [INFO]- 当前正在操作action：query_admin
[2020-02-12 00:09:01,046] [common.py:59] [common:get_action_handler] [INFO]- 当前正在操作action：query_admin
[2020-02-12 11:19:53,773] [common.py:59] [common:get_action_handler] [INFO]- 当前正在操作action：query_admin
[2020-02-12 11:19:56,341] [common.py:59] [common:get_action_handler] [INFO]- 当前正在操作action：query_admin
[2020-02-12 11:19:57,428] [common.py:59] [common:get_action_handler] [INFO]- 当前正在操作action：query_admin
[2020-02-12 11:20:05,384] [common.py:59] [common:get_action_handler] [INFO]- 当前正在操作action：query_admin
[2020-02-12 11:20:06,370] [common.py:59] [common:get_action_handler] [INFO]- 当前正在操作action：query_admin
[2020-02-12 11:20:07,314] [common.py:59] [common:get_action_handler] [INFO]- 当前正在操作action：query_admin
[2020-02-12 11:20:08,288] [common.py:59] [common:get_action_handler] [INFO]- 当前正在操作action：query_admin
[2020-02-12 11:20:09,268] [common.py:59] [common:get_action_handler] [INFO]- 当前正在操作action：query_admin
[2020-02-12 11:20:10,277] [common.py:59] [common:get_action_handler] [INFO]- 当前正在操作action：query_admin
[2020-02-12 11:20:12,254] [common.py:59] [common:get_action_handler] [INFO]- 当前正在操作action：query_admin
[2020-02-12 11:20:13,203] [common.py:59] [common:get_action_handler] [INFO]- 当前正在操作action：query_admin
[2020-02-12 11:20:14,189] [common.py:59] [common:get_action_handler] [INFO]- 当前正在操作action：query_admin
[2020-02-12 11:20:15,067] [common.py:59] [common:get_action_handler] [INFO]- 当前正在操作action：query_admin
[2020-02-12 18:49:37,095] [common.py:59] [common:get_action_handler] [INFO]- 当前正在操作action：query_admin
[2020-02-12 18:49:39,149] [common.py:59] [common:get_action_handler] [INFO]- 当前正在操作action：query_admin
[2020-02-12 18:49:40,244] [common.py:59] [common:get_action_handler] [INFO]- 当前正在操作action：query_admin
[2020-02-12 18:49:41,161] [common.py:59] [common:get_action_handler] [INFO]- 当前正在操作action：query_admin
[2020-02-12 18:49:42,192] [common.py:59] [common:get_action_handler] [INFO]- 当前正在操作action：query_admin
[2020-02-12 18:49:43,351] [common.py:59] [common:get_action_handler] [INFO]- 当前正在操作action：query_admin
[2020-02-12 18:49:46,078] [common.py:59] [common:get_action_handler] [INFO]- 当前正在操作action：query_admin
[2020-02-12 18:49:47,452] [common.py:59] [common:get_action_handler] [INFO]- 当前正在操作action：query_admin
[2020-02-12 18:49:48,436] [common.py:59] [common:get_action_handler] [INFO]- 当前正在操作action：query_admin
[2020-02-12 18:49:50,417] [common.py:59] [common:get_action_handler] [INFO]- 当前正在操作action：query_admin
[2020-02-12 18:49:52,181] [common.py:59] [common:get_action_handler] [INFO]- 当前正在操作action：query_admin
[2020-02-12 18:49:53,183] [common.py:59] [common:get_action_handler] [INFO]- 当前正在操作action：query_admin
[2020-02-12 18:49:54,106] [common.py:59] [common:get_action_handler] [INFO]- 当前正在操作action：query_admin
[2020-02-12 18:49:54,984] [common.py:59] [common:get_action_handler] [INFO]- 当前正在操作action：query_admin
[2020-02-12 18:49:55,791] [common.py:59] [common:get_action_handler] [INFO]- 当前正在操作action：query_admin
[2020-02-12 18:49:57,749] [common.py:59] [common:get_action_handler] [INFO]- 当前正在操作action：switch_admin_state
[2020-02-12 18:49:58,094] [common.py:59] [common:get_action_handler] [INFO]- 当前正在操作action：switch_admin_state
[2020-02-12 18:49:58,449] [common.py:59] [common:get_action_handler] [INFO]- 当前正在操作action：switch_admin_state
[2020-02-12 18:49:58,720] [common.py:59] [common:get_action_handler] [INFO]- 当前正在操作action：switch_admin_state
[2020-02-12 18:49:59,635] [common.py:59] [common:get_action_handler] [INFO]- 当前正在操作action：switch_admin_state
[2020-02-12 18:50:00,130] [common.py:59] [common:get_action_handler] [INFO]- 当前正在操作action：switch_admin_state
[2020-02-12 18:50:00,557] [common.py:59] [common:get_action_handler] [INFO]- 当前正在操作action：switch_admin_state
[2020-02-12 18:50:00,831] [common.py:59] [common:get_action_handler] [INFO]- 当前正在操作action：switch_admin_state
[2020-02-12 18:50:01,277] [common.py:59] [common:get_action_handler] [INFO]- 当前正在操作action：switch_admin_state
[2020-02-12 18:50:01,516] [common.py:59] [common:get_action_handler] [INFO]- 当前正在操作action：switch_admin_state
[2020-02-12 18:50:02,095] [common.py:59] [common:get_action_handler] [INFO]- 当前正在操作action：switch_admin_state
[2020-02-12 18:50:02,302] [common.py:59] [common:get_action_handler] [INFO]- 当前正在操作action：switch_admin_state
[2020-02-12 18:50:02,796] [common.py:59] [common:get_action_handler] [INFO]- 当前正在操作action：switch_admin_state
[2020-02-12 18:50:02,995] [common.py:59] [common:get_action_handler] [INFO]- 当前正在操作action：switch_admin_state
[2020-02-12 18:50:03,969] [common.py:59] [common:get_action_handler] [INFO]- 当前正在操作action：switch_admin_state
[2020-02-12 18:50:04,744] [common.py:59] [common:get_action_handler] [INFO]- 当前正在操作action：switch_admin_state
[2020-02-12 18:50:05,330] [common.py:59] [common:get_action_handler] [INFO]- 当前正在操作action：switch_admin_state
[2020-02-12 18:50:05,642] [common.py:59] [common:get_action_handler] [INFO]- 当前正在操作action：switch_admin_state
[2020-02-12 18:50:06,125] [common.py:59] [common:get_action_handler] [INFO]- 当前正在操作action：switch_admin_state
[2020-02-12 18:50:06,483] [common.py:59] [common:get_action_handler] [INFO]- 当前正在操作action：switch_admin_state
[2020-02-12 18:50:07,111] [common.py:59] [common:get_action_handler] [INFO]- 当前正在操作action：switch_admin_state
[2020-02-12 18:50:07,481] [common.py:59] [common:get_action_handler] [INFO]- 当前正在操作action：switch_admin_state
[2020-02-12 18:50:07,944] [common.py:59] [common:get_action_handler] [INFO]- 当前正在操作action：switch_admin_state
[2020-02-12 18:50:08,329] [common.py:59] [common:get_action_handler] [INFO]- 当前正在操作action：switch_admin_state
[2020-02-12 18:50:08,713] [common.py:59] [common:get_action_handler] [INFO]- 当前正在操作action：switch_admin_state
[2020-02-12 18:50:09,149] [common.py:59] [common:get_action_handler] [INFO]- 当前正在操作action：switch_admin_state
[2020-02-12 18:50:09,591] [common.py:59] [common:get_action_handler] [INFO]- 当前正在操作action：switch_admin_state
[2020-02-12 18:50:09,905] [common.py:59] [common:get_action_handler] [INFO]- 当前正在操作action：switch_admin_state
[2020-02-12 18:50:10,199] [common.py:59] [common:get_action_handler] [INFO]- 当前正在操作action：switch_admin_state
[2020-02-12 18:50:10,870] [common.py:59] [common:get_action_handler] [INFO]- 当前正在操作action：switch_admin_state
[2020-02-12 18:50:11,224] [common.py:59] [common:get_action_handler] [INFO]- 当前正在操作action：switch_admin_state
[2020-02-12 18:50:11,947] [common.py:59] [common:get_action_handler] [INFO]- 当前正在操作action：switch_admin_state
[2020-02-12 18:50:15,587] [common.py:59] [common:get_action_handler] [INFO]- 当前正在操作action：switch_admin_state
[2020-02-12 18:50:16,112] [common.py:59] [common:get_action_handler] [INFO]- 当前正在操作action：switch_admin_state
[2020-02-12 18:50:16,608] [common.py:59] [common:get_action_handler] [INFO]- 当前正在操作action：switch_admin_state
[2020-02-12 18:50:16,967] [common.py:59] [common:get_action_handler] [INFO]- 当前正在操作action：switch_admin_state
[2020-02-12 18:50:17,323] [common.py:59] [common:get_action_handler] [INFO]- 当前正在操作action：switch_admin_state
[2020-02-12 18:50:17,634] [common.py:59] [common:get_action_handler] [INFO]- 当前正在操作action：switch_admin_state
[2020-02-12 18:50:18,027] [common.py:59] [common:get_action_handler] [INFO]- 当前正在操作action：switch_admin_state
[2020-02-12 18:50:18,312] [common.py:59] [common:get_action_handler] [INFO]- 当前正在操作action：switch_admin_state
[2020-02-12 18:53:18,951] [common.py:59] [common:get_action_handler] [INFO]- 当前正在操作action：query_admin
[2020-02-12 18:54:05,253] [common.py:59] [common:get_action_handler] [INFO]- 当前正在操作action：query_admin
[2020-02-12 18:56:52,946] [common.py:59] [common:get_action_handler] [INFO]- 当前正在操作action：query_admin
[2020-02-12 18:58:47,304] [common.py:59] [common:get_action_handler] [INFO]- 当前正在操作action：query_admin
[2020-02-12 19:00:23,460] [common.py:59] [common:get_action_handler] [INFO]- 当前正在操作action：query_admin
[2020-02-12 19:01:09,790] [common.py:59] [common:get_action_handler] [INFO]- 当前正在操作action：query_admin
[2020-02-12 19:06:05,045] [common.py:59] [common:get_action_handler] [INFO]- 当前正在操作action：query_admin
[2020-02-12 19:06:13,047] [common.py:59] [common:get_action_handler] [INFO]- 当前正在操作action：query_admin
[2020-02-12 19:06:13,834] [common.py:59] [common:get_action_handler] [INFO]- 当前正在操作action：query_admin
[2020-02-12 19:06:14,321] [common.py:59] [common:get_action_handler] [INFO]- 当前正在操作action：query_admin
[2020-02-12 19:12:22,958] [common.py:59] [common:get_action_handler] [INFO]- 当前正在操作action：query_admin
[2020-02-12 19:13:08,735] [common.py:59] [common:get_action_handler] [INFO]- 当前正在操作action：query_admin
[2020-02-12 19:20:45,892] [common.py:59] [common:get_action_handler] [INFO]- 当前正在操作action：query_admin
[2020-02-12 19:23:22,609] [common.py:59] [common:get_action_handler] [INFO]- 当前正在操作action：query_admin
[2020-02-12 19:40:23,272] [common.py:59] [common:get_action_handler] [INFO]- 当前正在操作action：query_admin
[2020-02-12 19:40:57,715] [common.py:59] [common:get_action_handler] [INFO]- 当前正在操作action：query_admin
[2020-02-12 19:41:03,004] [common.py:59] [common:get_action_handler] [INFO]- 当前正在操作action：query_admin
[2020-02-12 19:42:19,483] [common.py:59] [common:get_action_handler] [INFO]- 当前正在操作action：query_admin
