[2020-02-09 21:59:57,069] [common.py:64] [common:get_action_handler] [INFO]- 当前正在操作：None,action
[2020-02-09 22:00:16,626] [common.py:64] [common:get_action_handler] [INFO]- 当前正在操作：None,action
[2020-02-09 22:04:40,167] [common.py:64] [common:get_action_handler] [INFO]- 当前正在操作：None,action
[2020-02-09 22:05:34,441] [common.py:65] [common:get_action_handler] [INFO]- 当前正在操作：None,action
[2020-02-09 22:06:11,300] [common.py:65] [common:get_action_handler] [INFO]- 当前正在操作：None,action
[2020-02-09 22:07:36,257] [common.py:65] [common:get_action_handler] [INFO]- 当前正在操作：None,action
[2020-02-09 22:09:45,851] [common.py:64] [common:get_action_handler] [INFO]- 当前正在操作：query_admin,action
[2020-02-09 22:11:05,009] [common.py:64] [common:get_action_handler] [INFO]- 当前正在操作action：query_admin
[2020-02-09 22:26:44,563] [common.py:64] [common:get_action_handler] [INFO]- 当前正在操作action：login
[2020-02-09 22:30:08,833] [common.py:64] [common:get_action_handler] [INFO]- 当前正在操作action：query_admin
[2020-02-09 22:30:11,500] [common.py:64] [common:get_action_handler] [INFO]- 当前正在操作action：check_email_unique
[2020-02-09 22:30:12,718] [common.py:64] [common:get_action_handler] [INFO]- 当前正在操作action：check_email_unique
[2020-02-09 22:30:12,896] [common.py:64] [common:get_action_handler] [INFO]- 当前正在操作action：check_email_unique
[2020-02-09 22:30:13,557] [common.py:64] [common:get_action_handler] [INFO]- 当前正在操作action：check_email_unique
[2020-02-09 22:30:13,677] [common.py:64] [common:get_action_handler] [INFO]- 当前正在操作action：check_email_unique
[2020-02-09 22:30:14,245] [common.py:64] [common:get_action_handler] [INFO]- 当前正在操作action：check_email_unique
[2020-02-09 22:30:14,589] [common.py:64] [common:get_action_handler] [INFO]- 当前正在操作action：check_email_unique
[2020-02-09 22:30:14,837] [common.py:64] [common:get_action_handler] [INFO]- 当前正在操作action：check_email_unique
[2020-02-09 22:30:15,035] [common.py:64] [common:get_action_handler] [INFO]- 当前正在操作action：check_email_unique
[2020-02-09 22:30:15,172] [common.py:64] [common:get_action_handler] [INFO]- 当前正在操作action：check_email_unique
[2020-02-09 22:30:15,763] [common.py:64] [common:get_action_handler] [INFO]- 当前正在操作action：check_email_unique
[2020-02-09 22:30:16,036] [common.py:64] [common:get_action_handler] [INFO]- 当前正在操作action：check_email_unique
[2020-02-09 22:30:16,201] [common.py:64] [common:get_action_handler] [INFO]- 当前正在操作action：check_email_unique
[2020-02-09 22:30:16,753] [common.py:64] [common:get_action_handler] [INFO]- 当前正在操作action：check_email_unique
[2020-02-09 22:30:16,845] [common.py:64] [common:get_action_handler] [INFO]- 当前正在操作action：check_email_unique
[2020-02-09 22:30:16,974] [common.py:64] [common:get_action_handler] [INFO]- 当前正在操作action：check_email_unique
[2020-02-09 22:30:17,157] [common.py:64] [common:get_action_handler] [INFO]- 当前正在操作action：check_email_unique
[2020-02-09 22:30:33,922] [common.py:64] [common:get_action_handler] [INFO]- 当前正在操作action：check_email_unique
[2020-02-09 22:30:34,379] [common.py:64] [common:get_action_handler] [INFO]- 当前正在操作action：check_email_unique
[2020-02-09 22:32:50,398] [common.py:64] [common:get_action_handler] [INFO]- 当前正在操作action：check_email_unique
[2020-02-09 22:32:50,409] [common.py:64] [common:get_action_handler] [INFO]- 当前正在操作action：check_email_unique
[2020-02-09 22:33:07,362] [common.py:64] [common:get_action_handler] [INFO]- 当前正在操作action：check_email_unique
[2020-02-09 22:33:07,368] [common.py:64] [common:get_action_handler] [INFO]- 当前正在操作action：check_email_unique
[2020-02-09 22:34:36,983] [common.py:64] [common:get_action_handler] [INFO]- 当前正在操作action：check_email_unique
[2020-02-09 22:34:36,991] [common.py:64] [common:get_action_handler] [INFO]- 当前正在操作action：check_email_unique
[2020-02-09 22:36:40,467] [common.py:64] [common:get_action_handler] [INFO]- 当前正在操作action：check_email_unique
[2020-02-09 22:36:40,756] [common.py:64] [common:get_action_handler] [INFO]- 当前正在操作action：check_email_unique
[2020-02-09 22:36:41,770] [common.py:64] [common:get_action_handler] [INFO]- 当前正在操作action：check_email_unique
[2020-02-09 22:38:13,309] [common.py:64] [common:get_action_handler] [INFO]- 当前正在操作action：query_admin
[2020-02-09 22:38:15,435] [common.py:64] [common:get_action_handler] [INFO]- 当前正在操作action：None
[2020-02-09 22:38:33,978] [common.py:64] [common:get_action_handler] [INFO]- 当前正在操作action：query_admin
[2020-02-09 22:38:37,260] [common.py:64] [common:get_action_handler] [INFO]- 当前正在操作action：check_email_unique
[2020-02-09 22:39:54,935] [common.py:64] [common:get_action_handler] [INFO]- 当前正在操作action：check_email_unique
[2020-02-09 22:40:21,448] [common.py:64] [common:get_action_handler] [INFO]- 当前正在操作action：check_email_unique
[2020-02-09 22:40:22,023] [common.py:64] [common:get_action_handler] [INFO]- 当前正在操作action：check_email_unique
[2020-02-09 22:40:22,154] [common.py:64] [common:get_action_handler] [INFO]- 当前正在操作action：check_email_unique
[2020-02-09 22:40:22,792] [common.py:64] [common:get_action_handler] [INFO]- 当前正在操作action：check_email_unique
[2020-02-09 22:40:23,311] [common.py:64] [common:get_action_handler] [INFO]- 当前正在操作action：check_email_unique
[2020-02-09 22:40:23,673] [common.py:64] [common:get_action_handler] [INFO]- 当前正在操作action：check_email_unique
[2020-02-09 22:40:23,869] [common.py:64] [common:get_action_handler] [INFO]- 当前正在操作action：check_email_unique
[2020-02-09 22:40:23,985] [common.py:64] [common:get_action_handler] [INFO]- 当前正在操作action：check_email_unique
[2020-02-09 22:40:24,573] [common.py:64] [common:get_action_handler] [INFO]- 当前正在操作action：check_email_unique
[2020-02-09 22:40:24,846] [common.py:64] [common:get_action_handler] [INFO]- 当前正在操作action：check_email_unique
[2020-02-09 22:40:25,044] [common.py:64] [common:get_action_handler] [INFO]- 当前正在操作action：check_email_unique
[2020-02-09 22:40:25,666] [common.py:64] [common:get_action_handler] [INFO]- 当前正在操作action：check_email_unique
[2020-02-09 22:40:25,800] [common.py:64] [common:get_action_handler] [INFO]- 当前正在操作action：check_email_unique
[2020-02-09 22:40:25,920] [common.py:64] [common:get_action_handler] [INFO]- 当前正在操作action：check_email_unique
[2020-02-09 22:40:26,116] [common.py:64] [common:get_action_handler] [INFO]- 当前正在操作action：check_email_unique
[2020-02-09 22:40:52,102] [common.py:64] [common:get_action_handler] [INFO]- 当前正在操作action：check_email_unique
[2020-02-09 22:40:52,141] [common.py:64] [common:get_action_handler] [INFO]- 当前正在操作action：check_email_unique
[2020-02-09 22:42:59,065] [common.py:64] [common:get_action_handler] [INFO]- 当前正在操作action：query_admin
[2020-02-09 22:43:01,145] [common.py:64] [common:get_action_handler] [INFO]- 当前正在操作action：check_email_unique
[2020-02-09 22:43:01,797] [common.py:64] [common:get_action_handler] [INFO]- 当前正在操作action：check_email_unique
[2020-02-09 22:43:01,977] [common.py:64] [common:get_action_handler] [INFO]- 当前正在操作action：check_email_unique
[2020-02-09 22:43:02,628] [common.py:64] [common:get_action_handler] [INFO]- 当前正在操作action：check_email_unique
[2020-02-09 22:43:02,738] [common.py:64] [common:get_action_handler] [INFO]- 当前正在操作action：check_email_unique
[2020-02-09 22:43:03,340] [common.py:64] [common:get_action_handler] [INFO]- 当前正在操作action：check_email_unique
[2020-02-09 22:43:03,674] [common.py:64] [common:get_action_handler] [INFO]- 当前正在操作action：check_email_unique
[2020-02-09 22:43:03,865] [common.py:64] [common:get_action_handler] [INFO]- 当前正在操作action：check_email_unique
[2020-02-09 22:43:04,072] [common.py:64] [common:get_action_handler] [INFO]- 当前正在操作action：check_email_unique
[2020-02-09 22:43:04,162] [common.py:64] [common:get_action_handler] [INFO]- 当前正在操作action：check_email_unique
[2020-02-09 22:43:04,684] [common.py:64] [common:get_action_handler] [INFO]- 当前正在操作action：check_email_unique
[2020-02-09 22:43:04,906] [common.py:64] [common:get_action_handler] [INFO]- 当前正在操作action：check_email_unique
[2020-02-09 22:43:05,056] [common.py:64] [common:get_action_handler] [INFO]- 当前正在操作action：check_email_unique
[2020-02-09 22:43:05,586] [common.py:64] [common:get_action_handler] [INFO]- 当前正在操作action：check_email_unique
[2020-02-09 22:43:05,710] [common.py:64] [common:get_action_handler] [INFO]- 当前正在操作action：check_email_unique
[2020-02-09 22:43:05,833] [common.py:64] [common:get_action_handler] [INFO]- 当前正在操作action：check_email_unique
[2020-02-09 22:43:06,009] [common.py:64] [common:get_action_handler] [INFO]- 当前正在操作action：check_email_unique
[2020-02-09 22:43:24,004] [common.py:64] [common:get_action_handler] [INFO]- 当前正在操作action：query_admin
[2020-02-09 22:43:25,746] [common.py:64] [common:get_action_handler] [INFO]- 当前正在操作action：check_email_unique
[2020-02-09 22:44:08,526] [common.py:64] [common:get_action_handler] [INFO]- 当前正在操作action：check_email_unique
[2020-02-09 22:44:24,074] [common.py:64] [common:get_action_handler] [INFO]- 当前正在操作action：query_admin
[2020-02-09 22:44:26,084] [common.py:64] [common:get_action_handler] [INFO]- 当前正在操作action：check_email_unique
[2020-02-09 22:44:57,432] [common.py:64] [common:get_action_handler] [INFO]- 当前正在操作action：query_admin
[2020-02-09 22:46:02,329] [common.py:64] [common:get_action_handler] [INFO]- 当前正在操作action：query_admin
[2020-02-09 22:46:04,315] [common.py:64] [common:get_action_handler] [INFO]- 当前正在操作action：check_email_unique
[2020-02-09 22:46:27,699] [common.py:64] [common:get_action_handler] [INFO]- 当前正在操作action：check_email_unique
[2020-02-09 22:46:29,659] [common.py:64] [common:get_action_handler] [INFO]- 当前正在操作action：query_admin
[2020-02-09 22:46:37,544] [common.py:64] [common:get_action_handler] [INFO]- 当前正在操作action：query_admin
[2020-02-09 22:46:39,927] [common.py:64] [common:get_action_handler] [INFO]- 当前正在操作action：check_email_unique
[2020-02-09 22:46:43,505] [common.py:64] [common:get_action_handler] [INFO]- 当前正在操作action：check_email_unique
[2020-02-09 22:46:43,721] [common.py:64] [common:get_action_handler] [INFO]- 当前正在操作action：check_email_unique
[2020-02-09 22:46:44,616] [common.py:64] [common:get_action_handler] [INFO]- 当前正在操作action：check_email_unique
[2020-02-09 22:46:44,740] [common.py:64] [common:get_action_handler] [INFO]- 当前正在操作action：check_email_unique
[2020-02-09 22:46:45,391] [common.py:64] [common:get_action_handler] [INFO]- 当前正在操作action：check_email_unique
[2020-02-09 22:46:45,762] [common.py:64] [common:get_action_handler] [INFO]- 当前正在操作action：check_email_unique
[2020-02-09 22:46:45,969] [common.py:64] [common:get_action_handler] [INFO]- 当前正在操作action：check_email_unique
[2020-02-09 22:46:46,169] [common.py:64] [common:get_action_handler] [INFO]- 当前正在操作action：check_email_unique
[2020-02-09 22:46:46,279] [common.py:64] [common:get_action_handler] [INFO]- 当前正在操作action：check_email_unique
[2020-02-09 22:46:46,880] [common.py:64] [common:get_action_handler] [INFO]- 当前正在操作action：check_email_unique
[2020-02-09 22:46:47,087] [common.py:64] [common:get_action_handler] [INFO]- 当前正在操作action：check_email_unique
[2020-02-09 22:46:47,281] [common.py:64] [common:get_action_handler] [INFO]- 当前正在操作action：check_email_unique
[2020-02-09 22:46:47,769] [common.py:64] [common:get_action_handler] [INFO]- 当前正在操作action：check_email_unique
[2020-02-09 22:46:48,051] [common.py:64] [common:get_action_handler] [INFO]- 当前正在操作action：check_email_unique
[2020-02-09 22:46:48,213] [common.py:64] [common:get_action_handler] [INFO]- 当前正在操作action：check_email_unique
[2020-02-09 22:46:48,439] [common.py:64] [common:get_action_handler] [INFO]- 当前正在操作action：check_email_unique
[2020-02-09 22:47:30,174] [common.py:64] [common:get_action_handler] [INFO]- 当前正在操作action：query_admin
[2020-02-09 22:47:32,201] [common.py:64] [common:get_action_handler] [INFO]- 当前正在操作action：check_email_unique
[2020-02-09 22:47:32,939] [common.py:64] [common:get_action_handler] [INFO]- 当前正在操作action：check_email_unique
[2020-02-09 22:47:33,136] [common.py:64] [common:get_action_handler] [INFO]- 当前正在操作action：check_email_unique
[2020-02-09 22:47:34,026] [common.py:64] [common:get_action_handler] [INFO]- 当前正在操作action：check_email_unique
[2020-02-09 22:47:34,153] [common.py:64] [common:get_action_handler] [INFO]- 当前正在操作action：check_email_unique
[2020-02-09 22:47:34,725] [common.py:64] [common:get_action_handler] [INFO]- 当前正在操作action：check_email_unique
[2020-02-09 22:47:35,076] [common.py:64] [common:get_action_handler] [INFO]- 当前正在操作action：check_email_unique
[2020-02-09 22:47:35,282] [common.py:64] [common:get_action_handler] [INFO]- 当前正在操作action：check_email_unique
[2020-02-09 22:47:35,474] [common.py:64] [common:get_action_handler] [INFO]- 当前正在操作action：check_email_unique
[2020-02-09 22:47:35,578] [common.py:64] [common:get_action_handler] [INFO]- 当前正在操作action：check_email_unique
[2020-02-09 22:47:36,071] [common.py:64] [common:get_action_handler] [INFO]- 当前正在操作action：check_email_unique
[2020-02-09 22:47:36,284] [common.py:64] [common:get_action_handler] [INFO]- 当前正在操作action：check_email_unique
[2020-02-09 22:47:36,466] [common.py:64] [common:get_action_handler] [INFO]- 当前正在操作action：check_email_unique
[2020-02-09 22:47:36,944] [common.py:64] [common:get_action_handler] [INFO]- 当前正在操作action：check_email_unique
[2020-02-09 22:47:37,070] [common.py:64] [common:get_action_handler] [INFO]- 当前正在操作action：check_email_unique
[2020-02-09 22:47:37,174] [common.py:64] [common:get_action_handler] [INFO]- 当前正在操作action：check_email_unique
[2020-02-09 22:47:37,346] [common.py:64] [common:get_action_handler] [INFO]- 当前正在操作action：check_email_unique
[2020-02-09 22:48:15,518] [common.py:64] [common:get_action_handler] [INFO]- 当前正在操作action：check_email_unique
[2020-02-09 22:48:16,797] [common.py:64] [common:get_action_handler] [INFO]- 当前正在操作action：check_email_unique
[2020-02-09 22:51:28,720] [common.py:64] [common:get_action_handler] [INFO]- 当前正在操作action：check_email_unique
[2020-02-09 22:51:28,876] [common.py:64] [common:get_action_handler] [INFO]- 当前正在操作action：check_email_unique
[2020-02-09 22:51:29,064] [common.py:64] [common:get_action_handler] [INFO]- 当前正在操作action：check_email_unique
[2020-02-09 22:51:29,250] [common.py:64] [common:get_action_handler] [INFO]- 当前正在操作action：check_email_unique
[2020-02-09 22:51:32,360] [common.py:64] [common:get_action_handler] [INFO]- 当前正在操作action：check_email_unique
[2020-02-09 22:51:33,705] [common.py:64] [common:get_action_handler] [INFO]- 当前正在操作action：check_email_unique
[2020-02-09 22:51:34,247] [common.py:64] [common:get_action_handler] [INFO]- 当前正在操作action：check_email_unique
[2020-02-09 22:51:35,107] [common.py:64] [common:get_action_handler] [INFO]- 当前正在操作action：check_email_unique
[2020-02-09 22:51:36,081] [common.py:64] [common:get_action_handler] [INFO]- 当前正在操作action：check_email_unique
[2020-02-09 22:51:36,420] [common.py:64] [common:get_action_handler] [INFO]- 当前正在操作action：check_email_unique
[2020-02-09 23:13:57,251] [common.py:64] [common:get_action_handler] [INFO]- 当前正在操作action：query_admin
[2020-02-09 23:13:58,202] [common.py:64] [common:get_action_handler] [INFO]- 当前正在操作action：query_admin
[2020-02-09 23:45:26,471] [common.py:64] [common:get_action_handler] [INFO]- 当前正在操作action：login
[2020-02-09 23:45:26,473] [auth.py:50] [auth:validate_and_get_user] [WARNING]- 账号：adsfsdfdsf，不存在！
[2020-02-10 10:46:19,690] [common.py:64] [common:get_action_handler] [INFO]- 当前正在操作action：login
[2020-02-10 10:46:21,135] [common.py:64] [common:get_action_handler] [INFO]- 当前正在操作action：query_admin
[2020-02-10 10:46:30,487] [common.py:64] [common:get_action_handler] [INFO]- 当前正在操作action：check_email_unique
[2020-02-10 10:46:30,751] [common.py:64] [common:get_action_handler] [INFO]- 当前正在操作action：check_email_unique
[2020-02-10 10:46:30,958] [common.py:64] [common:get_action_handler] [INFO]- 当前正在操作action：check_email_unique
[2020-02-10 10:46:31,736] [common.py:64] [common:get_action_handler] [INFO]- 当前正在操作action：check_email_unique
[2020-02-10 10:46:31,871] [common.py:64] [common:get_action_handler] [INFO]- 当前正在操作action：check_email_unique
[2020-02-10 10:46:32,435] [common.py:64] [common:get_action_handler] [INFO]- 当前正在操作action：check_email_unique
[2020-02-10 10:46:32,825] [common.py:64] [common:get_action_handler] [INFO]- 当前正在操作action：check_email_unique
[2020-02-10 10:46:33,067] [common.py:64] [common:get_action_handler] [INFO]- 当前正在操作action：check_email_unique
[2020-02-10 10:46:33,280] [common.py:64] [common:get_action_handler] [INFO]- 当前正在操作action：check_email_unique
[2020-02-10 10:46:33,423] [common.py:64] [common:get_action_handler] [INFO]- 当前正在操作action：check_email_unique
[2020-02-10 10:46:34,376] [common.py:64] [common:get_action_handler] [INFO]- 当前正在操作action：check_email_unique
[2020-02-10 10:46:34,612] [common.py:64] [common:get_action_handler] [INFO]- 当前正在操作action：check_email_unique
[2020-02-10 10:46:34,841] [common.py:64] [common:get_action_handler] [INFO]- 当前正在操作action：check_email_unique
[2020-02-10 10:46:35,375] [common.py:64] [common:get_action_handler] [INFO]- 当前正在操作action：check_email_unique
[2020-02-10 10:46:35,510] [common.py:64] [common:get_action_handler] [INFO]- 当前正在操作action：check_email_unique
[2020-02-10 10:46:35,629] [common.py:64] [common:get_action_handler] [INFO]- 当前正在操作action：check_email_unique
[2020-02-10 10:46:35,815] [common.py:64] [common:get_action_handler] [INFO]- 当前正在操作action：check_email_unique
[2020-02-10 10:46:36,372] [common.py:64] [common:get_action_handler] [INFO]- 当前正在操作action：check_email_unique
[2020-02-10 10:46:36,732] [common.py:64] [common:get_action_handler] [INFO]- 当前正在操作action：check_email_unique
[2020-02-10 16:18:55,787] [common.py:64] [common:get_action_handler] [INFO]- 当前正在操作action：query_admin
[2020-02-10 16:19:00,273] [common.py:64] [common:get_action_handler] [INFO]- 当前正在操作action：check_email_unique
[2020-02-10 16:19:00,559] [common.py:64] [common:get_action_handler] [INFO]- 当前正在操作action：check_email_unique
[2020-02-10 16:19:00,755] [common.py:64] [common:get_action_handler] [INFO]- 当前正在操作action：check_email_unique
[2020-02-10 16:19:01,565] [common.py:64] [common:get_action_handler] [INFO]- 当前正在操作action：check_email_unique
[2020-02-10 16:19:01,678] [common.py:64] [common:get_action_handler] [INFO]- 当前正在操作action：check_email_unique
[2020-02-10 16:19:01,862] [common.py:64] [common:get_action_handler] [INFO]- 当前正在操作action：check_email_unique
[2020-02-10 16:19:02,251] [common.py:64] [common:get_action_handler] [INFO]- 当前正在操作action：check_email_unique
[2020-02-10 16:19:02,399] [common.py:64] [common:get_action_handler] [INFO]- 当前正在操作action：check_email_unique
[2020-02-10 16:19:02,544] [common.py:64] [common:get_action_handler] [INFO]- 当前正在操作action：check_email_unique
[2020-02-10 16:19:02,691] [common.py:64] [common:get_action_handler] [INFO]- 当前正在操作action：check_email_unique
[2020-02-10 16:19:02,839] [common.py:64] [common:get_action_handler] [INFO]- 当前正在操作action：check_email_unique
[2020-02-10 16:19:02,987] [common.py:64] [common:get_action_handler] [INFO]- 当前正在操作action：check_email_unique
[2020-02-10 16:19:03,365] [common.py:64] [common:get_action_handler] [INFO]- 当前正在操作action：check_email_unique
[2020-02-10 16:19:03,642] [common.py:64] [common:get_action_handler] [INFO]- 当前正在操作action：check_email_unique
[2020-02-10 16:19:03,870] [common.py:64] [common:get_action_handler] [INFO]- 当前正在操作action：check_email_unique
[2020-02-10 16:19:04,212] [common.py:64] [common:get_action_handler] [INFO]- 当前正在操作action：check_email_unique
[2020-02-10 16:19:04,361] [common.py:64] [common:get_action_handler] [INFO]- 当前正在操作action：check_email_unique
[2020-02-10 16:19:04,941] [common.py:64] [common:get_action_handler] [INFO]- 当前正在操作action：check_email_unique
[2020-02-10 16:19:05,297] [common.py:64] [common:get_action_handler] [INFO]- 当前正在操作action：check_email_unique
[2020-02-10 16:19:05,518] [common.py:64] [common:get_action_handler] [INFO]- 当前正在操作action：check_email_unique
[2020-02-10 16:19:05,706] [common.py:64] [common:get_action_handler] [INFO]- 当前正在操作action：check_email_unique
[2020-02-10 16:19:05,850] [common.py:64] [common:get_action_handler] [INFO]- 当前正在操作action：check_email_unique
[2020-02-10 16:52:09,563] [common.py:64] [common:get_action_handler] [INFO]- 当前正在操作action：query_admin
