[2020-02-12 19:52:16,466] [common.py:59] [common:get_action_handler] [INFO]- 当前正在操作action：query_admin
[2020-02-12 19:52:26,802] [common.py:59] [common:get_action_handler] [INFO]- 当前正在操作action：login
[2020-02-12 19:52:28,196] [common.py:59] [common:get_action_handler] [INFO]- 当前正在操作action：query_admin
[2020-02-12 19:52:30,894] [common.py:59] [common:get_action_handler] [INFO]- 当前正在操作action：query_admin
[2020-02-12 19:52:32,218] [common.py:59] [common:get_action_handler] [INFO]- 当前正在操作action：query_admin
[2020-02-12 19:52:34,696] [common.py:59] [common:get_action_handler] [INFO]- 当前正在操作action：del_batch_admin
[2020-02-12 19:52:39,829] [common.py:59] [common:get_action_handler] [INFO]- 当前正在操作action：query_admin
[2020-02-12 19:52:41,160] [common.py:59] [common:get_action_handler] [INFO]- 当前正在操作action：query_admin
[2020-02-12 19:52:43,664] [common.py:59] [common:get_action_handler] [INFO]- 当前正在操作action：query_admin
[2020-02-12 19:53:07,358] [common.py:59] [common:get_action_handler] [INFO]- 当前正在操作action：check_email_unique
[2020-02-12 19:53:08,312] [common.py:59] [common:get_action_handler] [INFO]- 当前正在操作action：check_email_unique
[2020-02-12 19:53:08,459] [common.py:59] [common:get_action_handler] [INFO]- 当前正在操作action：check_email_unique
[2020-02-12 19:53:08,868] [common.py:59] [common:get_action_handler] [INFO]- 当前正在操作action：check_email_unique
[2020-02-12 19:53:09,170] [common.py:59] [common:get_action_handler] [INFO]- 当前正在操作action：check_email_unique
[2020-02-12 19:53:09,318] [common.py:59] [common:get_action_handler] [INFO]- 当前正在操作action：check_email_unique
[2020-02-12 19:53:09,816] [common.py:59] [common:get_action_handler] [INFO]- 当前正在操作action：check_email_unique
[2020-02-12 19:53:09,843] [common.py:59] [common:get_action_handler] [INFO]- 当前正在操作action：check_email_unique
[2020-02-12 19:53:10,029] [common.py:59] [common:get_action_handler] [INFO]- 当前正在操作action：check_email_unique
[2020-02-12 19:53:10,153] [common.py:59] [common:get_action_handler] [INFO]- 当前正在操作action：check_email_unique
[2020-02-12 19:53:10,341] [common.py:59] [common:get_action_handler] [INFO]- 当前正在操作action：check_email_unique
[2020-02-12 19:53:10,815] [common.py:59] [common:get_action_handler] [INFO]- 当前正在操作action：check_email_unique
[2020-02-12 19:53:10,958] [common.py:59] [common:get_action_handler] [INFO]- 当前正在操作action：check_email_unique
[2020-02-12 19:53:11,095] [common.py:59] [common:get_action_handler] [INFO]- 当前正在操作action：check_email_unique
[2020-02-12 19:53:11,244] [common.py:59] [common:get_action_handler] [INFO]- 当前正在操作action：check_email_unique
[2020-02-12 19:53:11,377] [common.py:59] [common:get_action_handler] [INFO]- 当前正在操作action：check_email_unique
[2020-02-12 19:53:11,661] [common.py:59] [common:get_action_handler] [INFO]- 当前正在操作action：check_email_unique
[2020-02-12 19:53:11,840] [common.py:59] [common:get_action_handler] [INFO]- 当前正在操作action：check_email_unique
[2020-02-12 19:53:13,470] [common.py:59] [common:get_action_handler] [INFO]- 当前正在操作action：check_phone_unique
[2020-02-12 19:53:13,632] [common.py:59] [common:get_action_handler] [INFO]- 当前正在操作action：check_phone_unique
[2020-02-12 19:53:13,797] [common.py:59] [common:get_action_handler] [INFO]- 当前正在操作action：check_phone_unique
[2020-02-12 19:53:13,971] [common.py:59] [common:get_action_handler] [INFO]- 当前正在操作action：check_phone_unique
[2020-02-12 19:53:14,733] [common.py:59] [common:get_action_handler] [INFO]- 当前正在操作action：check_phone_unique
[2020-02-12 19:53:14,849] [common.py:59] [common:get_action_handler] [INFO]- 当前正在操作action：check_phone_unique
[2020-02-12 19:53:14,973] [common.py:59] [common:get_action_handler] [INFO]- 当前正在操作action：check_phone_unique
[2020-02-12 19:53:15,109] [common.py:59] [common:get_action_handler] [INFO]- 当前正在操作action：check_phone_unique
[2020-02-12 19:53:15,419] [common.py:59] [common:get_action_handler] [INFO]- 当前正在操作action：check_phone_unique
[2020-02-12 19:53:15,629] [common.py:59] [common:get_action_handler] [INFO]- 当前正在操作action：check_phone_unique
[2020-02-12 19:53:16,075] [common.py:59] [common:get_action_handler] [INFO]- 当前正在操作action：check_phone_unique
[2020-02-12 19:53:16,394] [common.py:59] [common:get_action_handler] [INFO]- 当前正在操作action：check_phone_unique
[2020-02-12 19:53:17,063] [common.py:59] [common:get_action_handler] [INFO]- 当前正在操作action：check_phone_unique
[2020-02-12 19:53:17,540] [common.py:59] [common:get_action_handler] [INFO]- 当前正在操作action：check_phone_unique
[2020-02-12 19:53:18,434] [common.py:59] [common:get_action_handler] [INFO]- 当前正在操作action：check_phone_unique
[2020-02-12 19:53:18,707] [common.py:59] [common:get_action_handler] [INFO]- 当前正在操作action：check_phone_unique
[2020-02-12 19:53:19,043] [common.py:59] [common:get_action_handler] [INFO]- 当前正在操作action：check_phone_unique
[2020-02-12 19:53:19,960] [common.py:59] [common:get_action_handler] [INFO]- 当前正在操作action：check_phone_unique
[2020-02-12 19:53:20,253] [common.py:59] [common:get_action_handler] [INFO]- 当前正在操作action：check_phone_unique
[2020-02-12 19:53:22,341] [common.py:59] [common:get_action_handler] [INFO]- 当前正在操作action：check_phone_unique
[2020-02-12 19:53:24,349] [common.py:59] [common:get_action_handler] [INFO]- 当前正在操作action：check_phone_unique
[2020-02-12 19:53:24,685] [common.py:59] [common:get_action_handler] [INFO]- 当前正在操作action：check_phone_unique
[2020-02-12 19:53:24,828] [common.py:59] [common:get_action_handler] [INFO]- 当前正在操作action：check_phone_unique
[2020-02-12 19:53:26,180] [common.py:59] [common:get_action_handler] [INFO]- 当前正在操作action：create_admin
[2020-02-12 19:53:27,133] [common.py:59] [common:get_action_handler] [INFO]- 当前正在操作action：query_admin
[2020-02-12 19:53:32,142] [common.py:59] [common:get_action_handler] [INFO]- 当前正在操作action：del_batch_admin
[2020-02-12 19:53:34,714] [common.py:59] [common:get_action_handler] [INFO]- 当前正在操作action：query_admin
[2020-02-12 19:53:35,767] [common.py:59] [common:get_action_handler] [INFO]- 当前正在操作action：query_admin
[2020-02-12 19:54:25,545] [common.py:59] [common:get_action_handler] [INFO]- 当前正在操作action：query_admin
[2020-02-12 19:54:31,845] [common.py:59] [common:get_action_handler] [INFO]- 当前正在操作action：check_email_unique
[2020-02-12 19:54:31,974] [common.py:59] [common:get_action_handler] [INFO]- 当前正在操作action：check_email_unique
[2020-02-12 19:54:32,126] [common.py:59] [common:get_action_handler] [INFO]- 当前正在操作action：check_email_unique
[2020-02-12 19:54:32,651] [common.py:59] [common:get_action_handler] [INFO]- 当前正在操作action：check_email_unique
[2020-02-12 19:54:32,933] [common.py:59] [common:get_action_handler] [INFO]- 当前正在操作action：check_email_unique
[2020-02-12 19:54:33,137] [common.py:59] [common:get_action_handler] [INFO]- 当前正在操作action：check_email_unique
[2020-02-12 19:54:33,691] [common.py:59] [common:get_action_handler] [INFO]- 当前正在操作action：check_email_unique
[2020-02-12 19:54:33,835] [common.py:59] [common:get_action_handler] [INFO]- 当前正在操作action：check_email_unique
[2020-02-12 19:54:33,963] [common.py:59] [common:get_action_handler] [INFO]- 当前正在操作action：check_email_unique
[2020-02-12 19:54:34,141] [common.py:59] [common:get_action_handler] [INFO]- 当前正在操作action：check_email_unique
[2020-02-12 19:54:36,271] [common.py:59] [common:get_action_handler] [INFO]- 当前正在操作action：check_email_unique
[2020-02-12 19:54:37,500] [common.py:59] [common:get_action_handler] [INFO]- 当前正在操作action：check_phone_unique
[2020-02-12 19:54:37,669] [common.py:59] [common:get_action_handler] [INFO]- 当前正在操作action：check_phone_unique
[2020-02-12 19:54:37,843] [common.py:59] [common:get_action_handler] [INFO]- 当前正在操作action：check_phone_unique
[2020-02-12 19:54:38,544] [common.py:59] [common:get_action_handler] [INFO]- 当前正在操作action：check_phone_unique
[2020-02-12 19:54:38,695] [common.py:59] [common:get_action_handler] [INFO]- 当前正在操作action：check_phone_unique
[2020-02-12 19:54:38,830] [common.py:59] [common:get_action_handler] [INFO]- 当前正在操作action：check_phone_unique
[2020-02-12 19:54:39,243] [common.py:59] [common:get_action_handler] [INFO]- 当前正在操作action：check_phone_unique
[2020-02-12 19:54:39,655] [common.py:59] [common:get_action_handler] [INFO]- 当前正在操作action：check_phone_unique
[2020-02-12 19:54:40,073] [common.py:59] [common:get_action_handler] [INFO]- 当前正在操作action：check_phone_unique
[2020-02-12 19:54:40,318] [common.py:59] [common:get_action_handler] [INFO]- 当前正在操作action：check_phone_unique
[2020-02-12 19:54:40,934] [common.py:59] [common:get_action_handler] [INFO]- 当前正在操作action：check_phone_unique
[2020-02-12 19:54:41,268] [common.py:59] [common:get_action_handler] [INFO]- 当前正在操作action：check_phone_unique
[2020-02-12 19:54:41,848] [common.py:59] [common:get_action_handler] [INFO]- 当前正在操作action：check_phone_unique
[2020-02-12 19:54:42,036] [common.py:59] [common:get_action_handler] [INFO]- 当前正在操作action：check_phone_unique
[2020-02-12 19:54:43,365] [common.py:59] [common:get_action_handler] [INFO]- 当前正在操作action：check_phone_unique
[2020-02-12 19:54:43,749] [common.py:59] [common:get_action_handler] [INFO]- 当前正在操作action：check_phone_unique
[2020-02-12 19:54:44,211] [common.py:59] [common:get_action_handler] [INFO]- 当前正在操作action：check_phone_unique
[2020-02-12 19:54:46,251] [common.py:59] [common:get_action_handler] [INFO]- 当前正在操作action：create_admin
[2020-02-12 19:54:47,091] [common.py:59] [common:get_action_handler] [INFO]- 当前正在操作action：query_admin
[2020-02-12 19:54:50,467] [common.py:59] [common:get_action_handler] [INFO]- 当前正在操作action：del_batch_admin
[2020-02-12 19:54:50,486] [common.py:59] [common:get_action_handler] [INFO]- 当前正在操作action：query_admin
[2020-02-12 19:54:55,522] [common.py:59] [common:get_action_handler] [INFO]- 当前正在操作action：del_batch_admin
[2020-02-12 19:54:55,541] [common.py:59] [common:get_action_handler] [INFO]- 当前正在操作action：query_admin
[2020-02-12 19:56:23,437] [common.py:59] [common:get_action_handler] [INFO]- 当前正在操作action：query_admin
[2020-02-12 20:00:03,021] [common.py:59] [common:get_action_handler] [INFO]- 当前正在操作action：check_email_unique
[2020-02-12 20:00:03,973] [common.py:59] [common:get_action_handler] [INFO]- 当前正在操作action：check_email_unique
[2020-02-12 20:00:04,187] [common.py:59] [common:get_action_handler] [INFO]- 当前正在操作action：check_email_unique
[2020-02-12 20:00:04,352] [common.py:59] [common:get_action_handler] [INFO]- 当前正在操作action：check_email_unique
[2020-02-12 20:00:04,838] [common.py:59] [common:get_action_handler] [INFO]- 当前正在操作action：check_email_unique
[2020-02-12 20:00:04,928] [common.py:59] [common:get_action_handler] [INFO]- 当前正在操作action：check_email_unique
[2020-02-12 20:00:05,048] [common.py:59] [common:get_action_handler] [INFO]- 当前正在操作action：check_email_unique
[2020-02-12 20:00:05,056] [common.py:59] [common:get_action_handler] [INFO]- 当前正在操作action：check_email_unique
[2020-02-12 20:00:05,248] [common.py:59] [common:get_action_handler] [INFO]- 当前正在操作action：check_email_unique
[2020-02-12 20:00:06,936] [common.py:59] [common:get_action_handler] [INFO]- 当前正在操作action：check_email_unique
[2020-02-12 20:00:07,069] [common.py:59] [common:get_action_handler] [INFO]- 当前正在操作action：check_email_unique
[2020-02-12 20:00:07,588] [common.py:59] [common:get_action_handler] [INFO]- 当前正在操作action：check_email_unique
[2020-02-12 20:00:09,022] [common.py:59] [common:get_action_handler] [INFO]- 当前正在操作action：check_phone_unique
[2020-02-12 20:00:09,519] [common.py:59] [common:get_action_handler] [INFO]- 当前正在操作action：check_phone_unique
[2020-02-12 20:00:10,330] [common.py:59] [common:get_action_handler] [INFO]- 当前正在操作action：check_phone_unique
[2020-02-12 20:00:10,644] [common.py:59] [common:get_action_handler] [INFO]- 当前正在操作action：check_phone_unique
[2020-02-12 20:00:10,990] [common.py:59] [common:get_action_handler] [INFO]- 当前正在操作action：check_phone_unique
[2020-02-12 20:00:11,155] [common.py:59] [common:get_action_handler] [INFO]- 当前正在操作action：check_phone_unique
[2020-02-12 20:00:11,307] [common.py:59] [common:get_action_handler] [INFO]- 当前正在操作action：check_phone_unique
[2020-02-12 20:00:11,463] [common.py:59] [common:get_action_handler] [INFO]- 当前正在操作action：check_phone_unique
[2020-02-12 20:00:13,943] [common.py:59] [common:get_action_handler] [INFO]- 当前正在操作action：check_phone_unique
[2020-02-12 20:00:14,452] [common.py:59] [common:get_action_handler] [INFO]- 当前正在操作action：check_phone_unique
[2020-02-12 20:00:15,195] [common.py:59] [common:get_action_handler] [INFO]- 当前正在操作action：check_phone_unique
[2020-02-12 20:00:15,488] [common.py:59] [common:get_action_handler] [INFO]- 当前正在操作action：check_phone_unique
[2020-02-12 20:02:04,937] [common.py:59] [common:get_action_handler] [INFO]- 当前正在操作action：check_email_unique
[2020-02-12 20:02:04,938] [common.py:59] [common:get_action_handler] [INFO]- 当前正在操作action：check_email_unique
[2020-02-12 20:02:05,016] [common.py:59] [common:get_action_handler] [INFO]- 当前正在操作action：check_email_unique
[2020-02-12 20:02:05,128] [common.py:59] [common:get_action_handler] [INFO]- 当前正在操作action：check_email_unique
[2020-02-12 20:02:05,130] [common.py:59] [common:get_action_handler] [INFO]- 当前正在操作action：check_email_unique
[2020-02-12 20:02:05,224] [common.py:59] [common:get_action_handler] [INFO]- 当前正在操作action：check_email_unique
[2020-02-12 20:02:06,374] [common.py:59] [common:get_action_handler] [INFO]- 当前正在操作action：check_email_unique
[2020-02-12 20:02:06,574] [common.py:59] [common:get_action_handler] [INFO]- 当前正在操作action：check_email_unique
[2020-02-12 20:02:06,743] [common.py:59] [common:get_action_handler] [INFO]- 当前正在操作action：check_email_unique
[2020-02-12 20:02:07,309] [common.py:59] [common:get_action_handler] [INFO]- 当前正在操作action：check_email_unique
[2020-02-12 20:02:07,446] [common.py:59] [common:get_action_handler] [INFO]- 当前正在操作action：check_email_unique
[2020-02-12 20:02:07,570] [common.py:59] [common:get_action_handler] [INFO]- 当前正在操作action：check_email_unique
[2020-02-12 20:02:07,790] [common.py:59] [common:get_action_handler] [INFO]- 当前正在操作action：check_email_unique
[2020-02-12 20:02:09,053] [common.py:59] [common:get_action_handler] [INFO]- 当前正在操作action：check_phone_unique
[2020-02-12 20:02:09,089] [common.py:59] [common:get_action_handler] [INFO]- 当前正在操作action：check_phone_unique
[2020-02-12 20:02:09,229] [common.py:59] [common:get_action_handler] [INFO]- 当前正在操作action：check_phone_unique
[2020-02-12 20:02:09,345] [common.py:59] [common:get_action_handler] [INFO]- 当前正在操作action：check_phone_unique
[2020-02-12 20:02:11,960] [common.py:59] [common:get_action_handler] [INFO]- 当前正在操作action：check_phone_unique
[2020-02-12 20:02:12,096] [common.py:59] [common:get_action_handler] [INFO]- 当前正在操作action：check_phone_unique
[2020-02-12 20:02:12,240] [common.py:59] [common:get_action_handler] [INFO]- 当前正在操作action：check_phone_unique
[2020-02-12 20:02:12,384] [common.py:59] [common:get_action_handler] [INFO]- 当前正在操作action：check_phone_unique
[2020-02-12 20:02:12,564] [common.py:59] [common:get_action_handler] [INFO]- 当前正在操作action：check_phone_unique
[2020-02-12 20:02:12,718] [common.py:59] [common:get_action_handler] [INFO]- 当前正在操作action：check_phone_unique
[2020-02-12 20:02:12,897] [common.py:59] [common:get_action_handler] [INFO]- 当前正在操作action：check_phone_unique
[2020-02-12 20:02:13,078] [common.py:59] [common:get_action_handler] [INFO]- 当前正在操作action：check_phone_unique
[2020-02-12 20:02:13,270] [common.py:59] [common:get_action_handler] [INFO]- 当前正在操作action：check_phone_unique
[2020-02-12 20:02:13,425] [common.py:59] [common:get_action_handler] [INFO]- 当前正在操作action：check_phone_unique
[2020-02-12 20:02:13,584] [common.py:59] [common:get_action_handler] [INFO]- 当前正在操作action：check_phone_unique
[2020-02-12 20:02:13,727] [common.py:59] [common:get_action_handler] [INFO]- 当前正在操作action：check_phone_unique
[2020-02-12 20:02:13,850] [common.py:59] [common:get_action_handler] [INFO]- 当前正在操作action：check_phone_unique
[2020-02-12 20:02:14,012] [common.py:59] [common:get_action_handler] [INFO]- 当前正在操作action：check_phone_unique
[2020-02-12 20:02:14,190] [common.py:59] [common:get_action_handler] [INFO]- 当前正在操作action：check_phone_unique
[2020-02-12 20:02:14,376] [common.py:59] [common:get_action_handler] [INFO]- 当前正在操作action：check_phone_unique
[2020-02-12 20:02:14,556] [common.py:59] [common:get_action_handler] [INFO]- 当前正在操作action：check_phone_unique
[2020-02-12 20:02:14,854] [common.py:59] [common:get_action_handler] [INFO]- 当前正在操作action：check_phone_unique
[2020-02-12 20:02:15,010] [common.py:59] [common:get_action_handler] [INFO]- 当前正在操作action：check_phone_unique
[2020-02-12 20:02:15,181] [common.py:59] [common:get_action_handler] [INFO]- 当前正在操作action：check_phone_unique
[2020-02-12 20:02:15,326] [common.py:59] [common:get_action_handler] [INFO]- 当前正在操作action：check_phone_unique
[2020-02-12 20:02:15,470] [common.py:59] [common:get_action_handler] [INFO]- 当前正在操作action：check_phone_unique
[2020-02-12 20:02:15,645] [common.py:59] [common:get_action_handler] [INFO]- 当前正在操作action：check_phone_unique
[2020-02-12 20:02:15,967] [common.py:59] [common:get_action_handler] [INFO]- 当前正在操作action：check_phone_unique
[2020-02-12 20:02:16,381] [common.py:59] [common:get_action_handler] [INFO]- 当前正在操作action：check_phone_unique
[2020-02-12 20:02:16,652] [common.py:59] [common:get_action_handler] [INFO]- 当前正在操作action：check_phone_unique
[2020-02-12 20:02:17,264] [common.py:59] [common:get_action_handler] [INFO]- 当前正在操作action：check_phone_unique
[2020-02-12 20:02:17,744] [common.py:59] [common:get_action_handler] [INFO]- 当前正在操作action：check_phone_unique
[2020-02-12 20:02:18,652] [common.py:59] [common:get_action_handler] [INFO]- 当前正在操作action：check_phone_unique
[2020-02-12 20:02:19,536] [common.py:59] [common:get_action_handler] [INFO]- 当前正在操作action：check_phone_unique
[2020-02-12 20:02:20,013] [common.py:59] [common:get_action_handler] [INFO]- 当前正在操作action：check_phone_unique
[2020-02-12 20:02:20,647] [common.py:59] [common:get_action_handler] [INFO]- 当前正在操作action：check_phone_unique
[2020-02-12 20:02:20,757] [common.py:59] [common:get_action_handler] [INFO]- 当前正在操作action：check_phone_unique
[2020-02-12 20:02:22,149] [common.py:59] [common:get_action_handler] [INFO]- 当前正在操作action：create_admin
[2020-02-12 20:02:23,172] [common.py:59] [common:get_action_handler] [INFO]- 当前正在操作action：query_admin
[2020-02-12 20:02:28,222] [common.py:59] [common:get_action_handler] [INFO]- 当前正在操作action：check_email_unique
[2020-02-12 20:02:28,288] [common.py:59] [common:get_action_handler] [INFO]- 当前正在操作action：check_email_unique
[2020-02-12 20:02:28,296] [common.py:59] [common:get_action_handler] [INFO]- 当前正在操作action：check_email_unique
[2020-02-12 20:02:28,425] [common.py:59] [common:get_action_handler] [INFO]- 当前正在操作action：check_email_unique
[2020-02-12 20:02:28,426] [common.py:59] [common:get_action_handler] [INFO]- 当前正在操作action：check_email_unique
[2020-02-12 20:02:28,514] [common.py:59] [common:get_action_handler] [INFO]- 当前正在操作action：check_email_unique
[2020-02-12 20:02:29,190] [common.py:59] [common:get_action_handler] [INFO]- 当前正在操作action：check_email_unique
[2020-02-12 20:02:29,358] [common.py:59] [common:get_action_handler] [INFO]- 当前正在操作action：check_email_unique
[2020-02-12 20:02:29,521] [common.py:59] [common:get_action_handler] [INFO]- 当前正在操作action：check_email_unique
[2020-02-12 20:02:29,960] [common.py:59] [common:get_action_handler] [INFO]- 当前正在操作action：check_email_unique
[2020-02-12 20:02:30,075] [common.py:59] [common:get_action_handler] [INFO]- 当前正在操作action：check_email_unique
[2020-02-12 20:02:30,192] [common.py:59] [common:get_action_handler] [INFO]- 当前正在操作action：check_email_unique
[2020-02-12 20:02:30,369] [common.py:59] [common:get_action_handler] [INFO]- 当前正在操作action：check_email_unique
[2020-02-12 20:02:31,664] [common.py:59] [common:get_action_handler] [INFO]- 当前正在操作action：check_phone_unique
[2020-02-12 20:02:32,115] [common.py:59] [common:get_action_handler] [INFO]- 当前正在操作action：check_phone_unique
[2020-02-12 20:02:32,298] [common.py:59] [common:get_action_handler] [INFO]- 当前正在操作action：check_phone_unique
[2020-02-12 20:02:32,485] [common.py:59] [common:get_action_handler] [INFO]- 当前正在操作action：check_phone_unique
[2020-02-12 20:02:32,667] [common.py:59] [common:get_action_handler] [INFO]- 当前正在操作action：check_phone_unique
[2020-02-12 20:02:32,858] [common.py:59] [common:get_action_handler] [INFO]- 当前正在操作action：check_phone_unique
[2020-02-12 20:02:33,061] [common.py:59] [common:get_action_handler] [INFO]- 当前正在操作action：check_phone_unique
[2020-02-12 20:02:33,274] [common.py:59] [common:get_action_handler] [INFO]- 当前正在操作action：check_phone_unique
[2020-02-12 20:02:33,493] [common.py:59] [common:get_action_handler] [INFO]- 当前正在操作action：check_phone_unique
[2020-02-12 20:02:33,773] [common.py:59] [common:get_action_handler] [INFO]- 当前正在操作action：check_phone_unique
[2020-02-12 20:02:34,045] [common.py:59] [common:get_action_handler] [INFO]- 当前正在操作action：check_phone_unique
[2020-02-12 20:02:37,707] [common.py:59] [common:get_action_handler] [INFO]- 当前正在操作action：check_phone_unique
[2020-02-12 20:02:37,960] [common.py:59] [common:get_action_handler] [INFO]- 当前正在操作action：check_phone_unique
[2020-02-12 20:02:38,141] [common.py:59] [common:get_action_handler] [INFO]- 当前正在操作action：check_phone_unique
[2020-02-12 20:02:38,276] [common.py:59] [common:get_action_handler] [INFO]- 当前正在操作action：check_phone_unique
[2020-02-12 20:02:38,412] [common.py:59] [common:get_action_handler] [INFO]- 当前正在操作action：check_phone_unique
[2020-02-12 20:02:38,558] [common.py:59] [common:get_action_handler] [INFO]- 当前正在操作action：check_phone_unique
[2020-02-12 20:02:38,702] [common.py:59] [common:get_action_handler] [INFO]- 当前正在操作action：check_phone_unique
[2020-02-12 20:02:38,852] [common.py:59] [common:get_action_handler] [INFO]- 当前正在操作action：check_phone_unique
[2020-02-12 20:02:39,007] [common.py:59] [common:get_action_handler] [INFO]- 当前正在操作action：check_phone_unique
[2020-02-12 20:02:39,182] [common.py:59] [common:get_action_handler] [INFO]- 当前正在操作action：check_phone_unique
[2020-02-12 20:02:40,032] [common.py:59] [common:get_action_handler] [INFO]- 当前正在操作action：check_phone_unique
[2020-02-12 20:02:40,310] [common.py:59] [common:get_action_handler] [INFO]- 当前正在操作action：check_phone_unique
[2020-02-12 20:02:40,525] [common.py:59] [common:get_action_handler] [INFO]- 当前正在操作action：check_phone_unique
[2020-02-12 20:02:40,726] [common.py:59] [common:get_action_handler] [INFO]- 当前正在操作action：check_phone_unique
[2020-02-12 20:02:40,894] [common.py:59] [common:get_action_handler] [INFO]- 当前正在操作action：check_phone_unique
[2020-02-12 20:02:41,080] [common.py:59] [common:get_action_handler] [INFO]- 当前正在操作action：check_phone_unique
[2020-02-12 20:02:41,289] [common.py:59] [common:get_action_handler] [INFO]- 当前正在操作action：check_phone_unique
[2020-02-12 20:02:41,522] [common.py:59] [common:get_action_handler] [INFO]- 当前正在操作action：check_phone_unique
[2020-02-12 20:02:42,127] [common.py:59] [common:get_action_handler] [INFO]- 当前正在操作action：check_phone_unique
[2020-02-12 20:02:42,305] [common.py:59] [common:get_action_handler] [INFO]- 当前正在操作action：check_phone_unique
[2020-02-12 20:02:42,805] [common.py:59] [common:get_action_handler] [INFO]- 当前正在操作action：check_phone_unique
[2020-02-12 20:02:42,837] [common.py:59] [common:get_action_handler] [INFO]- 当前正在操作action：check_phone_unique
[2020-02-12 20:02:42,872] [common.py:59] [common:get_action_handler] [INFO]- 当前正在操作action：check_phone_unique
[2020-02-12 20:02:42,904] [common.py:59] [common:get_action_handler] [INFO]- 当前正在操作action：check_phone_unique
[2020-02-12 20:02:42,937] [common.py:59] [common:get_action_handler] [INFO]- 当前正在操作action：check_phone_unique
[2020-02-12 20:02:42,970] [common.py:59] [common:get_action_handler] [INFO]- 当前正在操作action：check_phone_unique
[2020-02-12 20:02:43,003] [common.py:59] [common:get_action_handler] [INFO]- 当前正在操作action：check_phone_unique
[2020-02-12 20:02:43,164] [common.py:59] [common:get_action_handler] [INFO]- 当前正在操作action：check_phone_unique
[2020-02-12 20:02:43,557] [common.py:59] [common:get_action_handler] [INFO]- 当前正在操作action：check_phone_unique
[2020-02-12 20:02:43,773] [common.py:59] [common:get_action_handler] [INFO]- 当前正在操作action：check_phone_unique
[2020-02-12 20:02:43,978] [common.py:59] [common:get_action_handler] [INFO]- 当前正在操作action：check_phone_unique
[2020-02-12 20:02:44,175] [common.py:59] [common:get_action_handler] [INFO]- 当前正在操作action：check_phone_unique
[2020-02-12 20:02:44,367] [common.py:59] [common:get_action_handler] [INFO]- 当前正在操作action：check_phone_unique
[2020-02-12 20:02:44,581] [common.py:59] [common:get_action_handler] [INFO]- 当前正在操作action：check_phone_unique
[2020-02-12 20:02:44,834] [common.py:59] [common:get_action_handler] [INFO]- 当前正在操作action：check_phone_unique
[2020-02-12 20:02:45,073] [common.py:59] [common:get_action_handler] [INFO]- 当前正在操作action：check_phone_unique
[2020-02-12 20:02:45,295] [common.py:59] [common:get_action_handler] [INFO]- 当前正在操作action：check_phone_unique
[2020-02-12 20:02:45,555] [common.py:59] [common:get_action_handler] [INFO]- 当前正在操作action：check_phone_unique
[2020-02-12 20:02:48,306] [common.py:59] [common:get_action_handler] [INFO]- 当前正在操作action：check_phone_unique
[2020-02-12 20:02:48,607] [common.py:59] [common:get_action_handler] [INFO]- 当前正在操作action：check_phone_unique
[2020-02-12 20:02:48,833] [common.py:59] [common:get_action_handler] [INFO]- 当前正在操作action：check_phone_unique
[2020-02-12 20:02:49,417] [common.py:59] [common:get_action_handler] [INFO]- 当前正在操作action：check_phone_unique
[2020-02-12 20:02:50,026] [common.py:59] [common:get_action_handler] [INFO]- 当前正在操作action：check_phone_unique
[2020-02-12 20:02:50,294] [common.py:59] [common:get_action_handler] [INFO]- 当前正在操作action：check_phone_unique
[2020-02-12 20:02:50,416] [common.py:59] [common:get_action_handler] [INFO]- 当前正在操作action：check_phone_unique
[2020-02-12 20:02:51,547] [common.py:59] [common:get_action_handler] [INFO]- 当前正在操作action：check_phone_unique
[2020-02-12 20:02:51,743] [common.py:59] [common:get_action_handler] [INFO]- 当前正在操作action：check_phone_unique
[2020-02-12 20:02:52,320] [common.py:59] [common:get_action_handler] [INFO]- 当前正在操作action：check_phone_unique
[2020-02-12 20:02:52,550] [common.py:59] [common:get_action_handler] [INFO]- 当前正在操作action：check_phone_unique
[2020-02-12 20:02:52,690] [common.py:59] [common:get_action_handler] [INFO]- 当前正在操作action：check_phone_unique
[2020-02-12 20:02:54,429] [common.py:59] [common:get_action_handler] [INFO]- 当前正在操作action：create_admin
[2020-02-12 20:02:55,328] [common.py:59] [common:get_action_handler] [INFO]- 当前正在操作action：query_admin
[2020-02-12 20:03:02,799] [common.py:59] [common:get_action_handler] [INFO]- 当前正在操作action：check_email_unique
[2020-02-12 20:03:02,820] [common.py:59] [common:get_action_handler] [INFO]- 当前正在操作action：check_email_unique
[2020-02-12 20:03:03,326] [common.py:59] [common:get_action_handler] [INFO]- 当前正在操作action：check_email_unique
[2020-02-12 20:03:03,508] [common.py:59] [common:get_action_handler] [INFO]- 当前正在操作action：check_email_unique
[2020-02-12 20:03:04,101] [common.py:59] [common:get_action_handler] [INFO]- 当前正在操作action：check_email_unique
[2020-02-12 20:03:04,299] [common.py:59] [common:get_action_handler] [INFO]- 当前正在操作action：check_email_unique
[2020-02-12 20:03:04,500] [common.py:59] [common:get_action_handler] [INFO]- 当前正在操作action：check_email_unique
[2020-02-12 20:03:04,951] [common.py:59] [common:get_action_handler] [INFO]- 当前正在操作action：check_email_unique
[2020-02-12 20:03:04,966] [common.py:59] [common:get_action_handler] [INFO]- 当前正在操作action：check_email_unique
[2020-02-12 20:03:05,419] [common.py:59] [common:get_action_handler] [INFO]- 当前正在操作action：check_email_unique
[2020-02-12 20:03:05,595] [common.py:59] [common:get_action_handler] [INFO]- 当前正在操作action：check_email_unique
[2020-02-12 20:03:06,112] [common.py:59] [common:get_action_handler] [INFO]- 当前正在操作action：check_email_unique
[2020-02-12 20:03:06,174] [common.py:59] [common:get_action_handler] [INFO]- 当前正在操作action：check_email_unique
[2020-02-12 20:03:06,318] [common.py:59] [common:get_action_handler] [INFO]- 当前正在操作action：check_email_unique
[2020-02-12 20:03:06,504] [common.py:59] [common:get_action_handler] [INFO]- 当前正在操作action：check_email_unique
[2020-02-12 20:03:07,721] [common.py:59] [common:get_action_handler] [INFO]- 当前正在操作action：check_email_unique
[2020-02-12 20:03:09,393] [common.py:59] [common:get_action_handler] [INFO]- 当前正在操作action：check_email_unique
[2020-02-12 20:03:10,863] [common.py:59] [common:get_action_handler] [INFO]- 当前正在操作action：check_email_unique
[2020-02-12 20:03:11,406] [common.py:59] [common:get_action_handler] [INFO]- 当前正在操作action：check_email_unique
[2020-02-12 20:03:12,754] [common.py:59] [common:get_action_handler] [INFO]- 当前正在操作action：check_phone_unique
[2020-02-12 20:03:13,269] [common.py:59] [common:get_action_handler] [INFO]- 当前正在操作action：check_phone_unique
[2020-02-12 20:03:13,795] [common.py:59] [common:get_action_handler] [INFO]- 当前正在操作action：check_phone_unique
[2020-02-12 20:03:14,077] [common.py:59] [common:get_action_handler] [INFO]- 当前正在操作action：check_phone_unique
[2020-02-12 20:03:14,327] [common.py:59] [common:get_action_handler] [INFO]- 当前正在操作action：check_phone_unique
[2020-02-12 20:03:14,429] [common.py:59] [common:get_action_handler] [INFO]- 当前正在操作action：check_phone_unique
[2020-02-12 20:03:15,136] [common.py:59] [common:get_action_handler] [INFO]- 当前正在操作action：check_phone_unique
[2020-02-12 20:03:15,290] [common.py:59] [common:get_action_handler] [INFO]- 当前正在操作action：check_phone_unique
[2020-02-12 20:03:15,604] [common.py:59] [common:get_action_handler] [INFO]- 当前正在操作action：check_phone_unique
[2020-02-12 20:03:16,059] [common.py:59] [common:get_action_handler] [INFO]- 当前正在操作action：check_phone_unique
[2020-02-12 20:03:16,353] [common.py:59] [common:get_action_handler] [INFO]- 当前正在操作action：check_phone_unique
[2020-02-12 20:03:17,563] [common.py:59] [common:get_action_handler] [INFO]- 当前正在操作action：create_admin
[2020-02-12 20:03:18,380] [common.py:59] [common:get_action_handler] [INFO]- 当前正在操作action：query_admin
[2020-02-12 20:03:22,323] [common.py:59] [common:get_action_handler] [INFO]- 当前正在操作action：check_email_unique
[2020-02-12 20:03:22,358] [common.py:59] [common:get_action_handler] [INFO]- 当前正在操作action：check_email_unique
[2020-02-12 20:03:22,467] [common.py:59] [common:get_action_handler] [INFO]- 当前正在操作action：check_email_unique
[2020-02-12 20:03:22,566] [common.py:59] [common:get_action_handler] [INFO]- 当前正在操作action：check_email_unique
[2020-02-12 20:03:22,754] [common.py:59] [common:get_action_handler] [INFO]- 当前正在操作action：check_email_unique
[2020-02-12 20:03:22,986] [common.py:59] [common:get_action_handler] [INFO]- 当前正在操作action：check_email_unique
[2020-02-12 20:03:23,837] [common.py:59] [common:get_action_handler] [INFO]- 当前正在操作action：check_email_unique
[2020-02-12 20:03:24,063] [common.py:59] [common:get_action_handler] [INFO]- 当前正在操作action：check_email_unique
[2020-02-12 20:03:24,241] [common.py:59] [common:get_action_handler] [INFO]- 当前正在操作action：check_email_unique
[2020-02-12 20:03:24,739] [common.py:59] [common:get_action_handler] [INFO]- 当前正在操作action：check_email_unique
[2020-02-12 20:03:25,228] [common.py:59] [common:get_action_handler] [INFO]- 当前正在操作action：check_email_unique
[2020-02-12 20:03:25,518] [common.py:59] [common:get_action_handler] [INFO]- 当前正在操作action：check_email_unique
[2020-02-12 20:03:25,647] [common.py:59] [common:get_action_handler] [INFO]- 当前正在操作action：check_email_unique
[2020-02-12 20:03:25,777] [common.py:59] [common:get_action_handler] [INFO]- 当前正在操作action：check_email_unique
[2020-02-12 20:03:25,970] [common.py:59] [common:get_action_handler] [INFO]- 当前正在操作action：check_email_unique
[2020-02-12 20:03:27,085] [common.py:59] [common:get_action_handler] [INFO]- 当前正在操作action：check_phone_unique
[2020-02-12 20:03:27,597] [common.py:59] [common:get_action_handler] [INFO]- 当前正在操作action：check_phone_unique
[2020-02-12 20:03:28,139] [common.py:59] [common:get_action_handler] [INFO]- 当前正在操作action：check_phone_unique
[2020-02-12 20:03:28,384] [common.py:59] [common:get_action_handler] [INFO]- 当前正在操作action：check_phone_unique
[2020-02-12 20:03:28,616] [common.py:59] [common:get_action_handler] [INFO]- 当前正在操作action：check_phone_unique
[2020-02-12 20:03:28,737] [common.py:59] [common:get_action_handler] [INFO]- 当前正在操作action：check_phone_unique
[2020-02-12 20:03:29,521] [common.py:59] [common:get_action_handler] [INFO]- 当前正在操作action：check_phone_unique
[2020-02-12 20:03:29,925] [common.py:59] [common:get_action_handler] [INFO]- 当前正在操作action：check_phone_unique
[2020-02-12 20:03:30,106] [common.py:59] [common:get_action_handler] [INFO]- 当前正在操作action：check_phone_unique
[2020-02-12 20:03:30,688] [common.py:59] [common:get_action_handler] [INFO]- 当前正在操作action：check_phone_unique
[2020-02-12 20:03:30,944] [common.py:59] [common:get_action_handler] [INFO]- 当前正在操作action：check_phone_unique
[2020-02-12 20:03:32,386] [common.py:59] [common:get_action_handler] [INFO]- 当前正在操作action：check_phone_unique
[2020-02-12 20:03:32,560] [common.py:59] [common:get_action_handler] [INFO]- 当前正在操作action：check_phone_unique
[2020-02-12 20:03:34,205] [common.py:59] [common:get_action_handler] [INFO]- 当前正在操作action：create_admin
[2020-02-12 20:03:35,089] [common.py:59] [common:get_action_handler] [INFO]- 当前正在操作action：query_admin
[2020-02-12 20:03:58,658] [common.py:59] [common:get_action_handler] [INFO]- 当前正在操作action：query_admin
[2020-02-12 20:03:59,916] [common.py:59] [common:get_action_handler] [INFO]- 当前正在操作action：query_admin
[2020-02-12 20:07:26,264] [common.py:59] [common:get_action_handler] [INFO]- 当前正在操作action：query_admin
[2020-02-12 20:08:36,026] [common.py:59] [common:get_action_handler] [INFO]- 当前正在操作action：query_admin
[2020-02-12 20:24:58,030] [common.py:59] [common:get_action_handler] [INFO]- 当前正在操作action：query_admin
[2020-02-12 20:25:40,363] [common.py:59] [common:get_action_handler] [INFO]- 当前正在操作action：query_admin
[2020-02-12 20:27:12,481] [common.py:59] [common:get_action_handler] [INFO]- 当前正在操作action：query_admin
[2020-02-12 20:27:16,165] [common.py:59] [common:get_action_handler] [INFO]- 当前正在操作action：del_batch_admin
[2020-02-12 20:27:16,184] [common.py:59] [common:get_action_handler] [INFO]- 当前正在操作action：query_admin
[2020-02-12 20:27:20,903] [common.py:59] [common:get_action_handler] [INFO]- 当前正在操作action：query_admin
[2020-02-12 20:27:58,771] [common.py:59] [common:get_action_handler] [INFO]- 当前正在操作action：check_email_unique
[2020-02-12 20:27:59,151] [common.py:59] [common:get_action_handler] [INFO]- 当前正在操作action：check_email_unique
[2020-02-12 20:27:59,350] [common.py:59] [common:get_action_handler] [INFO]- 当前正在操作action：check_email_unique
[2020-02-12 20:28:00,036] [common.py:59] [common:get_action_handler] [INFO]- 当前正在操作action：check_email_unique
[2020-02-12 20:28:00,169] [common.py:59] [common:get_action_handler] [INFO]- 当前正在操作action：check_email_unique
[2020-02-12 20:28:00,776] [common.py:59] [common:get_action_handler] [INFO]- 当前正在操作action：check_email_unique
[2020-02-12 20:28:01,332] [common.py:59] [common:get_action_handler] [INFO]- 当前正在操作action：check_email_unique
[2020-02-12 20:28:01,582] [common.py:59] [common:get_action_handler] [INFO]- 当前正在操作action：check_email_unique
[2020-02-12 20:28:01,810] [common.py:59] [common:get_action_handler] [INFO]- 当前正在操作action：check_email_unique
[2020-02-12 20:28:01,934] [common.py:59] [common:get_action_handler] [INFO]- 当前正在操作action：check_email_unique
[2020-02-12 20:28:03,570] [common.py:59] [common:get_action_handler] [INFO]- 当前正在操作action：check_email_unique
[2020-02-12 20:28:03,788] [common.py:59] [common:get_action_handler] [INFO]- 当前正在操作action：check_email_unique
[2020-02-12 20:28:03,944] [common.py:59] [common:get_action_handler] [INFO]- 当前正在操作action：check_email_unique
[2020-02-12 20:28:04,460] [common.py:59] [common:get_action_handler] [INFO]- 当前正在操作action：check_email_unique
[2020-02-12 20:28:04,547] [common.py:59] [common:get_action_handler] [INFO]- 当前正在操作action：check_email_unique
[2020-02-12 20:28:04,717] [common.py:59] [common:get_action_handler] [INFO]- 当前正在操作action：check_email_unique
[2020-02-12 20:28:04,876] [common.py:59] [common:get_action_handler] [INFO]- 当前正在操作action：check_email_unique
[2020-02-12 20:28:06,169] [common.py:59] [common:get_action_handler] [INFO]- 当前正在操作action：check_phone_unique
[2020-02-12 20:28:06,524] [common.py:59] [common:get_action_handler] [INFO]- 当前正在操作action：check_phone_unique
[2020-02-12 20:28:07,094] [common.py:59] [common:get_action_handler] [INFO]- 当前正在操作action：check_phone_unique
[2020-02-12 20:28:07,332] [common.py:59] [common:get_action_handler] [INFO]- 当前正在操作action：check_phone_unique
[2020-02-12 20:28:07,970] [common.py:59] [common:get_action_handler] [INFO]- 当前正在操作action：check_phone_unique
[2020-02-12 20:28:08,297] [common.py:59] [common:get_action_handler] [INFO]- 当前正在操作action：check_phone_unique
[2020-02-12 20:28:08,882] [common.py:59] [common:get_action_handler] [INFO]- 当前正在操作action：check_phone_unique
[2020-02-12 20:28:09,083] [common.py:59] [common:get_action_handler] [INFO]- 当前正在操作action：check_phone_unique
[2020-02-12 20:28:09,349] [common.py:59] [common:get_action_handler] [INFO]- 当前正在操作action：check_phone_unique
[2020-02-12 20:28:09,600] [common.py:59] [common:get_action_handler] [INFO]- 当前正在操作action：check_phone_unique
[2020-02-12 20:28:09,868] [common.py:59] [common:get_action_handler] [INFO]- 当前正在操作action：check_phone_unique
[2020-02-12 20:28:11,104] [common.py:59] [common:get_action_handler] [INFO]- 当前正在操作action：create_admin
[2020-02-12 20:28:12,486] [common.py:59] [common:get_action_handler] [INFO]- 当前正在操作action：query_admin
