[2020-04-03 11:09:09,978] [common.py:63] [common:get_action_handler] [INFO]- 当前正在操作action：query_opr_log
[2020-04-03 11:09:09,999] [common.py:63] [common:get_action_handler] [INFO]- 当前正在操作action：query_alarm_log
[2020-04-03 11:09:10,010] [common.py:63] [common:get_action_handler] [INFO]- 当前正在操作action：query_system_log
[2020-04-03 11:09:10,021] [common.py:63] [common:get_action_handler] [INFO]- 当前正在操作action：query_meter
[2020-04-03 11:09:10,059] [common.py:63] [common:get_action_handler] [INFO]- 当前正在操作action：query_dtu
[2020-04-03 11:09:10,070] [common.py:63] [common:get_action_handler] [INFO]- 当前正在操作action：query_dtu_user_of_select_box
[2020-04-03 11:09:13,589] [common.py:63] [common:get_action_handler] [INFO]- 当前正在操作action：query_dtu
[2020-04-03 11:09:13,591] [common.py:63] [common:get_action_handler] [INFO]- 当前正在操作action：query_dtu_user_of_select_box
[2020-04-03 11:09:15,135] [common.py:63] [common:get_action_handler] [INFO]- 当前正在操作action：query_dtu
[2020-04-03 11:09:40,205] [common.py:63] [common:get_action_handler] [INFO]- 当前正在操作action：query_dtu
[2020-04-03 11:45:06,479] [common.py:63] [common:get_action_handler] [INFO]- 当前正在操作action：login
[2020-04-03 11:45:07,998] [common.py:63] [common:get_action_handler] [INFO]- 当前正在操作action：query_alarm_log
[2020-04-03 11:45:08,009] [common.py:63] [common:get_action_handler] [INFO]- 当前正在操作action：query_opr_log
[2020-04-03 11:45:08,053] [common.py:63] [common:get_action_handler] [INFO]- 当前正在操作action：query_system_log
[2020-04-03 11:45:08,075] [common.py:63] [common:get_action_handler] [INFO]- 当前正在操作action：query_meter
[2020-04-03 11:45:08,088] [common.py:63] [common:get_action_handler] [INFO]- 当前正在操作action：query_dtu
[2020-04-03 11:45:08,101] [common.py:63] [common:get_action_handler] [INFO]- 当前正在操作action：query_dtu_user_of_select_box
[2020-04-03 11:45:09,646] [common.py:63] [common:get_action_handler] [INFO]- 当前正在操作action：query_meter
[2020-04-03 11:45:10,109] [common.py:63] [common:get_action_handler] [INFO]- 当前正在操作action：query_dtu
[2020-04-03 11:45:10,111] [common.py:63] [common:get_action_handler] [INFO]- 当前正在操作action：query_dtu_user_of_select_box
[2020-04-03 11:45:11,928] [common.py:63] [common:get_action_handler] [INFO]- 当前正在操作action：query_dtu_user_of_select_box
[2020-04-03 11:45:11,929] [common.py:63] [common:get_action_handler] [INFO]- 当前正在操作action：query_dtu_region_of_select_box
[2020-04-03 11:45:11,929] [common.py:63] [common:get_action_handler] [INFO]- 当前正在操作action：query_dtu_of_select_box
[2020-04-03 11:45:18,959] [common.py:63] [common:get_action_handler] [INFO]- 当前正在操作action：query_dtu_user_of_select_box
[2020-04-03 11:45:18,961] [common.py:63] [common:get_action_handler] [INFO]- 当前正在操作action：query_dtu_region_of_select_box
[2020-04-03 11:45:18,961] [common.py:63] [common:get_action_handler] [INFO]- 当前正在操作action：query_dtu_of_select_box
[2020-04-03 11:45:45,083] [common.py:63] [common:get_action_handler] [INFO]- 当前正在操作action：query_dtu_user_of_select_box
[2020-04-03 11:45:45,084] [common.py:63] [common:get_action_handler] [INFO]- 当前正在操作action：query_dtu_region_of_select_box
[2020-04-03 11:45:45,084] [common.py:63] [common:get_action_handler] [INFO]- 当前正在操作action：query_dtu_of_select_box
[2020-04-03 11:48:14,258] [common.py:63] [common:get_action_handler] [INFO]- 当前正在操作action：query_dtu_user_of_select_box
[2020-04-03 11:48:14,258] [common.py:63] [common:get_action_handler] [INFO]- 当前正在操作action：query_dtu_region_of_select_box
[2020-04-03 11:48:14,260] [common.py:63] [common:get_action_handler] [INFO]- 当前正在操作action：query_dtu_of_select_box
[2020-04-03 11:48:17,856] [common.py:63] [common:get_action_handler] [INFO]- 当前正在操作action：query_dtu_user_of_select_box
[2020-04-03 11:48:17,857] [common.py:63] [common:get_action_handler] [INFO]- 当前正在操作action：query_dtu_region_of_select_box
[2020-04-03 11:48:17,857] [common.py:63] [common:get_action_handler] [INFO]- 当前正在操作action：query_dtu_of_select_box
[2020-04-03 11:48:21,166] [common.py:63] [common:get_action_handler] [INFO]- 当前正在操作action：query_dtu_region_of_select_box
[2020-04-03 11:48:21,167] [common.py:63] [common:get_action_handler] [INFO]- 当前正在操作action：query_dtu_user_of_select_box
[2020-04-03 11:48:21,167] [common.py:63] [common:get_action_handler] [INFO]- 当前正在操作action：query_dtu_of_select_box
[2020-04-03 11:48:36,239] [common.py:63] [common:get_action_handler] [INFO]- 当前正在操作action：query_dtu_region_of_select_box
[2020-04-03 11:48:36,240] [common.py:63] [common:get_action_handler] [INFO]- 当前正在操作action：query_dtu_of_select_box
[2020-04-03 11:48:36,241] [common.py:63] [common:get_action_handler] [INFO]- 当前正在操作action：query_dtu_user_of_select_box
[2020-04-03 12:06:57,603] [common.py:63] [common:get_action_handler] [INFO]- 当前正在操作action：query_opr_log
[2020-04-03 12:06:57,617] [common.py:63] [common:get_action_handler] [INFO]- 当前正在操作action：query_system_log
[2020-04-03 12:06:57,625] [common.py:63] [common:get_action_handler] [INFO]- 当前正在操作action：query_alarm_log
[2020-04-03 12:06:57,658] [common.py:63] [common:get_action_handler] [INFO]- 当前正在操作action：query_meter
[2020-04-03 12:06:57,691] [common.py:63] [common:get_action_handler] [INFO]- 当前正在操作action：query_dtu
[2020-04-03 12:06:57,704] [common.py:63] [common:get_action_handler] [INFO]- 当前正在操作action：query_dtu_user_of_select_box
[2020-04-03 12:07:01,523] [common.py:63] [common:get_action_handler] [INFO]- 当前正在操作action：query_dtu
[2020-04-03 12:07:01,526] [common.py:63] [common:get_action_handler] [INFO]- 当前正在操作action：query_dtu_user_of_select_box
[2020-04-03 12:07:04,132] [common.py:63] [common:get_action_handler] [INFO]- 当前正在操作action：query_dtu_of_select_box
[2020-04-03 12:07:04,132] [common.py:63] [common:get_action_handler] [INFO]- 当前正在操作action：query_dtu_region_of_select_box
[2020-04-03 12:07:50,497] [common.py:63] [common:get_action_handler] [INFO]- 当前正在操作action：query_dtu_region_of_select_box
[2020-04-03 12:07:50,497] [common.py:63] [common:get_action_handler] [INFO]- 当前正在操作action：query_dtu_of_select_box
[2020-04-03 12:08:09,926] [common.py:63] [common:get_action_handler] [INFO]- 当前正在操作action：query_dtu_of_select_box
[2020-04-03 12:08:09,926] [common.py:63] [common:get_action_handler] [INFO]- 当前正在操作action：query_dtu_region_of_select_box
[2020-04-03 12:08:23,356] [common.py:63] [common:get_action_handler] [INFO]- 当前正在操作action：query_dtu_region_of_select_box
[2020-04-03 12:08:23,356] [common.py:63] [common:get_action_handler] [INFO]- 当前正在操作action：query_dtu_of_select_box
[2020-04-03 12:08:38,158] [common.py:63] [common:get_action_handler] [INFO]- 当前正在操作action：query_dtu_of_select_box
[2020-04-03 12:08:38,158] [common.py:63] [common:get_action_handler] [INFO]- 当前正在操作action：query_dtu_region_of_select_box
[2020-04-03 12:08:48,286] [common.py:63] [common:get_action_handler] [INFO]- 当前正在操作action：query_dtu_of_select_box
[2020-04-03 12:08:48,286] [common.py:63] [common:get_action_handler] [INFO]- 当前正在操作action：query_dtu_region_of_select_box
[2020-04-03 12:09:14,821] [common.py:63] [common:get_action_handler] [INFO]- 当前正在操作action：query_dtu_region_of_select_box
[2020-04-03 12:09:14,821] [common.py:63] [common:get_action_handler] [INFO]- 当前正在操作action：query_dtu_of_select_box
[2020-04-03 12:09:24,294] [common.py:63] [common:get_action_handler] [INFO]- 当前正在操作action：query_dtu_region_of_select_box
[2020-04-03 12:09:24,294] [common.py:63] [common:get_action_handler] [INFO]- 当前正在操作action：query_dtu_of_select_box
[2020-04-03 12:09:50,099] [common.py:63] [common:get_action_handler] [INFO]- 当前正在操作action：query_dtu_region_of_select_box
[2020-04-03 12:09:50,100] [common.py:63] [common:get_action_handler] [INFO]- 当前正在操作action：query_dtu_of_select_box
[2020-04-03 12:10:12,850] [common.py:63] [common:get_action_handler] [INFO]- 当前正在操作action：query_dtu_of_select_box
[2020-04-03 12:10:12,850] [common.py:63] [common:get_action_handler] [INFO]- 当前正在操作action：query_dtu_region_of_select_box
[2020-04-03 12:10:16,319] [common.py:63] [common:get_action_handler] [INFO]- 当前正在操作action：query_dtu_region_of_select_box
[2020-04-03 12:10:16,319] [common.py:63] [common:get_action_handler] [INFO]- 当前正在操作action：query_dtu_of_select_box
[2020-04-03 12:10:38,774] [common.py:63] [common:get_action_handler] [INFO]- 当前正在操作action：query_dtu_region_of_select_box
[2020-04-03 12:10:38,774] [common.py:63] [common:get_action_handler] [INFO]- 当前正在操作action：query_dtu_of_select_box
[2020-04-03 12:12:16,382] [common.py:63] [common:get_action_handler] [INFO]- 当前正在操作action：query_dtu_region_of_select_box
[2020-04-03 12:12:54,550] [common.py:63] [common:get_action_handler] [INFO]- 当前正在操作action：query_dtu_region_of_select_box
[2020-04-03 12:13:04,297] [common.py:63] [common:get_action_handler] [INFO]- 当前正在操作action：query_dtu_region_of_select_box
[2020-04-03 12:15:10,379] [common.py:63] [common:get_action_handler] [INFO]- 当前正在操作action：query_dtu_region_of_select_box
[2020-04-03 12:15:34,925] [common.py:63] [common:get_action_handler] [INFO]- 当前正在操作action：query_dtu_region_of_select_box
[2020-04-03 12:15:51,067] [common.py:63] [common:get_action_handler] [INFO]- 当前正在操作action：query_dtu_region_of_select_box
[2020-04-03 12:16:01,254] [common.py:63] [common:get_action_handler] [INFO]- 当前正在操作action：query_dtu_region_of_select_box
[2020-04-03 12:16:08,258] [common.py:63] [common:get_action_handler] [INFO]- 当前正在操作action：query_dtu_region_of_select_box
[2020-04-03 12:16:18,759] [common.py:63] [common:get_action_handler] [INFO]- 当前正在操作action：query_dtu_region_of_select_box
[2020-04-03 12:16:21,292] [common.py:63] [common:get_action_handler] [INFO]- 当前正在操作action：query_dtu_region_of_select_box
[2020-04-03 12:16:23,173] [common.py:63] [common:get_action_handler] [INFO]- 当前正在操作action：query_dtu_region_of_select_box
[2020-04-03 12:32:55,473] [common.py:63] [common:get_action_handler] [INFO]- 当前正在操作action：query_dtu
[2020-04-03 12:32:55,489] [common.py:63] [common:get_action_handler] [INFO]- 当前正在操作action：query_dtu_user_of_select_box
[2020-04-03 12:32:57,626] [common.py:63] [common:get_action_handler] [INFO]- 当前正在操作action：query_dtu
[2020-04-03 12:32:57,629] [common.py:63] [common:get_action_handler] [INFO]- 当前正在操作action：query_dtu_user_of_select_box
[2020-04-03 12:32:59,423] [common.py:63] [common:get_action_handler] [INFO]- 当前正在操作action：query_dtu
[2020-04-03 12:32:59,425] [common.py:63] [common:get_action_handler] [INFO]- 当前正在操作action：query_dtu_user_of_select_box
[2020-04-03 12:33:00,999] [common.py:63] [common:get_action_handler] [INFO]- 当前正在操作action：query_dtu
[2020-04-03 12:33:01,000] [common.py:63] [common:get_action_handler] [INFO]- 当前正在操作action：query_dtu_user_of_select_box
[2020-04-03 12:33:02,324] [common.py:63] [common:get_action_handler] [INFO]- 当前正在操作action：query_dtu_region_of_select_box
[2020-04-03 12:33:08,458] [common.py:63] [common:get_action_handler] [INFO]- 当前正在操作action：add_dtu
[2020-04-03 12:34:06,039] [common.py:63] [common:get_action_handler] [INFO]- 当前正在操作action：add_dtu
[2020-04-03 12:34:36,313] [common.py:63] [common:get_action_handler] [INFO]- 当前正在操作action：add_dtu
[2020-04-03 12:34:37,420] [common.py:63] [common:get_action_handler] [INFO]- 当前正在操作action：query_dtu
[2020-04-03 12:34:37,425] [common.py:63] [common:get_action_handler] [INFO]- 当前正在操作action：query_dtu_user_of_select_box
[2020-04-03 12:35:41,094] [common.py:63] [common:get_action_handler] [INFO]- 当前正在操作action：query_dtu
[2020-04-03 12:35:41,098] [common.py:63] [common:get_action_handler] [INFO]- 当前正在操作action：query_dtu_user_of_select_box
[2020-04-03 12:35:42,043] [common.py:63] [common:get_action_handler] [INFO]- 当前正在操作action：query_dtu
[2020-04-03 12:35:42,044] [common.py:63] [common:get_action_handler] [INFO]- 当前正在操作action：query_dtu_user_of_select_box
[2020-04-03 12:35:50,878] [common.py:63] [common:get_action_handler] [INFO]- 当前正在操作action：query_dtu
[2020-04-03 12:35:50,879] [common.py:63] [common:get_action_handler] [INFO]- 当前正在操作action：query_dtu_user_of_select_box
[2020-04-03 12:35:51,414] [common.py:63] [common:get_action_handler] [INFO]- 当前正在操作action：query_meter
[2020-04-03 12:36:03,306] [common.py:63] [common:get_action_handler] [INFO]- 当前正在操作action：query_dtu
[2020-04-03 12:36:03,309] [common.py:63] [common:get_action_handler] [INFO]- 当前正在操作action：query_dtu_user_of_select_box
[2020-04-03 12:36:03,739] [common.py:63] [common:get_action_handler] [INFO]- 当前正在操作action：query_meter
[2020-04-03 12:36:04,093] [common.py:63] [common:get_action_handler] [INFO]- 当前正在操作action：query_dtu
[2020-04-03 12:36:04,097] [common.py:63] [common:get_action_handler] [INFO]- 当前正在操作action：query_dtu_user_of_select_box
[2020-04-03 12:36:04,302] [common.py:63] [common:get_action_handler] [INFO]- 当前正在操作action：query_meter
[2020-04-03 12:36:04,570] [common.py:63] [common:get_action_handler] [INFO]- 当前正在操作action：query_dtu
[2020-04-03 12:36:04,571] [common.py:63] [common:get_action_handler] [INFO]- 当前正在操作action：query_dtu_user_of_select_box
[2020-04-03 12:36:04,867] [common.py:63] [common:get_action_handler] [INFO]- 当前正在操作action：query_meter
[2020-04-03 14:04:08,096] [common.py:63] [common:get_action_handler] [INFO]- 当前正在操作action：query_dtu
[2020-04-03 14:04:08,102] [common.py:63] [common:get_action_handler] [INFO]- 当前正在操作action：query_dtu_user_of_select_box
[2020-04-03 14:04:08,121] [common.py:63] [common:get_action_handler] [INFO]- 当前正在操作action：query_meter
[2020-04-03 14:04:11,437] [common.py:63] [common:get_action_handler] [INFO]- 当前正在操作action：query_state
[2020-04-03 14:04:11,452] [common.py:63] [common:get_action_handler] [INFO]- 当前正在操作action：query_dtu
[2020-04-03 14:04:13,132] [common.py:63] [common:get_action_handler] [INFO]- 当前正在操作action：query_state
[2020-04-03 14:04:13,145] [common.py:63] [common:get_action_handler] [INFO]- 当前正在操作action：query_dtu
[2020-04-03 14:04:14,865] [common.py:63] [common:get_action_handler] [INFO]- 当前正在操作action：query_state
[2020-04-03 14:04:14,879] [common.py:63] [common:get_action_handler] [INFO]- 当前正在操作action：query_dtu
[2020-04-03 14:04:16,723] [common.py:63] [common:get_action_handler] [INFO]- 当前正在操作action：query_state
[2020-04-03 14:04:16,736] [common.py:63] [common:get_action_handler] [INFO]- 当前正在操作action：query_dtu
[2020-04-03 14:47:03,589] [common.py:63] [common:get_action_handler] [INFO]- 当前正在操作action：query_meter
[2020-04-03 14:53:48,687] [common.py:63] [common:get_action_handler] [INFO]- 当前正在操作action：query_dtu
[2020-04-03 14:53:48,690] [common.py:63] [common:get_action_handler] [INFO]- 当前正在操作action：query_dtu_user_of_select_box
[2020-04-03 14:53:48,708] [common.py:63] [common:get_action_handler] [INFO]- 当前正在操作action：query_meter
[2020-04-03 14:54:55,389] [common.py:63] [common:get_action_handler] [INFO]- 当前正在操作action：query_meter
[2020-04-03 14:54:55,402] [common.py:63] [common:get_action_handler] [INFO]- 当前正在操作action：query_dtu
[2020-04-03 14:54:55,414] [common.py:63] [common:get_action_handler] [INFO]- 当前正在操作action：query_dtu_user_of_select_box
[2020-04-03 15:00:56,114] [common.py:63] [common:get_action_handler] [INFO]- 当前正在操作action：query_dtu
[2020-04-03 15:00:56,117] [common.py:63] [common:get_action_handler] [INFO]- 当前正在操作action：query_dtu_user_of_select_box
[2020-04-03 15:00:56,133] [common.py:63] [common:get_action_handler] [INFO]- 当前正在操作action：query_meter
[2020-04-03 15:01:21,985] [common.py:63] [common:get_action_handler] [INFO]- 当前正在操作action：query_meter
[2020-04-03 15:01:49,490] [common.py:63] [common:get_action_handler] [INFO]- 当前正在操作action：query_meter
[2020-04-03 15:04:18,488] [common.py:63] [common:get_action_handler] [INFO]- 当前正在操作action：query_dtu
[2020-04-03 15:04:18,491] [common.py:63] [common:get_action_handler] [INFO]- 当前正在操作action：query_dtu_user_of_select_box
[2020-04-03 15:05:19,134] [common.py:63] [common:get_action_handler] [INFO]- 当前正在操作action：query_dtu
[2020-04-03 15:05:19,138] [common.py:63] [common:get_action_handler] [INFO]- 当前正在操作action：query_dtu_user_of_select_box
[2020-04-03 15:05:19,164] [common.py:63] [common:get_action_handler] [INFO]- 当前正在操作action：query_meter
[2020-04-03 15:05:22,997] [common.py:63] [common:get_action_handler] [INFO]- 当前正在操作action：query_dtu
[2020-04-03 15:05:23,005] [common.py:63] [common:get_action_handler] [INFO]- 当前正在操作action：query_dtu_user_of_select_box
[2020-04-03 15:05:23,009] [common.py:63] [common:get_action_handler] [INFO]- 当前正在操作action：query_meter
[2020-04-03 15:05:29,440] [common.py:63] [common:get_action_handler] [INFO]- 当前正在操作action：query_meter
[2020-04-03 15:10:48,902] [common.py:63] [common:get_action_handler] [INFO]- 当前正在操作action：login
[2020-04-03 15:10:50,302] [common.py:63] [common:get_action_handler] [INFO]- 当前正在操作action：query_dtu
[2020-04-03 15:10:50,306] [common.py:63] [common:get_action_handler] [INFO]- 当前正在操作action：query_dtu_user_of_select_box
[2020-04-03 15:10:50,320] [common.py:63] [common:get_action_handler] [INFO]- 当前正在操作action：query_meter
[2020-04-03 15:10:50,331] [common.py:63] [common:get_action_handler] [INFO]- 当前正在操作action：query_dtu_user_of_select_box
[2020-04-03 15:10:59,812] [common.py:63] [common:get_action_handler] [INFO]- 当前正在操作action：query_dtu_by_user_id
[2020-04-03 15:13:02,499] [common.py:63] [common:get_action_handler] [INFO]- 当前正在操作action：query_meter
[2020-04-03 15:13:02,516] [common.py:63] [common:get_action_handler] [INFO]- 当前正在操作action：query_dtu_user_of_select_box
[2020-04-03 15:13:04,326] [common.py:63] [common:get_action_handler] [INFO]- 当前正在操作action：query_dtu_by_user_id
[2020-04-03 15:13:34,997] [common.py:63] [common:get_action_handler] [INFO]- 当前正在操作action：query_meter
[2020-04-03 15:13:35,015] [common.py:63] [common:get_action_handler] [INFO]- 当前正在操作action：query_dtu_user_of_select_box
[2020-04-03 15:13:45,675] [common.py:63] [common:get_action_handler] [INFO]- 当前正在操作action：query_meter
[2020-04-03 15:13:45,689] [common.py:63] [common:get_action_handler] [INFO]- 当前正在操作action：query_dtu_user_of_select_box
[2020-04-03 15:13:47,208] [common.py:63] [common:get_action_handler] [INFO]- 当前正在操作action：query_opr_log
[2020-04-03 15:13:50,443] [common.py:63] [common:get_action_handler] [INFO]- 当前正在操作action：query_system_log
[2020-04-03 15:13:50,794] [common.py:63] [common:get_action_handler] [INFO]- 当前正在操作action：query_alarm_log
[2020-04-03 15:18:11,584] [common.py:63] [common:get_action_handler] [INFO]- 当前正在操作action：query_meter
[2020-04-03 15:18:11,604] [common.py:63] [common:get_action_handler] [INFO]- 当前正在操作action：query_dtu_user_of_select_box
[2020-04-03 15:18:13,166] [common.py:63] [common:get_action_handler] [INFO]- 当前正在操作action：query_dtu
[2020-04-03 15:18:43,690] [common.py:63] [common:get_action_handler] [INFO]- 当前正在操作action：query_state
[2020-04-03 15:18:43,705] [common.py:63] [common:get_action_handler] [INFO]- 当前正在操作action：query_dtu
[2020-04-03 15:19:17,448] [common.py:63] [common:get_action_handler] [INFO]- 当前正在操作action：query_meter
[2020-04-03 15:19:17,451] [common.py:63] [common:get_action_handler] [INFO]- 当前正在操作action：query_dtu_user_of_select_box
[2020-04-03 15:19:20,842] [common.py:63] [common:get_action_handler] [INFO]- 当前正在操作action：query_dtu_by_user_id
[2020-04-03 15:19:22,306] [common.py:63] [common:get_action_handler] [INFO]- 当前正在操作action：query_meter
[2020-04-03 15:19:24,853] [common.py:63] [common:get_action_handler] [INFO]- 当前正在操作action：query_meter
[2020-04-03 15:19:26,375] [common.py:63] [common:get_action_handler] [INFO]- 当前正在操作action：query_meter
[2020-04-03 15:19:27,359] [common.py:63] [common:get_action_handler] [INFO]- 当前正在操作action：query_dtu_by_user_id
[2020-04-03 15:20:19,349] [common.py:63] [common:get_action_handler] [INFO]- 当前正在操作action：query_state
[2020-04-03 15:20:19,365] [common.py:63] [common:get_action_handler] [INFO]- 当前正在操作action：query_dtu
[2020-04-03 15:20:36,738] [common.py:63] [common:get_action_handler] [INFO]- 当前正在操作action：query_dtu
[2020-04-03 15:22:26,091] [common.py:63] [common:get_action_handler] [INFO]- 当前正在操作action：query_dtu
[2020-04-03 15:22:32,993] [common.py:63] [common:get_action_handler] [INFO]- 当前正在操作action：query_dtu
[2020-04-03 15:22:46,841] [common.py:63] [common:get_action_handler] [INFO]- 当前正在操作action：query_dtu
[2020-04-03 15:22:48,828] [common.py:63] [common:get_action_handler] [INFO]- 当前正在操作action：query_meter
[2020-04-03 15:22:48,832] [common.py:63] [common:get_action_handler] [INFO]- 当前正在操作action：query_dtu_user_of_select_box
[2020-04-03 15:22:49,834] [common.py:63] [common:get_action_handler] [INFO]- 当前正在操作action：query_dtu
[2020-04-03 15:22:52,714] [common.py:63] [common:get_action_handler] [INFO]- 当前正在操作action：query_dtu
[2020-04-03 15:23:24,086] [common.py:63] [common:get_action_handler] [INFO]- 当前正在操作action：query_dtu
[2020-04-03 15:23:27,350] [common.py:63] [common:get_action_handler] [INFO]- 当前正在操作action：query_meter
[2020-04-03 15:23:27,353] [common.py:63] [common:get_action_handler] [INFO]- 当前正在操作action：query_dtu_user_of_select_box
[2020-04-03 15:23:28,245] [common.py:63] [common:get_action_handler] [INFO]- 当前正在操作action：query_dtu
[2020-04-03 15:27:36,996] [common.py:63] [common:get_action_handler] [INFO]- 当前正在操作action：query_dtu_region_of_select_box
[2020-04-03 15:27:37,003] [common.py:63] [common:get_action_handler] [INFO]- 当前正在操作action：query_dtu_of_select_box
[2020-04-03 15:27:39,884] [common.py:63] [common:get_action_handler] [INFO]- 当前正在操作action：query_dtu_of_select_box
[2020-04-03 15:27:39,884] [common.py:63] [common:get_action_handler] [INFO]- 当前正在操作action：query_dtu_region_of_select_box
[2020-04-03 15:28:03,329] [common.py:63] [common:get_action_handler] [INFO]- 当前正在操作action：query_dtu_region_of_select_box
[2020-04-03 15:28:03,330] [common.py:63] [common:get_action_handler] [INFO]- 当前正在操作action：query_dtu_of_select_box
[2020-04-03 15:28:18,823] [common.py:63] [common:get_action_handler] [INFO]- 当前正在操作action：query_dtu_region_of_select_box
[2020-04-03 15:28:18,823] [common.py:63] [common:get_action_handler] [INFO]- 当前正在操作action：query_dtu_of_select_box
[2020-04-03 15:29:16,772] [common.py:63] [common:get_action_handler] [INFO]- 当前正在操作action：query_dtu_region_of_select_box
[2020-04-03 15:29:16,772] [common.py:63] [common:get_action_handler] [INFO]- 当前正在操作action：query_dtu_of_select_box
[2020-04-03 19:12:28,696] [common.py:63] [common:get_action_handler] [INFO]- 当前正在操作action：query_meter
[2020-04-03 19:12:28,717] [common.py:63] [common:get_action_handler] [INFO]- 当前正在操作action：query_dtu_user_of_select_box
[2020-04-03 19:12:29,991] [common.py:63] [common:get_action_handler] [INFO]- 当前正在操作action：query_meter
[2020-04-03 19:12:29,995] [common.py:63] [common:get_action_handler] [INFO]- 当前正在操作action：query_dtu_user_of_select_box
[2020-04-03 19:13:03,826] [common.py:63] [common:get_action_handler] [INFO]- 当前正在操作action：query_meter
[2020-04-03 19:13:03,830] [common.py:63] [common:get_action_handler] [INFO]- 当前正在操作action：query_dtu_user_of_select_box
[2020-04-03 19:13:05,693] [common.py:63] [common:get_action_handler] [INFO]- 当前正在操作action：query_meter
[2020-04-03 19:13:05,697] [common.py:63] [common:get_action_handler] [INFO]- 当前正在操作action：query_dtu_user_of_select_box
[2020-04-03 19:13:10,917] [common.py:63] [common:get_action_handler] [INFO]- 当前正在操作action：query_dtu_region_of_select_box
[2020-04-03 19:13:10,917] [common.py:63] [common:get_action_handler] [INFO]- 当前正在操作action：query_dtu_of_select_box
[2020-04-03 19:13:10,925] [common.py:63] [common:get_action_handler] [INFO]- 当前正在操作action：query_dtu_of_select_box
[2020-04-03 19:13:16,559] [common.py:63] [common:get_action_handler] [INFO]- 当前正在操作action：query_dtu_region_of_select_box
[2020-04-03 19:13:16,559] [common.py:63] [common:get_action_handler] [INFO]- 当前正在操作action：query_dtu_of_select_box
[2020-04-03 19:13:16,568] [common.py:63] [common:get_action_handler] [INFO]- 当前正在操作action：query_dtu_of_select_box
[2020-04-03 19:13:19,349] [common.py:63] [common:get_action_handler] [INFO]- 当前正在操作action：query_dtu_of_select_box
[2020-04-03 19:13:19,351] [common.py:63] [common:get_action_handler] [INFO]- 当前正在操作action：query_dtu_region_of_select_box
[2020-04-03 19:13:19,358] [common.py:63] [common:get_action_handler] [INFO]- 当前正在操作action：query_dtu_of_select_box
[2020-04-03 19:13:46,741] [common.py:63] [common:get_action_handler] [INFO]- 当前正在操作action：query_meter
[2020-04-03 19:13:46,744] [common.py:63] [common:get_action_handler] [INFO]- 当前正在操作action：query_dtu_user_of_select_box
[2020-04-03 19:13:48,065] [common.py:63] [common:get_action_handler] [INFO]- 当前正在操作action：query_dtu_of_select_box
[2020-04-03 19:13:48,065] [common.py:63] [common:get_action_handler] [INFO]- 当前正在操作action：query_dtu_region_of_select_box
[2020-04-03 19:13:48,073] [common.py:63] [common:get_action_handler] [INFO]- 当前正在操作action：query_dtu_of_select_box
[2020-04-03 19:15:29,747] [common.py:63] [common:get_action_handler] [INFO]- 当前正在操作action：add_meter
[2020-04-03 19:15:33,261] [common.py:63] [common:get_action_handler] [INFO]- 当前正在操作action：add_meter
[2020-04-03 19:15:36,086] [common.py:63] [common:get_action_handler] [INFO]- 当前正在操作action：add_meter
[2020-04-03 19:15:39,291] [common.py:63] [common:get_action_handler] [INFO]- 当前正在操作action：add_meter
[2020-04-03 19:15:40,398] [common.py:63] [common:get_action_handler] [INFO]- 当前正在操作action：query_meter
[2020-04-03 19:15:40,404] [common.py:63] [common:get_action_handler] [INFO]- 当前正在操作action：query_dtu_user_of_select_box
[2020-04-03 19:15:42,378] [common.py:63] [common:get_action_handler] [INFO]- 当前正在操作action：query_meter
[2020-04-03 19:15:42,382] [common.py:63] [common:get_action_handler] [INFO]- 当前正在操作action：query_dtu_user_of_select_box
[2020-04-03 19:16:10,779] [common.py:63] [common:get_action_handler] [INFO]- 当前正在操作action：query_dtu_of_select_box
[2020-04-03 19:16:10,786] [common.py:63] [common:get_action_handler] [INFO]- 当前正在操作action：query_dtu_of_select_box
[2020-04-03 19:16:28,374] [common.py:63] [common:get_action_handler] [INFO]- 当前正在操作action：add_meter
[2020-04-03 19:17:45,278] [common.py:63] [common:get_action_handler] [INFO]- 当前正在操作action：add_meter
[2020-04-03 19:56:36,880] [common.py:63] [common:get_action_handler] [INFO]- 当前正在操作action：query_state
[2020-04-03 19:56:36,894] [common.py:63] [common:get_action_handler] [INFO]- 当前正在操作action：query_dtu
[2020-04-03 19:56:38,469] [common.py:63] [common:get_action_handler] [INFO]- 当前正在操作action：query_state
[2020-04-03 19:56:38,482] [common.py:63] [common:get_action_handler] [INFO]- 当前正在操作action：query_dtu
[2020-04-03 20:07:49,505] [common.py:63] [common:get_action_handler] [INFO]- 当前正在操作action：query_state
[2020-04-03 20:07:49,520] [common.py:63] [common:get_action_handler] [INFO]- 当前正在操作action：query_dtu_of_select_box
[2020-04-03 20:18:18,186] [common.py:63] [common:get_action_handler] [INFO]- 当前正在操作action：query_state
[2020-04-03 20:18:18,199] [common.py:63] [common:get_action_handler] [INFO]- 当前正在操作action：query_dtu_of_select_box
[2020-04-03 20:18:20,641] [common.py:63] [common:get_action_handler] [INFO]- 当前正在操作action：query_state
[2020-04-03 20:18:20,653] [common.py:63] [common:get_action_handler] [INFO]- 当前正在操作action：query_dtu_of_select_box
[2020-04-03 20:18:37,562] [common.py:63] [common:get_action_handler] [INFO]- 当前正在操作action：query_state
[2020-04-03 20:18:37,575] [common.py:63] [common:get_action_handler] [INFO]- 当前正在操作action：query_dtu_of_select_box
[2020-04-03 21:09:16,864] [common.py:63] [common:get_action_handler] [INFO]- 当前正在操作action：query_opr_log
[2020-04-03 21:19:45,652] [common.py:63] [common:get_action_handler] [INFO]- 当前正在操作action：query_alarm_log
[2020-04-03 21:19:45,665] [common.py:63] [common:get_action_handler] [INFO]- 当前正在操作action：query_opr_log
[2020-04-03 21:19:45,705] [common.py:63] [common:get_action_handler] [INFO]- 当前正在操作action：query_system_log
[2020-04-03 21:19:45,730] [common.py:63] [common:get_action_handler] [INFO]- 当前正在操作action：query_meter
[2020-04-03 21:19:45,730] [common.py:63] [common:get_action_handler] [INFO]- 当前正在操作action：query_dtu_user_of_select_box
[2020-04-03 21:19:45,749] [common.py:63] [common:get_action_handler] [INFO]- 当前正在操作action：query_dtu
[2020-04-03 21:19:45,768] [common.py:63] [common:get_action_handler] [INFO]- 当前正在操作action：query_dtu_user_of_select_box
[2020-04-03 21:19:48,001] [common.py:63] [common:get_action_handler] [INFO]- 当前正在操作action：query_dtu
[2020-04-03 21:19:48,002] [common.py:63] [common:get_action_handler] [INFO]- 当前正在操作action：query_dtu_user_of_select_box
[2020-04-03 21:19:48,023] [common.py:63] [common:get_action_handler] [INFO]- 当前正在操作action：query_opr_log
[2020-04-03 21:19:48,024] [common.py:63] [common:get_action_handler] [INFO]- 当前正在操作action：query_system_log
[2020-04-03 21:19:48,035] [common.py:63] [common:get_action_handler] [INFO]- 当前正在操作action：query_dtu_user_of_select_box
[2020-04-03 21:19:48,036] [common.py:63] [common:get_action_handler] [INFO]- 当前正在操作action：query_meter
[2020-04-03 21:19:48,044] [common.py:63] [common:get_action_handler] [INFO]- 当前正在操作action：query_alarm_log
[2020-04-03 21:19:49,537] [common.py:63] [common:get_action_handler] [INFO]- 当前正在操作action：query_opr_log
[2020-04-03 21:19:49,550] [common.py:63] [common:get_action_handler] [INFO]- 当前正在操作action：query_system_log
[2020-04-03 21:19:49,561] [common.py:63] [common:get_action_handler] [INFO]- 当前正在操作action：query_alarm_log
[2020-04-03 21:19:49,576] [common.py:63] [common:get_action_handler] [INFO]- 当前正在操作action：query_dtu_user_of_select_box
[2020-04-03 21:19:49,584] [common.py:63] [common:get_action_handler] [INFO]- 当前正在操作action：query_dtu
[2020-04-03 21:19:49,584] [common.py:63] [common:get_action_handler] [INFO]- 当前正在操作action：query_meter
[2020-04-03 21:19:49,592] [common.py:63] [common:get_action_handler] [INFO]- 当前正在操作action：query_dtu_user_of_select_box
[2020-04-03 21:19:50,481] [common.py:63] [common:get_action_handler] [INFO]- 当前正在操作action：query_opr_log
[2020-04-03 21:19:50,489] [common.py:63] [common:get_action_handler] [INFO]- 当前正在操作action：query_system_log
[2020-04-03 21:19:50,500] [common.py:63] [common:get_action_handler] [INFO]- 当前正在操作action：query_alarm_log
[2020-04-03 21:19:50,522] [common.py:63] [common:get_action_handler] [INFO]- 当前正在操作action：query_dtu_user_of_select_box
[2020-04-03 21:19:50,529] [common.py:63] [common:get_action_handler] [INFO]- 当前正在操作action：query_meter
[2020-04-03 21:19:50,530] [common.py:63] [common:get_action_handler] [INFO]- 当前正在操作action：query_dtu
[2020-04-03 21:19:50,541] [common.py:63] [common:get_action_handler] [INFO]- 当前正在操作action：query_dtu_user_of_select_box
[2020-04-03 21:19:51,241] [common.py:63] [common:get_action_handler] [INFO]- 当前正在操作action：query_opr_log
[2020-04-03 21:19:51,257] [common.py:63] [common:get_action_handler] [INFO]- 当前正在操作action：query_dtu_user_of_select_box
[2020-04-03 21:19:51,257] [common.py:63] [common:get_action_handler] [INFO]- 当前正在操作action：query_dtu
[2020-04-03 21:19:51,267] [common.py:63] [common:get_action_handler] [INFO]- 当前正在操作action：query_alarm_log
[2020-04-03 21:19:51,276] [common.py:63] [common:get_action_handler] [INFO]- 当前正在操作action：query_system_log
[2020-04-03 21:19:51,283] [common.py:63] [common:get_action_handler] [INFO]- 当前正在操作action：query_meter
[2020-04-03 21:19:51,293] [common.py:63] [common:get_action_handler] [INFO]- 当前正在操作action：query_dtu_user_of_select_box
[2020-04-03 21:19:51,924] [common.py:63] [common:get_action_handler] [INFO]- 当前正在操作action：query_dtu
[2020-04-03 21:19:51,926] [common.py:63] [common:get_action_handler] [INFO]- 当前正在操作action：query_dtu_user_of_select_box
[2020-04-03 21:19:51,941] [common.py:63] [common:get_action_handler] [INFO]- 当前正在操作action：query_meter
[2020-04-03 21:19:51,949] [common.py:63] [common:get_action_handler] [INFO]- 当前正在操作action：query_dtu_user_of_select_box
[2020-04-03 21:19:51,959] [common.py:63] [common:get_action_handler] [INFO]- 当前正在操作action：query_opr_log
[2020-04-03 21:19:51,966] [common.py:63] [common:get_action_handler] [INFO]- 当前正在操作action：query_system_log
[2020-04-03 21:19:51,967] [common.py:63] [common:get_action_handler] [INFO]- 当前正在操作action：query_alarm_log
[2020-04-03 21:19:52,591] [common.py:63] [common:get_action_handler] [INFO]- 当前正在操作action：query_dtu
[2020-04-03 21:19:52,594] [common.py:63] [common:get_action_handler] [INFO]- 当前正在操作action：query_dtu_user_of_select_box
[2020-04-03 21:19:52,614] [common.py:63] [common:get_action_handler] [INFO]- 当前正在操作action：query_meter
[2020-04-03 21:19:52,615] [common.py:63] [common:get_action_handler] [INFO]- 当前正在操作action：query_dtu_user_of_select_box
[2020-04-03 21:19:52,622] [common.py:63] [common:get_action_handler] [INFO]- 当前正在操作action：query_opr_log
[2020-04-03 21:19:52,630] [common.py:63] [common:get_action_handler] [INFO]- 当前正在操作action：query_system_log
[2020-04-03 21:19:52,636] [common.py:63] [common:get_action_handler] [INFO]- 当前正在操作action：query_alarm_log
[2020-04-03 21:20:20,746] [common.py:63] [common:get_action_handler] [INFO]- 当前正在操作action：query_opr_log
[2020-04-03 21:20:20,765] [common.py:63] [common:get_action_handler] [INFO]- 当前正在操作action：query_dtu
[2020-04-03 21:20:20,765] [common.py:63] [common:get_action_handler] [INFO]- 当前正在操作action：query_dtu_user_of_select_box
[2020-04-03 21:20:20,789] [common.py:63] [common:get_action_handler] [INFO]- 当前正在操作action：query_meter
[2020-04-03 21:20:20,790] [common.py:63] [common:get_action_handler] [INFO]- 当前正在操作action：query_dtu_user_of_select_box
[2020-04-03 21:20:20,804] [common.py:63] [common:get_action_handler] [INFO]- 当前正在操作action：query_system_log
[2020-04-03 21:20:20,810] [common.py:63] [common:get_action_handler] [INFO]- 当前正在操作action：query_alarm_log
[2020-04-03 21:20:22,219] [common.py:63] [common:get_action_handler] [INFO]- 当前正在操作action：query_meter
[2020-04-03 21:20:22,221] [common.py:63] [common:get_action_handler] [INFO]- 当前正在操作action：query_dtu_user_of_select_box
[2020-04-03 21:20:22,541] [common.py:63] [common:get_action_handler] [INFO]- 当前正在操作action：query_dtu
[2020-04-03 21:20:22,544] [common.py:63] [common:get_action_handler] [INFO]- 当前正在操作action：query_dtu_user_of_select_box
[2020-04-03 21:20:22,739] [common.py:63] [common:get_action_handler] [INFO]- 当前正在操作action：query_meter
[2020-04-03 21:20:22,743] [common.py:63] [common:get_action_handler] [INFO]- 当前正在操作action：query_dtu_user_of_select_box
[2020-04-03 21:20:23,725] [common.py:63] [common:get_action_handler] [INFO]- 当前正在操作action：query_meter
[2020-04-03 21:20:23,729] [common.py:63] [common:get_action_handler] [INFO]- 当前正在操作action：query_dtu_user_of_select_box
[2020-04-03 21:20:27,968] [common.py:63] [common:get_action_handler] [INFO]- 当前正在操作action：query_alarm_log
[2020-04-03 21:20:29,318] [common.py:63] [common:get_action_handler] [INFO]- 当前正在操作action：query_alarm_log
[2020-04-03 21:20:35,455] [common.py:63] [common:get_action_handler] [INFO]- 当前正在操作action：query_alarm_log
[2020-04-03 21:21:59,835] [common.py:63] [common:get_action_handler] [INFO]- 当前正在操作action：query_meter
[2020-04-03 21:21:59,839] [common.py:63] [common:get_action_handler] [INFO]- 当前正在操作action：query_dtu_user_of_select_box
[2020-04-03 21:22:12,447] [common.py:63] [common:get_action_handler] [INFO]- 当前正在操作action：login
[2020-04-03 21:22:13,897] [common.py:63] [common:get_action_handler] [INFO]- 当前正在操作action：query_system_log
[2020-04-03 21:22:13,904] [common.py:63] [common:get_action_handler] [INFO]- 当前正在操作action：query_opr_log
[2020-04-03 21:22:13,911] [common.py:63] [common:get_action_handler] [INFO]- 当前正在操作action：query_alarm_log
[2020-04-03 21:22:13,925] [common.py:63] [common:get_action_handler] [INFO]- 当前正在操作action：query_meter
[2020-04-03 21:22:13,926] [common.py:63] [common:get_action_handler] [INFO]- 当前正在操作action：query_dtu_of_select_box
[2020-04-03 21:22:13,970] [common.py:63] [common:get_action_handler] [INFO]- 当前正在操作action：query_dtu_user_of_select_box
[2020-04-03 21:22:16,934] [common.py:63] [common:get_action_handler] [INFO]- 当前正在操作action：query_meter
[2020-04-03 21:22:16,937] [common.py:63] [common:get_action_handler] [INFO]- 当前正在操作action：query_dtu_of_select_box
[2020-04-03 21:22:21,420] [common.py:63] [common:get_action_handler] [INFO]- 当前正在操作action：query_meter
[2020-04-03 21:22:21,423] [common.py:63] [common:get_action_handler] [INFO]- 当前正在操作action：query_dtu_of_select_box
[2020-04-03 21:22:22,274] [common.py:63] [common:get_action_handler] [INFO]- 当前正在操作action：query_meter
[2020-04-03 21:22:22,276] [common.py:63] [common:get_action_handler] [INFO]- 当前正在操作action：query_dtu_of_select_box
[2020-04-03 21:22:24,731] [common.py:63] [common:get_action_handler] [INFO]- 当前正在操作action：query_meter
[2020-04-03 21:22:24,734] [common.py:63] [common:get_action_handler] [INFO]- 当前正在操作action：query_dtu_of_select_box
[2020-04-03 21:22:27,023] [common.py:63] [common:get_action_handler] [INFO]- 当前正在操作action：query_meter
[2020-04-03 21:22:27,026] [common.py:63] [common:get_action_handler] [INFO]- 当前正在操作action：query_dtu_of_select_box
[2020-04-03 21:22:35,088] [common.py:63] [common:get_action_handler] [INFO]- 当前正在操作action：query_meter
[2020-04-03 21:22:35,092] [common.py:63] [common:get_action_handler] [INFO]- 当前正在操作action：query_dtu_of_select_box
[2020-04-03 21:22:39,832] [common.py:63] [common:get_action_handler] [INFO]- 当前正在操作action：update_meter
[2020-04-03 21:22:42,705] [common.py:63] [common:get_action_handler] [INFO]- 当前正在操作action：update_meter
[2020-04-03 21:23:55,115] [common.py:63] [common:get_action_handler] [INFO]- 当前正在操作action：query_state
[2020-04-03 21:24:20,485] [common.py:63] [common:get_action_handler] [INFO]- 当前正在操作action：query_state
[2020-04-03 21:24:20,499] [common.py:63] [common:get_action_handler] [INFO]- 当前正在操作action：query_dtu_of_select_box
[2020-04-03 21:24:57,928] [common.py:63] [common:get_action_handler] [INFO]- 当前正在操作action：query_state
[2020-04-03 21:24:57,941] [common.py:63] [common:get_action_handler] [INFO]- 当前正在操作action：query_dtu_of_select_box
[2020-04-03 21:25:02,118] [common.py:63] [common:get_action_handler] [INFO]- 当前正在操作action：query_state
[2020-04-03 21:25:02,130] [common.py:63] [common:get_action_handler] [INFO]- 当前正在操作action：query_dtu_of_select_box
[2020-04-03 21:25:04,192] [common.py:63] [common:get_action_handler] [INFO]- 当前正在操作action：query_state
[2020-04-03 21:25:04,204] [common.py:63] [common:get_action_handler] [INFO]- 当前正在操作action：query_dtu_of_select_box
[2020-04-03 21:25:06,804] [common.py:63] [common:get_action_handler] [INFO]- 当前正在操作action：query_state
[2020-04-03 21:25:06,815] [common.py:63] [common:get_action_handler] [INFO]- 当前正在操作action：query_dtu_of_select_box
[2020-04-03 21:25:09,093] [common.py:63] [common:get_action_handler] [INFO]- 当前正在操作action：query_state
[2020-04-03 21:25:09,105] [common.py:63] [common:get_action_handler] [INFO]- 当前正在操作action：query_dtu_of_select_box
[2020-04-03 21:28:51,623] [common.py:63] [common:get_action_handler] [INFO]- 当前正在操作action：query_meter
[2020-04-03 21:28:51,641] [common.py:63] [common:get_action_handler] [INFO]- 当前正在操作action：query_dtu_of_select_box
[2020-04-03 21:28:52,925] [common.py:63] [common:get_action_handler] [INFO]- 当前正在操作action：query_state
[2020-04-03 21:28:52,937] [common.py:63] [common:get_action_handler] [INFO]- 当前正在操作action：query_dtu_of_select_box
[2020-04-03 21:28:55,594] [common.py:63] [common:get_action_handler] [INFO]- 当前正在操作action：query_state
[2020-04-03 21:28:55,606] [common.py:63] [common:get_action_handler] [INFO]- 当前正在操作action：query_dtu_of_select_box
[2020-04-03 21:28:58,799] [common.py:63] [common:get_action_handler] [INFO]- 当前正在操作action：query_state
[2020-04-03 21:28:58,812] [common.py:63] [common:get_action_handler] [INFO]- 当前正在操作action：query_dtu_of_select_box
[2020-04-03 21:29:08,533] [common.py:63] [common:get_action_handler] [INFO]- 当前正在操作action：query_state
[2020-04-03 21:29:08,547] [common.py:63] [common:get_action_handler] [INFO]- 当前正在操作action：query_dtu_of_select_box
[2020-04-03 21:29:10,374] [common.py:63] [common:get_action_handler] [INFO]- 当前正在操作action：query_state
[2020-04-03 21:29:10,386] [common.py:63] [common:get_action_handler] [INFO]- 当前正在操作action：query_dtu_of_select_box
[2020-04-03 21:31:12,295] [common.py:63] [common:get_action_handler] [INFO]- 当前正在操作action：query_state
[2020-04-03 21:31:12,307] [common.py:63] [common:get_action_handler] [INFO]- 当前正在操作action：query_dtu_of_select_box
[2020-04-03 21:31:14,290] [common.py:63] [common:get_action_handler] [INFO]- 当前正在操作action：query_state
[2020-04-03 21:31:14,303] [common.py:63] [common:get_action_handler] [INFO]- 当前正在操作action：query_dtu_of_select_box
[2020-04-03 21:32:58,434] [common.py:63] [common:get_action_handler] [INFO]- 当前正在操作action：query_meter
[2020-04-03 21:32:58,451] [common.py:63] [common:get_action_handler] [INFO]- 当前正在操作action：query_dtu_of_select_box
[2020-04-03 21:33:04,549] [common.py:63] [common:get_action_handler] [INFO]- 当前正在操作action：query_alarm_log
[2020-04-03 21:33:04,564] [common.py:63] [common:get_action_handler] [INFO]- 当前正在操作action：query_opr_log
[2020-04-03 21:33:04,583] [common.py:63] [common:get_action_handler] [INFO]- 当前正在操作action：query_system_log
[2020-04-03 21:33:04,607] [common.py:63] [common:get_action_handler] [INFO]- 当前正在操作action：query_dtu_user_of_select_box
[2020-04-03 21:33:04,615] [common.py:63] [common:get_action_handler] [INFO]- 当前正在操作action：query_meter
[2020-04-03 21:33:04,616] [common.py:63] [common:get_action_handler] [INFO]- 当前正在操作action：query_dtu_of_select_box
[2020-04-03 21:35:55,297] [common.py:63] [common:get_action_handler] [INFO]- 当前正在操作action：query_dtu_user_of_select_box
[2020-04-03 21:35:55,305] [common.py:63] [common:get_action_handler] [INFO]- 当前正在操作action：query_alarm_log
[2020-04-03 21:35:55,327] [common.py:63] [common:get_action_handler] [INFO]- 当前正在操作action：query_opr_log
[2020-04-03 21:35:55,345] [common.py:63] [common:get_action_handler] [INFO]- 当前正在操作action：query_meter
[2020-04-03 21:35:55,392] [common.py:63] [common:get_action_handler] [INFO]- 当前正在操作action：query_dtu_of_select_box
[2020-04-03 21:35:55,394] [common.py:63] [common:get_action_handler] [INFO]- 当前正在操作action：query_system_log
[2020-04-03 21:36:23,981] [common.py:63] [common:get_action_handler] [INFO]- 当前正在操作action：query_meter
[2020-04-03 21:36:23,985] [common.py:63] [common:get_action_handler] [INFO]- 当前正在操作action：query_dtu_of_select_box
[2020-04-03 21:36:49,679] [common.py:63] [common:get_action_handler] [INFO]- 当前正在操作action：query_system_log
[2020-04-03 21:36:49,686] [common.py:63] [common:get_action_handler] [INFO]- 当前正在操作action：query_alarm_log
[2020-04-03 21:36:49,693] [common.py:63] [common:get_action_handler] [INFO]- 当前正在操作action：query_opr_log
[2020-04-03 21:36:49,713] [common.py:63] [common:get_action_handler] [INFO]- 当前正在操作action：query_meter
[2020-04-03 21:36:49,716] [common.py:63] [common:get_action_handler] [INFO]- 当前正在操作action：query_dtu_of_select_box
[2020-04-03 21:36:49,754] [common.py:63] [common:get_action_handler] [INFO]- 当前正在操作action：query_dtu_user_of_select_box
[2020-04-03 21:36:51,468] [common.py:63] [common:get_action_handler] [INFO]- 当前正在操作action：query_meter
[2020-04-03 21:36:51,470] [common.py:63] [common:get_action_handler] [INFO]- 当前正在操作action：query_dtu_of_select_box
[2020-04-03 21:36:52,334] [common.py:63] [common:get_action_handler] [INFO]- 当前正在操作action：query_meter
[2020-04-03 21:36:52,337] [common.py:63] [common:get_action_handler] [INFO]- 当前正在操作action：query_dtu_of_select_box
[2020-04-03 21:37:26,061] [common.py:63] [common:get_action_handler] [INFO]- 当前正在操作action：query_opr_log
[2020-04-03 21:37:26,068] [common.py:63] [common:get_action_handler] [INFO]- 当前正在操作action：query_system_log
[2020-04-03 21:37:26,084] [common.py:63] [common:get_action_handler] [INFO]- 当前正在操作action：query_dtu_user_of_select_box
[2020-04-03 21:37:26,090] [common.py:63] [common:get_action_handler] [INFO]- 当前正在操作action：query_alarm_log
[2020-04-03 21:37:26,111] [common.py:63] [common:get_action_handler] [INFO]- 当前正在操作action：query_dtu_of_select_box
[2020-04-03 21:37:26,111] [common.py:63] [common:get_action_handler] [INFO]- 当前正在操作action：query_meter
[2020-04-03 21:38:54,367] [common.py:63] [common:get_action_handler] [INFO]- 当前正在操作action：query_opr_log
[2020-04-03 21:38:54,375] [common.py:63] [common:get_action_handler] [INFO]- 当前正在操作action：query_system_log
[2020-04-03 21:38:54,383] [common.py:63] [common:get_action_handler] [INFO]- 当前正在操作action：query_alarm_log
[2020-04-03 21:38:54,412] [common.py:63] [common:get_action_handler] [INFO]- 当前正在操作action：query_meter
[2020-04-03 21:38:54,416] [common.py:63] [common:get_action_handler] [INFO]- 当前正在操作action：query_dtu_of_select_box
[2020-04-03 21:38:54,454] [common.py:63] [common:get_action_handler] [INFO]- 当前正在操作action：query_dtu_user_of_select_box
[2020-04-03 21:40:28,511] [common.py:63] [common:get_action_handler] [INFO]- 当前正在操作action：query_alarm_log
[2020-04-03 21:40:29,858] [common.py:63] [common:get_action_handler] [INFO]- 当前正在操作action：query_opr_log
[2020-04-03 21:40:29,865] [common.py:63] [common:get_action_handler] [INFO]- 当前正在操作action：query_system_log
[2020-04-03 21:40:29,872] [common.py:63] [common:get_action_handler] [INFO]- 当前正在操作action：query_alarm_log
[2020-04-03 21:40:29,902] [common.py:63] [common:get_action_handler] [INFO]- 当前正在操作action：query_dtu_user_of_select_box
[2020-04-03 21:40:29,917] [common.py:63] [common:get_action_handler] [INFO]- 当前正在操作action：query_meter
[2020-04-03 21:40:29,939] [common.py:63] [common:get_action_handler] [INFO]- 当前正在操作action：query_dtu_of_select_box
[2020-04-03 21:41:40,670] [common.py:63] [common:get_action_handler] [INFO]- 当前正在操作action：login
[2020-04-03 21:41:42,115] [common.py:63] [common:get_action_handler] [INFO]- 当前正在操作action：query_system_log
[2020-04-03 21:41:42,140] [common.py:63] [common:get_action_handler] [INFO]- 当前正在操作action：query_meter
[2020-04-03 21:41:42,142] [common.py:63] [common:get_action_handler] [INFO]- 当前正在操作action：query_dtu_user_of_select_box
[2020-04-03 21:41:42,157] [common.py:63] [common:get_action_handler] [INFO]- 当前正在操作action：query_dtu_of_select_box
[2020-04-03 21:41:42,170] [common.py:63] [common:get_action_handler] [INFO]- 当前正在操作action：query_alarm_log
[2020-04-03 21:41:42,171] [common.py:63] [common:get_action_handler] [INFO]- 当前正在操作action：query_opr_log
[2020-04-03 21:41:44,384] [common.py:63] [common:get_action_handler] [INFO]- 当前正在操作action：read_alarm_log
[2020-04-03 21:41:46,011] [common.py:63] [common:get_action_handler] [INFO]- 当前正在操作action：query_opr_log
[2020-04-03 21:41:46,026] [common.py:63] [common:get_action_handler] [INFO]- 当前正在操作action：query_dtu_user_of_select_box
[2020-04-03 21:41:46,030] [common.py:63] [common:get_action_handler] [INFO]- 当前正在操作action：query_meter
[2020-04-03 21:41:46,033] [common.py:63] [common:get_action_handler] [INFO]- 当前正在操作action：query_dtu_of_select_box
[2020-04-03 21:41:46,037] [common.py:63] [common:get_action_handler] [INFO]- 当前正在操作action：query_system_log
[2020-04-03 21:41:46,050] [common.py:63] [common:get_action_handler] [INFO]- 当前正在操作action：query_alarm_log
[2020-04-03 21:41:47,331] [common.py:63] [common:get_action_handler] [INFO]- 当前正在操作action：query_opr_log
[2020-04-03 21:41:47,340] [common.py:63] [common:get_action_handler] [INFO]- 当前正在操作action：query_system_log
[2020-04-03 21:41:47,350] [common.py:63] [common:get_action_handler] [INFO]- 当前正在操作action：query_alarm_log
[2020-04-03 21:41:47,365] [common.py:63] [common:get_action_handler] [INFO]- 当前正在操作action：query_dtu_user_of_select_box
[2020-04-03 21:41:47,380] [common.py:63] [common:get_action_handler] [INFO]- 当前正在操作action：query_meter
[2020-04-03 21:41:47,384] [common.py:63] [common:get_action_handler] [INFO]- 当前正在操作action：query_dtu_of_select_box
[2020-04-03 21:41:47,926] [common.py:63] [common:get_action_handler] [INFO]- 当前正在操作action：query_dtu_user_of_select_box
[2020-04-03 21:41:47,935] [common.py:63] [common:get_action_handler] [INFO]- 当前正在操作action：query_dtu_of_select_box
[2020-04-03 21:41:47,935] [common.py:63] [common:get_action_handler] [INFO]- 当前正在操作action：query_meter
[2020-04-03 21:41:47,950] [common.py:63] [common:get_action_handler] [INFO]- 当前正在操作action：query_alarm_log
[2020-04-03 21:41:47,955] [common.py:63] [common:get_action_handler] [INFO]- 当前正在操作action：query_opr_log
[2020-04-03 21:41:47,964] [common.py:63] [common:get_action_handler] [INFO]- 当前正在操作action：query_system_log
[2020-04-03 21:41:48,299] [common.py:63] [common:get_action_handler] [INFO]- 当前正在操作action：query_dtu_user_of_select_box
[2020-04-03 21:41:48,307] [common.py:63] [common:get_action_handler] [INFO]- 当前正在操作action：query_meter
[2020-04-03 21:41:48,309] [common.py:63] [common:get_action_handler] [INFO]- 当前正在操作action：query_dtu_of_select_box
[2020-04-03 21:41:48,320] [common.py:63] [common:get_action_handler] [INFO]- 当前正在操作action：query_alarm_log
[2020-04-03 21:41:48,326] [common.py:63] [common:get_action_handler] [INFO]- 当前正在操作action：query_opr_log
[2020-04-03 21:41:48,329] [common.py:63] [common:get_action_handler] [INFO]- 当前正在操作action：query_system_log
[2020-04-03 21:41:48,637] [common.py:63] [common:get_action_handler] [INFO]- 当前正在操作action：query_dtu_user_of_select_box
[2020-04-03 21:41:48,641] [common.py:63] [common:get_action_handler] [INFO]- 当前正在操作action：query_alarm_log
[2020-04-03 21:41:48,650] [common.py:63] [common:get_action_handler] [INFO]- 当前正在操作action：query_opr_log
[2020-04-03 21:41:48,657] [common.py:63] [common:get_action_handler] [INFO]- 当前正在操作action：query_system_log
[2020-04-03 21:41:48,668] [common.py:63] [common:get_action_handler] [INFO]- 当前正在操作action：query_meter
[2020-04-03 21:41:48,675] [common.py:63] [common:get_action_handler] [INFO]- 当前正在操作action：query_dtu_of_select_box
[2020-04-03 21:41:48,988] [common.py:63] [common:get_action_handler] [INFO]- 当前正在操作action：query_system_log
[2020-04-03 21:41:48,996] [common.py:63] [common:get_action_handler] [INFO]- 当前正在操作action：query_alarm_log
[2020-04-03 21:41:49,002] [common.py:63] [common:get_action_handler] [INFO]- 当前正在操作action：query_opr_log
[2020-04-03 21:41:49,021] [common.py:63] [common:get_action_handler] [INFO]- 当前正在操作action：query_meter
[2020-04-03 21:41:49,022] [common.py:63] [common:get_action_handler] [INFO]- 当前正在操作action：query_dtu_of_select_box
[2020-04-03 21:41:49,033] [common.py:63] [common:get_action_handler] [INFO]- 当前正在操作action：query_dtu_user_of_select_box
[2020-04-03 21:41:49,278] [common.py:63] [common:get_action_handler] [INFO]- 当前正在操作action：query_dtu_user_of_select_box
[2020-04-03 21:41:49,285] [common.py:63] [common:get_action_handler] [INFO]- 当前正在操作action：query_meter
[2020-04-03 21:41:49,288] [common.py:63] [common:get_action_handler] [INFO]- 当前正在操作action：query_dtu_of_select_box
[2020-04-03 21:41:49,315] [common.py:63] [common:get_action_handler] [INFO]- 当前正在操作action：query_opr_log
[2020-04-03 21:41:49,317] [common.py:63] [common:get_action_handler] [INFO]- 当前正在操作action：query_alarm_log
[2020-04-03 21:41:49,326] [common.py:63] [common:get_action_handler] [INFO]- 当前正在操作action：query_system_log
