[2020-02-14 00:04:34,261] [common.py:59] [common:get_action_handler] [INFO]- 当前正在操作action：query_admin
[2020-02-14 00:06:47,109] [common.py:59] [common:get_action_handler] [INFO]- 当前正在操作action：file_upload
[2020-02-14 00:06:47,120] [common.py:59] [common:get_action_handler] [INFO]- 当前正在操作action：import_admin
[2020-02-14 00:06:47,138] [error_handler.py:22] [error_handler:process_exception] [ERROR]- 'state'
[2020-02-14 00:08:37,416] [common.py:59] [common:get_action_handler] [INFO]- 当前正在操作action：query_admin
[2020-02-14 00:08:42,596] [common.py:59] [common:get_action_handler] [INFO]- 当前正在操作action：file_upload
[2020-02-14 00:08:42,608] [common.py:59] [common:get_action_handler] [INFO]- 当前正在操作action：import_admin
[2020-02-14 00:09:58,211] [common.py:59] [common:get_action_handler] [INFO]- 当前正在操作action：file_upload
[2020-02-14 00:09:58,228] [common.py:59] [common:get_action_handler] [INFO]- 当前正在操作action：import_admin
[2020-02-14 00:11:23,751] [common.py:59] [common:get_action_handler] [INFO]- 当前正在操作action：file_upload
[2020-02-14 00:11:23,761] [common.py:59] [common:get_action_handler] [INFO]- 当前正在操作action：import_admin
[2020-02-14 00:17:02,966] [common.py:59] [common:get_action_handler] [INFO]- 当前正在操作action：query_admin
[2020-02-14 00:17:17,455] [common.py:59] [common:get_action_handler] [INFO]- 当前正在操作action：file_upload
[2020-02-14 00:17:17,467] [common.py:59] [common:get_action_handler] [INFO]- 当前正在操作action：import_admin
[2020-02-14 00:17:19,012] [common.py:59] [common:get_action_handler] [INFO]- 当前正在操作action：query_admin
[2020-02-14 00:24:33,698] [common.py:59] [common:get_action_handler] [INFO]- 当前正在操作action：query_admin
[2020-02-14 12:20:53,620] [common.py:59] [common:get_action_handler] [INFO]- 当前正在操作action：query_admin
[2020-02-14 12:21:03,915] [common.py:59] [common:get_action_handler] [INFO]- 当前正在操作action：query_admin
[2020-02-14 12:22:19,552] [common.py:59] [common:get_action_handler] [INFO]- 当前正在操作action：query_admin
[2020-02-14 12:22:29,250] [common.py:59] [common:get_action_handler] [INFO]- 当前正在操作action：check_email_unique
[2020-02-14 12:22:29,394] [common.py:59] [common:get_action_handler] [INFO]- 当前正在操作action：check_email_unique
[2020-02-14 12:22:30,145] [common.py:59] [common:get_action_handler] [INFO]- 当前正在操作action：check_email_unique
[2020-02-14 12:22:30,391] [common.py:59] [common:get_action_handler] [INFO]- 当前正在操作action：check_email_unique
[2020-02-14 12:22:30,558] [common.py:59] [common:get_action_handler] [INFO]- 当前正在操作action：check_email_unique
[2020-02-14 12:22:31,047] [common.py:59] [common:get_action_handler] [INFO]- 当前正在操作action：check_email_unique
[2020-02-14 12:22:31,169] [common.py:59] [common:get_action_handler] [INFO]- 当前正在操作action：check_email_unique
[2020-02-14 12:22:31,534] [common.py:59] [common:get_action_handler] [INFO]- 当前正在操作action：check_email_unique
[2020-02-14 12:22:31,683] [common.py:59] [common:get_action_handler] [INFO]- 当前正在操作action：check_email_unique
[2020-02-14 12:22:32,427] [common.py:59] [common:get_action_handler] [INFO]- 当前正在操作action：check_email_unique
[2020-02-14 12:22:32,533] [common.py:59] [common:get_action_handler] [INFO]- 当前正在操作action：check_email_unique
[2020-02-14 12:22:32,664] [common.py:59] [common:get_action_handler] [INFO]- 当前正在操作action：check_email_unique
[2020-02-14 12:22:32,849] [common.py:59] [common:get_action_handler] [INFO]- 当前正在操作action：check_email_unique
[2020-02-14 12:22:34,444] [common.py:59] [common:get_action_handler] [INFO]- 当前正在操作action：check_phone_unique
[2020-02-14 12:22:35,272] [common.py:59] [common:get_action_handler] [INFO]- 当前正在操作action：check_phone_unique
[2020-02-14 12:22:36,415] [common.py:59] [common:get_action_handler] [INFO]- 当前正在操作action：check_phone_unique
[2020-02-14 12:22:36,559] [common.py:59] [common:get_action_handler] [INFO]- 当前正在操作action：check_phone_unique
[2020-02-14 12:22:36,770] [common.py:59] [common:get_action_handler] [INFO]- 当前正在操作action：check_phone_unique
[2020-02-14 12:22:37,129] [common.py:59] [common:get_action_handler] [INFO]- 当前正在操作action：check_phone_unique
[2020-02-14 12:22:37,968] [common.py:59] [common:get_action_handler] [INFO]- 当前正在操作action：check_phone_unique
[2020-02-14 12:22:38,256] [common.py:59] [common:get_action_handler] [INFO]- 当前正在操作action：check_phone_unique
[2020-02-14 12:22:38,650] [common.py:59] [common:get_action_handler] [INFO]- 当前正在操作action：check_phone_unique
[2020-02-14 12:22:38,801] [common.py:59] [common:get_action_handler] [INFO]- 当前正在操作action：check_phone_unique
[2020-02-14 12:22:39,053] [common.py:59] [common:get_action_handler] [INFO]- 当前正在操作action：check_phone_unique
[2020-02-14 12:22:40,442] [common.py:59] [common:get_action_handler] [INFO]- 当前正在操作action：create_admin
[2020-02-14 12:22:41,668] [common.py:59] [common:get_action_handler] [INFO]- 当前正在操作action：query_admin
[2020-02-14 12:22:45,912] [common.py:59] [common:get_action_handler] [INFO]- 当前正在操作action：del_batch_admin
[2020-02-14 12:22:45,930] [common.py:59] [common:get_action_handler] [INFO]- 当前正在操作action：query_admin
[2020-02-14 12:23:54,344] [common.py:59] [common:get_action_handler] [INFO]- 当前正在操作action：query_admin
